ECHO is off.
ECHO is off.
NOTE: Using modified tcl85t.dll from https://gitenterprise.xilinx.com/ACT/vitis_hls_tcl
INFO: [HLS 200-10] Running 'D:/Vitis_HLS/2023.1/bin/unwrapped/win64.o/vitis_hls.exe'
INFO: [HLS 200-10] For user 'Biho Shin' on host 'desktop-gfn85n3' (Windows NT_amd64 version 6.2) on Sun Oct 26 22:28:38 +1100 2025
INFO: [HLS 200-10] In directory 'D:/HAC/hardware_final_proj'
Sourcing Tcl script 'D:/HAC/hardware_final_proj/srcnn_hls/solution1/csim.tcl'
INFO: [HLS 200-1510] Running: source D:/HAC/hardware_final_proj/srcnn_hls/solution1/csim.tcl
INFO: [HLS 200-1510] Running: open_project srcnn_hls 
INFO: [HLS 200-10] Opening project 'D:/HAC/hardware_final_proj/srcnn_hls'.
INFO: [HLS 200-1510] Running: set_top srcnn 
INFO: [HLS 200-1510] Running: add_files src/conv1.cpp 
INFO: [HLS 200-10] Adding design file 'src/conv1.cpp' to the project
INFO: [HLS 200-1510] Running: add_files src/srcnn.cpp 
INFO: [HLS 200-10] Adding design file 'src/srcnn.cpp' to the project
INFO: [HLS 200-1510] Running: add_files src/srcnn.h 
INFO: [HLS 200-10] Adding design file 'src/srcnn.h' to the project
INFO: [HLS 200-1510] Running: add_files -tb test/set14 -cflags -Wno-unknown-pragmas 
INFO: [HLS 200-10] Adding test bench file 'test/set14' to the project
INFO: [HLS 200-1510] Running: add_files -tb test/set5 -cflags -Wno-unknown-pragmas 
INFO: [HLS 200-10] Adding test bench file 'test/set5' to the project
INFO: [HLS 200-1510] Running: add_files -tb src/weights -cflags -Wno-unknown-pragmas 
INFO: [HLS 200-10] Adding test bench file 'src/weights' to the project
INFO: [HLS 200-1510] Running: add_files -tb test/util.cpp -cflags -Isrc -Wno-unknown-pragmas 
INFO: [HLS 200-10] Adding test bench file 'test/util.cpp' to the project
INFO: [HLS 200-1510] Running: add_files -tb test/util.h -cflags -Isrc -Wno-unknown-pragmas 
INFO: [HLS 200-10] Adding test bench file 'test/util.h' to the project
INFO: [HLS 200-1510] Running: add_files -tb test/tb_set14.cpp -cflags -Isrc -Wno-unknown-pragmas 
INFO: [HLS 200-10] Adding test bench file 'test/tb_set14.cpp' to the project
INFO: [HLS 200-1510] Running: add_files -tb test/tb_conv1.cpp -cflags -Isrc -Wno-unknown-pragmas 
INFO: [HLS 200-10] Adding test bench file 'test/tb_conv1.cpp' to the project
INFO: [HLS 200-1510] Running: add_files -tb test/tb_srcnn.cpp -cflags -Isrc -Wno-unknown-pragmas 
INFO: [HLS 200-10] Adding test bench file 'test/tb_srcnn.cpp' to the project
INFO: [HLS 200-1510] Running: add_files -tb test/csim.cpp -cflags -Isrc -Wno-unknown-pragmas 
INFO: [HLS 200-10] Adding test bench file 'test/csim.cpp' to the project
INFO: [HLS 200-1510] Running: open_solution solution1 -flow_target vivado 
INFO: [HLS 200-10] Opening solution 'D:/HAC/hardware_final_proj/srcnn_hls/solution1'.
INFO: [SYN 201-201] Setting up clock 'default' with a period of 10ns.
INFO: [HLS 200-1611] Setting target device to 'xck26-sfvc784-2LV-c'
INFO: [HLS 200-1505] Using flow_target 'vivado'
Resolution: For help on HLS 200-1505 see www.xilinx.com/cgi-bin/docs/rdoc?v=2023.1;t=hls+guidance;d=200-1505.html
INFO: [HLS 200-1464] Running solution command: config_cosim -tool=xsim
INFO: [HLS 200-1464] Running solution command: config_export -format=ip_catalog
INFO: [HLS 200-1464] Running solution command: config_export -rtl=verilog
INFO: [HLS 200-1510] Running: set_part xck26-sfvc784-2LV-c 
INFO: [HLS 200-1510] Running: create_clock -period 10 -name default 
INFO: [HLS 200-1510] Running: config_cosim -tool xsim 
INFO: [HLS 200-1510] Running: config_export -format ip_catalog -rtl verilog 
INFO: [HLS 200-1510] Running: csim_design -quiet 
INFO: [SIM 211-2] *************** CSIM start ***************
INFO: [SIM 211-4] CSIM will launch GCC as the compiler.
INFO: [HLS 200-2036] Building debug C Simulation binaries
   Compiling ../../../../src/srcnn.cpp in debug mode
   Generating csim.exe
***** CONV1 Golden Reference *****
  - Butterfly MSE: 3.46254e-015

***** SRCNN Golden Reference *****
  - Butterfly MSE: 3.55192e-014
  - PSNR GT vs HR (dB): 27.4622

***** SRCNN - Set14 Test *****
Image Name     PSNR GT vs HR (dB)  PSNR GT vs HR MATLAB (dB)  PSNR GT vs LR (dB)  MSE GT vs HR   MSE GT vs HR MATLAB        
baboon         27.9104             27.9157                    27.3618             0.00161402     0.00161402                 
barbara        24.9867             24.9898                    24.8997             0.00316839     0.00316839                 
bridge         24.0522             26.2451                    25.2317             0.00237435     0.00237435                 
coastguard     26.8309             26.8397                    26.3                0.00206895     0.00206895                 
face           33.3716             33.4187                    32.6794             0.000454178    0.000454177                
flowers        27.322              27.3319                    25.6995             0.00184747     0.00184746                 
foreman        35.7021             35.727                     33.2014             0.000266235    0.000266235                
lenna          30.8276             30.8413                    29.1689             0.000822305    0.000822304                
man            27.1089             27.1209                    26.0613             0.00193997     0.00193996                 
monarch        27.9674             27.9822                    24.5799             0.00159024     0.00159023                 
pepper         33.4586             33.4745                    32.0454             0.00044792     0.000447919                
ppt3           29.3387             29.4367                    26.6842             0.0011378      0.0011378                  
zebra          27.4291             27.6649                    24.7423             0.00171135     0.00171134                 
INFO: [SIM 211-1] CSim done with 0 errors.
INFO: [SIM 211-3] *************** CSIM finish ***************
INFO: [HLS 200-111] Finished Command csim_design CPU user time: 0 seconds. CPU system time: 0 seconds. Elapsed time: 60.111 seconds; current allocated memory: 0.398 MB.
INFO: [HLS 200-112] Total CPU user time: 1 seconds. Total CPU system time: 1 seconds. Total elapsed time: 61.872 seconds; peak allocated memory: 88.402 MB.
