src/srcnn.cpp:612:34: warning: unexpected pragma argument 'mul', expects function/operation [-Winvalid-hls-pragmas]
#pragma HLS ALLOCATION instances=mul limit=32 operation
                                 ^
src/srcnn.cpp:613:34: warning: unexpected pragma argument 'fmul', expects function/operation [-Winvalid-hls-pragmas]
#pragma HLS ALLOCATION instances=fmul limit=32 operation
                                 ^
src/srcnn.cpp:823:9: warning: 'Resource pragma' is deprecated, use 'bind_op/bind_storage pragma' instead [-Wignored-hls-pragmas]
#pragma HLS RESOURCE variable=w1_loc core=RAM_1P_LUTRAM
        ^
src/srcnn.cpp:834:9: warning: 'Resource pragma' is deprecated, use 'bind_op/bind_storage pragma' instead [-Wignored-hls-pragmas]
#pragma HLS RESOURCE variable=w2_loc core=RAM_1P_LUTRAM
        ^
src/srcnn.cpp:871:9: warning: 'Resource pragma' is deprecated, use 'bind_op/bind_storage pragma' instead [-Wignored-hls-pragmas]
#pragma HLS RESOURCE variable=b1_loc core=RAM_1P_LUTRAM
        ^
src/srcnn.cpp:872:9: warning: 'Resource pragma' is deprecated, use 'bind_op/bind_storage pragma' instead [-Wignored-hls-pragmas]
#pragma HLS RESOURCE variable=b2_loc core=RAM_1P_LUTRAM
        ^
src/srcnn.cpp:873:9: warning: 'Resource pragma' is deprecated, use 'bind_op/bind_storage pragma' instead [-Wignored-hls-pragmas]
#pragma HLS RESOURCE variable=b3_loc core=RAM_1P_LUTRAM
        ^
7 warnings generated.
