

================================================================
== Vitis HLS Report for 'compute_tile_Pipeline_Init_Conv2Out_biases'
================================================================
* Date:           Sun Oct 26 20:30:56 2025

* Version:        2023.1 (Build 3854077 on May  4 2023)
* Project:        srcnn_hls
* Solution:       solution1 (Vivado IP Flow Target)
* Product family: zynquplus
* Target device:  xck26-sfvc784-2LV-c


================================================================
== Performance Estimates
================================================================
+ Timing: 
    * Summary: 
    +--------+----------+----------+------------+
    |  Clock |  Target  | Estimated| Uncertainty|
    +--------+----------+----------+------------+
    |ap_clk  |  10.00 ns|  1.554 ns|     2.70 ns|
    +--------+----------+----------+------------+

+ Latency: 
    * Summary: 
    +---------+---------+-----------+-----------+-----+-----+---------+
    |  Latency (cycles) |   Latency (absolute)  |  Interval | Pipeline|
    |   min   |   max   |    min    |    max    | min | max |   Type  |
    +---------+---------+-----------+-----------+-----+-----+---------+
    |        6|        6|  60.000 ns|  60.000 ns|    6|    6|       no|
    +---------+---------+-----------+-----------+-----+-----+---------+

    + Detail: 
        * Instance: 
        N/A

        * Loop: 
        +------------------------+---------+---------+----------+-----------+-----------+------+----------+
        |                        |  Latency (cycles) | Iteration|  Initiation Interval  | Trip |          |
        |        Loop Name       |   min   |   max   |  Latency |  achieved |   target  | Count| Pipelined|
        +------------------------+---------+---------+----------+-----------+-----------+------+----------+
        |- Init_Conv2Out_biases  |        4|        4|         1|          1|          1|     4|       yes|
        +------------------------+---------+---------+----------+-----------+-----------+------+----------+

============================================================
+ Verbose Summary: Synthesis Manager
============================================================
InlineROM: 1
ExposeGlobal: 0
============================================================
+ Verbose Summary: CDFG Model
============================================================
IsTopModel: 0
ResetActiveHigh: 1
IsCombinational: 0
IsDatapathOnly: 0
HasWiredReturn: 1
HasMFsm: 2
HasVarLatency: 1
IsPipeline: 0
IsRtlPipelined: 0
IsInstanceOverlapped: 0
IsDontTouch: 0
HasImplIP: 0
IsGatedGlobalClock: 0

+ Individual pipeline summary: 
  * Pipeline-0: initiation interval (II) = 1, depth = 1


============================================================
+ Verbose Summary: Schedule
============================================================
* Number of FSM states : 1
* Pipeline : 1
  Pipeline-0 : II = 1, D = 1, States = { 1 }
* Dataflow Pipeline: 0

* FSM state transitions: 
1 --> 

* FSM state operations: 

State 1 <SV = 0> <Delay = 1.55>
ST_1 : Operation 4 [1/1] (0.00ns)   --->   "%n2 = alloca i32 1"   --->   Operation 4 'alloca' 'n2' <Predicate = true> <Delay = 0.00>
ST_1 : Operation 5 [1/1] (0.00ns)   --->   "%srcnn_mulmulmulmulmulmulmulmulfloat_255_255_float_1_9_9_float_float_64_1_1_float_float_32_5_5_float_float_255_255_int_b2_loc_1 = read i32 @_ssdm_op_Read.ap_auto.float, i32 %srcnn_float_255_255_float_1_9_9_float_float_64_1_1_float_float_32_5_5_float_float_255_255_int_b2_loc"   --->   Operation 5 'read' 'srcnn_mulmulmulmulmulmulmulmulfloat_255_255_float_1_9_9_float_float_64_1_1_float_float_32_5_5_float_float_255_255_int_b2_loc_1' <Predicate = true> <Delay = 0.00>
ST_1 : Operation 6 [1/1] (0.00ns)   --->   "%srcnn_float_255_255_float_1_9_9_float_float_64_1_1_float_float_32_5_5_float_float_255_255_int_b2_loc_400 = read i32 @_ssdm_op_Read.ap_auto.float, i32 %p_ZZ5srcnnPA255_A255_fPA1_A9_A9_fPfPA64_A1_A1_fS6_PA32_A5_A5_fS6_S1_iE6b2_loc_23_s"   --->   Operation 6 'read' 'srcnn_float_255_255_float_1_9_9_float_float_64_1_1_float_float_32_5_5_float_float_255_255_int_b2_loc_400' <Predicate = true> <Delay = 0.00>
ST_1 : Operation 7 [1/1] (0.00ns)   --->   "%p_ZZ5srcnnPA255_A255_fPA1_A9_A9_fPfPA64_A1_A1_fS6_PA32_A5_A5_fS6_S1_iE6b2_loc_15_1 = read i32 @_ssdm_op_Read.ap_auto.float, i32 %p_ZZ5srcnnPA255_A255_fPA1_A9_A9_fPfPA64_A1_A1_fS6_PA32_A5_A5_fS6_S1_iE6b2_loc_15_s"   --->   Operation 7 'read' 'p_ZZ5srcnnPA255_A255_fPA1_A9_A9_fPfPA64_A1_A1_fS6_PA32_A5_A5_fS6_S1_iE6b2_loc_15_1' <Predicate = true> <Delay = 0.00>
ST_1 : Operation 8 [1/1] (0.00ns)   --->   "%srcnn_float_255_255_float_1_9_9_float_float_64_1_1_f_236 = read i32 @_ssdm_op_Read.ap_auto.float, i32 %srcnn_float_255_255_float_1_9_9_float_float_64_1_1_f_339"   --->   Operation 8 'read' 'srcnn_float_255_255_float_1_9_9_float_float_64_1_1_f_236' <Predicate = true> <Delay = 0.00>
ST_1 : Operation 9 [1/1] (0.00ns)   --->   "%p_ZZ5srcnnPA255_A255_fPA1_A9_A9_fPfPA64_A1_A1_fS6_PA32_A5_A5_fS6_S1_iE6b2_loc_30_1 = read i32 @_ssdm_op_Read.ap_auto.float, i32 %p_ZZ5srcnnPA255_A255_fPA1_A9_A9_fPfPA64_A1_A1_fS6_PA32_A5_A5_fS6_S1_iE6b2_loc_30_s"   --->   Operation 9 'read' 'p_ZZ5srcnnPA255_A255_fPA1_A9_A9_fPfPA64_A1_A1_fS6_PA32_A5_A5_fS6_S1_iE6b2_loc_30_1' <Predicate = true> <Delay = 0.00>
ST_1 : Operation 10 [1/1] (0.00ns)   --->   "%p_ZZ5srcnnPA255_A255_fPA1_A9_A9_fPfPA64_A1_A1_fS6_PA32_A5_A5_fS6_S1_iE6b2_loc_22_1 = read i32 @_ssdm_op_Read.ap_auto.float, i32 %p_ZZ5srcnnPA255_A255_fPA1_A9_A9_fPfPA64_A1_A1_fS6_PA32_A5_A5_fS6_S1_iE6b2_loc_22_s"   --->   Operation 10 'read' 'p_ZZ5srcnnPA255_A255_fPA1_A9_A9_fPfPA64_A1_A1_fS6_PA32_A5_A5_fS6_S1_iE6b2_loc_22_1' <Predicate = true> <Delay = 0.00>
ST_1 : Operation 11 [1/1] (0.00ns)   --->   "%p_ZZ5srcnnPA255_A255_fPA1_A9_A9_fPfPA64_A1_A1_fS6_PA32_A5_A5_fS6_S1_iE6b2_loc_14_1 = read i32 @_ssdm_op_Read.ap_auto.float, i32 %p_ZZ5srcnnPA255_A255_fPA1_A9_A9_fPfPA64_A1_A1_fS6_PA32_A5_A5_fS6_S1_iE6b2_loc_14_s"   --->   Operation 11 'read' 'p_ZZ5srcnnPA255_A255_fPA1_A9_A9_fPfPA64_A1_A1_fS6_PA32_A5_A5_fS6_S1_iE6b2_loc_14_1' <Predicate = true> <Delay = 0.00>
ST_1 : Operation 12 [1/1] (0.00ns)   --->   "%srcnn_float_255_255_float_1_9_9_float_float_64_1_1_f_237 = read i32 @_ssdm_op_Read.ap_auto.float, i32 %srcnn_float_255_255_float_1_9_9_float_float_64_1_1_f_338"   --->   Operation 12 'read' 'srcnn_float_255_255_float_1_9_9_float_float_64_1_1_f_237' <Predicate = true> <Delay = 0.00>
ST_1 : Operation 13 [1/1] (0.00ns)   --->   "%p_ZZ5srcnnPA255_A255_fPA1_A9_A9_fPfPA64_A1_A1_fS6_PA32_A5_A5_fS6_S1_iE6b2_loc_29_1 = read i32 @_ssdm_op_Read.ap_auto.float, i32 %p_ZZ5srcnnPA255_A255_fPA1_A9_A9_fPfPA64_A1_A1_fS6_PA32_A5_A5_fS6_S1_iE6b2_loc_29_s"   --->   Operation 13 'read' 'p_ZZ5srcnnPA255_A255_fPA1_A9_A9_fPfPA64_A1_A1_fS6_PA32_A5_A5_fS6_S1_iE6b2_loc_29_1' <Predicate = true> <Delay = 0.00>
ST_1 : Operation 14 [1/1] (0.00ns)   --->   "%srcnn_mulmulmulmulmulmulmulmulfloat_255_255_float_1_9_9_float_float_64_1_1_float_float_32_5_5_float_float_255_255_int_b2_loc_1_401 = read i32 @_ssdm_op_Read.ap_auto.float, i32 %srcnn_float_255_255_float_1_9_9_float_float_64_1_1_float_float_32_5_5_float_float_255_255_int_b2_loc_204"   --->   Operation 14 'read' 'srcnn_mulmulmulmulmulmulmulmulfloat_255_255_float_1_9_9_float_float_64_1_1_float_float_32_5_5_float_float_255_255_int_b2_loc_1_401' <Predicate = true> <Delay = 0.00>
ST_1 : Operation 15 [1/1] (0.00ns)   --->   "%srcnn_float_255_255_float_1_9_9_float_float_64_1_1_float_float_32_5_5_float_float_255_255_int_b2_loc_402 = read i32 @_ssdm_op_Read.ap_auto.float, i32 %p_ZZ5srcnnPA255_A255_fPA1_A9_A9_fPfPA64_A1_A1_fS6_PA32_A5_A5_fS6_S1_iE6b2_loc_13_s"   --->   Operation 15 'read' 'srcnn_float_255_255_float_1_9_9_float_float_64_1_1_float_float_32_5_5_float_float_255_255_int_b2_loc_402' <Predicate = true> <Delay = 0.00>
ST_1 : Operation 16 [1/1] (0.00ns)   --->   "%srcnn_float_255_255_float_1_9_9_float_float_64_1_1_f_238 = read i32 @_ssdm_op_Read.ap_auto.float, i32 %srcnn_float_255_255_float_1_9_9_float_float_64_1_1_f_337"   --->   Operation 16 'read' 'srcnn_float_255_255_float_1_9_9_float_float_64_1_1_f_238' <Predicate = true> <Delay = 0.00>
ST_1 : Operation 17 [1/1] (0.00ns)   --->   "%p_ZZ5srcnnPA255_A255_fPA1_A9_A9_fPfPA64_A1_A1_fS6_PA32_A5_A5_fS6_S1_iE6b2_loc_28_1 = read i32 @_ssdm_op_Read.ap_auto.float, i32 %p_ZZ5srcnnPA255_A255_fPA1_A9_A9_fPfPA64_A1_A1_fS6_PA32_A5_A5_fS6_S1_iE6b2_loc_28_s"   --->   Operation 17 'read' 'p_ZZ5srcnnPA255_A255_fPA1_A9_A9_fPfPA64_A1_A1_fS6_PA32_A5_A5_fS6_S1_iE6b2_loc_28_1' <Predicate = true> <Delay = 0.00>
ST_1 : Operation 18 [1/1] (0.00ns)   --->   "%p_ZZ5srcnnPA255_A255_fPA1_A9_A9_fPfPA64_A1_A1_fS6_PA32_A5_A5_fS6_S1_iE6b2_loc_20_1 = read i32 @_ssdm_op_Read.ap_auto.float, i32 %p_ZZ5srcnnPA255_A255_fPA1_A9_A9_fPfPA64_A1_A1_fS6_PA32_A5_A5_fS6_S1_iE6b2_loc_20_s"   --->   Operation 18 'read' 'p_ZZ5srcnnPA255_A255_fPA1_A9_A9_fPfPA64_A1_A1_fS6_PA32_A5_A5_fS6_S1_iE6b2_loc_20_1' <Predicate = true> <Delay = 0.00>
ST_1 : Operation 19 [1/1] (0.00ns)   --->   "%p_ZZ5srcnnPA255_A255_fPA1_A9_A9_fPfPA64_A1_A1_fS6_PA32_A5_A5_fS6_S1_iE6b2_loc_12_1 = read i32 @_ssdm_op_Read.ap_auto.float, i32 %p_ZZ5srcnnPA255_A255_fPA1_A9_A9_fPfPA64_A1_A1_fS6_PA32_A5_A5_fS6_S1_iE6b2_loc_12_s"   --->   Operation 19 'read' 'p_ZZ5srcnnPA255_A255_fPA1_A9_A9_fPfPA64_A1_A1_fS6_PA32_A5_A5_fS6_S1_iE6b2_loc_12_1' <Predicate = true> <Delay = 0.00>
ST_1 : Operation 20 [1/1] (0.00ns)   --->   "%srcnn_float_255_255_float_1_9_9_float_float_64_1_1_f_239 = read i32 @_ssdm_op_Read.ap_auto.float, i32 %srcnn_float_255_255_float_1_9_9_float_float_64_1_1_f_336"   --->   Operation 20 'read' 'srcnn_float_255_255_float_1_9_9_float_float_64_1_1_f_239' <Predicate = true> <Delay = 0.00>
ST_1 : Operation 21 [1/1] (0.00ns)   --->   "%p_ZZ5srcnnPA255_A255_fPA1_A9_A9_fPfPA64_A1_A1_fS6_PA32_A5_A5_fS6_S1_iE6b2_loc_27_1 = read i32 @_ssdm_op_Read.ap_auto.float, i32 %p_ZZ5srcnnPA255_A255_fPA1_A9_A9_fPfPA64_A1_A1_fS6_PA32_A5_A5_fS6_S1_iE6b2_loc_27_s"   --->   Operation 21 'read' 'p_ZZ5srcnnPA255_A255_fPA1_A9_A9_fPfPA64_A1_A1_fS6_PA32_A5_A5_fS6_S1_iE6b2_loc_27_1' <Predicate = true> <Delay = 0.00>
ST_1 : Operation 22 [1/1] (0.00ns)   --->   "%p_ZZ5srcnnPA255_A255_fPA1_A9_A9_fPfPA64_A1_A1_fS6_PA32_A5_A5_fS6_S1_iE6b2_loc_19_1 = read i32 @_ssdm_op_Read.ap_auto.float, i32 %p_ZZ5srcnnPA255_A255_fPA1_A9_A9_fPfPA64_A1_A1_fS6_PA32_A5_A5_fS6_S1_iE6b2_loc_19_s"   --->   Operation 22 'read' 'p_ZZ5srcnnPA255_A255_fPA1_A9_A9_fPfPA64_A1_A1_fS6_PA32_A5_A5_fS6_S1_iE6b2_loc_19_1' <Predicate = true> <Delay = 0.00>
ST_1 : Operation 23 [1/1] (0.00ns)   --->   "%srcnn_mulmulmulmulmulmulmulmulfloat_255_255_float_1_9_9_float_float_64_1_1_float_float_32_5_5_float_float_255_255_int_b2_loc_1_403 = read i32 @_ssdm_op_Read.ap_auto.float, i32 %srcnn_float_255_255_float_1_9_9_float_float_64_1_1_float_float_32_5_5_float_float_255_255_int_b2_loc_203"   --->   Operation 23 'read' 'srcnn_mulmulmulmulmulmulmulmulfloat_255_255_float_1_9_9_float_float_64_1_1_float_float_32_5_5_float_float_255_255_int_b2_loc_1_403' <Predicate = true> <Delay = 0.00>
ST_1 : Operation 24 [1/1] (0.00ns)   --->   "%srcnn_float_255_255_float_1_9_9_float_float_64_1_1_f_240 = read i32 @_ssdm_op_Read.ap_auto.float, i32 %srcnn_float_255_255_float_1_9_9_float_float_64_1_1_f_335"   --->   Operation 24 'read' 'srcnn_float_255_255_float_1_9_9_float_float_64_1_1_f_240' <Predicate = true> <Delay = 0.00>
ST_1 : Operation 25 [1/1] (0.00ns)   --->   "%p_ZZ5srcnnPA255_A255_fPA1_A9_A9_fPfPA64_A1_A1_fS6_PA32_A5_A5_fS6_S1_iE6b2_loc_26_1 = read i32 @_ssdm_op_Read.ap_auto.float, i32 %p_ZZ5srcnnPA255_A255_fPA1_A9_A9_fPfPA64_A1_A1_fS6_PA32_A5_A5_fS6_S1_iE6b2_loc_26_s"   --->   Operation 25 'read' 'p_ZZ5srcnnPA255_A255_fPA1_A9_A9_fPfPA64_A1_A1_fS6_PA32_A5_A5_fS6_S1_iE6b2_loc_26_1' <Predicate = true> <Delay = 0.00>
ST_1 : Operation 26 [1/1] (0.00ns)   --->   "%p_ZZ5srcnnPA255_A255_fPA1_A9_A9_fPfPA64_A1_A1_fS6_PA32_A5_A5_fS6_S1_iE6b2_loc_18_1 = read i32 @_ssdm_op_Read.ap_auto.float, i32 %p_ZZ5srcnnPA255_A255_fPA1_A9_A9_fPfPA64_A1_A1_fS6_PA32_A5_A5_fS6_S1_iE6b2_loc_18_s"   --->   Operation 26 'read' 'p_ZZ5srcnnPA255_A255_fPA1_A9_A9_fPfPA64_A1_A1_fS6_PA32_A5_A5_fS6_S1_iE6b2_loc_18_1' <Predicate = true> <Delay = 0.00>
ST_1 : Operation 27 [1/1] (0.00ns)   --->   "%p_ZZ5srcnnPA255_A255_fPA1_A9_A9_fPfPA64_A1_A1_fS6_PA32_A5_A5_fS6_S1_iE6b2_loc_10_1 = read i32 @_ssdm_op_Read.ap_auto.float, i32 %p_ZZ5srcnnPA255_A255_fPA1_A9_A9_fPfPA64_A1_A1_fS6_PA32_A5_A5_fS6_S1_iE6b2_loc_10_s"   --->   Operation 27 'read' 'p_ZZ5srcnnPA255_A255_fPA1_A9_A9_fPfPA64_A1_A1_fS6_PA32_A5_A5_fS6_S1_iE6b2_loc_10_1' <Predicate = true> <Delay = 0.00>
ST_1 : Operation 28 [1/1] (0.00ns)   --->   "%srcnn_float_255_255_float_1_9_9_float_float_64_1_1_f_241 = read i32 @_ssdm_op_Read.ap_auto.float, i32 %srcnn_float_255_255_float_1_9_9_float_float_64_1_1_f_334"   --->   Operation 28 'read' 'srcnn_float_255_255_float_1_9_9_float_float_64_1_1_f_241' <Predicate = true> <Delay = 0.00>
ST_1 : Operation 29 [1/1] (0.00ns)   --->   "%p_ZZ5srcnnPA255_A255_fPA1_A9_A9_fPfPA64_A1_A1_fS6_PA32_A5_A5_fS6_S1_iE6b2_loc_25_1 = read i32 @_ssdm_op_Read.ap_auto.float, i32 %p_ZZ5srcnnPA255_A255_fPA1_A9_A9_fPfPA64_A1_A1_fS6_PA32_A5_A5_fS6_S1_iE6b2_loc_25_s"   --->   Operation 29 'read' 'p_ZZ5srcnnPA255_A255_fPA1_A9_A9_fPfPA64_A1_A1_fS6_PA32_A5_A5_fS6_S1_iE6b2_loc_25_1' <Predicate = true> <Delay = 0.00>
ST_1 : Operation 30 [1/1] (0.00ns)   --->   "%p_ZZ5srcnnPA255_A255_fPA1_A9_A9_fPfPA64_A1_A1_fS6_PA32_A5_A5_fS6_S1_iE6b2_loc_17_1 = read i32 @_ssdm_op_Read.ap_auto.float, i32 %p_ZZ5srcnnPA255_A255_fPA1_A9_A9_fPfPA64_A1_A1_fS6_PA32_A5_A5_fS6_S1_iE6b2_loc_17_s"   --->   Operation 30 'read' 'p_ZZ5srcnnPA255_A255_fPA1_A9_A9_fPfPA64_A1_A1_fS6_PA32_A5_A5_fS6_S1_iE6b2_loc_17_1' <Predicate = true> <Delay = 0.00>
ST_1 : Operation 31 [1/1] (0.00ns)   --->   "%srcnn_float_255_255_float_1_9_9_float_float_64_1_1_f_242 = read i32 @_ssdm_op_Read.ap_auto.float, i32 %srcnn_float_255_255_float_1_9_9_float_float_64_1_1_f_333"   --->   Operation 31 'read' 'srcnn_float_255_255_float_1_9_9_float_float_64_1_1_f_242' <Predicate = true> <Delay = 0.00>
ST_1 : Operation 32 [1/1] (0.00ns)   --->   "%srcnn_float_255_255_float_1_9_9_float_float_64_1_1_f_243 = read i32 @_ssdm_op_Read.ap_auto.float, i32 %srcnn_float_255_255_float_1_9_9_float_float_64_1_1_f_332"   --->   Operation 32 'read' 'srcnn_float_255_255_float_1_9_9_float_float_64_1_1_f_243' <Predicate = true> <Delay = 0.00>
ST_1 : Operation 33 [1/1] (0.00ns)   --->   "%p_ZZ5srcnnPA255_A255_fPA1_A9_A9_fPfPA64_A1_A1_fS6_PA32_A5_A5_fS6_S1_iE6b2_loc_24_1 = read i32 @_ssdm_op_Read.ap_auto.float, i32 %p_ZZ5srcnnPA255_A255_fPA1_A9_A9_fPfPA64_A1_A1_fS6_PA32_A5_A5_fS6_S1_iE6b2_loc_24_s"   --->   Operation 33 'read' 'p_ZZ5srcnnPA255_A255_fPA1_A9_A9_fPfPA64_A1_A1_fS6_PA32_A5_A5_fS6_S1_iE6b2_loc_24_1' <Predicate = true> <Delay = 0.00>
ST_1 : Operation 34 [1/1] (0.00ns)   --->   "%p_ZZ5srcnnPA255_A255_fPA1_A9_A9_fPfPA64_A1_A1_fS6_PA32_A5_A5_fS6_S1_iE6b2_loc_16_1 = read i32 @_ssdm_op_Read.ap_auto.float, i32 %p_ZZ5srcnnPA255_A255_fPA1_A9_A9_fPfPA64_A1_A1_fS6_PA32_A5_A5_fS6_S1_iE6b2_loc_16_s"   --->   Operation 34 'read' 'p_ZZ5srcnnPA255_A255_fPA1_A9_A9_fPfPA64_A1_A1_fS6_PA32_A5_A5_fS6_S1_iE6b2_loc_16_1' <Predicate = true> <Delay = 0.00>
ST_1 : Operation 35 [1/1] (0.00ns)   --->   "%srcnn_float_255_255_float_1_9_9_float_float_64_1_1_f_244 = read i32 @_ssdm_op_Read.ap_auto.float, i32 %srcnn_float_255_255_float_1_9_9_float_float_64_1_1_f_331"   --->   Operation 35 'read' 'srcnn_float_255_255_float_1_9_9_float_float_64_1_1_f_244' <Predicate = true> <Delay = 0.00>
ST_1 : Operation 36 [1/1] (0.00ns)   --->   "%srcnn_float_255_255_float_1_9_9_float_float_64_1_1_f_245 = read i32 @_ssdm_op_Read.ap_auto.float, i32 %srcnn_float_255_255_float_1_9_9_float_float_64_1_1_f_330"   --->   Operation 36 'read' 'srcnn_float_255_255_float_1_9_9_float_float_64_1_1_f_245' <Predicate = true> <Delay = 0.00>
ST_1 : Operation 37 [1/1] (0.42ns)   --->   "%store_ln0 = store i6 0, i6 %n2"   --->   Operation 37 'store' 'store_ln0' <Predicate = true> <Delay = 0.42>
ST_1 : Operation 38 [1/1] (0.00ns)   --->   "%br_ln0 = br void %for.inc.i.i"   --->   Operation 38 'br' 'br_ln0' <Predicate = true> <Delay = 0.00>
ST_1 : Operation 39 [1/1] (0.00ns)   --->   "%n2_3 = load i6 %n2" [src/srcnn.cpp:124->src/srcnn.cpp:634]   --->   Operation 39 'load' 'n2_3' <Predicate = true> <Delay = 0.00>
ST_1 : Operation 40 [1/1] (0.00ns)   --->   "%tmp = bitselect i1 @_ssdm_op_BitSelect.i1.i6.i32, i6 %n2_3, i32 5" [src/srcnn.cpp:124->src/srcnn.cpp:634]   --->   Operation 40 'bitselect' 'tmp' <Predicate = true> <Delay = 0.00>
ST_1 : Operation 41 [1/1] (0.00ns)   --->   "%br_ln124 = br i1 %tmp, void %for.inc.split.i.i, void %Conv1_outftmaps.i.i.exitStub" [src/srcnn.cpp:124->src/srcnn.cpp:634]   --->   Operation 41 'br' 'br_ln124' <Predicate = true> <Delay = 0.00>
ST_1 : Operation 42 [1/1] (0.00ns)   --->   "%trunc_ln124 = trunc i6 %n2_3" [src/srcnn.cpp:124->src/srcnn.cpp:634]   --->   Operation 42 'trunc' 'trunc_ln124' <Predicate = (!tmp)> <Delay = 0.00>
ST_1 : Operation 43 [1/1] (0.00ns)   --->   "%specpipeline_ln125 = specpipeline void @_ssdm_op_SpecPipeline, i32 4294967295, i32 0, i32 0, i32 0, void @empty_134" [src/srcnn.cpp:125->src/srcnn.cpp:634]   --->   Operation 43 'specpipeline' 'specpipeline_ln125' <Predicate = (!tmp)> <Delay = 0.00>
ST_1 : Operation 44 [1/1] (0.00ns)   --->   "%speclooptripcount_ln124 = speclooptripcount void @_ssdm_op_SpecLoopTripCount, i64 4, i64 4, i64 4" [src/srcnn.cpp:124->src/srcnn.cpp:634]   --->   Operation 44 'speclooptripcount' 'speclooptripcount_ln124' <Predicate = (!tmp)> <Delay = 0.00>
ST_1 : Operation 45 [1/1] (0.00ns)   --->   "%specloopname_ln124 = specloopname void @_ssdm_op_SpecLoopName, void @empty_132" [src/srcnn.cpp:124->src/srcnn.cpp:634]   --->   Operation 45 'specloopname' 'specloopname_ln124' <Predicate = (!tmp)> <Delay = 0.00>
ST_1 : Operation 46 [1/1] (0.00ns)   --->   "%lshr_ln = partselect i2 @_ssdm_op_PartSelect.i2.i6.i32.i32, i6 %n2_3, i32 3, i32 4" [src/srcnn.cpp:124->src/srcnn.cpp:634]   --->   Operation 46 'partselect' 'lshr_ln' <Predicate = (!tmp)> <Delay = 0.00>
ST_1 : Operation 47 [1/1] (0.00ns)   --->   "%zext_ln124 = zext i2 %lshr_ln" [src/srcnn.cpp:124->src/srcnn.cpp:634]   --->   Operation 47 'zext' 'zext_ln124' <Predicate = (!tmp)> <Delay = 0.00>
ST_1 : Operation 48 [1/1] (0.87ns)   --->   "%tmp_i_i = mux i32 @_ssdm_op_Mux.ap_auto.25f32.i5, i32 %srcnn_float_255_255_float_1_9_9_float_float_64_1_1_f_245, i32 <undef>, i32 <undef>, i32 <undef>, i32 <undef>, i32 <undef>, i32 <undef>, i32 <undef>, i32 %srcnn_float_255_255_float_1_9_9_float_float_64_1_1_f_244, i32 <undef>, i32 <undef>, i32 <undef>, i32 <undef>, i32 <undef>, i32 <undef>, i32 <undef>, i32 %p_ZZ5srcnnPA255_A255_fPA1_A9_A9_fPfPA64_A1_A1_fS6_PA32_A5_A5_fS6_S1_iE6b2_loc_16_1, i32 <undef>, i32 <undef>, i32 <undef>, i32 <undef>, i32 <undef>, i32 <undef>, i32 <undef>, i32 %p_ZZ5srcnnPA255_A255_fPA1_A9_A9_fPfPA64_A1_A1_fS6_PA32_A5_A5_fS6_S1_iE6b2_loc_24_1, i5 %trunc_ln124" [src/srcnn.cpp:127->src/srcnn.cpp:634]   --->   Operation 48 'mux' 'tmp_i_i' <Predicate = (!tmp)> <Delay = 0.87> <CoreInst = "Multiplexer">   --->   Core 76 'Multiplexer' <Latency = 0> <II = 1> <Delay = 0.87> <FuncUnit> <Opcode : 'mux'> <InPorts = 2> <OutPorts = 1>
ST_1 : Operation 49 [1/1] (0.00ns)   --->   "%acc2_addr = getelementptr i32 %acc2, i64 0, i64 %zext_ln124" [src/srcnn.cpp:127->src/srcnn.cpp:634]   --->   Operation 49 'getelementptr' 'acc2_addr' <Predicate = (!tmp)> <Delay = 0.00>
ST_1 : Operation 50 [1/1] (0.00ns)   --->   "%acc2_1_addr = getelementptr i32 %acc2_1, i64 0, i64 %zext_ln124" [src/srcnn.cpp:127->src/srcnn.cpp:634]   --->   Operation 50 'getelementptr' 'acc2_1_addr' <Predicate = (!tmp)> <Delay = 0.00>
ST_1 : Operation 51 [1/1] (0.00ns)   --->   "%acc2_2_addr = getelementptr i32 %acc2_2, i64 0, i64 %zext_ln124" [src/srcnn.cpp:127->src/srcnn.cpp:634]   --->   Operation 51 'getelementptr' 'acc2_2_addr' <Predicate = (!tmp)> <Delay = 0.00>
ST_1 : Operation 52 [1/1] (0.00ns)   --->   "%acc2_3_addr = getelementptr i32 %acc2_3, i64 0, i64 %zext_ln124" [src/srcnn.cpp:127->src/srcnn.cpp:634]   --->   Operation 52 'getelementptr' 'acc2_3_addr' <Predicate = (!tmp)> <Delay = 0.00>
ST_1 : Operation 53 [1/1] (0.00ns)   --->   "%acc2_4_addr = getelementptr i32 %acc2_4, i64 0, i64 %zext_ln124" [src/srcnn.cpp:127->src/srcnn.cpp:634]   --->   Operation 53 'getelementptr' 'acc2_4_addr' <Predicate = (!tmp)> <Delay = 0.00>
ST_1 : Operation 54 [1/1] (0.00ns)   --->   "%acc2_5_addr = getelementptr i32 %acc2_5, i64 0, i64 %zext_ln124" [src/srcnn.cpp:127->src/srcnn.cpp:634]   --->   Operation 54 'getelementptr' 'acc2_5_addr' <Predicate = (!tmp)> <Delay = 0.00>
ST_1 : Operation 55 [1/1] (0.00ns)   --->   "%acc2_6_addr = getelementptr i32 %acc2_6, i64 0, i64 %zext_ln124" [src/srcnn.cpp:127->src/srcnn.cpp:634]   --->   Operation 55 'getelementptr' 'acc2_6_addr' <Predicate = (!tmp)> <Delay = 0.00>
ST_1 : Operation 56 [1/1] (0.87ns)   --->   "%tmp_i_i_404 = mux i32 @_ssdm_op_Mux.ap_auto.25f32.i5, i32 %srcnn_float_255_255_float_1_9_9_float_float_64_1_1_f_243, i32 <undef>, i32 <undef>, i32 <undef>, i32 <undef>, i32 <undef>, i32 <undef>, i32 <undef>, i32 %srcnn_float_255_255_float_1_9_9_float_float_64_1_1_f_242, i32 <undef>, i32 <undef>, i32 <undef>, i32 <undef>, i32 <undef>, i32 <undef>, i32 <undef>, i32 %p_ZZ5srcnnPA255_A255_fPA1_A9_A9_fPfPA64_A1_A1_fS6_PA32_A5_A5_fS6_S1_iE6b2_loc_17_1, i32 <undef>, i32 <undef>, i32 <undef>, i32 <undef>, i32 <undef>, i32 <undef>, i32 <undef>, i32 %p_ZZ5srcnnPA255_A255_fPA1_A9_A9_fPfPA64_A1_A1_fS6_PA32_A5_A5_fS6_S1_iE6b2_loc_25_1, i5 %trunc_ln124" [src/srcnn.cpp:127->src/srcnn.cpp:634]   --->   Operation 56 'mux' 'tmp_i_i_404' <Predicate = (!tmp)> <Delay = 0.87> <CoreInst = "Multiplexer">   --->   Core 76 'Multiplexer' <Latency = 0> <II = 1> <Delay = 0.87> <FuncUnit> <Opcode : 'mux'> <InPorts = 2> <OutPorts = 1>
ST_1 : Operation 57 [1/1] (0.87ns)   --->   "%tmp_16_i_i = mux i32 @_ssdm_op_Mux.ap_auto.25f32.i5, i32 %srcnn_float_255_255_float_1_9_9_float_float_64_1_1_f_241, i32 <undef>, i32 <undef>, i32 <undef>, i32 <undef>, i32 <undef>, i32 <undef>, i32 <undef>, i32 %p_ZZ5srcnnPA255_A255_fPA1_A9_A9_fPfPA64_A1_A1_fS6_PA32_A5_A5_fS6_S1_iE6b2_loc_10_1, i32 <undef>, i32 <undef>, i32 <undef>, i32 <undef>, i32 <undef>, i32 <undef>, i32 <undef>, i32 %p_ZZ5srcnnPA255_A255_fPA1_A9_A9_fPfPA64_A1_A1_fS6_PA32_A5_A5_fS6_S1_iE6b2_loc_18_1, i32 <undef>, i32 <undef>, i32 <undef>, i32 <undef>, i32 <undef>, i32 <undef>, i32 <undef>, i32 %p_ZZ5srcnnPA255_A255_fPA1_A9_A9_fPfPA64_A1_A1_fS6_PA32_A5_A5_fS6_S1_iE6b2_loc_26_1, i5 %trunc_ln124" [src/srcnn.cpp:127->src/srcnn.cpp:634]   --->   Operation 57 'mux' 'tmp_16_i_i' <Predicate = (!tmp)> <Delay = 0.87> <CoreInst = "Multiplexer">   --->   Core 76 'Multiplexer' <Latency = 0> <II = 1> <Delay = 0.87> <FuncUnit> <Opcode : 'mux'> <InPorts = 2> <OutPorts = 1>
ST_1 : Operation 58 [1/1] (0.87ns)   --->   "%tmp_17_i_i = mux i32 @_ssdm_op_Mux.ap_auto.25f32.i5, i32 %srcnn_float_255_255_float_1_9_9_float_float_64_1_1_f_240, i32 <undef>, i32 <undef>, i32 <undef>, i32 <undef>, i32 <undef>, i32 <undef>, i32 <undef>, i32 %srcnn_mulmulmulmulmulmulmulmulfloat_255_255_float_1_9_9_float_float_64_1_1_float_float_32_5_5_float_float_255_255_int_b2_loc_1_403, i32 <undef>, i32 <undef>, i32 <undef>, i32 <undef>, i32 <undef>, i32 <undef>, i32 <undef>, i32 %p_ZZ5srcnnPA255_A255_fPA1_A9_A9_fPfPA64_A1_A1_fS6_PA32_A5_A5_fS6_S1_iE6b2_loc_19_1, i32 <undef>, i32 <undef>, i32 <undef>, i32 <undef>, i32 <undef>, i32 <undef>, i32 <undef>, i32 %p_ZZ5srcnnPA255_A255_fPA1_A9_A9_fPfPA64_A1_A1_fS6_PA32_A5_A5_fS6_S1_iE6b2_loc_27_1, i5 %trunc_ln124" [src/srcnn.cpp:127->src/srcnn.cpp:634]   --->   Operation 58 'mux' 'tmp_17_i_i' <Predicate = (!tmp)> <Delay = 0.87> <CoreInst = "Multiplexer">   --->   Core 76 'Multiplexer' <Latency = 0> <II = 1> <Delay = 0.87> <FuncUnit> <Opcode : 'mux'> <InPorts = 2> <OutPorts = 1>
ST_1 : Operation 59 [1/1] (0.87ns)   --->   "%tmp_18_i_i = mux i32 @_ssdm_op_Mux.ap_auto.25f32.i5, i32 %srcnn_float_255_255_float_1_9_9_float_float_64_1_1_f_239, i32 <undef>, i32 <undef>, i32 <undef>, i32 <undef>, i32 <undef>, i32 <undef>, i32 <undef>, i32 %p_ZZ5srcnnPA255_A255_fPA1_A9_A9_fPfPA64_A1_A1_fS6_PA32_A5_A5_fS6_S1_iE6b2_loc_12_1, i32 <undef>, i32 <undef>, i32 <undef>, i32 <undef>, i32 <undef>, i32 <undef>, i32 <undef>, i32 %p_ZZ5srcnnPA255_A255_fPA1_A9_A9_fPfPA64_A1_A1_fS6_PA32_A5_A5_fS6_S1_iE6b2_loc_20_1, i32 <undef>, i32 <undef>, i32 <undef>, i32 <undef>, i32 <undef>, i32 <undef>, i32 <undef>, i32 %p_ZZ5srcnnPA255_A255_fPA1_A9_A9_fPfPA64_A1_A1_fS6_PA32_A5_A5_fS6_S1_iE6b2_loc_28_1, i5 %trunc_ln124" [src/srcnn.cpp:127->src/srcnn.cpp:634]   --->   Operation 59 'mux' 'tmp_18_i_i' <Predicate = (!tmp)> <Delay = 0.87> <CoreInst = "Multiplexer">   --->   Core 76 'Multiplexer' <Latency = 0> <II = 1> <Delay = 0.87> <FuncUnit> <Opcode : 'mux'> <InPorts = 2> <OutPorts = 1>
ST_1 : Operation 60 [1/1] (0.87ns)   --->   "%tmp_19_i_i = mux i32 @_ssdm_op_Mux.ap_auto.25f32.i5, i32 %srcnn_float_255_255_float_1_9_9_float_float_64_1_1_f_238, i32 <undef>, i32 <undef>, i32 <undef>, i32 <undef>, i32 <undef>, i32 <undef>, i32 <undef>, i32 %srcnn_float_255_255_float_1_9_9_float_float_64_1_1_float_float_32_5_5_float_float_255_255_int_b2_loc_402, i32 <undef>, i32 <undef>, i32 <undef>, i32 <undef>, i32 <undef>, i32 <undef>, i32 <undef>, i32 %srcnn_mulmulmulmulmulmulmulmulfloat_255_255_float_1_9_9_float_float_64_1_1_float_float_32_5_5_float_float_255_255_int_b2_loc_1_401, i32 <undef>, i32 <undef>, i32 <undef>, i32 <undef>, i32 <undef>, i32 <undef>, i32 <undef>, i32 %p_ZZ5srcnnPA255_A255_fPA1_A9_A9_fPfPA64_A1_A1_fS6_PA32_A5_A5_fS6_S1_iE6b2_loc_29_1, i5 %trunc_ln124" [src/srcnn.cpp:127->src/srcnn.cpp:634]   --->   Operation 60 'mux' 'tmp_19_i_i' <Predicate = (!tmp)> <Delay = 0.87> <CoreInst = "Multiplexer">   --->   Core 76 'Multiplexer' <Latency = 0> <II = 1> <Delay = 0.87> <FuncUnit> <Opcode : 'mux'> <InPorts = 2> <OutPorts = 1>
ST_1 : Operation 61 [1/1] (0.87ns)   --->   "%tmp_20_i_i = mux i32 @_ssdm_op_Mux.ap_auto.25f32.i5, i32 %srcnn_float_255_255_float_1_9_9_float_float_64_1_1_f_237, i32 <undef>, i32 <undef>, i32 <undef>, i32 <undef>, i32 <undef>, i32 <undef>, i32 <undef>, i32 %p_ZZ5srcnnPA255_A255_fPA1_A9_A9_fPfPA64_A1_A1_fS6_PA32_A5_A5_fS6_S1_iE6b2_loc_14_1, i32 <undef>, i32 <undef>, i32 <undef>, i32 <undef>, i32 <undef>, i32 <undef>, i32 <undef>, i32 %p_ZZ5srcnnPA255_A255_fPA1_A9_A9_fPfPA64_A1_A1_fS6_PA32_A5_A5_fS6_S1_iE6b2_loc_22_1, i32 <undef>, i32 <undef>, i32 <undef>, i32 <undef>, i32 <undef>, i32 <undef>, i32 <undef>, i32 %p_ZZ5srcnnPA255_A255_fPA1_A9_A9_fPfPA64_A1_A1_fS6_PA32_A5_A5_fS6_S1_iE6b2_loc_30_1, i5 %trunc_ln124" [src/srcnn.cpp:127->src/srcnn.cpp:634]   --->   Operation 61 'mux' 'tmp_20_i_i' <Predicate = (!tmp)> <Delay = 0.87> <CoreInst = "Multiplexer">   --->   Core 76 'Multiplexer' <Latency = 0> <II = 1> <Delay = 0.87> <FuncUnit> <Opcode : 'mux'> <InPorts = 2> <OutPorts = 1>
ST_1 : Operation 62 [1/1] (0.87ns)   --->   "%tmp_21_i_i = mux i32 @_ssdm_op_Mux.ap_auto.25f32.i5, i32 %srcnn_float_255_255_float_1_9_9_float_float_64_1_1_f_236, i32 <undef>, i32 <undef>, i32 <undef>, i32 <undef>, i32 <undef>, i32 <undef>, i32 <undef>, i32 %p_ZZ5srcnnPA255_A255_fPA1_A9_A9_fPfPA64_A1_A1_fS6_PA32_A5_A5_fS6_S1_iE6b2_loc_15_1, i32 <undef>, i32 <undef>, i32 <undef>, i32 <undef>, i32 <undef>, i32 <undef>, i32 <undef>, i32 %srcnn_float_255_255_float_1_9_9_float_float_64_1_1_float_float_32_5_5_float_float_255_255_int_b2_loc_400, i32 <undef>, i32 <undef>, i32 <undef>, i32 <undef>, i32 <undef>, i32 <undef>, i32 <undef>, i32 %srcnn_mulmulmulmulmulmulmulmulfloat_255_255_float_1_9_9_float_float_64_1_1_float_float_32_5_5_float_float_255_255_int_b2_loc_1, i5 %trunc_ln124" [src/srcnn.cpp:127->src/srcnn.cpp:634]   --->   Operation 62 'mux' 'tmp_21_i_i' <Predicate = (!tmp)> <Delay = 0.87> <CoreInst = "Multiplexer">   --->   Core 76 'Multiplexer' <Latency = 0> <II = 1> <Delay = 0.87> <FuncUnit> <Opcode : 'mux'> <InPorts = 2> <OutPorts = 1>
ST_1 : Operation 63 [1/1] (0.00ns)   --->   "%acc2_7_addr = getelementptr i32 %acc2_7, i64 0, i64 %zext_ln124" [src/srcnn.cpp:127->src/srcnn.cpp:634]   --->   Operation 63 'getelementptr' 'acc2_7_addr' <Predicate = (!tmp)> <Delay = 0.00>
ST_1 : Operation 64 [1/1] (0.67ns)   --->   "%store_ln127 = store i32 %tmp_i_i, i2 %acc2_addr" [src/srcnn.cpp:127->src/srcnn.cpp:634]   --->   Operation 64 'store' 'store_ln127' <Predicate = (!tmp)> <Delay = 0.67> <CoreInst = "RAM">   --->   Core 83 'RAM' <Latency = 1> <II = 1> <Delay = 0.67> <Storage> <Opcode : 'load' 'store'> <Ports = 2> <Width = 32> <Depth = 4> <RAM>
ST_1 : Operation 65 [1/1] (0.67ns)   --->   "%store_ln127 = store i32 %tmp_i_i_404, i2 %acc2_1_addr" [src/srcnn.cpp:127->src/srcnn.cpp:634]   --->   Operation 65 'store' 'store_ln127' <Predicate = (!tmp)> <Delay = 0.67> <CoreInst = "RAM">   --->   Core 83 'RAM' <Latency = 1> <II = 1> <Delay = 0.67> <Storage> <Opcode : 'load' 'store'> <Ports = 2> <Width = 32> <Depth = 4> <RAM>
ST_1 : Operation 66 [1/1] (0.67ns)   --->   "%store_ln127 = store i32 %tmp_16_i_i, i2 %acc2_2_addr" [src/srcnn.cpp:127->src/srcnn.cpp:634]   --->   Operation 66 'store' 'store_ln127' <Predicate = (!tmp)> <Delay = 0.67> <CoreInst = "RAM">   --->   Core 83 'RAM' <Latency = 1> <II = 1> <Delay = 0.67> <Storage> <Opcode : 'load' 'store'> <Ports = 2> <Width = 32> <Depth = 4> <RAM>
ST_1 : Operation 67 [1/1] (0.67ns)   --->   "%store_ln127 = store i32 %tmp_17_i_i, i2 %acc2_3_addr" [src/srcnn.cpp:127->src/srcnn.cpp:634]   --->   Operation 67 'store' 'store_ln127' <Predicate = (!tmp)> <Delay = 0.67> <CoreInst = "RAM">   --->   Core 83 'RAM' <Latency = 1> <II = 1> <Delay = 0.67> <Storage> <Opcode : 'load' 'store'> <Ports = 2> <Width = 32> <Depth = 4> <RAM>
ST_1 : Operation 68 [1/1] (0.67ns)   --->   "%store_ln127 = store i32 %tmp_18_i_i, i2 %acc2_4_addr" [src/srcnn.cpp:127->src/srcnn.cpp:634]   --->   Operation 68 'store' 'store_ln127' <Predicate = (!tmp)> <Delay = 0.67> <CoreInst = "RAM">   --->   Core 83 'RAM' <Latency = 1> <II = 1> <Delay = 0.67> <Storage> <Opcode : 'load' 'store'> <Ports = 2> <Width = 32> <Depth = 4> <RAM>
ST_1 : Operation 69 [1/1] (0.67ns)   --->   "%store_ln127 = store i32 %tmp_19_i_i, i2 %acc2_5_addr" [src/srcnn.cpp:127->src/srcnn.cpp:634]   --->   Operation 69 'store' 'store_ln127' <Predicate = (!tmp)> <Delay = 0.67> <CoreInst = "RAM">   --->   Core 83 'RAM' <Latency = 1> <II = 1> <Delay = 0.67> <Storage> <Opcode : 'load' 'store'> <Ports = 2> <Width = 32> <Depth = 4> <RAM>
ST_1 : Operation 70 [1/1] (0.67ns)   --->   "%store_ln127 = store i32 %tmp_20_i_i, i2 %acc2_6_addr" [src/srcnn.cpp:127->src/srcnn.cpp:634]   --->   Operation 70 'store' 'store_ln127' <Predicate = (!tmp)> <Delay = 0.67> <CoreInst = "RAM">   --->   Core 83 'RAM' <Latency = 1> <II = 1> <Delay = 0.67> <Storage> <Opcode : 'load' 'store'> <Ports = 2> <Width = 32> <Depth = 4> <RAM>
ST_1 : Operation 71 [1/1] (0.67ns)   --->   "%store_ln127 = store i32 %tmp_21_i_i, i2 %acc2_7_addr" [src/srcnn.cpp:127->src/srcnn.cpp:634]   --->   Operation 71 'store' 'store_ln127' <Predicate = (!tmp)> <Delay = 0.67> <CoreInst = "RAM">   --->   Core 83 'RAM' <Latency = 1> <II = 1> <Delay = 0.67> <Storage> <Opcode : 'load' 'store'> <Ports = 2> <Width = 32> <Depth = 4> <RAM>
ST_1 : Operation 72 [1/1] (0.78ns)   --->   "%add_ln124 = add i6 %n2_3, i6 8" [src/srcnn.cpp:124->src/srcnn.cpp:634]   --->   Operation 72 'add' 'add_ln124' <Predicate = (!tmp)> <Delay = 0.78> <CoreInst = "Adder">   --->   Core 1 'Adder' <Latency = 0> <II = 1> <Delay = 0.78> <FuncUnit> <Opcode : 'add' 'sub'> <InPorts = 2> <OutPorts = 1>
ST_1 : Operation 73 [1/1] (0.42ns)   --->   "%store_ln124 = store i6 %add_ln124, i6 %n2" [src/srcnn.cpp:124->src/srcnn.cpp:634]   --->   Operation 73 'store' 'store_ln124' <Predicate = (!tmp)> <Delay = 0.42>
ST_1 : Operation 74 [1/1] (0.00ns)   --->   "%br_ln124 = br void %for.inc.i.i" [src/srcnn.cpp:124->src/srcnn.cpp:634]   --->   Operation 74 'br' 'br_ln124' <Predicate = (!tmp)> <Delay = 0.00>
ST_1 : Operation 75 [1/1] (0.00ns)   --->   "%ret_ln0 = ret"   --->   Operation 75 'ret' 'ret_ln0' <Predicate = (tmp)> <Delay = 0.00>


============================================================
+ Verbose Summary: Timing violations
============================================================
Target clock period: 10.000ns, clock uncertainty: 2.700ns.

 <State 1>: 1.554ns
The critical path consists of the following:
	'alloca' operation ('n2') [41]  (0.000 ns)
	'load' operation ('n2', src/srcnn.cpp:124->src/srcnn.cpp:634) on local variable 'n2' [77]  (0.000 ns)
	'mux' operation ('tmp_i_i', src/srcnn.cpp:127->src/srcnn.cpp:634) [87]  (0.877 ns)
	'store' operation ('store_ln127', src/srcnn.cpp:127->src/srcnn.cpp:634) of variable 'tmp_i_i', src/srcnn.cpp:127->src/srcnn.cpp:634 on array 'acc2' [103]  (0.677 ns)


============================================================
+ Verbose Summary: Binding
============================================================
N/A
* FSMD analyzer results:
  - Output states:
 - Input state : 
  - Chain level:
	State 1


============================================================
+ Verbose Summary: Datapath Resource usage 
============================================================
N/A
