

================================================================
== Vitis HLS Report for 'compute_tile_Block_entry87_proc'
================================================================
* Date:           Tue Oct 21 03:21:52 2025

* Version:        2023.1 (Build 3854077 on May  4 2023)
* Project:        srcnn_hls
* Solution:       solution1 (Vivado IP Flow Target)
* Product family: zynquplus
* Target device:  xck26-sfvc784-2LV-c


================================================================
== Performance Estimates
================================================================
+ Timing: 
    * Summary: 
    +--------+----------+----------+------------+
    |  Clock |  Target  | Estimated| Uncertainty|
    +--------+----------+----------+------------+
    |ap_clk  |  10.00 ns|  3.772 ns|     2.70 ns|
    +--------+----------+----------+------------+

+ Latency: 
    * Summary: 
    +---------+---------+----------+----------+-----+-----+---------+
    |  Latency (cycles) |  Latency (absolute) |  Interval | Pipeline|
    |   min   |   max   |    min   |    max   | min | max |   Type  |
    +---------+---------+----------+----------+-----+-----+---------+
    |        0|        0|      0 ns|      0 ns|    0|    0|       no|
    +---------+---------+----------+----------+-----+-----+---------+

    + Detail: 
        * Instance: 
        N/A

        * Loop: 
        N/A

============================================================
+ Verbose Summary: Synthesis Manager
============================================================
InlineROM: 1
ExposeGlobal: 0
============================================================
+ Verbose Summary: CDFG Model
============================================================
IsTopModel: 0
ResetActiveHigh: 1
IsCombinational: 2
IsDatapathOnly: 0
HasWiredReturn: 1
HasMFsm: 0
HasVarLatency: 0
IsPipeline: 0
IsRtlPipelined: 0
IsInstanceOverlapped: 0
IsDontTouch: 0
HasImplIP: 0
IsGatedGlobalClock: 0


============================================================
+ Verbose Summary: Schedule
============================================================
* Number of FSM states : 1
* Pipeline : 0
* Dataflow Pipeline: 0

* FSM state transitions: 
1 --> 

* FSM state operations: 

State 1 <SV = 0> <Delay = 3.77>
ST_1 : Operation 2 [1/1] (0.00ns)   --->   "%specinterface_ln0 = specinterface void @_ssdm_op_SpecInterface, i1 %phase, void @ap_fifo_str, i32 0, i32 0, void @p_str, i32 0, i32 0, void @p_str, void @p_str, void @p_str, i32 2, i32 2, i32 16, i32 16, void @p_str, void @ScalarProp_str, i32 4294967295, i32 0"   --->   Operation 2 'specinterface' 'specinterface_ln0' <Predicate = true> <Delay = 0.00>
ST_1 : Operation 3 [1/1] (1.83ns)   --->   "%phase_read = read i1 @_ssdm_op_Read.ap_fifo.i1P0A, i1 %phase"   --->   Operation 3 'read' 'phase_read' <Predicate = true> <Delay = 1.83> <CoreInst = "FIFO_SRL">   --->   Core 81 'FIFO_SRL' <Latency = 0> <II = 1> <Delay = 1.83> <Storage> <Opcode : 'read' 'write' 'nbread' 'nbwrite'> <Ports = 0> <Width = 1> <Depth = 2> <FIFO>
ST_1 : Operation 4 [1/1] (0.00ns)   --->   "%specinterface_ln0 = specinterface void @_ssdm_op_SpecInterface, i1 %phase_c, void @ap_fifo_str, i32 0, i32 0, void @p_str, i32 0, i32 0, void @p_str, void @p_str, void @p_str, i32 2, i32 2, i32 16, i32 16, void @p_str, void @ScalarProp_str, i32 4294967295, i32 0"   --->   Operation 4 'specinterface' 'specinterface_ln0' <Predicate = true> <Delay = 0.00>
ST_1 : Operation 5 [1/1] (1.83ns)   --->   "%write_ln0 = write void @_ssdm_op_Write.ap_fifo.i1P0A, i1 %phase_c, i1 %phase_read"   --->   Operation 5 'write' 'write_ln0' <Predicate = true> <Delay = 1.83> <CoreInst = "FIFO_SRL">   --->   Core 81 'FIFO_SRL' <Latency = 0> <II = 1> <Delay = 1.83> <Storage> <Opcode : 'read' 'write' 'nbread' 'nbwrite'> <Ports = 0> <Width = 1> <Depth = 2> <FIFO>
ST_1 : Operation 6 [1/1] (0.00ns)   --->   "%specinterface_ln0 = specinterface void @_ssdm_op_SpecInterface, i8 %w0, void @ap_fifo_str, i32 0, i32 0, void @p_str, i32 0, i32 0, void @p_str, void @p_str, void @p_str, i32 2, i32 2, i32 16, i32 16, void @p_str, void @ScalarProp_str, i32 4294967295, i32 0"   --->   Operation 6 'specinterface' 'specinterface_ln0' <Predicate = true> <Delay = 0.00>
ST_1 : Operation 7 [1/1] (1.83ns)   --->   "%w0_read = read i8 @_ssdm_op_Read.ap_fifo.i8P0A, i8 %w0" [src/srcnn.cpp:531]   --->   Operation 7 'read' 'w0_read' <Predicate = true> <Delay = 1.83> <CoreInst = "FIFO_SRL">   --->   Core 81 'FIFO_SRL' <Latency = 0> <II = 1> <Delay = 1.83> <Storage> <Opcode : 'read' 'write' 'nbread' 'nbwrite'> <Ports = 0> <Width = 8> <Depth = 2> <FIFO>
ST_1 : Operation 8 [1/1] (0.00ns)   --->   "%trunc_ln531_cast = zext i8 %w0_read" [src/srcnn.cpp:531]   --->   Operation 8 'zext' 'trunc_ln531_cast' <Predicate = true> <Delay = 0.00>
ST_1 : Operation 9 [1/1] (0.00ns)   --->   "%specinterface_ln0 = specinterface void @_ssdm_op_SpecInterface, i8 %w0_c, void @ap_fifo_str, i32 0, i32 0, void @p_str, i32 0, i32 0, void @p_str, void @p_str, void @p_str, i32 2, i32 2, i32 16, i32 16, void @p_str, void @ScalarProp_str, i32 4294967295, i32 0"   --->   Operation 9 'specinterface' 'specinterface_ln0' <Predicate = true> <Delay = 0.00>
ST_1 : Operation 10 [1/1] (1.83ns)   --->   "%write_ln531 = write void @_ssdm_op_Write.ap_fifo.i8P0A, i8 %w0_c, i8 %w0_read" [src/srcnn.cpp:531]   --->   Operation 10 'write' 'write_ln531' <Predicate = true> <Delay = 1.83> <CoreInst = "FIFO_SRL">   --->   Core 81 'FIFO_SRL' <Latency = 0> <II = 1> <Delay = 1.83> <Storage> <Opcode : 'read' 'write' 'nbread' 'nbwrite'> <Ports = 0> <Width = 8> <Depth = 2> <FIFO>
ST_1 : Operation 11 [1/1] (0.00ns)   --->   "%specinterface_ln0 = specinterface void @_ssdm_op_SpecInterface, i9 %h0, void @ap_fifo_str, i32 0, i32 0, void @p_str, i32 0, i32 0, void @p_str, void @p_str, void @p_str, i32 2, i32 2, i32 16, i32 16, void @p_str, void @ScalarProp_str, i32 4294967295, i32 0"   --->   Operation 11 'specinterface' 'specinterface_ln0' <Predicate = true> <Delay = 0.00>
ST_1 : Operation 12 [1/1] (1.83ns)   --->   "%h0_read = read i9 @_ssdm_op_Read.ap_fifo.i9P0A, i9 %h0"   --->   Operation 12 'read' 'h0_read' <Predicate = true> <Delay = 1.83> <CoreInst = "FIFO_SRL">   --->   Core 81 'FIFO_SRL' <Latency = 0> <II = 1> <Delay = 1.83> <Storage> <Opcode : 'read' 'write' 'nbread' 'nbwrite'> <Ports = 0> <Width = 9> <Depth = 2> <FIFO>
ST_1 : Operation 13 [1/1] (0.00ns)   --->   "%specinterface_ln0 = specinterface void @_ssdm_op_SpecInterface, i9 %h0_c, void @ap_fifo_str, i32 0, i32 0, void @p_str, i32 0, i32 0, void @p_str, void @p_str, void @p_str, i32 2, i32 2, i32 16, i32 16, void @p_str, void @ScalarProp_str, i32 4294967295, i32 0"   --->   Operation 13 'specinterface' 'specinterface_ln0' <Predicate = true> <Delay = 0.00>
ST_1 : Operation 14 [1/1] (1.83ns)   --->   "%write_ln538 = write void @_ssdm_op_Write.ap_fifo.i9P0A, i9 %h0_c, i9 %h0_read" [src/srcnn.cpp:538]   --->   Operation 14 'write' 'write_ln538' <Predicate = true> <Delay = 1.83> <CoreInst = "FIFO_SRL">   --->   Core 81 'FIFO_SRL' <Latency = 0> <II = 1> <Delay = 1.83> <Storage> <Opcode : 'read' 'write' 'nbread' 'nbwrite'> <Ports = 0> <Width = 9> <Depth = 2> <FIFO>
ST_1 : Operation 15 [1/1] (0.28ns)   --->   "%xor_ln538 = xor i1 %phase_read, i1 1" [src/srcnn.cpp:538]   --->   Operation 15 'xor' 'xor_ln538' <Predicate = true> <Delay = 0.28> <CoreInst = "LogicGate">   --->   Core 74 'LogicGate' <Latency = 0> <II = 1> <Delay = 0.28> <FuncUnit> <Opcode : 'and' 'or' 'xor'> <InPorts = 2> <OutPorts = 1>
ST_1 : Operation 16 [1/1] (0.76ns)   --->   "%add_ln532 = add i9 %trunc_ln531_cast, i9 16" [src/srcnn.cpp:532]   --->   Operation 16 'add' 'add_ln532' <Predicate = true> <Delay = 0.76> <CoreInst = "Adder">   --->   Core 1 'Adder' <Latency = 0> <II = 1> <Delay = 0.76> <FuncUnit> <Opcode : 'add' 'sub'> <InPorts = 2> <OutPorts = 1>
ST_1 : Operation 17 [1/1] (0.00ns) (grouped into LUT with out node select_ln532)   --->   "%tmp = bitselect i1 @_ssdm_op_BitSelect.i1.i9.i32, i9 %add_ln532, i32 8" [src/srcnn.cpp:532]   --->   Operation 17 'bitselect' 'tmp' <Predicate = true> <Delay = 0.00>
ST_1 : Operation 18 [1/1] (0.00ns) (grouped into LUT with out node select_ln532)   --->   "%xor_ln532 = xor i8 %w0_read, i8 255" [src/srcnn.cpp:532]   --->   Operation 18 'xor' 'xor_ln532' <Predicate = (tmp)> <Delay = 0.00> <CoreInst = "LogicGate">   --->   Core 74 'LogicGate' <Latency = 0> <II = 1> <Delay = 0.33> <FuncUnit> <Opcode : 'and' 'or' 'xor'> <InPorts = 2> <OutPorts = 1>
ST_1 : Operation 19 [1/1] (0.39ns) (out node of the LUT)   --->   "%select_ln532 = select i1 %tmp, i8 %xor_ln532, i8 16" [src/srcnn.cpp:532]   --->   Operation 19 'select' 'select_ln532' <Predicate = true> <Delay = 0.39> <CoreInst = "Sel">   --->   Core 73 'Sel' <Latency = 0> <II = 1> <Delay = 0.39> <FuncUnit> <Opcode : 'select'> <InPorts = 3> <OutPorts = 1>
ST_1 : Operation 20 [1/1] (0.77ns)   --->   "%add_ln529 = add i9 %h0_read, i9 16" [src/srcnn.cpp:529]   --->   Operation 20 'add' 'add_ln529' <Predicate = true> <Delay = 0.77> <CoreInst = "Adder">   --->   Core 1 'Adder' <Latency = 0> <II = 1> <Delay = 0.77> <FuncUnit> <Opcode : 'add' 'sub'> <InPorts = 2> <OutPorts = 1>
ST_1 : Operation 21 [1/1] (0.00ns) (grouped into LUT with out node select_ln529)   --->   "%tmp_27 = bitselect i1 @_ssdm_op_BitSelect.i1.i9.i32, i9 %add_ln529, i32 8" [src/srcnn.cpp:529]   --->   Operation 21 'bitselect' 'tmp_27' <Predicate = true> <Delay = 0.00>
ST_1 : Operation 22 [1/1] (0.00ns) (grouped into LUT with out node select_ln529)   --->   "%trunc_ln528 = trunc i9 %h0_read" [src/srcnn.cpp:528]   --->   Operation 22 'trunc' 'trunc_ln528' <Predicate = (tmp_27)> <Delay = 0.00>
ST_1 : Operation 23 [1/1] (0.00ns) (grouped into LUT with out node select_ln529)   --->   "%xor_ln529 = xor i8 %trunc_ln528, i8 255" [src/srcnn.cpp:529]   --->   Operation 23 'xor' 'xor_ln529' <Predicate = (tmp_27)> <Delay = 0.00> <CoreInst = "LogicGate">   --->   Core 74 'LogicGate' <Latency = 0> <II = 1> <Delay = 0.33> <FuncUnit> <Opcode : 'and' 'or' 'xor'> <InPorts = 2> <OutPorts = 1>
ST_1 : Operation 24 [1/1] (0.39ns) (out node of the LUT)   --->   "%select_ln529 = select i1 %tmp_27, i8 %xor_ln529, i8 16" [src/srcnn.cpp:529]   --->   Operation 24 'select' 'select_ln529' <Predicate = true> <Delay = 0.39> <CoreInst = "Sel">   --->   Core 73 'Sel' <Latency = 0> <II = 1> <Delay = 0.39> <FuncUnit> <Opcode : 'select'> <InPorts = 3> <OutPorts = 1>
ST_1 : Operation 25 [1/1] (0.00ns)   --->   "%out_tile_offset_cast_loc_i_i_0 = zext i1 %xor_ln538" [src/srcnn.cpp:538]   --->   Operation 25 'zext' 'out_tile_offset_cast_loc_i_i_0' <Predicate = true> <Delay = 0.00>
ST_1 : Operation 26 [1/1] (0.00ns)   --->   "%in_tile_0_offset_cast_loc_i_i_0 = zext i1 %phase_read"   --->   Operation 26 'zext' 'in_tile_0_offset_cast_loc_i_i_0' <Predicate = true> <Delay = 0.00>
ST_1 : Operation 27 [1/1] (0.00ns)   --->   "%tw_eff_cast_loc_i_i_0 = zext i8 %select_ln532" [src/srcnn.cpp:532]   --->   Operation 27 'zext' 'tw_eff_cast_loc_i_i_0' <Predicate = true> <Delay = 0.00>
ST_1 : Operation 28 [1/1] (0.00ns)   --->   "%th_eff_cast_loc_i_i_0 = zext i8 %select_ln529" [src/srcnn.cpp:529]   --->   Operation 28 'zext' 'th_eff_cast_loc_i_i_0' <Predicate = true> <Delay = 0.00>
ST_1 : Operation 29 [1/1] (0.76ns)   --->   "%add_ln110 = add i9 %th_eff_cast_loc_i_i_0, i9 2" [src/srcnn.cpp:110]   --->   Operation 29 'add' 'add_ln110' <Predicate = true> <Delay = 0.76> <CoreInst = "Adder">   --->   Core 1 'Adder' <Latency = 0> <II = 1> <Delay = 0.76> <FuncUnit> <Opcode : 'add' 'sub'> <InPorts = 2> <OutPorts = 1>
ST_1 : Operation 30 [1/1] (0.00ns)   --->   "%zext_ln110 = zext i9 %add_ln110" [src/srcnn.cpp:110]   --->   Operation 30 'zext' 'zext_ln110' <Predicate = true> <Delay = 0.00>
ST_1 : Operation 31 [1/1] (0.76ns)   --->   "%add_ln110_1 = add i9 %tw_eff_cast_loc_i_i_0, i9 2" [src/srcnn.cpp:110]   --->   Operation 31 'add' 'add_ln110_1' <Predicate = true> <Delay = 0.76> <CoreInst = "Adder">   --->   Core 1 'Adder' <Latency = 0> <II = 1> <Delay = 0.76> <FuncUnit> <Opcode : 'add' 'sub'> <InPorts = 2> <OutPorts = 1>
ST_1 : Operation 32 [1/1] (0.00ns)   --->   "%zext_ln110_1 = zext i9 %add_ln110_1" [src/srcnn.cpp:110]   --->   Operation 32 'zext' 'zext_ln110_1' <Predicate = true> <Delay = 0.00>
ST_1 : Operation 33 [1/1] (0.00ns)   --->   "%acc3_sum = load i32 %srcnn_float_255_255_float_1_9_9_float_float_64_1_1_f_14"   --->   Operation 33 'load' 'acc3_sum' <Predicate = true> <Delay = 0.00>
ST_1 : Operation 34 [1/1] (0.00ns)   --->   "%zext_ln110_2 = zext i8 %w0_read" [src/srcnn.cpp:110]   --->   Operation 34 'zext' 'zext_ln110_2' <Predicate = true> <Delay = 0.00>
ST_1 : Operation 35 [1/1] (0.00ns)   --->   "%zext_ln110_3 = zext i9 %h0_read" [src/srcnn.cpp:110]   --->   Operation 35 'zext' 'zext_ln110_3' <Predicate = true> <Delay = 0.00>
ST_1 : Operation 36 [1/1] (0.00ns)   --->   "%mrv = insertvalue i219 <undef>, i64 %out_tile_offset_cast_loc_i_i_0" [src/srcnn.cpp:538]   --->   Operation 36 'insertvalue' 'mrv' <Predicate = true> <Delay = 0.00>
ST_1 : Operation 37 [1/1] (0.00ns)   --->   "%mrv_1 = insertvalue i219 %mrv, i64 %in_tile_0_offset_cast_loc_i_i_0" [src/srcnn.cpp:538]   --->   Operation 37 'insertvalue' 'mrv_1' <Predicate = true> <Delay = 0.00>
ST_1 : Operation 38 [1/1] (0.00ns)   --->   "%mrv_2 = insertvalue i219 %mrv_1, i9 %tw_eff_cast_loc_i_i_0" [src/srcnn.cpp:538]   --->   Operation 38 'insertvalue' 'mrv_2' <Predicate = true> <Delay = 0.00>
ST_1 : Operation 39 [1/1] (0.00ns)   --->   "%mrv_3 = insertvalue i219 %mrv_2, i9 %th_eff_cast_loc_i_i_0" [src/srcnn.cpp:538]   --->   Operation 39 'insertvalue' 'mrv_3' <Predicate = true> <Delay = 0.00>
ST_1 : Operation 40 [1/1] (0.00ns)   --->   "%mrv_4 = insertvalue i219 %mrv_3, i10 %zext_ln110" [src/srcnn.cpp:538]   --->   Operation 40 'insertvalue' 'mrv_4' <Predicate = true> <Delay = 0.00>
ST_1 : Operation 41 [1/1] (0.00ns)   --->   "%mrv_5 = insertvalue i219 %mrv_4, i10 %zext_ln110_1" [src/srcnn.cpp:538]   --->   Operation 41 'insertvalue' 'mrv_5' <Predicate = true> <Delay = 0.00>
ST_1 : Operation 42 [1/1] (0.00ns)   --->   "%mrv_6 = insertvalue i219 %mrv_5, i32 %acc3_sum" [src/srcnn.cpp:538]   --->   Operation 42 'insertvalue' 'mrv_6' <Predicate = true> <Delay = 0.00>
ST_1 : Operation 43 [1/1] (0.00ns)   --->   "%mrv_7 = insertvalue i219 %mrv_6, i10 %zext_ln110_2" [src/srcnn.cpp:538]   --->   Operation 43 'insertvalue' 'mrv_7' <Predicate = true> <Delay = 0.00>
ST_1 : Operation 44 [1/1] (0.00ns)   --->   "%mrv_8 = insertvalue i219 %mrv_7, i11 %zext_ln110_3" [src/srcnn.cpp:538]   --->   Operation 44 'insertvalue' 'mrv_8' <Predicate = true> <Delay = 0.00>
ST_1 : Operation 45 [1/1] (0.00ns)   --->   "%ret_ln538 = ret i219 %mrv_8" [src/srcnn.cpp:538]   --->   Operation 45 'ret' 'ret_ln538' <Predicate = true> <Delay = 0.00>


============================================================
+ Verbose Summary: Timing violations
============================================================
Target clock period: 10.000ns, clock uncertainty: 2.700ns.

 <State 1>: 3.772ns
The critical path consists of the following:
	fifo read operation ('h0_read') on port 'h0' [18]  (1.838 ns)
	'add' operation ('add_ln529', src/srcnn.cpp:529) [26]  (0.776 ns)
	'select' operation ('select_ln529', src/srcnn.cpp:529) [30]  (0.393 ns)
	'add' operation ('add_ln110', src/srcnn.cpp:110) [35]  (0.765 ns)


============================================================
+ Verbose Summary: Binding
============================================================
N/A
* FSMD analyzer results:
  - Output states:
 - Input state : 
  - Chain level:
	State 1


============================================================
+ Verbose Summary: Datapath Resource usage 
============================================================
N/A
