

================================================================
== Vitis HLS Report for 'conv1conv2_from_windows8_Pipeline_Init_Conv2Out_biases'
================================================================
* Date:           Mon Oct 27 18:06:36 2025

* Version:        2023.1 (Build 3854077 on May  4 2023)
* Project:        srcnn_hls
* Solution:       solution1 (Vivado IP Flow Target)
* Product family: zynquplus
* Target device:  xck26-sfvc784-2LV-c


================================================================
== Performance Estimates
================================================================
+ Timing: 
    * Summary: 
    +--------+----------+----------+------------+
    |  Clock |  Target  | Estimated| Uncertainty|
    +--------+----------+----------+------------+
    |ap_clk  |  10.00 ns|  1.666 ns|     2.70 ns|
    +--------+----------+----------+------------+

+ Latency: 
    * Summary: 
    +---------+---------+----------+----------+-----+-----+---------+
    |  Latency (cycles) |  Latency (absolute) |  Interval | Pipeline|
    |   min   |   max   |    min   |    max   | min | max |   Type  |
    +---------+---------+----------+----------+-----+-----+---------+
    |       10|       10|  0.100 us|  0.100 us|   10|   10|       no|
    +---------+---------+----------+----------+-----+-----+---------+

    + Detail: 
        * Instance: 
        N/A

        * Loop: 
        +------------------------+---------+---------+----------+-----------+-----------+------+----------+
        |                        |  Latency (cycles) | Iteration|  Initiation Interval  | Trip |          |
        |        Loop Name       |   min   |   max   |  Latency |  achieved |   target  | Count| Pipelined|
        +------------------------+---------+---------+----------+-----------+-----------+------+----------+
        |- Init_Conv2Out_biases  |        8|        8|         1|          1|          1|     8|       yes|
        +------------------------+---------+---------+----------+-----------+-----------+------+----------+

============================================================
+ Verbose Summary: Synthesis Manager
============================================================
InlineROM: 1
ExposeGlobal: 0
============================================================
+ Verbose Summary: CDFG Model
============================================================
IsTopModel: 0
ResetActiveHigh: 1
IsCombinational: 0
IsDatapathOnly: 0
HasWiredReturn: 1
HasMFsm: 2
HasVarLatency: 1
IsPipeline: 0
IsRtlPipelined: 0
IsInstanceOverlapped: 0
IsDontTouch: 0
HasImplIP: 0
IsGatedGlobalClock: 0

+ Individual pipeline summary: 
  * Pipeline-0: initiation interval (II) = 1, depth = 1


============================================================
+ Verbose Summary: Schedule
============================================================
* Number of FSM states : 1
* Pipeline : 1
  Pipeline-0 : II = 1, D = 1, States = { 1 }
* Dataflow Pipeline: 0

* FSM state transitions: 
1 --> 

* FSM state operations: 

State 1 <SV = 0> <Delay = 1.66>
ST_1 : Operation 4 [1/1] (0.00ns)   --->   "%n2 = alloca i32 1"   --->   Operation 4 'alloca' 'n2' <Predicate = true> <Delay = 0.00>
ST_1 : Operation 5 [1/1] (0.00ns)   --->   "%srcnn_mulmulmulmulmulmulmulmulfloat_255_255_float_1_9_9_float_float_64_1_1_float_float_32_5_5_float_float_255_255_int_b2_loc_1 = read i32 @_ssdm_op_Read.ap_auto.float, i32 %srcnn_float_255_255_float_1_9_9_float_float_64_1_1_float_float_32_5_5_float_float_255_255_int_b2_loc"   --->   Operation 5 'read' 'srcnn_mulmulmulmulmulmulmulmulfloat_255_255_float_1_9_9_float_float_64_1_1_float_float_32_5_5_float_float_255_255_int_b2_loc_1' <Predicate = true> <Delay = 0.00>
ST_1 : Operation 6 [1/1] (0.00ns)   --->   "%p_ZZ5srcnnPA255_A255_fPA1_A9_A9_fPfPA64_A1_A1_fS6_PA32_A5_A5_fS6_S1_iE6b2_loc_27_1 = read i32 @_ssdm_op_Read.ap_auto.float, i32 %p_ZZ5srcnnPA255_A255_fPA1_A9_A9_fPfPA64_A1_A1_fS6_PA32_A5_A5_fS6_S1_iE6b2_loc_27_s"   --->   Operation 6 'read' 'p_ZZ5srcnnPA255_A255_fPA1_A9_A9_fPfPA64_A1_A1_fS6_PA32_A5_A5_fS6_S1_iE6b2_loc_27_1' <Predicate = true> <Delay = 0.00>
ST_1 : Operation 7 [1/1] (0.00ns)   --->   "%srcnn_float_255_255_float_1_9_9_float_float_64_1_1_float_float_32_5_5_float_float_255_255_int_b2_loc_179 = read i32 @_ssdm_op_Read.ap_auto.float, i32 %p_ZZ5srcnnPA255_A255_fPA1_A9_A9_fPfPA64_A1_A1_fS6_PA32_A5_A5_fS6_S1_iE6b2_loc_23_s"   --->   Operation 7 'read' 'srcnn_float_255_255_float_1_9_9_float_float_64_1_1_float_float_32_5_5_float_float_255_255_int_b2_loc_179' <Predicate = true> <Delay = 0.00>
ST_1 : Operation 8 [1/1] (0.00ns)   --->   "%p_ZZ5srcnnPA255_A255_fPA1_A9_A9_fPfPA64_A1_A1_fS6_PA32_A5_A5_fS6_S1_iE6b2_loc_19_1 = read i32 @_ssdm_op_Read.ap_auto.float, i32 %p_ZZ5srcnnPA255_A255_fPA1_A9_A9_fPfPA64_A1_A1_fS6_PA32_A5_A5_fS6_S1_iE6b2_loc_19_s"   --->   Operation 8 'read' 'p_ZZ5srcnnPA255_A255_fPA1_A9_A9_fPfPA64_A1_A1_fS6_PA32_A5_A5_fS6_S1_iE6b2_loc_19_1' <Predicate = true> <Delay = 0.00>
ST_1 : Operation 9 [1/1] (0.00ns)   --->   "%p_ZZ5srcnnPA255_A255_fPA1_A9_A9_fPfPA64_A1_A1_fS6_PA32_A5_A5_fS6_S1_iE6b2_loc_15_1 = read i32 @_ssdm_op_Read.ap_auto.float, i32 %p_ZZ5srcnnPA255_A255_fPA1_A9_A9_fPfPA64_A1_A1_fS6_PA32_A5_A5_fS6_S1_iE6b2_loc_15_s"   --->   Operation 9 'read' 'p_ZZ5srcnnPA255_A255_fPA1_A9_A9_fPfPA64_A1_A1_fS6_PA32_A5_A5_fS6_S1_iE6b2_loc_15_1' <Predicate = true> <Delay = 0.00>
ST_1 : Operation 10 [1/1] (0.00ns)   --->   "%srcnn_mulmulmulmulmulmulmulmulfloat_255_255_float_1_9_9_float_float_64_1_1_float_float_32_5_5_float_float_255_255_int_b2_loc_1_180 = read i32 @_ssdm_op_Read.ap_auto.float, i32 %srcnn_float_255_255_float_1_9_9_float_float_64_1_1_float_float_32_5_5_float_float_255_255_int_b2_loc_53"   --->   Operation 10 'read' 'srcnn_mulmulmulmulmulmulmulmulfloat_255_255_float_1_9_9_float_float_64_1_1_float_float_32_5_5_float_float_255_255_int_b2_loc_1_180' <Predicate = true> <Delay = 0.00>
ST_1 : Operation 11 [1/1] (0.00ns)   --->   "%srcnn_float_255_255_float_1_9_9_float_float_64_1_1_f_51 = read i32 @_ssdm_op_Read.ap_auto.float, i32 %srcnn_float_255_255_float_1_9_9_float_float_64_1_1_f_50"   --->   Operation 11 'read' 'srcnn_float_255_255_float_1_9_9_float_float_64_1_1_f_51' <Predicate = true> <Delay = 0.00>
ST_1 : Operation 12 [1/1] (0.00ns)   --->   "%srcnn_float_255_255_float_1_9_9_float_float_64_1_1_f_52 = read i32 @_ssdm_op_Read.ap_auto.float, i32 %srcnn_float_255_255_float_1_9_9_float_float_64_1_1_f_49"   --->   Operation 12 'read' 'srcnn_float_255_255_float_1_9_9_float_float_64_1_1_f_52' <Predicate = true> <Delay = 0.00>
ST_1 : Operation 13 [1/1] (0.00ns)   --->   "%p_ZZ5srcnnPA255_A255_fPA1_A9_A9_fPfPA64_A1_A1_fS6_PA32_A5_A5_fS6_S1_iE6b2_loc_30_1 = read i32 @_ssdm_op_Read.ap_auto.float, i32 %p_ZZ5srcnnPA255_A255_fPA1_A9_A9_fPfPA64_A1_A1_fS6_PA32_A5_A5_fS6_S1_iE6b2_loc_30_s"   --->   Operation 13 'read' 'p_ZZ5srcnnPA255_A255_fPA1_A9_A9_fPfPA64_A1_A1_fS6_PA32_A5_A5_fS6_S1_iE6b2_loc_30_1' <Predicate = true> <Delay = 0.00>
ST_1 : Operation 14 [1/1] (0.00ns)   --->   "%p_ZZ5srcnnPA255_A255_fPA1_A9_A9_fPfPA64_A1_A1_fS6_PA32_A5_A5_fS6_S1_iE6b2_loc_26_1 = read i32 @_ssdm_op_Read.ap_auto.float, i32 %p_ZZ5srcnnPA255_A255_fPA1_A9_A9_fPfPA64_A1_A1_fS6_PA32_A5_A5_fS6_S1_iE6b2_loc_26_s"   --->   Operation 14 'read' 'p_ZZ5srcnnPA255_A255_fPA1_A9_A9_fPfPA64_A1_A1_fS6_PA32_A5_A5_fS6_S1_iE6b2_loc_26_1' <Predicate = true> <Delay = 0.00>
ST_1 : Operation 15 [1/1] (0.00ns)   --->   "%p_ZZ5srcnnPA255_A255_fPA1_A9_A9_fPfPA64_A1_A1_fS6_PA32_A5_A5_fS6_S1_iE6b2_loc_22_1 = read i32 @_ssdm_op_Read.ap_auto.float, i32 %p_ZZ5srcnnPA255_A255_fPA1_A9_A9_fPfPA64_A1_A1_fS6_PA32_A5_A5_fS6_S1_iE6b2_loc_22_s"   --->   Operation 15 'read' 'p_ZZ5srcnnPA255_A255_fPA1_A9_A9_fPfPA64_A1_A1_fS6_PA32_A5_A5_fS6_S1_iE6b2_loc_22_1' <Predicate = true> <Delay = 0.00>
ST_1 : Operation 16 [1/1] (0.00ns)   --->   "%p_ZZ5srcnnPA255_A255_fPA1_A9_A9_fPfPA64_A1_A1_fS6_PA32_A5_A5_fS6_S1_iE6b2_loc_18_1 = read i32 @_ssdm_op_Read.ap_auto.float, i32 %p_ZZ5srcnnPA255_A255_fPA1_A9_A9_fPfPA64_A1_A1_fS6_PA32_A5_A5_fS6_S1_iE6b2_loc_18_s"   --->   Operation 16 'read' 'p_ZZ5srcnnPA255_A255_fPA1_A9_A9_fPfPA64_A1_A1_fS6_PA32_A5_A5_fS6_S1_iE6b2_loc_18_1' <Predicate = true> <Delay = 0.00>
ST_1 : Operation 17 [1/1] (0.00ns)   --->   "%p_ZZ5srcnnPA255_A255_fPA1_A9_A9_fPfPA64_A1_A1_fS6_PA32_A5_A5_fS6_S1_iE6b2_loc_14_1 = read i32 @_ssdm_op_Read.ap_auto.float, i32 %p_ZZ5srcnnPA255_A255_fPA1_A9_A9_fPfPA64_A1_A1_fS6_PA32_A5_A5_fS6_S1_iE6b2_loc_14_s"   --->   Operation 17 'read' 'p_ZZ5srcnnPA255_A255_fPA1_A9_A9_fPfPA64_A1_A1_fS6_PA32_A5_A5_fS6_S1_iE6b2_loc_14_1' <Predicate = true> <Delay = 0.00>
ST_1 : Operation 18 [1/1] (0.00ns)   --->   "%p_ZZ5srcnnPA255_A255_fPA1_A9_A9_fPfPA64_A1_A1_fS6_PA32_A5_A5_fS6_S1_iE6b2_loc_10_1 = read i32 @_ssdm_op_Read.ap_auto.float, i32 %p_ZZ5srcnnPA255_A255_fPA1_A9_A9_fPfPA64_A1_A1_fS6_PA32_A5_A5_fS6_S1_iE6b2_loc_10_s"   --->   Operation 18 'read' 'p_ZZ5srcnnPA255_A255_fPA1_A9_A9_fPfPA64_A1_A1_fS6_PA32_A5_A5_fS6_S1_iE6b2_loc_10_1' <Predicate = true> <Delay = 0.00>
ST_1 : Operation 19 [1/1] (0.00ns)   --->   "%srcnn_float_255_255_float_1_9_9_float_float_64_1_1_f_53 = read i32 @_ssdm_op_Read.ap_auto.float, i32 %srcnn_float_255_255_float_1_9_9_float_float_64_1_1_f_48"   --->   Operation 19 'read' 'srcnn_float_255_255_float_1_9_9_float_float_64_1_1_f_53' <Predicate = true> <Delay = 0.00>
ST_1 : Operation 20 [1/1] (0.00ns)   --->   "%srcnn_float_255_255_float_1_9_9_float_float_64_1_1_f_54 = read i32 @_ssdm_op_Read.ap_auto.float, i32 %srcnn_float_255_255_float_1_9_9_float_float_64_1_1_f_47"   --->   Operation 20 'read' 'srcnn_float_255_255_float_1_9_9_float_float_64_1_1_f_54' <Predicate = true> <Delay = 0.00>
ST_1 : Operation 21 [1/1] (0.00ns)   --->   "%p_ZZ5srcnnPA255_A255_fPA1_A9_A9_fPfPA64_A1_A1_fS6_PA32_A5_A5_fS6_S1_iE6b2_loc_29_1 = read i32 @_ssdm_op_Read.ap_auto.float, i32 %p_ZZ5srcnnPA255_A255_fPA1_A9_A9_fPfPA64_A1_A1_fS6_PA32_A5_A5_fS6_S1_iE6b2_loc_29_s"   --->   Operation 21 'read' 'p_ZZ5srcnnPA255_A255_fPA1_A9_A9_fPfPA64_A1_A1_fS6_PA32_A5_A5_fS6_S1_iE6b2_loc_29_1' <Predicate = true> <Delay = 0.00>
ST_1 : Operation 22 [1/1] (0.00ns)   --->   "%p_ZZ5srcnnPA255_A255_fPA1_A9_A9_fPfPA64_A1_A1_fS6_PA32_A5_A5_fS6_S1_iE6b2_loc_25_1 = read i32 @_ssdm_op_Read.ap_auto.float, i32 %p_ZZ5srcnnPA255_A255_fPA1_A9_A9_fPfPA64_A1_A1_fS6_PA32_A5_A5_fS6_S1_iE6b2_loc_25_s"   --->   Operation 22 'read' 'p_ZZ5srcnnPA255_A255_fPA1_A9_A9_fPfPA64_A1_A1_fS6_PA32_A5_A5_fS6_S1_iE6b2_loc_25_1' <Predicate = true> <Delay = 0.00>
ST_1 : Operation 23 [1/1] (0.00ns)   --->   "%srcnn_mulmulmulmulmulmulmulmulfloat_255_255_float_1_9_9_float_float_64_1_1_float_float_32_5_5_float_float_255_255_int_b2_loc_1_181 = read i32 @_ssdm_op_Read.ap_auto.float, i32 %srcnn_float_255_255_float_1_9_9_float_float_64_1_1_float_float_32_5_5_float_float_255_255_int_b2_loc_52"   --->   Operation 23 'read' 'srcnn_mulmulmulmulmulmulmulmulfloat_255_255_float_1_9_9_float_float_64_1_1_float_float_32_5_5_float_float_255_255_int_b2_loc_1_181' <Predicate = true> <Delay = 0.00>
ST_1 : Operation 24 [1/1] (0.00ns)   --->   "%p_ZZ5srcnnPA255_A255_fPA1_A9_A9_fPfPA64_A1_A1_fS6_PA32_A5_A5_fS6_S1_iE6b2_loc_17_1 = read i32 @_ssdm_op_Read.ap_auto.float, i32 %p_ZZ5srcnnPA255_A255_fPA1_A9_A9_fPfPA64_A1_A1_fS6_PA32_A5_A5_fS6_S1_iE6b2_loc_17_s"   --->   Operation 24 'read' 'p_ZZ5srcnnPA255_A255_fPA1_A9_A9_fPfPA64_A1_A1_fS6_PA32_A5_A5_fS6_S1_iE6b2_loc_17_1' <Predicate = true> <Delay = 0.00>
ST_1 : Operation 25 [1/1] (0.00ns)   --->   "%srcnn_float_255_255_float_1_9_9_float_float_64_1_1_float_float_32_5_5_float_float_255_255_int_b2_loc_182 = read i32 @_ssdm_op_Read.ap_auto.float, i32 %p_ZZ5srcnnPA255_A255_fPA1_A9_A9_fPfPA64_A1_A1_fS6_PA32_A5_A5_fS6_S1_iE6b2_loc_13_s"   --->   Operation 25 'read' 'srcnn_float_255_255_float_1_9_9_float_float_64_1_1_float_float_32_5_5_float_float_255_255_int_b2_loc_182' <Predicate = true> <Delay = 0.00>
ST_1 : Operation 26 [1/1] (0.00ns)   --->   "%srcnn_float_255_255_float_1_9_9_float_float_64_1_1_f_55 = read i32 @_ssdm_op_Read.ap_auto.float, i32 %srcnn_float_255_255_float_1_9_9_float_float_64_1_1_f_46"   --->   Operation 26 'read' 'srcnn_float_255_255_float_1_9_9_float_float_64_1_1_f_55' <Predicate = true> <Delay = 0.00>
ST_1 : Operation 27 [1/1] (0.00ns)   --->   "%srcnn_float_255_255_float_1_9_9_float_float_64_1_1_f_56 = read i32 @_ssdm_op_Read.ap_auto.float, i32 %srcnn_float_255_255_float_1_9_9_float_float_64_1_1_f_45"   --->   Operation 27 'read' 'srcnn_float_255_255_float_1_9_9_float_float_64_1_1_f_56' <Predicate = true> <Delay = 0.00>
ST_1 : Operation 28 [1/1] (0.00ns)   --->   "%srcnn_float_255_255_float_1_9_9_float_float_64_1_1_f_57 = read i32 @_ssdm_op_Read.ap_auto.float, i32 %srcnn_float_255_255_float_1_9_9_float_float_64_1_1_f_44"   --->   Operation 28 'read' 'srcnn_float_255_255_float_1_9_9_float_float_64_1_1_f_57' <Predicate = true> <Delay = 0.00>
ST_1 : Operation 29 [1/1] (0.00ns)   --->   "%p_ZZ5srcnnPA255_A255_fPA1_A9_A9_fPfPA64_A1_A1_fS6_PA32_A5_A5_fS6_S1_iE6b2_loc_28_1 = read i32 @_ssdm_op_Read.ap_auto.float, i32 %p_ZZ5srcnnPA255_A255_fPA1_A9_A9_fPfPA64_A1_A1_fS6_PA32_A5_A5_fS6_S1_iE6b2_loc_28_s"   --->   Operation 29 'read' 'p_ZZ5srcnnPA255_A255_fPA1_A9_A9_fPfPA64_A1_A1_fS6_PA32_A5_A5_fS6_S1_iE6b2_loc_28_1' <Predicate = true> <Delay = 0.00>
ST_1 : Operation 30 [1/1] (0.00ns)   --->   "%p_ZZ5srcnnPA255_A255_fPA1_A9_A9_fPfPA64_A1_A1_fS6_PA32_A5_A5_fS6_S1_iE6b2_loc_24_1 = read i32 @_ssdm_op_Read.ap_auto.float, i32 %p_ZZ5srcnnPA255_A255_fPA1_A9_A9_fPfPA64_A1_A1_fS6_PA32_A5_A5_fS6_S1_iE6b2_loc_24_s"   --->   Operation 30 'read' 'p_ZZ5srcnnPA255_A255_fPA1_A9_A9_fPfPA64_A1_A1_fS6_PA32_A5_A5_fS6_S1_iE6b2_loc_24_1' <Predicate = true> <Delay = 0.00>
ST_1 : Operation 31 [1/1] (0.00ns)   --->   "%p_ZZ5srcnnPA255_A255_fPA1_A9_A9_fPfPA64_A1_A1_fS6_PA32_A5_A5_fS6_S1_iE6b2_loc_20_1 = read i32 @_ssdm_op_Read.ap_auto.float, i32 %p_ZZ5srcnnPA255_A255_fPA1_A9_A9_fPfPA64_A1_A1_fS6_PA32_A5_A5_fS6_S1_iE6b2_loc_20_s"   --->   Operation 31 'read' 'p_ZZ5srcnnPA255_A255_fPA1_A9_A9_fPfPA64_A1_A1_fS6_PA32_A5_A5_fS6_S1_iE6b2_loc_20_1' <Predicate = true> <Delay = 0.00>
ST_1 : Operation 32 [1/1] (0.00ns)   --->   "%p_ZZ5srcnnPA255_A255_fPA1_A9_A9_fPfPA64_A1_A1_fS6_PA32_A5_A5_fS6_S1_iE6b2_loc_16_1 = read i32 @_ssdm_op_Read.ap_auto.float, i32 %p_ZZ5srcnnPA255_A255_fPA1_A9_A9_fPfPA64_A1_A1_fS6_PA32_A5_A5_fS6_S1_iE6b2_loc_16_s"   --->   Operation 32 'read' 'p_ZZ5srcnnPA255_A255_fPA1_A9_A9_fPfPA64_A1_A1_fS6_PA32_A5_A5_fS6_S1_iE6b2_loc_16_1' <Predicate = true> <Delay = 0.00>
ST_1 : Operation 33 [1/1] (0.00ns)   --->   "%p_ZZ5srcnnPA255_A255_fPA1_A9_A9_fPfPA64_A1_A1_fS6_PA32_A5_A5_fS6_S1_iE6b2_loc_12_1 = read i32 @_ssdm_op_Read.ap_auto.float, i32 %p_ZZ5srcnnPA255_A255_fPA1_A9_A9_fPfPA64_A1_A1_fS6_PA32_A5_A5_fS6_S1_iE6b2_loc_12_s"   --->   Operation 33 'read' 'p_ZZ5srcnnPA255_A255_fPA1_A9_A9_fPfPA64_A1_A1_fS6_PA32_A5_A5_fS6_S1_iE6b2_loc_12_1' <Predicate = true> <Delay = 0.00>
ST_1 : Operation 34 [1/1] (0.00ns)   --->   "%srcnn_float_255_255_float_1_9_9_float_float_64_1_1_f_58 = read i32 @_ssdm_op_Read.ap_auto.float, i32 %srcnn_float_255_255_float_1_9_9_float_float_64_1_1_f_43"   --->   Operation 34 'read' 'srcnn_float_255_255_float_1_9_9_float_float_64_1_1_f_58' <Predicate = true> <Delay = 0.00>
ST_1 : Operation 35 [1/1] (0.00ns)   --->   "%srcnn_float_255_255_float_1_9_9_float_float_64_1_1_f_59 = read i32 @_ssdm_op_Read.ap_auto.float, i32 %srcnn_float_255_255_float_1_9_9_float_float_64_1_1_f_42"   --->   Operation 35 'read' 'srcnn_float_255_255_float_1_9_9_float_float_64_1_1_f_59' <Predicate = true> <Delay = 0.00>
ST_1 : Operation 36 [1/1] (0.00ns)   --->   "%srcnn_float_255_255_float_1_9_9_float_float_64_1_1_f_60 = read i32 @_ssdm_op_Read.ap_auto.float, i32 %srcnn_float_255_255_float_1_9_9_float_float_64_1_1_f_41"   --->   Operation 36 'read' 'srcnn_float_255_255_float_1_9_9_float_float_64_1_1_f_60' <Predicate = true> <Delay = 0.00>
ST_1 : Operation 37 [1/1] (0.42ns)   --->   "%store_ln0 = store i6 0, i6 %n2"   --->   Operation 37 'store' 'store_ln0' <Predicate = true> <Delay = 0.42>
ST_1 : Operation 38 [1/1] (0.00ns)   --->   "%br_ln0 = br void %for.inc.i"   --->   Operation 38 'br' 'br_ln0' <Predicate = true> <Delay = 0.00>
ST_1 : Operation 39 [1/1] (0.00ns)   --->   "%n2_2 = load i6 %n2"   --->   Operation 39 'load' 'n2_2' <Predicate = true> <Delay = 0.00>
ST_1 : Operation 40 [1/1] (0.00ns)   --->   "%specpipeline_ln0 = specpipeline void @_ssdm_op_SpecPipeline, i32 4294967295, i32 0, i32 1, i32 0, void @p_str"   --->   Operation 40 'specpipeline' 'specpipeline_ln0' <Predicate = true> <Delay = 0.00>
ST_1 : Operation 41 [1/1] (0.00ns)   --->   "%tmp = bitselect i1 @_ssdm_op_BitSelect.i1.i6.i32, i6 %n2_2, i32 5" [src/srcnn.cpp:339->src/srcnn.cpp:406->src/srcnn.cpp:938->src/srcnn.cpp:924]   --->   Operation 41 'bitselect' 'tmp' <Predicate = true> <Delay = 0.00>
ST_1 : Operation 42 [1/1] (0.00ns)   --->   "%br_ln339 = br i1 %tmp, void %for.inc.split.i, void %Conv1_outftmaps.i.exitStub" [src/srcnn.cpp:339->src/srcnn.cpp:406->src/srcnn.cpp:938->src/srcnn.cpp:924]   --->   Operation 42 'br' 'br_ln339' <Predicate = true> <Delay = 0.00>
ST_1 : Operation 43 [1/1] (0.00ns)   --->   "%empty = trunc i6 %n2_2"   --->   Operation 43 'trunc' 'empty' <Predicate = (!tmp)> <Delay = 0.00>
ST_1 : Operation 44 [1/1] (0.00ns)   --->   "%speclooptripcount_ln339 = speclooptripcount void @_ssdm_op_SpecLoopTripCount, i64 8, i64 8, i64 8" [src/srcnn.cpp:339->src/srcnn.cpp:406->src/srcnn.cpp:938->src/srcnn.cpp:924]   --->   Operation 44 'speclooptripcount' 'speclooptripcount_ln339' <Predicate = (!tmp)> <Delay = 0.00>
ST_1 : Operation 45 [1/1] (0.00ns)   --->   "%specloopname_ln339 = specloopname void @_ssdm_op_SpecLoopName, void @empty_4" [src/srcnn.cpp:339->src/srcnn.cpp:406->src/srcnn.cpp:938->src/srcnn.cpp:924]   --->   Operation 45 'specloopname' 'specloopname_ln339' <Predicate = (!tmp)> <Delay = 0.00>
ST_1 : Operation 46 [1/1] (0.00ns)   --->   "%lshr_ln = partselect i3 @_ssdm_op_PartSelect.i3.i6.i32.i32, i6 %n2_2, i32 2, i32 4" [src/srcnn.cpp:339->src/srcnn.cpp:406->src/srcnn.cpp:938->src/srcnn.cpp:924]   --->   Operation 46 'partselect' 'lshr_ln' <Predicate = (!tmp)> <Delay = 0.00>
ST_1 : Operation 47 [1/1] (0.00ns)   --->   "%zext_ln339 = zext i3 %lshr_ln" [src/srcnn.cpp:339->src/srcnn.cpp:406->src/srcnn.cpp:938->src/srcnn.cpp:924]   --->   Operation 47 'zext' 'zext_ln339' <Predicate = (!tmp)> <Delay = 0.00>
ST_1 : Operation 48 [1/1] (0.98ns)   --->   "%tmp_i = mux i32 @_ssdm_op_Mux.ap_auto.29f32.i5, i32 %srcnn_float_255_255_float_1_9_9_float_float_64_1_1_f_60, i32 <undef>, i32 <undef>, i32 <undef>, i32 %srcnn_float_255_255_float_1_9_9_float_float_64_1_1_f_59, i32 <undef>, i32 <undef>, i32 <undef>, i32 %srcnn_float_255_255_float_1_9_9_float_float_64_1_1_f_58, i32 <undef>, i32 <undef>, i32 <undef>, i32 %p_ZZ5srcnnPA255_A255_fPA1_A9_A9_fPfPA64_A1_A1_fS6_PA32_A5_A5_fS6_S1_iE6b2_loc_12_1, i32 <undef>, i32 <undef>, i32 <undef>, i32 %p_ZZ5srcnnPA255_A255_fPA1_A9_A9_fPfPA64_A1_A1_fS6_PA32_A5_A5_fS6_S1_iE6b2_loc_16_1, i32 <undef>, i32 <undef>, i32 <undef>, i32 %p_ZZ5srcnnPA255_A255_fPA1_A9_A9_fPfPA64_A1_A1_fS6_PA32_A5_A5_fS6_S1_iE6b2_loc_20_1, i32 <undef>, i32 <undef>, i32 <undef>, i32 %p_ZZ5srcnnPA255_A255_fPA1_A9_A9_fPfPA64_A1_A1_fS6_PA32_A5_A5_fS6_S1_iE6b2_loc_24_1, i32 <undef>, i32 <undef>, i32 <undef>, i32 %p_ZZ5srcnnPA255_A255_fPA1_A9_A9_fPfPA64_A1_A1_fS6_PA32_A5_A5_fS6_S1_iE6b2_loc_28_1, i5 %empty" [src/srcnn.cpp:341->src/srcnn.cpp:406->src/srcnn.cpp:938->src/srcnn.cpp:924]   --->   Operation 48 'mux' 'tmp_i' <Predicate = (!tmp)> <Delay = 0.98> <CoreInst = "Multiplexer">   --->   Core 76 'Multiplexer' <Latency = 0> <II = 1> <Delay = 0.98> <FuncUnit> <Opcode : 'mux'> <InPorts = 2> <OutPorts = 1>
ST_1 : Operation 49 [1/1] (0.00ns)   --->   "%acc2_addr = getelementptr i32 %acc2, i64 0, i64 %zext_ln339" [src/srcnn.cpp:341->src/srcnn.cpp:406->src/srcnn.cpp:938->src/srcnn.cpp:924]   --->   Operation 49 'getelementptr' 'acc2_addr' <Predicate = (!tmp)> <Delay = 0.00>
ST_1 : Operation 50 [1/1] (0.00ns)   --->   "%acc2_1_addr = getelementptr i32 %acc2_1, i64 0, i64 %zext_ln339" [src/srcnn.cpp:341->src/srcnn.cpp:406->src/srcnn.cpp:938->src/srcnn.cpp:924]   --->   Operation 50 'getelementptr' 'acc2_1_addr' <Predicate = (!tmp)> <Delay = 0.00>
ST_1 : Operation 51 [1/1] (0.00ns)   --->   "%acc2_2_addr = getelementptr i32 %acc2_2, i64 0, i64 %zext_ln339" [src/srcnn.cpp:341->src/srcnn.cpp:406->src/srcnn.cpp:938->src/srcnn.cpp:924]   --->   Operation 51 'getelementptr' 'acc2_2_addr' <Predicate = (!tmp)> <Delay = 0.00>
ST_1 : Operation 52 [1/1] (0.98ns)   --->   "%tmp_1630_i = mux i32 @_ssdm_op_Mux.ap_auto.29f32.i5, i32 %srcnn_float_255_255_float_1_9_9_float_float_64_1_1_f_57, i32 <undef>, i32 <undef>, i32 <undef>, i32 %srcnn_float_255_255_float_1_9_9_float_float_64_1_1_f_56, i32 <undef>, i32 <undef>, i32 <undef>, i32 %srcnn_float_255_255_float_1_9_9_float_float_64_1_1_f_55, i32 <undef>, i32 <undef>, i32 <undef>, i32 %srcnn_float_255_255_float_1_9_9_float_float_64_1_1_float_float_32_5_5_float_float_255_255_int_b2_loc_182, i32 <undef>, i32 <undef>, i32 <undef>, i32 %p_ZZ5srcnnPA255_A255_fPA1_A9_A9_fPfPA64_A1_A1_fS6_PA32_A5_A5_fS6_S1_iE6b2_loc_17_1, i32 <undef>, i32 <undef>, i32 <undef>, i32 %srcnn_mulmulmulmulmulmulmulmulfloat_255_255_float_1_9_9_float_float_64_1_1_float_float_32_5_5_float_float_255_255_int_b2_loc_1_181, i32 <undef>, i32 <undef>, i32 <undef>, i32 %p_ZZ5srcnnPA255_A255_fPA1_A9_A9_fPfPA64_A1_A1_fS6_PA32_A5_A5_fS6_S1_iE6b2_loc_25_1, i32 <undef>, i32 <undef>, i32 <undef>, i32 %p_ZZ5srcnnPA255_A255_fPA1_A9_A9_fPfPA64_A1_A1_fS6_PA32_A5_A5_fS6_S1_iE6b2_loc_29_1, i5 %empty" [src/srcnn.cpp:341->src/srcnn.cpp:406->src/srcnn.cpp:938->src/srcnn.cpp:924]   --->   Operation 52 'mux' 'tmp_1630_i' <Predicate = (!tmp)> <Delay = 0.98> <CoreInst = "Multiplexer">   --->   Core 76 'Multiplexer' <Latency = 0> <II = 1> <Delay = 0.98> <FuncUnit> <Opcode : 'mux'> <InPorts = 2> <OutPorts = 1>
ST_1 : Operation 53 [1/1] (0.98ns)   --->   "%tmp_1631_i = mux i32 @_ssdm_op_Mux.ap_auto.29f32.i5, i32 %srcnn_float_255_255_float_1_9_9_float_float_64_1_1_f_54, i32 <undef>, i32 <undef>, i32 <undef>, i32 %srcnn_float_255_255_float_1_9_9_float_float_64_1_1_f_53, i32 <undef>, i32 <undef>, i32 <undef>, i32 %p_ZZ5srcnnPA255_A255_fPA1_A9_A9_fPfPA64_A1_A1_fS6_PA32_A5_A5_fS6_S1_iE6b2_loc_10_1, i32 <undef>, i32 <undef>, i32 <undef>, i32 %p_ZZ5srcnnPA255_A255_fPA1_A9_A9_fPfPA64_A1_A1_fS6_PA32_A5_A5_fS6_S1_iE6b2_loc_14_1, i32 <undef>, i32 <undef>, i32 <undef>, i32 %p_ZZ5srcnnPA255_A255_fPA1_A9_A9_fPfPA64_A1_A1_fS6_PA32_A5_A5_fS6_S1_iE6b2_loc_18_1, i32 <undef>, i32 <undef>, i32 <undef>, i32 %p_ZZ5srcnnPA255_A255_fPA1_A9_A9_fPfPA64_A1_A1_fS6_PA32_A5_A5_fS6_S1_iE6b2_loc_22_1, i32 <undef>, i32 <undef>, i32 <undef>, i32 %p_ZZ5srcnnPA255_A255_fPA1_A9_A9_fPfPA64_A1_A1_fS6_PA32_A5_A5_fS6_S1_iE6b2_loc_26_1, i32 <undef>, i32 <undef>, i32 <undef>, i32 %p_ZZ5srcnnPA255_A255_fPA1_A9_A9_fPfPA64_A1_A1_fS6_PA32_A5_A5_fS6_S1_iE6b2_loc_30_1, i5 %empty" [src/srcnn.cpp:341->src/srcnn.cpp:406->src/srcnn.cpp:938->src/srcnn.cpp:924]   --->   Operation 53 'mux' 'tmp_1631_i' <Predicate = (!tmp)> <Delay = 0.98> <CoreInst = "Multiplexer">   --->   Core 76 'Multiplexer' <Latency = 0> <II = 1> <Delay = 0.98> <FuncUnit> <Opcode : 'mux'> <InPorts = 2> <OutPorts = 1>
ST_1 : Operation 54 [1/1] (0.98ns)   --->   "%tmp_1632_i = mux i32 @_ssdm_op_Mux.ap_auto.29f32.i5, i32 %srcnn_float_255_255_float_1_9_9_float_float_64_1_1_f_52, i32 <undef>, i32 <undef>, i32 <undef>, i32 %srcnn_float_255_255_float_1_9_9_float_float_64_1_1_f_51, i32 <undef>, i32 <undef>, i32 <undef>, i32 %srcnn_mulmulmulmulmulmulmulmulfloat_255_255_float_1_9_9_float_float_64_1_1_float_float_32_5_5_float_float_255_255_int_b2_loc_1_180, i32 <undef>, i32 <undef>, i32 <undef>, i32 %p_ZZ5srcnnPA255_A255_fPA1_A9_A9_fPfPA64_A1_A1_fS6_PA32_A5_A5_fS6_S1_iE6b2_loc_15_1, i32 <undef>, i32 <undef>, i32 <undef>, i32 %p_ZZ5srcnnPA255_A255_fPA1_A9_A9_fPfPA64_A1_A1_fS6_PA32_A5_A5_fS6_S1_iE6b2_loc_19_1, i32 <undef>, i32 <undef>, i32 <undef>, i32 %srcnn_float_255_255_float_1_9_9_float_float_64_1_1_float_float_32_5_5_float_float_255_255_int_b2_loc_179, i32 <undef>, i32 <undef>, i32 <undef>, i32 %p_ZZ5srcnnPA255_A255_fPA1_A9_A9_fPfPA64_A1_A1_fS6_PA32_A5_A5_fS6_S1_iE6b2_loc_27_1, i32 <undef>, i32 <undef>, i32 <undef>, i32 %srcnn_mulmulmulmulmulmulmulmulfloat_255_255_float_1_9_9_float_float_64_1_1_float_float_32_5_5_float_float_255_255_int_b2_loc_1, i5 %empty" [src/srcnn.cpp:341->src/srcnn.cpp:406->src/srcnn.cpp:938->src/srcnn.cpp:924]   --->   Operation 54 'mux' 'tmp_1632_i' <Predicate = (!tmp)> <Delay = 0.98> <CoreInst = "Multiplexer">   --->   Core 76 'Multiplexer' <Latency = 0> <II = 1> <Delay = 0.98> <FuncUnit> <Opcode : 'mux'> <InPorts = 2> <OutPorts = 1>
ST_1 : Operation 55 [1/1] (0.00ns)   --->   "%acc2_3_addr = getelementptr i32 %acc2_3, i64 0, i64 %zext_ln339" [src/srcnn.cpp:341->src/srcnn.cpp:406->src/srcnn.cpp:938->src/srcnn.cpp:924]   --->   Operation 55 'getelementptr' 'acc2_3_addr' <Predicate = (!tmp)> <Delay = 0.00>
ST_1 : Operation 56 [1/1] (0.67ns)   --->   "%store_ln341 = store i32 %tmp_i, i3 %acc2_addr" [src/srcnn.cpp:341->src/srcnn.cpp:406->src/srcnn.cpp:938->src/srcnn.cpp:924]   --->   Operation 56 'store' 'store_ln341' <Predicate = (!tmp)> <Delay = 0.67> <CoreInst = "RAM">   --->   Core 83 'RAM' <Latency = 1> <II = 1> <Delay = 0.67> <Storage> <Opcode : 'load' 'store'> <Ports = 2> <Width = 32> <Depth = 8> <RAM>
ST_1 : Operation 57 [1/1] (0.67ns)   --->   "%store_ln341 = store i32 %tmp_1630_i, i3 %acc2_1_addr" [src/srcnn.cpp:341->src/srcnn.cpp:406->src/srcnn.cpp:938->src/srcnn.cpp:924]   --->   Operation 57 'store' 'store_ln341' <Predicate = (!tmp)> <Delay = 0.67> <CoreInst = "RAM">   --->   Core 83 'RAM' <Latency = 1> <II = 1> <Delay = 0.67> <Storage> <Opcode : 'load' 'store'> <Ports = 2> <Width = 32> <Depth = 8> <RAM>
ST_1 : Operation 58 [1/1] (0.67ns)   --->   "%store_ln341 = store i32 %tmp_1631_i, i3 %acc2_2_addr" [src/srcnn.cpp:341->src/srcnn.cpp:406->src/srcnn.cpp:938->src/srcnn.cpp:924]   --->   Operation 58 'store' 'store_ln341' <Predicate = (!tmp)> <Delay = 0.67> <CoreInst = "RAM">   --->   Core 83 'RAM' <Latency = 1> <II = 1> <Delay = 0.67> <Storage> <Opcode : 'load' 'store'> <Ports = 2> <Width = 32> <Depth = 8> <RAM>
ST_1 : Operation 59 [1/1] (0.67ns)   --->   "%store_ln341 = store i32 %tmp_1632_i, i3 %acc2_3_addr" [src/srcnn.cpp:341->src/srcnn.cpp:406->src/srcnn.cpp:938->src/srcnn.cpp:924]   --->   Operation 59 'store' 'store_ln341' <Predicate = (!tmp)> <Delay = 0.67> <CoreInst = "RAM">   --->   Core 83 'RAM' <Latency = 1> <II = 1> <Delay = 0.67> <Storage> <Opcode : 'load' 'store'> <Ports = 2> <Width = 32> <Depth = 8> <RAM>
ST_1 : Operation 60 [1/1] (0.78ns)   --->   "%add_ln339 = add i6 %n2_2, i6 4" [src/srcnn.cpp:339->src/srcnn.cpp:406->src/srcnn.cpp:938->src/srcnn.cpp:924]   --->   Operation 60 'add' 'add_ln339' <Predicate = (!tmp)> <Delay = 0.78> <CoreInst = "Adder">   --->   Core 1 'Adder' <Latency = 0> <II = 1> <Delay = 0.78> <FuncUnit> <Opcode : 'add' 'sub'> <InPorts = 2> <OutPorts = 1>
ST_1 : Operation 61 [1/1] (0.42ns)   --->   "%store_ln339 = store i6 %add_ln339, i6 %n2" [src/srcnn.cpp:339->src/srcnn.cpp:406->src/srcnn.cpp:938->src/srcnn.cpp:924]   --->   Operation 61 'store' 'store_ln339' <Predicate = (!tmp)> <Delay = 0.42>
ST_1 : Operation 62 [1/1] (0.00ns)   --->   "%br_ln339 = br void %for.inc.i" [src/srcnn.cpp:339->src/srcnn.cpp:406->src/srcnn.cpp:938->src/srcnn.cpp:924]   --->   Operation 62 'br' 'br_ln339' <Predicate = (!tmp)> <Delay = 0.00>
ST_1 : Operation 63 [1/1] (0.00ns)   --->   "%ret_ln0 = ret"   --->   Operation 63 'ret' 'ret_ln0' <Predicate = (tmp)> <Delay = 0.00>


============================================================
+ Verbose Summary: Timing violations
============================================================
Target clock period: 10.000ns, clock uncertainty: 2.700ns.

 <State 1>: 1.666ns
The critical path consists of the following:
	'alloca' operation ('n2') [37]  (0.000 ns)
	'load' operation ('n2') on local variable 'n2' [73]  (0.000 ns)
	'mux' operation ('tmp_i', src/srcnn.cpp:341->src/srcnn.cpp:406->src/srcnn.cpp:938->src/srcnn.cpp:924) [83]  (0.989 ns)
	'store' operation ('store_ln341', src/srcnn.cpp:341->src/srcnn.cpp:406->src/srcnn.cpp:938->src/srcnn.cpp:924) of variable 'tmp_i', src/srcnn.cpp:341->src/srcnn.cpp:406->src/srcnn.cpp:938->src/srcnn.cpp:924 on array 'acc2' [91]  (0.677 ns)


============================================================
+ Verbose Summary: Binding
============================================================
N/A
* FSMD analyzer results:
  - Output states:
 - Input state : 
  - Chain level:
	State 1


============================================================
+ Verbose Summary: Datapath Resource usage 
============================================================
N/A
