

================================================================
== Vitis HLS Report for 'dataflow_in_loop_IT_w0'
================================================================
* Date:           Tue Oct 21 00:22:10 2025

* Version:        2023.1 (Build 3854077 on May  4 2023)
* Project:        srcnn_hls
* Solution:       solution1 (Vivado IP Flow Target)
* Product family: zynquplus
* Target device:  xck26-sfvc784-2LV-c


================================================================
== Performance Estimates
================================================================
+ Timing: 
    * Summary: 
    +--------+----------+----------+------------+
    |  Clock |  Target  | Estimated| Uncertainty|
    +--------+----------+----------+------------+
    |ap_clk  |  10.00 ns|  7.774 ns|     2.70 ns|
    +--------+----------+----------+------------+

+ Latency: 
    * Summary: 
    +---------+---------+----------+----------+-----+-----+----------+
    |  Latency (cycles) |  Latency (absolute) |  Interval | Pipeline |
    |   min   |   max   |    min   |    max   | min | max |   Type   |
    +---------+---------+----------+----------+-----+-----+----------+
    |        ?|        ?|         ?|         ?|    ?|    ?|  dataflow|
    +---------+---------+----------+----------+-----+-----+----------+

    + Detail: 
        * Instance: 
        N/A

        * Loop: 
        N/A

============================================================
+ Verbose Summary: Synthesis Manager
============================================================
InlineROM: 1
ExposeGlobal: 0
============================================================
+ Verbose Summary: CDFG Model
============================================================
IsTopModel: 0
ResetActiveHigh: 1
IsCombinational: 2
IsDatapathOnly: 0
HasWiredReturn: 1
HasMFsm: 0
HasVarLatency: 1
IsPipeline: 0
IsRtlPipelined: 0
IsInstanceOverlapped: 0
IsDontTouch: 0
HasImplIP: 0
IsGatedGlobalClock: 0


============================================================
+ Verbose Summary: Schedule
============================================================
* Number of FSM states : 6
* Pipeline : 0
* Dataflow Pipeline: 1
  DF-Pipeline-0: Size = 6, States = { 1 2 3 4 5 6 }

* FSM state transitions: 
1 --> 2 
2 --> 3 
3 --> 4 
4 --> 5 
5 --> 6 
6 --> 

* FSM state operations: 

State 1 <SV = 0> <Delay = 1.83>
ST_1 : Operation 7 [1/1] (0.00ns)   --->   "%output_ftmap_read = read i64 @_ssdm_op_Read.ap_auto.i64, i64 %output_ftmap"   --->   Operation 7 'read' 'output_ftmap_read' <Predicate = true> <Delay = 0.00>
ST_1 : Operation 8 [1/1] (0.00ns)   --->   "%phase_read = read i1 @_ssdm_op_Read.ap_auto.i1, i1 %phase"   --->   Operation 8 'read' 'phase_read' <Predicate = true> <Delay = 0.00>
ST_1 : Operation 9 [1/1] (0.00ns)   --->   "%w0_read = read i8 @_ssdm_op_Read.ap_auto.i8, i8 %w0"   --->   Operation 9 'read' 'w0_read' <Predicate = true> <Delay = 0.00>
ST_1 : Operation 10 [1/1] (0.00ns)   --->   "%h0_read = read i9 @_ssdm_op_Read.ap_auto.i9, i9 %h0"   --->   Operation 10 'read' 'h0_read' <Predicate = true> <Delay = 0.00>
ST_1 : Operation 11 [1/1] (0.00ns)   --->   "%input_ftmap_read = read i64 @_ssdm_op_Read.ap_auto.i64, i64 %input_ftmap"   --->   Operation 11 'read' 'input_ftmap_read' <Predicate = true> <Delay = 0.00>
ST_1 : Operation 12 [1/1] (0.00ns)   --->   "%output_ftmap_c = alloca i64 1"   --->   Operation 12 'alloca' 'output_ftmap_c' <Predicate = true> <Delay = 0.00> <CoreInst = "FIFO_SRL">   --->   Core 81 'FIFO_SRL' <Latency = 0> <II = 1> <Delay = 1.83> <Storage> <Opcode : 'read' 'write' 'nbread' 'nbwrite'> <Ports = 0> <Width = 64> <Depth = 4> <FIFO>
ST_1 : Operation 13 [1/1] (1.83ns)   --->   "%call_ln0 = call void @entry_proc, i64 %output_ftmap_read, i64 %output_ftmap_c"   --->   Operation 13 'call' 'call_ln0' <Predicate = true> <Delay = 1.83> <CoreType = "Generic">   --->   Core 0 '' <Latency = 0> <II = 1> <Delay = 1.00> <Generic> <Opcode : >
ST_1 : Operation 14 [2/2] (1.54ns)   --->   "%call_ret = call i19 @load_tile_mm, i32 %gmem_in, i64 %input_ftmap_read, i9 %h0_read, i8 %w0_read, i1 %phase_read, i32 %inbuf" [src/srcnn.cpp:436]   --->   Operation 14 'call' 'call_ret' <Predicate = true> <Delay = 1.54> <CoreType = "Generic">   --->   Core 0 '' <Latency = 0> <II = 1> <Delay = 1.00> <Generic> <Opcode : >

State 2 <SV = 1> <Delay = 0.00>
ST_2 : Operation 15 [1/2] (0.00ns)   --->   "%call_ret = call i19 @load_tile_mm, i32 %gmem_in, i64 %input_ftmap_read, i9 %h0_read, i8 %w0_read, i1 %phase_read, i32 %inbuf" [src/srcnn.cpp:436]   --->   Operation 15 'call' 'call_ret' <Predicate = true> <Delay = 0.00> <CoreType = "Generic">   --->   Core 0 '' <Latency = 0> <II = 1> <Delay = 1.00> <Generic> <Opcode : >
ST_2 : Operation 16 [1/1] (0.00ns)   --->   "%h0_c1_channel = extractvalue i19 %call_ret" [src/srcnn.cpp:436]   --->   Operation 16 'extractvalue' 'h0_c1_channel' <Predicate = true> <Delay = 0.00> <CoreInst = "FIFO_SRL">   --->   Core 81 'FIFO_SRL' <Latency = 0> <II = 1> <Delay = 1.83> <Storage> <Opcode : 'read' 'write' 'nbread' 'nbwrite'> <Ports = 0> <Width = 9> <Depth = 2> <FIFO>
ST_2 : Operation 17 [1/1] (0.00ns)   --->   "%w0_c2_channel = extractvalue i19 %call_ret" [src/srcnn.cpp:436]   --->   Operation 17 'extractvalue' 'w0_c2_channel' <Predicate = true> <Delay = 0.00> <CoreInst = "FIFO_SRL">   --->   Core 81 'FIFO_SRL' <Latency = 0> <II = 1> <Delay = 1.83> <Storage> <Opcode : 'read' 'write' 'nbread' 'nbwrite'> <Ports = 0> <Width = 9> <Depth = 2> <FIFO>
ST_2 : Operation 18 [1/1] (0.00ns)   --->   "%phase_c3_channel = extractvalue i19 %call_ret" [src/srcnn.cpp:436]   --->   Operation 18 'extractvalue' 'phase_c3_channel' <Predicate = true> <Delay = 0.00> <CoreInst = "FIFO_SRL">   --->   Core 81 'FIFO_SRL' <Latency = 0> <II = 1> <Delay = 1.83> <Storage> <Opcode : 'read' 'write' 'nbread' 'nbwrite'> <Ports = 0> <Width = 1> <Depth = 2> <FIFO>

State 3 <SV = 2> <Delay = 3.77>
ST_3 : Operation 19 [2/2] (3.77ns)   --->   "%call_ret1 = call i19 @compute_tile, i1 %phase_c3_channel, i32 %outbuf, i9 %h0_c1_channel, i9 %w0_c2_channel, i32 %inbuf, i32 %srcnn_float_255_255_float_1_9_9_float_float_64_1_1_f_16, i32 %srcnn_float_255_255_float_1_9_9_float_float_64_1_1_f_26, i32 %srcnn_float_255_255_float_1_9_9_float_float_64_1_1_f_18, i32 %p_ZZ5srcnnPA255_A255_fPA1_A9_A9_fPfPA64_A1_A1_fS6_PA32_A5_A5_fS6_S1_iE6b2_loc_16, i32 %p_ZZ5srcnnPA255_A255_fPA1_A9_A9_fPfPA64_A1_A1_fS6_PA32_A5_A5_fS6_S1_iE6b2_loc_24, i32 %srcnn_float_255_255_float_1_9_9_float_float_64_1_1_f_25, i32 %srcnn_float_255_255_float_1_9_9_float_float_64_1_1_f_17, i32 %p_ZZ5srcnnPA255_A255_fPA1_A9_A9_fPfPA64_A1_A1_fS6_PA32_A5_A5_fS6_S1_iE6b2_loc_17, i32 %p_ZZ5srcnnPA255_A255_fPA1_A9_A9_fPfPA64_A1_A1_fS6_PA32_A5_A5_fS6_S1_iE6b2_loc_25, i32 %srcnn_float_255_255_float_1_9_9_float_float_64_1_1_f_24, i32 %p_ZZ5srcnnPA255_A255_fPA1_A9_A9_fPfPA64_A1_A1_fS6_PA32_A5_A5_fS6_S1_iE6b2_loc_10, i32 %p_ZZ5srcnnPA255_A255_fPA1_A9_A9_fPfPA64_A1_A1_fS6_PA32_A5_A5_fS6_S1_iE6b2_loc_18, i32 %p_ZZ5srcnnPA255_A255_fPA1_A9_A9_fPfPA64_A1_A1_fS6_PA32_A5_A5_fS6_S1_iE6b2_loc_26, i32 %srcnn_float_255_255_float_1_9_9_float_float_64_1_1_f_23, i32 %p_ZZ5srcnnPA255_A255_fPA1_A9_A9_fPfPA64_A1_A1_fS6_PA32_A5_A5_fS6_S1_iE6b2_loc_11, i32 %p_ZZ5srcnnPA255_A255_fPA1_A9_A9_fPfPA64_A1_A1_fS6_PA32_A5_A5_fS6_S1_iE6b2_loc_19, i32 %p_ZZ5srcnnPA255_A255_fPA1_A9_A9_fPfPA64_A1_A1_fS6_PA32_A5_A5_fS6_S1_iE6b2_loc_27, i32 %srcnn_float_255_255_float_1_9_9_float_float_64_1_1_f_22, i32 %p_ZZ5srcnnPA255_A255_fPA1_A9_A9_fPfPA64_A1_A1_fS6_PA32_A5_A5_fS6_S1_iE6b2_loc_12, i32 %p_ZZ5srcnnPA255_A255_fPA1_A9_A9_fPfPA64_A1_A1_fS6_PA32_A5_A5_fS6_S1_iE6b2_loc_20, i32 %p_ZZ5srcnnPA255_A255_fPA1_A9_A9_fPfPA64_A1_A1_fS6_PA32_A5_A5_fS6_S1_iE6b2_loc_28, i32 %srcnn_float_255_255_float_1_9_9_float_float_64_1_1_f_21, i32 %p_ZZ5srcnnPA255_A255_fPA1_A9_A9_fPfPA64_A1_A1_fS6_PA32_A5_A5_fS6_S1_iE6b2_loc_13, i32 %p_ZZ5srcnnPA255_A255_fPA1_A9_A9_fPfPA64_A1_A1_fS6_PA32_A5_A5_fS6_S1_iE6b2_loc_21, i32 %p_ZZ5srcnnPA255_A255_fPA1_A9_A9_fPfPA64_A1_A1_fS6_PA32_A5_A5_fS6_S1_iE6b2_loc_29, i32 %srcnn_float_255_255_float_1_9_9_float_float_64_1_1_f_20, i32 %p_ZZ5srcnnPA255_A255_fPA1_A9_A9_fPfPA64_A1_A1_fS6_PA32_A5_A5_fS6_S1_iE6b2_loc_14, i32 %p_ZZ5srcnnPA255_A255_fPA1_A9_A9_fPfPA64_A1_A1_fS6_PA32_A5_A5_fS6_S1_iE6b2_loc_22, i32 %p_ZZ5srcnnPA255_A255_fPA1_A9_A9_fPfPA64_A1_A1_fS6_PA32_A5_A5_fS6_S1_iE6b2_loc_30, i32 %srcnn_float_255_255_float_1_9_9_float_float_64_1_1_f_19, i32 %p_ZZ5srcnnPA255_A255_fPA1_A9_A9_fPfPA64_A1_A1_fS6_PA32_A5_A5_fS6_S1_iE6b2_loc_15, i32 %p_ZZ5srcnnPA255_A255_fPA1_A9_A9_fPfPA64_A1_A1_fS6_PA32_A5_A5_fS6_S1_iE6b2_loc_23, i32 %p_ZZ5srcnnPA255_A255_fPA1_A9_A9_fPfPA64_A1_A1_fS6_PA32_A5_A5_fS6_S1_iE6b2_loc_31, i32 %srcnn_float_255_255_float_1_9_9_float_float_64_1_1_f_36, i32 %srcnn_float_255_255_float_1_9_9_float_float_64_1_1_f_35, i32 %srcnn_float_255_255_float_1_9_9_float_float_64_1_1_f_34, i32 %srcnn_float_255_255_float_1_9_9_float_float_64_1_1_f_33, i32 %srcnn_float_255_255_float_1_9_9_float_float_64_1_1_f_32, i32 %srcnn_float_255_255_float_1_9_9_float_float_64_1_1_f_31, i32 %srcnn_float_255_255_float_1_9_9_float_float_64_1_1_f_30, i32 %srcnn_float_255_255_float_1_9_9_float_float_64_1_1_f_29, i32 %srcnn_float_255_255_float_1_9_9_float_float_64_1_1_f_28, i32 %srcnn_float_255_255_float_1_9_9_float_float_64_1_1_f_27, i32 %p_ZZ5srcnnPA255_A255_fPA1_A9_A9_fPfPA64_A1_A1_fS6_PA32_A5_A5_fS6_S1_iE6b1_loc_10, i32 %p_ZZ5srcnnPA255_A255_fPA1_A9_A9_fPfPA64_A1_A1_fS6_PA32_A5_A5_fS6_S1_iE6b1_loc_11, i32 %p_ZZ5srcnnPA255_A255_fPA1_A9_A9_fPfPA64_A1_A1_fS6_PA32_A5_A5_fS6_S1_iE6b1_loc_12, i32 %p_ZZ5srcnnPA255_A255_fPA1_A9_A9_fPfPA64_A1_A1_fS6_PA32_A5_A5_fS6_S1_iE6b1_loc_13, i32 %p_ZZ5srcnnPA255_A255_fPA1_A9_A9_fPfPA64_A1_A1_fS6_PA32_A5_A5_fS6_S1_iE6b1_loc_14, i32 %p_ZZ5srcnnPA255_A255_fPA1_A9_A9_fPfPA64_A1_A1_fS6_PA32_A5_A5_fS6_S1_iE6b1_loc_15, i32 %p_ZZ5srcnnPA255_A255_fPA1_A9_A9_fPfPA64_A1_A1_fS6_PA32_A5_A5_fS6_S1_iE6b1_loc_16, i32 %p_ZZ5srcnnPA255_A255_fPA1_A9_A9_fPfPA64_A1_A1_fS6_PA32_A5_A5_fS6_S1_iE6b1_loc_17, i32 %p_ZZ5srcnnPA255_A255_fPA1_A9_A9_fPfPA64_A1_A1_fS6_PA32_A5_A5_fS6_S1_iE6b1_loc_18, i32 %p_ZZ5srcnnPA255_A255_fPA1_A9_A9_fPfPA64_A1_A1_fS6_PA32_A5_A5_fS6_S1_iE6b1_loc_19, i32 %p_ZZ5srcnnPA255_A255_fPA1_A9_A9_fPfPA64_A1_A1_fS6_PA32_A5_A5_fS6_S1_iE6b1_loc_20, i32 %p_ZZ5srcnnPA255_A255_fPA1_A9_A9_fPfPA64_A1_A1_fS6_PA32_A5_A5_fS6_S1_iE6b1_loc_21, i32 %p_ZZ5srcnnPA255_A255_fPA1_A9_A9_fPfPA64_A1_A1_fS6_PA32_A5_A5_fS6_S1_iE6b1_loc_22, i32 %p_ZZ5srcnnPA255_A255_fPA1_A9_A9_fPfPA64_A1_A1_fS6_PA32_A5_A5_fS6_S1_iE6b1_loc_23, i32 %p_ZZ5srcnnPA255_A255_fPA1_A9_A9_fPfPA64_A1_A1_fS6_PA32_A5_A5_fS6_S1_iE6b1_loc_24, i32 %p_ZZ5srcnnPA255_A255_fPA1_A9_A9_fPfPA64_A1_A1_fS6_PA32_A5_A5_fS6_S1_iE6b1_loc_25, i32 %p_ZZ5srcnnPA255_A255_fPA1_A9_A9_fPfPA64_A1_A1_fS6_PA32_A5_A5_fS6_S1_iE6b1_loc_26, i32 %p_ZZ5srcnnPA255_A255_fPA1_A9_A9_fPfPA64_A1_A1_fS6_PA32_A5_A5_fS6_S1_iE6b1_loc_27, i32 %p_ZZ5srcnnPA255_A255_fPA1_A9_A9_fPfPA64_A1_A1_fS6_PA32_A5_A5_fS6_S1_iE6b1_loc_28, i32 %p_ZZ5srcnnPA255_A255_fPA1_A9_A9_fPfPA64_A1_A1_fS6_PA32_A5_A5_fS6_S1_iE6b1_loc_29, i32 %p_ZZ5srcnnPA255_A255_fPA1_A9_A9_fPfPA64_A1_A1_fS6_PA32_A5_A5_fS6_S1_iE6b1_loc_30, i32 %p_ZZ5srcnnPA255_A255_fPA1_A9_A9_fPfPA64_A1_A1_fS6_PA32_A5_A5_fS6_S1_iE6b1_loc_31, i32 %p_ZZ5srcnnPA255_A255_fPA1_A9_A9_fPfPA64_A1_A1_fS6_PA32_A5_A5_fS6_S1_iE6b1_loc_32, i32 %p_ZZ5srcnnPA255_A255_fPA1_A9_A9_fPfPA64_A1_A1_fS6_PA32_A5_A5_fS6_S1_iE6b1_loc_33, i32 %p_ZZ5srcnnPA255_A255_fPA1_A9_A9_fPfPA64_A1_A1_fS6_PA32_A5_A5_fS6_S1_iE6b1_loc_34, i32 %p_ZZ5srcnnPA255_A255_fPA1_A9_A9_fPfPA64_A1_A1_fS6_PA32_A5_A5_fS6_S1_iE6b1_loc_35, i32 %p_ZZ5srcnnPA255_A255_fPA1_A9_A9_fPfPA64_A1_A1_fS6_PA32_A5_A5_fS6_S1_iE6b1_loc_36, i32 %p_ZZ5srcnnPA255_A255_fPA1_A9_A9_fPfPA64_A1_A1_fS6_PA32_A5_A5_fS6_S1_iE6b1_loc_37, i32 %p_ZZ5srcnnPA255_A255_fPA1_A9_A9_fPfPA64_A1_A1_fS6_PA32_A5_A5_fS6_S1_iE6b1_loc_38, i32 %p_ZZ5srcnnPA255_A255_fPA1_A9_A9_fPfPA64_A1_A1_fS6_PA32_A5_A5_fS6_S1_iE6b1_loc_39, i32 %p_ZZ5srcnnPA255_A255_fPA1_A9_A9_fPfPA64_A1_A1_fS6_PA32_A5_A5_fS6_S1_iE6b1_loc_40, i32 %p_ZZ5srcnnPA255_A255_fPA1_A9_A9_fPfPA64_A1_A1_fS6_PA32_A5_A5_fS6_S1_iE6b1_loc_41, i32 %p_ZZ5srcnnPA255_A255_fPA1_A9_A9_fPfPA64_A1_A1_fS6_PA32_A5_A5_fS6_S1_iE6b1_loc_42, i32 %p_ZZ5srcnnPA255_A255_fPA1_A9_A9_fPfPA64_A1_A1_fS6_PA32_A5_A5_fS6_S1_iE6b1_loc_43, i32 %p_ZZ5srcnnPA255_A255_fPA1_A9_A9_fPfPA64_A1_A1_fS6_PA32_A5_A5_fS6_S1_iE6b1_loc_44, i32 %p_ZZ5srcnnPA255_A255_fPA1_A9_A9_fPfPA64_A1_A1_fS6_PA32_A5_A5_fS6_S1_iE6b1_loc_45, i32 %p_ZZ5srcnnPA255_A255_fPA1_A9_A9_fPfPA64_A1_A1_fS6_PA32_A5_A5_fS6_S1_iE6b1_loc_46, i32 %p_ZZ5srcnnPA255_A255_fPA1_A9_A9_fPfPA64_A1_A1_fS6_PA32_A5_A5_fS6_S1_iE6b1_loc_47, i32 %p_ZZ5srcnnPA255_A255_fPA1_A9_A9_fPfPA64_A1_A1_fS6_PA32_A5_A5_fS6_S1_iE6b1_loc_48, i32 %p_ZZ5srcnnPA255_A255_fPA1_A9_A9_fPfPA64_A1_A1_fS6_PA32_A5_A5_fS6_S1_iE6b1_loc_49, i32 %p_ZZ5srcnnPA255_A255_fPA1_A9_A9_fPfPA64_A1_A1_fS6_PA32_A5_A5_fS6_S1_iE6b1_loc_50, i32 %p_ZZ5srcnnPA255_A255_fPA1_A9_A9_fPfPA64_A1_A1_fS6_PA32_A5_A5_fS6_S1_iE6b1_loc_51, i32 %p_ZZ5srcnnPA255_A255_fPA1_A9_A9_fPfPA64_A1_A1_fS6_PA32_A5_A5_fS6_S1_iE6b1_loc_52, i32 %p_ZZ5srcnnPA255_A255_fPA1_A9_A9_fPfPA64_A1_A1_fS6_PA32_A5_A5_fS6_S1_iE6b1_loc_53, i32 %p_ZZ5srcnnPA255_A255_fPA1_A9_A9_fPfPA64_A1_A1_fS6_PA32_A5_A5_fS6_S1_iE6b1_loc_54, i32 %p_ZZ5srcnnPA255_A255_fPA1_A9_A9_fPfPA64_A1_A1_fS6_PA32_A5_A5_fS6_S1_iE6b1_loc_55, i32 %p_ZZ5srcnnPA255_A255_fPA1_A9_A9_fPfPA64_A1_A1_fS6_PA32_A5_A5_fS6_S1_iE6b1_loc_56, i32 %p_ZZ5srcnnPA255_A255_fPA1_A9_A9_fPfPA64_A1_A1_fS6_PA32_A5_A5_fS6_S1_iE6b1_loc_57, i32 %p_ZZ5srcnnPA255_A255_fPA1_A9_A9_fPfPA64_A1_A1_fS6_PA32_A5_A5_fS6_S1_iE6b1_loc_58, i32 %p_ZZ5srcnnPA255_A255_fPA1_A9_A9_fPfPA64_A1_A1_fS6_PA32_A5_A5_fS6_S1_iE6b1_loc_59, i32 %p_ZZ5srcnnPA255_A255_fPA1_A9_A9_fPfPA64_A1_A1_fS6_PA32_A5_A5_fS6_S1_iE6b1_loc_60, i32 %p_ZZ5srcnnPA255_A255_fPA1_A9_A9_fPfPA64_A1_A1_fS6_PA32_A5_A5_fS6_S1_iE6b1_loc_61, i32 %p_ZZ5srcnnPA255_A255_fPA1_A9_A9_fPfPA64_A1_A1_fS6_PA32_A5_A5_fS6_S1_iE6b1_loc_62, i32 %p_ZZ5srcnnPA255_A255_fPA1_A9_A9_fPfPA64_A1_A1_fS6_PA32_A5_A5_fS6_S1_iE6b1_loc_63, i32 %w1_loc, i32 %srcnn_float_255_255_float_1_9_9_float_float_64_1_1_f_15, i32 %srcnn_float_255_255_float_1_9_9_float_float_64_1_1_f_14, i32 %srcnn_float_255_255_float_1_9_9_float_float_64_1_1_f_13, i32 %srcnn_float_255_255_float_1_9_9_float_float_64_1_1_f_12, i32 %srcnn_float_255_255_float_1_9_9_float_float_64_1_1_f_11, i32 %srcnn_float_255_255_float_1_9_9_float_float_64_1_1_f_10, i32 %srcnn_float_255_255_float_1_9_9_float_float_64_1_1_f_9, i32 %srcnn_float_255_255_float_1_9_9_float_float_64_1_1_f_8, i32 %srcnn_float_255_255_float_1_9_9_float_float_64_1_1_f_7, i32 %srcnn_float_255_255_float_1_9_9_float_float_64_1_1_f_1, i32 %srcnn_float_255_255_float_1_9_9_float_float_64_1_1_f, i32 %srcnn_float_255_255_float_1_9_9_float_float_64_1_1_f_6, i32 %srcnn_float_255_255_float_1_9_9_float_float_64_1_1_f_5, i32 %srcnn_float_255_255_float_1_9_9_float_float_64_1_1_f_4, i32 %srcnn_float_255_255_float_1_9_9_float_float_64_1_1_f_3, i32 %srcnn_float_255_255_float_1_9_9_float_float_64_1_1_f_2" [src/srcnn.cpp:437]   --->   Operation 19 'call' 'call_ret1' <Predicate = true> <Delay = 3.77> <CoreType = "Generic">   --->   Core 0 '' <Latency = 0> <II = 1> <Delay = 1.00> <Generic> <Opcode : >

State 4 <SV = 3> <Delay = 0.00>
ST_4 : Operation 20 [1/2] (0.00ns)   --->   "%call_ret1 = call i19 @compute_tile, i1 %phase_c3_channel, i32 %outbuf, i9 %h0_c1_channel, i9 %w0_c2_channel, i32 %inbuf, i32 %srcnn_float_255_255_float_1_9_9_float_float_64_1_1_f_16, i32 %srcnn_float_255_255_float_1_9_9_float_float_64_1_1_f_26, i32 %srcnn_float_255_255_float_1_9_9_float_float_64_1_1_f_18, i32 %p_ZZ5srcnnPA255_A255_fPA1_A9_A9_fPfPA64_A1_A1_fS6_PA32_A5_A5_fS6_S1_iE6b2_loc_16, i32 %p_ZZ5srcnnPA255_A255_fPA1_A9_A9_fPfPA64_A1_A1_fS6_PA32_A5_A5_fS6_S1_iE6b2_loc_24, i32 %srcnn_float_255_255_float_1_9_9_float_float_64_1_1_f_25, i32 %srcnn_float_255_255_float_1_9_9_float_float_64_1_1_f_17, i32 %p_ZZ5srcnnPA255_A255_fPA1_A9_A9_fPfPA64_A1_A1_fS6_PA32_A5_A5_fS6_S1_iE6b2_loc_17, i32 %p_ZZ5srcnnPA255_A255_fPA1_A9_A9_fPfPA64_A1_A1_fS6_PA32_A5_A5_fS6_S1_iE6b2_loc_25, i32 %srcnn_float_255_255_float_1_9_9_float_float_64_1_1_f_24, i32 %p_ZZ5srcnnPA255_A255_fPA1_A9_A9_fPfPA64_A1_A1_fS6_PA32_A5_A5_fS6_S1_iE6b2_loc_10, i32 %p_ZZ5srcnnPA255_A255_fPA1_A9_A9_fPfPA64_A1_A1_fS6_PA32_A5_A5_fS6_S1_iE6b2_loc_18, i32 %p_ZZ5srcnnPA255_A255_fPA1_A9_A9_fPfPA64_A1_A1_fS6_PA32_A5_A5_fS6_S1_iE6b2_loc_26, i32 %srcnn_float_255_255_float_1_9_9_float_float_64_1_1_f_23, i32 %p_ZZ5srcnnPA255_A255_fPA1_A9_A9_fPfPA64_A1_A1_fS6_PA32_A5_A5_fS6_S1_iE6b2_loc_11, i32 %p_ZZ5srcnnPA255_A255_fPA1_A9_A9_fPfPA64_A1_A1_fS6_PA32_A5_A5_fS6_S1_iE6b2_loc_19, i32 %p_ZZ5srcnnPA255_A255_fPA1_A9_A9_fPfPA64_A1_A1_fS6_PA32_A5_A5_fS6_S1_iE6b2_loc_27, i32 %srcnn_float_255_255_float_1_9_9_float_float_64_1_1_f_22, i32 %p_ZZ5srcnnPA255_A255_fPA1_A9_A9_fPfPA64_A1_A1_fS6_PA32_A5_A5_fS6_S1_iE6b2_loc_12, i32 %p_ZZ5srcnnPA255_A255_fPA1_A9_A9_fPfPA64_A1_A1_fS6_PA32_A5_A5_fS6_S1_iE6b2_loc_20, i32 %p_ZZ5srcnnPA255_A255_fPA1_A9_A9_fPfPA64_A1_A1_fS6_PA32_A5_A5_fS6_S1_iE6b2_loc_28, i32 %srcnn_float_255_255_float_1_9_9_float_float_64_1_1_f_21, i32 %p_ZZ5srcnnPA255_A255_fPA1_A9_A9_fPfPA64_A1_A1_fS6_PA32_A5_A5_fS6_S1_iE6b2_loc_13, i32 %p_ZZ5srcnnPA255_A255_fPA1_A9_A9_fPfPA64_A1_A1_fS6_PA32_A5_A5_fS6_S1_iE6b2_loc_21, i32 %p_ZZ5srcnnPA255_A255_fPA1_A9_A9_fPfPA64_A1_A1_fS6_PA32_A5_A5_fS6_S1_iE6b2_loc_29, i32 %srcnn_float_255_255_float_1_9_9_float_float_64_1_1_f_20, i32 %p_ZZ5srcnnPA255_A255_fPA1_A9_A9_fPfPA64_A1_A1_fS6_PA32_A5_A5_fS6_S1_iE6b2_loc_14, i32 %p_ZZ5srcnnPA255_A255_fPA1_A9_A9_fPfPA64_A1_A1_fS6_PA32_A5_A5_fS6_S1_iE6b2_loc_22, i32 %p_ZZ5srcnnPA255_A255_fPA1_A9_A9_fPfPA64_A1_A1_fS6_PA32_A5_A5_fS6_S1_iE6b2_loc_30, i32 %srcnn_float_255_255_float_1_9_9_float_float_64_1_1_f_19, i32 %p_ZZ5srcnnPA255_A255_fPA1_A9_A9_fPfPA64_A1_A1_fS6_PA32_A5_A5_fS6_S1_iE6b2_loc_15, i32 %p_ZZ5srcnnPA255_A255_fPA1_A9_A9_fPfPA64_A1_A1_fS6_PA32_A5_A5_fS6_S1_iE6b2_loc_23, i32 %p_ZZ5srcnnPA255_A255_fPA1_A9_A9_fPfPA64_A1_A1_fS6_PA32_A5_A5_fS6_S1_iE6b2_loc_31, i32 %srcnn_float_255_255_float_1_9_9_float_float_64_1_1_f_36, i32 %srcnn_float_255_255_float_1_9_9_float_float_64_1_1_f_35, i32 %srcnn_float_255_255_float_1_9_9_float_float_64_1_1_f_34, i32 %srcnn_float_255_255_float_1_9_9_float_float_64_1_1_f_33, i32 %srcnn_float_255_255_float_1_9_9_float_float_64_1_1_f_32, i32 %srcnn_float_255_255_float_1_9_9_float_float_64_1_1_f_31, i32 %srcnn_float_255_255_float_1_9_9_float_float_64_1_1_f_30, i32 %srcnn_float_255_255_float_1_9_9_float_float_64_1_1_f_29, i32 %srcnn_float_255_255_float_1_9_9_float_float_64_1_1_f_28, i32 %srcnn_float_255_255_float_1_9_9_float_float_64_1_1_f_27, i32 %p_ZZ5srcnnPA255_A255_fPA1_A9_A9_fPfPA64_A1_A1_fS6_PA32_A5_A5_fS6_S1_iE6b1_loc_10, i32 %p_ZZ5srcnnPA255_A255_fPA1_A9_A9_fPfPA64_A1_A1_fS6_PA32_A5_A5_fS6_S1_iE6b1_loc_11, i32 %p_ZZ5srcnnPA255_A255_fPA1_A9_A9_fPfPA64_A1_A1_fS6_PA32_A5_A5_fS6_S1_iE6b1_loc_12, i32 %p_ZZ5srcnnPA255_A255_fPA1_A9_A9_fPfPA64_A1_A1_fS6_PA32_A5_A5_fS6_S1_iE6b1_loc_13, i32 %p_ZZ5srcnnPA255_A255_fPA1_A9_A9_fPfPA64_A1_A1_fS6_PA32_A5_A5_fS6_S1_iE6b1_loc_14, i32 %p_ZZ5srcnnPA255_A255_fPA1_A9_A9_fPfPA64_A1_A1_fS6_PA32_A5_A5_fS6_S1_iE6b1_loc_15, i32 %p_ZZ5srcnnPA255_A255_fPA1_A9_A9_fPfPA64_A1_A1_fS6_PA32_A5_A5_fS6_S1_iE6b1_loc_16, i32 %p_ZZ5srcnnPA255_A255_fPA1_A9_A9_fPfPA64_A1_A1_fS6_PA32_A5_A5_fS6_S1_iE6b1_loc_17, i32 %p_ZZ5srcnnPA255_A255_fPA1_A9_A9_fPfPA64_A1_A1_fS6_PA32_A5_A5_fS6_S1_iE6b1_loc_18, i32 %p_ZZ5srcnnPA255_A255_fPA1_A9_A9_fPfPA64_A1_A1_fS6_PA32_A5_A5_fS6_S1_iE6b1_loc_19, i32 %p_ZZ5srcnnPA255_A255_fPA1_A9_A9_fPfPA64_A1_A1_fS6_PA32_A5_A5_fS6_S1_iE6b1_loc_20, i32 %p_ZZ5srcnnPA255_A255_fPA1_A9_A9_fPfPA64_A1_A1_fS6_PA32_A5_A5_fS6_S1_iE6b1_loc_21, i32 %p_ZZ5srcnnPA255_A255_fPA1_A9_A9_fPfPA64_A1_A1_fS6_PA32_A5_A5_fS6_S1_iE6b1_loc_22, i32 %p_ZZ5srcnnPA255_A255_fPA1_A9_A9_fPfPA64_A1_A1_fS6_PA32_A5_A5_fS6_S1_iE6b1_loc_23, i32 %p_ZZ5srcnnPA255_A255_fPA1_A9_A9_fPfPA64_A1_A1_fS6_PA32_A5_A5_fS6_S1_iE6b1_loc_24, i32 %p_ZZ5srcnnPA255_A255_fPA1_A9_A9_fPfPA64_A1_A1_fS6_PA32_A5_A5_fS6_S1_iE6b1_loc_25, i32 %p_ZZ5srcnnPA255_A255_fPA1_A9_A9_fPfPA64_A1_A1_fS6_PA32_A5_A5_fS6_S1_iE6b1_loc_26, i32 %p_ZZ5srcnnPA255_A255_fPA1_A9_A9_fPfPA64_A1_A1_fS6_PA32_A5_A5_fS6_S1_iE6b1_loc_27, i32 %p_ZZ5srcnnPA255_A255_fPA1_A9_A9_fPfPA64_A1_A1_fS6_PA32_A5_A5_fS6_S1_iE6b1_loc_28, i32 %p_ZZ5srcnnPA255_A255_fPA1_A9_A9_fPfPA64_A1_A1_fS6_PA32_A5_A5_fS6_S1_iE6b1_loc_29, i32 %p_ZZ5srcnnPA255_A255_fPA1_A9_A9_fPfPA64_A1_A1_fS6_PA32_A5_A5_fS6_S1_iE6b1_loc_30, i32 %p_ZZ5srcnnPA255_A255_fPA1_A9_A9_fPfPA64_A1_A1_fS6_PA32_A5_A5_fS6_S1_iE6b1_loc_31, i32 %p_ZZ5srcnnPA255_A255_fPA1_A9_A9_fPfPA64_A1_A1_fS6_PA32_A5_A5_fS6_S1_iE6b1_loc_32, i32 %p_ZZ5srcnnPA255_A255_fPA1_A9_A9_fPfPA64_A1_A1_fS6_PA32_A5_A5_fS6_S1_iE6b1_loc_33, i32 %p_ZZ5srcnnPA255_A255_fPA1_A9_A9_fPfPA64_A1_A1_fS6_PA32_A5_A5_fS6_S1_iE6b1_loc_34, i32 %p_ZZ5srcnnPA255_A255_fPA1_A9_A9_fPfPA64_A1_A1_fS6_PA32_A5_A5_fS6_S1_iE6b1_loc_35, i32 %p_ZZ5srcnnPA255_A255_fPA1_A9_A9_fPfPA64_A1_A1_fS6_PA32_A5_A5_fS6_S1_iE6b1_loc_36, i32 %p_ZZ5srcnnPA255_A255_fPA1_A9_A9_fPfPA64_A1_A1_fS6_PA32_A5_A5_fS6_S1_iE6b1_loc_37, i32 %p_ZZ5srcnnPA255_A255_fPA1_A9_A9_fPfPA64_A1_A1_fS6_PA32_A5_A5_fS6_S1_iE6b1_loc_38, i32 %p_ZZ5srcnnPA255_A255_fPA1_A9_A9_fPfPA64_A1_A1_fS6_PA32_A5_A5_fS6_S1_iE6b1_loc_39, i32 %p_ZZ5srcnnPA255_A255_fPA1_A9_A9_fPfPA64_A1_A1_fS6_PA32_A5_A5_fS6_S1_iE6b1_loc_40, i32 %p_ZZ5srcnnPA255_A255_fPA1_A9_A9_fPfPA64_A1_A1_fS6_PA32_A5_A5_fS6_S1_iE6b1_loc_41, i32 %p_ZZ5srcnnPA255_A255_fPA1_A9_A9_fPfPA64_A1_A1_fS6_PA32_A5_A5_fS6_S1_iE6b1_loc_42, i32 %p_ZZ5srcnnPA255_A255_fPA1_A9_A9_fPfPA64_A1_A1_fS6_PA32_A5_A5_fS6_S1_iE6b1_loc_43, i32 %p_ZZ5srcnnPA255_A255_fPA1_A9_A9_fPfPA64_A1_A1_fS6_PA32_A5_A5_fS6_S1_iE6b1_loc_44, i32 %p_ZZ5srcnnPA255_A255_fPA1_A9_A9_fPfPA64_A1_A1_fS6_PA32_A5_A5_fS6_S1_iE6b1_loc_45, i32 %p_ZZ5srcnnPA255_A255_fPA1_A9_A9_fPfPA64_A1_A1_fS6_PA32_A5_A5_fS6_S1_iE6b1_loc_46, i32 %p_ZZ5srcnnPA255_A255_fPA1_A9_A9_fPfPA64_A1_A1_fS6_PA32_A5_A5_fS6_S1_iE6b1_loc_47, i32 %p_ZZ5srcnnPA255_A255_fPA1_A9_A9_fPfPA64_A1_A1_fS6_PA32_A5_A5_fS6_S1_iE6b1_loc_48, i32 %p_ZZ5srcnnPA255_A255_fPA1_A9_A9_fPfPA64_A1_A1_fS6_PA32_A5_A5_fS6_S1_iE6b1_loc_49, i32 %p_ZZ5srcnnPA255_A255_fPA1_A9_A9_fPfPA64_A1_A1_fS6_PA32_A5_A5_fS6_S1_iE6b1_loc_50, i32 %p_ZZ5srcnnPA255_A255_fPA1_A9_A9_fPfPA64_A1_A1_fS6_PA32_A5_A5_fS6_S1_iE6b1_loc_51, i32 %p_ZZ5srcnnPA255_A255_fPA1_A9_A9_fPfPA64_A1_A1_fS6_PA32_A5_A5_fS6_S1_iE6b1_loc_52, i32 %p_ZZ5srcnnPA255_A255_fPA1_A9_A9_fPfPA64_A1_A1_fS6_PA32_A5_A5_fS6_S1_iE6b1_loc_53, i32 %p_ZZ5srcnnPA255_A255_fPA1_A9_A9_fPfPA64_A1_A1_fS6_PA32_A5_A5_fS6_S1_iE6b1_loc_54, i32 %p_ZZ5srcnnPA255_A255_fPA1_A9_A9_fPfPA64_A1_A1_fS6_PA32_A5_A5_fS6_S1_iE6b1_loc_55, i32 %p_ZZ5srcnnPA255_A255_fPA1_A9_A9_fPfPA64_A1_A1_fS6_PA32_A5_A5_fS6_S1_iE6b1_loc_56, i32 %p_ZZ5srcnnPA255_A255_fPA1_A9_A9_fPfPA64_A1_A1_fS6_PA32_A5_A5_fS6_S1_iE6b1_loc_57, i32 %p_ZZ5srcnnPA255_A255_fPA1_A9_A9_fPfPA64_A1_A1_fS6_PA32_A5_A5_fS6_S1_iE6b1_loc_58, i32 %p_ZZ5srcnnPA255_A255_fPA1_A9_A9_fPfPA64_A1_A1_fS6_PA32_A5_A5_fS6_S1_iE6b1_loc_59, i32 %p_ZZ5srcnnPA255_A255_fPA1_A9_A9_fPfPA64_A1_A1_fS6_PA32_A5_A5_fS6_S1_iE6b1_loc_60, i32 %p_ZZ5srcnnPA255_A255_fPA1_A9_A9_fPfPA64_A1_A1_fS6_PA32_A5_A5_fS6_S1_iE6b1_loc_61, i32 %p_ZZ5srcnnPA255_A255_fPA1_A9_A9_fPfPA64_A1_A1_fS6_PA32_A5_A5_fS6_S1_iE6b1_loc_62, i32 %p_ZZ5srcnnPA255_A255_fPA1_A9_A9_fPfPA64_A1_A1_fS6_PA32_A5_A5_fS6_S1_iE6b1_loc_63, i32 %w1_loc, i32 %srcnn_float_255_255_float_1_9_9_float_float_64_1_1_f_15, i32 %srcnn_float_255_255_float_1_9_9_float_float_64_1_1_f_14, i32 %srcnn_float_255_255_float_1_9_9_float_float_64_1_1_f_13, i32 %srcnn_float_255_255_float_1_9_9_float_float_64_1_1_f_12, i32 %srcnn_float_255_255_float_1_9_9_float_float_64_1_1_f_11, i32 %srcnn_float_255_255_float_1_9_9_float_float_64_1_1_f_10, i32 %srcnn_float_255_255_float_1_9_9_float_float_64_1_1_f_9, i32 %srcnn_float_255_255_float_1_9_9_float_float_64_1_1_f_8, i32 %srcnn_float_255_255_float_1_9_9_float_float_64_1_1_f_7, i32 %srcnn_float_255_255_float_1_9_9_float_float_64_1_1_f_1, i32 %srcnn_float_255_255_float_1_9_9_float_float_64_1_1_f, i32 %srcnn_float_255_255_float_1_9_9_float_float_64_1_1_f_6, i32 %srcnn_float_255_255_float_1_9_9_float_float_64_1_1_f_5, i32 %srcnn_float_255_255_float_1_9_9_float_float_64_1_1_f_4, i32 %srcnn_float_255_255_float_1_9_9_float_float_64_1_1_f_3, i32 %srcnn_float_255_255_float_1_9_9_float_float_64_1_1_f_2" [src/srcnn.cpp:437]   --->   Operation 20 'call' 'call_ret1' <Predicate = true> <Delay = 0.00> <CoreType = "Generic">   --->   Core 0 '' <Latency = 0> <II = 1> <Delay = 1.00> <Generic> <Opcode : >
ST_4 : Operation 21 [1/1] (0.00ns)   --->   "%h0_c_channel = extractvalue i19 %call_ret1" [src/srcnn.cpp:437]   --->   Operation 21 'extractvalue' 'h0_c_channel' <Predicate = true> <Delay = 0.00> <CoreInst = "FIFO_SRL">   --->   Core 81 'FIFO_SRL' <Latency = 0> <II = 1> <Delay = 1.83> <Storage> <Opcode : 'read' 'write' 'nbread' 'nbwrite'> <Ports = 0> <Width = 9> <Depth = 2> <FIFO>
ST_4 : Operation 22 [1/1] (0.00ns)   --->   "%w0_c_channel = extractvalue i19 %call_ret1" [src/srcnn.cpp:437]   --->   Operation 22 'extractvalue' 'w0_c_channel' <Predicate = true> <Delay = 0.00> <CoreInst = "FIFO_SRL">   --->   Core 81 'FIFO_SRL' <Latency = 0> <II = 1> <Delay = 1.83> <Storage> <Opcode : 'read' 'write' 'nbread' 'nbwrite'> <Ports = 0> <Width = 9> <Depth = 2> <FIFO>
ST_4 : Operation 23 [1/1] (0.00ns)   --->   "%phase_c_channel = extractvalue i19 %call_ret1" [src/srcnn.cpp:437]   --->   Operation 23 'extractvalue' 'phase_c_channel' <Predicate = true> <Delay = 0.00> <CoreInst = "FIFO_SRL">   --->   Core 81 'FIFO_SRL' <Latency = 0> <II = 1> <Delay = 1.83> <Storage> <Opcode : 'read' 'write' 'nbread' 'nbwrite'> <Ports = 0> <Width = 1> <Depth = 2> <FIFO>

State 5 <SV = 4> <Delay = 3.00>
ST_5 : Operation 24 [2/2] (3.00ns)   --->   "%call_ln442 = call void @store_tile_mm, i1 %phase_c_channel, i32 %gmem_out, i64 %output_ftmap_c, i9 %h0_c_channel, i9 %w0_c_channel, i32 %outbuf" [src/srcnn.cpp:442]   --->   Operation 24 'call' 'call_ln442' <Predicate = true> <Delay = 3.00> <CoreType = "Generic">   --->   Core 0 '' <Latency = 0> <II = 1> <Delay = 1.00> <Generic> <Opcode : >

State 6 <SV = 5> <Delay = 0.00>
ST_6 : Operation 25 [1/1] (0.00ns)   --->   "%empty = specchannel i32 @_ssdm_op_SpecChannel, void @output_ftmap_c_str, i32 1, void @p_str, void @p_str, i32 4, i32 0, i64 %output_ftmap_c, i64 %output_ftmap_c"   --->   Operation 25 'specchannel' 'empty' <Predicate = true> <Delay = 0.00>
ST_6 : Operation 26 [1/1] (0.00ns)   --->   "%specinterface_ln0 = specinterface void @_ssdm_op_SpecInterface, i64 %output_ftmap_c, void @ap_fifo_str, i32 0, i32 0, void @p_str, i32 0, i32 0, void @p_str, void @p_str, void @p_str, i32 2, i32 2, i32 16, i32 16, void @p_str, void @p_str, i32 4294967295, i32 0"   --->   Operation 26 'specinterface' 'specinterface_ln0' <Predicate = true> <Delay = 0.00>
ST_6 : Operation 27 [1/1] (0.00ns)   --->   "%specmemcore_ln0 = specmemcore void @_ssdm_op_SpecMemCore, i32 %outbuf, i64 666, i64 18, i64 18446744073709551615"   --->   Operation 27 'specmemcore' 'specmemcore_ln0' <Predicate = true> <Delay = 0.00>
ST_6 : Operation 28 [1/1] (0.00ns)   --->   "%specmemcore_ln0 = specmemcore void @_ssdm_op_SpecMemCore, i32 %inbuf, i64 666, i64 18, i64 18446744073709551615"   --->   Operation 28 'specmemcore' 'specmemcore_ln0' <Predicate = true> <Delay = 0.00>
ST_6 : Operation 29 [1/1] (0.00ns)   --->   "%specinterface_ln0 = specinterface void @_ssdm_op_SpecInterface, i32 %gmem_out, void @empty_35, i32 0, i32 0, void @empty_36, i32 0, i32 65025, void @empty_43, void @empty_37, void @empty_36, i32 16, i32 16, i32 16, i32 16, void @empty_36, void @empty_36, i32 4294967295, i32 0"   --->   Operation 29 'specinterface' 'specinterface_ln0' <Predicate = true> <Delay = 0.00>
ST_6 : Operation 30 [1/1] (0.00ns)   --->   "%specinterface_ln0 = specinterface void @_ssdm_op_SpecInterface, i32 %gmem_in, void @empty_35, i32 0, i32 0, void @empty_36, i32 0, i32 65025, void @empty_18, void @empty_37, void @empty_36, i32 16, i32 16, i32 16, i32 16, void @empty_36, void @empty_36, i32 4294967295, i32 0"   --->   Operation 30 'specinterface' 'specinterface_ln0' <Predicate = true> <Delay = 0.00>
ST_6 : Operation 31 [1/1] (0.00ns)   --->   "%specdataflowpipeline_ln433 = specdataflowpipeline void @_ssdm_op_SpecDataflowPipeline, i32 4294967295, i32 0, void @empty_36" [src/srcnn.cpp:433]   --->   Operation 31 'specdataflowpipeline' 'specdataflowpipeline_ln433' <Predicate = true> <Delay = 0.00>
ST_6 : Operation 32 [1/2] (0.00ns)   --->   "%call_ln442 = call void @store_tile_mm, i1 %phase_c_channel, i32 %gmem_out, i64 %output_ftmap_c, i9 %h0_c_channel, i9 %w0_c_channel, i32 %outbuf" [src/srcnn.cpp:442]   --->   Operation 32 'call' 'call_ln442' <Predicate = true> <Delay = 0.00> <CoreType = "Generic">   --->   Core 0 '' <Latency = 0> <II = 1> <Delay = 1.00> <Generic> <Opcode : >
ST_6 : Operation 33 [1/1] (0.00ns)   --->   "%ret_ln442 = ret" [src/srcnn.cpp:442]   --->   Operation 33 'ret' 'ret_ln442' <Predicate = true> <Delay = 0.00>


============================================================
+ Verbose Summary: Timing violations
============================================================
Target clock period: 10.000ns, clock uncertainty: 2.700ns.

 <State 1>: 1.838ns
The critical path consists of the following:
	wire read operation ('output_ftmap_read') on port 'output_ftmap' [124]  (0.000 ns)
	'call' operation ('call_ln0') to 'entry_proc' [137]  (1.838 ns)

 <State 2>: 0.000ns
The critical path consists of the following:

 <State 3>: 3.772ns
The critical path consists of the following:
	'call' operation ('call_ret1', src/srcnn.cpp:437) to 'compute_tile' [142]  (3.772 ns)

 <State 4>: 0.000ns
The critical path consists of the following:

 <State 5>: 3.007ns
The critical path consists of the following:
	'call' operation ('call_ln442', src/srcnn.cpp:442) to 'store_tile_mm' [146]  (3.007 ns)

 <State 6>: 0.000ns
The critical path consists of the following:


============================================================
+ Verbose Summary: Binding
============================================================
N/A
* FSMD analyzer results:
  - Output states:
 - Input state : 
  - Chain level:
	State 1
	State 2
	State 3
	State 4
	State 5
	State 6


============================================================
+ Verbose Summary: Datapath Resource usage 
============================================================
N/A
