

================================================================
== Vitis HLS Report for 'entry_proc'
================================================================
* Date:           Mon Oct 27 18:08:52 2025

* Version:        2023.1 (Build 3854077 on May  4 2023)
* Project:        srcnn_hls
* Solution:       solution1 (Vivado IP Flow Target)
* Product family: zynquplus
* Target device:  xck26-sfvc784-2LV-c


================================================================
== Performance Estimates
================================================================
+ Timing: 
    * Summary: 
    +--------+----------+----------+------------+
    |  Clock |  Target  | Estimated| Uncertainty|
    +--------+----------+----------+------------+
    |ap_clk  |  10.00 ns|  3.676 ns|     2.70 ns|
    +--------+----------+----------+------------+

+ Latency: 
    * Summary: 
    +---------+---------+----------+----------+-----+-----+---------+
    |  Latency (cycles) |  Latency (absolute) |  Interval | Pipeline|
    |   min   |   max   |    min   |    max   | min | max |   Type  |
    +---------+---------+----------+----------+-----+-----+---------+
    |        0|        0|      0 ns|      0 ns|    0|    0|       no|
    +---------+---------+----------+----------+-----+-----+---------+

    + Detail: 
        * Instance: 
        N/A

        * Loop: 
        N/A



================================================================
== Utilization Estimates
================================================================
* Summary: 
+-----------------+---------+------+--------+--------+-----+
|       Name      | BRAM_18K|  DSP |   FF   |   LUT  | URAM|
+-----------------+---------+------+--------+--------+-----+
|DSP              |        -|     -|       -|       -|    -|
|Expression       |        -|     -|       0|       2|    -|
|FIFO             |        -|     -|       -|       -|    -|
|Instance         |        -|     -|       -|       -|    -|
|Memory           |        -|     -|       -|       -|    -|
|Multiplexer      |        -|     -|       -|      63|    -|
|Register         |        -|     -|      19|       -|    -|
+-----------------+---------+------+--------+--------+-----+
|Total            |        0|     0|      19|      65|    0|
+-----------------+---------+------+--------+--------+-----+
|Available        |      288|  1248|  234240|  117120|   64|
+-----------------+---------+------+--------+--------+-----+
|Utilization (%)  |        0|     0|      ~0|      ~0|    0|
+-----------------+---------+------+--------+--------+-----+

+ Detail: 
    * Instance: 
    N/A

    * DSP: 
    N/A

    * Memory: 
    N/A

    * FIFO: 
    N/A

    * Expression: 
    +-----------------+----------+----+---+----+------------+------------+
    |  Variable Name  | Operation| DSP| FF| LUT| Bitwidth P0| Bitwidth P1|
    +-----------------+----------+----+---+----+------------+------------+
    |ap_block_state1  |        or|   0|  0|   2|           1|           1|
    +-----------------+----------+----+---+----+------------+------------+
    |Total            |          |   0|  0|   2|           1|           1|
    +-----------------+----------+----+---+----+------------+------------+

    * Multiplexer: 
    +-----------------------+----+-----------+-----+-----------+
    |          Name         | LUT| Input Size| Bits| Total Bits|
    +-----------------------+----+-----------+-----+-----------+
    |ap_done                |   9|          2|    1|          2|
    |ap_return              |   9|          2|    8|         16|
    |h0_blk_n               |   9|          2|    1|          2|
    |h0_c5_blk_n            |   9|          2|    1|          2|
    |return_r               |   9|          2|    9|         18|
    |tw_eff_loc_i_blk_n     |   9|          2|    1|          2|
    |tw_eff_loc_i_c1_blk_n  |   9|          2|    1|          2|
    +-----------------------+----+-----------+-----+-----------+
    |Total                  |  63|         14|   22|         44|
    +-----------------------+----+-----------+-----+-----------+

    * Register: 
    +----------------+---+----+-----+-----------+
    |      Name      | FF| LUT| Bits| Const Bits|
    +----------------+---+----+-----+-----------+
    |ap_CS_fsm       |  1|   0|    1|          0|
    |ap_done_reg     |  1|   0|    1|          0|
    |ap_return_preg  |  8|   0|    8|          0|
    |return_r_preg   |  9|   0|    9|          0|
    +----------------+---+----+-----+-----------+
    |Total           | 19|   0|   19|          0|
    +----------------+---+----+-----+-----------+



================================================================
== Interface
================================================================
* Summary: 
+--------------------------------+-----+-----+------------+-----------------+--------------+
|            RTL Ports           | Dir | Bits|  Protocol  |  Source Object  |    C Type    |
+--------------------------------+-----+-----+------------+-----------------+--------------+
|ap_clk                          |   in|    1|  ap_ctrl_hs|       entry_proc|  return value|
|ap_rst                          |   in|    1|  ap_ctrl_hs|       entry_proc|  return value|
|ap_start                        |   in|    1|  ap_ctrl_hs|       entry_proc|  return value|
|ap_done                         |  out|    1|  ap_ctrl_hs|       entry_proc|  return value|
|ap_continue                     |   in|    1|  ap_ctrl_hs|       entry_proc|  return value|
|ap_idle                         |  out|    1|  ap_ctrl_hs|       entry_proc|  return value|
|ap_ready                        |  out|    1|  ap_ctrl_hs|       entry_proc|  return value|
|ap_return                       |  out|    8|  ap_ctrl_hs|       entry_proc|  return value|
|return_r                        |  out|    9|     ap_none|         return_r|       pointer|
|tw_eff_loc_i_dout               |   in|    8|     ap_fifo|     tw_eff_loc_i|       pointer|
|tw_eff_loc_i_num_data_valid     |   in|    2|     ap_fifo|     tw_eff_loc_i|       pointer|
|tw_eff_loc_i_fifo_cap           |   in|    2|     ap_fifo|     tw_eff_loc_i|       pointer|
|tw_eff_loc_i_empty_n            |   in|    1|     ap_fifo|     tw_eff_loc_i|       pointer|
|tw_eff_loc_i_read               |  out|    1|     ap_fifo|     tw_eff_loc_i|       pointer|
|tw_eff_loc_i_c1_din             |  out|    8|     ap_fifo|  tw_eff_loc_i_c1|       pointer|
|tw_eff_loc_i_c1_num_data_valid  |   in|    2|     ap_fifo|  tw_eff_loc_i_c1|       pointer|
|tw_eff_loc_i_c1_fifo_cap        |   in|    2|     ap_fifo|  tw_eff_loc_i_c1|       pointer|
|tw_eff_loc_i_c1_full_n          |   in|    1|     ap_fifo|  tw_eff_loc_i_c1|       pointer|
|tw_eff_loc_i_c1_write           |  out|    1|     ap_fifo|  tw_eff_loc_i_c1|       pointer|
|h0_dout                         |   in|    9|     ap_fifo|               h0|       pointer|
|h0_num_data_valid               |   in|    2|     ap_fifo|               h0|       pointer|
|h0_fifo_cap                     |   in|    2|     ap_fifo|               h0|       pointer|
|h0_empty_n                      |   in|    1|     ap_fifo|               h0|       pointer|
|h0_read                         |  out|    1|     ap_fifo|               h0|       pointer|
|h0_c5_din                       |  out|    9|     ap_fifo|            h0_c5|       pointer|
|h0_c5_num_data_valid            |   in|    2|     ap_fifo|            h0_c5|       pointer|
|h0_c5_fifo_cap                  |   in|    2|     ap_fifo|            h0_c5|       pointer|
|h0_c5_full_n                    |   in|    1|     ap_fifo|            h0_c5|       pointer|
|h0_c5_write                     |  out|    1|     ap_fifo|            h0_c5|       pointer|
+--------------------------------+-----+-----+------------+-----------------+--------------+

============================================================
+ Verbose Summary: Synthesis Manager
============================================================
InlineROM: 1
ExposeGlobal: 0
============================================================
+ Verbose Summary: CDFG Model
============================================================
IsTopModel: 0
ResetActiveHigh: 1
IsCombinational: 2
IsDatapathOnly: 0
HasWiredReturn: 1
HasMFsm: 0
HasVarLatency: 0
IsPipeline: 0
IsRtlPipelined: 0
IsInstanceOverlapped: 0
IsDontTouch: 0
HasImplIP: 0
IsGatedGlobalClock: 0


============================================================
+ Verbose Summary: Schedule
============================================================
* Number of FSM states : 1
* Pipeline : 0
* Dataflow Pipeline: 0

* FSM state transitions: 
1 --> 

* FSM state operations: 

State 1 <SV = 0> <Delay = 3.67>
ST_1 : Operation 2 [1/1] (0.00ns)   --->   "%specinterface_ln0 = specinterface void @_ssdm_op_SpecInterface, i9 %h0, void @ap_fifo_str, i32 0, i32 0, void @p_str, i32 0, i32 0, void @p_str, void @p_str, void @p_str, i32 2, i32 2, i32 16, i32 16, void @p_str, void @ScalarProp_str, i32 4294967295, i32 0"   --->   Operation 2 'specinterface' 'specinterface_ln0' <Predicate = true> <Delay = 0.00>
ST_1 : Operation 3 [1/1] (1.83ns)   --->   "%h0_read = read i9 @_ssdm_op_Read.ap_fifo.i9P0A, i9 %h0"   --->   Operation 3 'read' 'h0_read' <Predicate = true> <Delay = 1.83> <CoreInst = "FIFO_SRL">   --->   Core 81 'FIFO_SRL' <Latency = 0> <II = 1> <Delay = 1.83> <Storage> <Opcode : 'read' 'write' 'nbread' 'nbwrite'> <Ports = 0> <Width = 9> <Depth = 2> <FIFO>
ST_1 : Operation 4 [1/1] (0.00ns)   --->   "%specinterface_ln0 = specinterface void @_ssdm_op_SpecInterface, i9 %h0_c5, void @ap_fifo_str, i32 0, i32 0, void @p_str, i32 0, i32 0, void @p_str, void @p_str, void @p_str, i32 2, i32 2, i32 16, i32 16, void @p_str, void @ScalarProp_str, i32 4294967295, i32 0"   --->   Operation 4 'specinterface' 'specinterface_ln0' <Predicate = true> <Delay = 0.00>
ST_1 : Operation 5 [1/1] (1.83ns)   --->   "%write_ln0 = write void @_ssdm_op_Write.ap_fifo.i9P0A, i9 %h0_c5, i9 %h0_read"   --->   Operation 5 'write' 'write_ln0' <Predicate = true> <Delay = 1.83> <CoreInst = "FIFO_SRL">   --->   Core 81 'FIFO_SRL' <Latency = 0> <II = 1> <Delay = 1.83> <Storage> <Opcode : 'read' 'write' 'nbread' 'nbwrite'> <Ports = 0> <Width = 9> <Depth = 2> <FIFO>
ST_1 : Operation 6 [1/1] (0.00ns)   --->   "%specinterface_ln0 = specinterface void @_ssdm_op_SpecInterface, i8 %tw_eff_loc_i, void @ap_fifo_str, i32 0, i32 0, void @p_str, i32 0, i32 0, void @p_str, void @p_str, void @p_str, i32 2, i32 2, i32 16, i32 16, void @p_str, void @ScalarProp_str, i32 4294967295, i32 0"   --->   Operation 6 'specinterface' 'specinterface_ln0' <Predicate = true> <Delay = 0.00>
ST_1 : Operation 7 [1/1] (1.83ns)   --->   "%tw_eff_loc_i_read = read i8 @_ssdm_op_Read.ap_fifo.i8P0A, i8 %tw_eff_loc_i"   --->   Operation 7 'read' 'tw_eff_loc_i_read' <Predicate = true> <Delay = 1.83> <CoreInst = "FIFO_SRL">   --->   Core 81 'FIFO_SRL' <Latency = 0> <II = 1> <Delay = 1.83> <Storage> <Opcode : 'read' 'write' 'nbread' 'nbwrite'> <Ports = 0> <Width = 8> <Depth = 2> <FIFO>
ST_1 : Operation 8 [1/1] (0.00ns)   --->   "%specinterface_ln0 = specinterface void @_ssdm_op_SpecInterface, i8 %tw_eff_loc_i_c1, void @ap_fifo_str, i32 0, i32 0, void @p_str, i32 0, i32 0, void @p_str, void @p_str, void @p_str, i32 2, i32 2, i32 16, i32 16, void @p_str, void @ScalarProp_str, i32 4294967295, i32 0"   --->   Operation 8 'specinterface' 'specinterface_ln0' <Predicate = true> <Delay = 0.00>
ST_1 : Operation 9 [1/1] (1.83ns)   --->   "%write_ln0 = write void @_ssdm_op_Write.ap_fifo.i8P0A, i8 %tw_eff_loc_i_c1, i8 %tw_eff_loc_i_read"   --->   Operation 9 'write' 'write_ln0' <Predicate = true> <Delay = 1.83> <CoreInst = "FIFO_SRL">   --->   Core 81 'FIFO_SRL' <Latency = 0> <II = 1> <Delay = 1.83> <Storage> <Opcode : 'read' 'write' 'nbread' 'nbwrite'> <Ports = 0> <Width = 8> <Depth = 2> <FIFO>
ST_1 : Operation 10 [1/1] (1.83ns)   --->   "%write_ln0 = write void @_ssdm_op_Write.ap_auto.volatile.i9P0A, i9 %return_r, i9 %h0_read"   --->   Operation 10 'write' 'write_ln0' <Predicate = true> <Delay = 1.83> <CoreInst = "FIFO_SRL">   --->   Core 81 'FIFO_SRL' <Latency = 0> <II = 1> <Delay = 1.83> <Storage> <Opcode : 'read' 'write' 'nbread' 'nbwrite'> <Ports = 0> <Width = -1> <Depth = -1> <FIFO>
ST_1 : Operation 11 [1/1] (0.00ns)   --->   "%ret_ln0 = ret i8 %tw_eff_loc_i_read"   --->   Operation 11 'ret' 'ret_ln0' <Predicate = true> <Delay = 0.00>


============================================================
+ Verbose Summary: Binding
============================================================
STG Binding: 
---------------- STG Properties BEGIN ----------------
- Is combinational: 0
- Is one-state seq: 1
- Is datapath-only: 0
- Is pipelined: 0
- Is top level: 0
Port [ Return ] is wired: 1; IO mode=ap_ctrl_hs:ce=0
Port [ return_r]:  wired=1; compound=0; hidden=0; nouse=0; global=0; static=0; extern=0; dir=1; type=0; pingpong=0; private_global=0; IO mode=ap_none:ce=0
Port [ tw_eff_loc_i]:  wired=1; compound=1; hidden=0; nouse=0; global=0; static=0; extern=0; dir=0; type=3; pingpong=0; private_global=0; IO mode=ap_fifo:ce=0
Port [ tw_eff_loc_i_c1]:  wired=1; compound=1; hidden=0; nouse=0; global=0; static=0; extern=0; dir=1; type=3; pingpong=0; private_global=0; IO mode=ap_fifo:ce=0
Port [ h0]:  wired=1; compound=1; hidden=0; nouse=0; global=0; static=0; extern=0; dir=0; type=3; pingpong=0; private_global=0; IO mode=ap_fifo:ce=0
Port [ h0_c5]:  wired=1; compound=1; hidden=0; nouse=0; global=0; static=0; extern=0; dir=1; type=3; pingpong=0; private_global=0; IO mode=ap_fifo:ce=0
---------------- STG Properties END ------------------

---------------- Datapath Model BEGIN ----------------

<LifeTime>
<method=bitvector/>
specinterface_ln0 (specinterface) [ 00]
h0_read           (read         ) [ 00]
specinterface_ln0 (specinterface) [ 00]
write_ln0         (write        ) [ 00]
specinterface_ln0 (specinterface) [ 00]
tw_eff_loc_i_read (read         ) [ 00]
specinterface_ln0 (specinterface) [ 00]
write_ln0         (write        ) [ 00]
write_ln0         (write        ) [ 00]
ret_ln0           (ret          ) [ 00]
</LifeTime>

<model>

<comp_list>
<comp id="0" class="1000" name="return_r">
<pin_list>
<pin id="1" dir="1" index="0" bw="1" slack="0"/>
</pin_list>
<bind>
<StgValue><ssdm name="return_r"/></StgValue>
</bind>
</comp>

<comp id="2" class="1000" name="tw_eff_loc_i">
<pin_list>
<pin id="3" dir="1" index="0" bw="1" slack="0"/>
</pin_list>
<bind>
<StgValue><ssdm name="tw_eff_loc_i"/></StgValue>
</bind>
</comp>

<comp id="4" class="1000" name="tw_eff_loc_i_c1">
<pin_list>
<pin id="5" dir="1" index="0" bw="1" slack="0"/>
</pin_list>
<bind>
<StgValue><ssdm name="tw_eff_loc_i_c1"/></StgValue>
</bind>
</comp>

<comp id="6" class="1000" name="h0">
<pin_list>
<pin id="7" dir="1" index="0" bw="1" slack="0"/>
</pin_list>
<bind>
<StgValue><ssdm name="h0"/></StgValue>
</bind>
</comp>

<comp id="8" class="1000" name="h0_c5">
<pin_list>
<pin id="9" dir="1" index="0" bw="1" slack="0"/>
</pin_list>
<bind>
<StgValue><ssdm name="h0_c5"/></StgValue>
</bind>
</comp>

<comp id="10" class="1001" name="const_10">
<pin_list>
<pin id="11" dir="1" index="0" bw="1" slack="2147483647"/>
</pin_list>
<bind>
<StgValue><ssdm name="_ssdm_op_SpecInterface"/></StgValue>
</bind>
</comp>

<comp id="12" class="1001" name="const_12">
<pin_list>
<pin id="13" dir="1" index="0" bw="1" slack="2147483647"/>
</pin_list>
<bind>
<StgValue><ssdm name="ap_fifo_str"/></StgValue>
</bind>
</comp>

<comp id="14" class="1001" name="const_14">
<pin_list>
<pin id="15" dir="1" index="0" bw="1" slack="2147483647"/>
</pin_list>
<bind>
<StgValue><ssdm name=""/></StgValue>
</bind>
</comp>

<comp id="16" class="1001" name="const_16">
<pin_list>
<pin id="17" dir="1" index="0" bw="1" slack="2147483647"/>
</pin_list>
<bind>
<StgValue><ssdm name="p_str"/></StgValue>
</bind>
</comp>

<comp id="18" class="1001" name="const_18">
<pin_list>
<pin id="19" dir="1" index="0" bw="1" slack="2147483647"/>
</pin_list>
<bind>
<StgValue><ssdm name=""/></StgValue>
</bind>
</comp>

<comp id="20" class="1001" name="const_20">
<pin_list>
<pin id="21" dir="1" index="0" bw="1" slack="2147483647"/>
</pin_list>
<bind>
<StgValue><ssdm name=""/></StgValue>
</bind>
</comp>

<comp id="22" class="1001" name="const_22">
<pin_list>
<pin id="23" dir="1" index="0" bw="1" slack="2147483647"/>
</pin_list>
<bind>
<StgValue><ssdm name="ScalarProp_str"/></StgValue>
</bind>
</comp>

<comp id="24" class="1001" name="const_24">
<pin_list>
<pin id="25" dir="1" index="0" bw="1" slack="2147483647"/>
</pin_list>
<bind>
<StgValue><ssdm name=""/></StgValue>
</bind>
</comp>

<comp id="26" class="1001" name="const_26">
<pin_list>
<pin id="27" dir="1" index="0" bw="1" slack="0"/>
</pin_list>
<bind>
<StgValue><ssdm name="_ssdm_op_Read.ap_fifo.i9P0A"/></StgValue>
</bind>
</comp>

<comp id="28" class="1001" name="const_28">
<pin_list>
<pin id="29" dir="1" index="0" bw="1" slack="0"/>
</pin_list>
<bind>
<StgValue><ssdm name="_ssdm_op_Write.ap_fifo.i9P0A"/></StgValue>
</bind>
</comp>

<comp id="30" class="1001" name="const_30">
<pin_list>
<pin id="31" dir="1" index="0" bw="1" slack="0"/>
</pin_list>
<bind>
<StgValue><ssdm name="_ssdm_op_Read.ap_fifo.i8P0A"/></StgValue>
</bind>
</comp>

<comp id="32" class="1001" name="const_32">
<pin_list>
<pin id="33" dir="1" index="0" bw="1" slack="0"/>
</pin_list>
<bind>
<StgValue><ssdm name="_ssdm_op_Write.ap_fifo.i8P0A"/></StgValue>
</bind>
</comp>

<comp id="34" class="1001" name="const_34">
<pin_list>
<pin id="35" dir="1" index="0" bw="1" slack="0"/>
</pin_list>
<bind>
<StgValue><ssdm name="_ssdm_op_Write.ap_auto.volatile.i9P0A"/></StgValue>
</bind>
</comp>

<comp id="36" class="1004" name="h0_read_read_fu_36">
<pin_list>
<pin id="37" dir="0" index="0" bw="9" slack="0"/>
<pin id="38" dir="0" index="1" bw="9" slack="0"/>
<pin id="39" dir="1" index="2" bw="9" slack="0"/>
</pin_list>
<bind>
<opcode="read(1150) " fcode="read"/>
<opset="h0_read/1 "/>
</bind>
</comp>

<comp id="42" class="1004" name="write_ln0_write_fu_42">
<pin_list>
<pin id="43" dir="0" index="0" bw="0" slack="0"/>
<pin id="44" dir="0" index="1" bw="9" slack="0"/>
<pin id="45" dir="0" index="2" bw="9" slack="0"/>
<pin id="46" dir="1" index="3" bw="0" slack="2147483647"/>
</pin_list>
<bind>
<opcode="write(1151) " fcode="write"/>
<opset="write_ln0/1 "/>
</bind>
</comp>

<comp id="50" class="1004" name="tw_eff_loc_i_read_read_fu_50">
<pin_list>
<pin id="51" dir="0" index="0" bw="8" slack="0"/>
<pin id="52" dir="0" index="1" bw="8" slack="0"/>
<pin id="53" dir="1" index="2" bw="8" slack="0"/>
</pin_list>
<bind>
<opcode="read(1150) " fcode="read"/>
<opset="tw_eff_loc_i_read/1 "/>
</bind>
</comp>

<comp id="56" class="1004" name="write_ln0_write_fu_56">
<pin_list>
<pin id="57" dir="0" index="0" bw="0" slack="0"/>
<pin id="58" dir="0" index="1" bw="8" slack="0"/>
<pin id="59" dir="0" index="2" bw="8" slack="0"/>
<pin id="60" dir="1" index="3" bw="0" slack="2147483647"/>
</pin_list>
<bind>
<opcode="write(1151) " fcode="write"/>
<opset="write_ln0/1 "/>
</bind>
</comp>

<comp id="64" class="1004" name="write_ln0_write_fu_64">
<pin_list>
<pin id="65" dir="0" index="0" bw="0" slack="0"/>
<pin id="66" dir="0" index="1" bw="9" slack="0"/>
<pin id="67" dir="0" index="2" bw="9" slack="0"/>
<pin id="68" dir="1" index="3" bw="0" slack="2147483647"/>
</pin_list>
<bind>
<opcode="write(1151) " fcode="write"/>
<opset="write_ln0/1 "/>
</bind>
</comp>

</comp_list>

<net_list>
<net id="40"><net_src comp="26" pin="0"/><net_sink comp="36" pin=0"/></net>

<net id="41"><net_src comp="6" pin="0"/><net_sink comp="36" pin=1"/></net>

<net id="47"><net_src comp="28" pin="0"/><net_sink comp="42" pin=0"/></net>

<net id="48"><net_src comp="8" pin="0"/><net_sink comp="42" pin=1"/></net>

<net id="49"><net_src comp="36" pin="2"/><net_sink comp="42" pin=2"/></net>

<net id="54"><net_src comp="30" pin="0"/><net_sink comp="50" pin=0"/></net>

<net id="55"><net_src comp="2" pin="0"/><net_sink comp="50" pin=1"/></net>

<net id="61"><net_src comp="32" pin="0"/><net_sink comp="56" pin=0"/></net>

<net id="62"><net_src comp="4" pin="0"/><net_sink comp="56" pin=1"/></net>

<net id="63"><net_src comp="50" pin="2"/><net_sink comp="56" pin=2"/></net>

<net id="69"><net_src comp="34" pin="0"/><net_sink comp="64" pin=0"/></net>

<net id="70"><net_src comp="0" pin="0"/><net_sink comp="64" pin=1"/></net>

<net id="71"><net_src comp="36" pin="2"/><net_sink comp="64" pin=2"/></net>

</net_list>

</model> 
---------------- Datapath Model END ------------------

* FSMD analyzer results:
  - Output states:
	Port: return_r | {1 }
	Port: tw_eff_loc_i | {}
	Port: tw_eff_loc_i_c1 | {1 }
	Port: h0 | {}
	Port: h0_c5 | {1 }
 - Input state : 
	Port: entry_proc : return_r | {}
	Port: entry_proc : tw_eff_loc_i | {1 }
	Port: entry_proc : tw_eff_loc_i_c1 | {}
	Port: entry_proc : h0 | {1 }
	Port: entry_proc : h0_c5 | {}
  - Chain level:
	State 1


============================================================
+ Verbose Summary: Datapath Resource usage 
============================================================

* Functional unit list:
|----------|------------------------------|
| Operation|        Functional Unit       |
|----------|------------------------------|
|   read   |      h0_read_read_fu_36      |
|          | tw_eff_loc_i_read_read_fu_50 |
|----------|------------------------------|
|          |     write_ln0_write_fu_42    |
|   write  |     write_ln0_write_fu_56    |
|          |     write_ln0_write_fu_64    |
|----------|------------------------------|
|   Total  |                              |
|----------|------------------------------|

Memories:
N/A

* Register list:
N/A

* Multiplexer (MUX) list: 
|--------|------|------|------|--------|
|  Comp  |  Pin | Size |  BW  | S x BW |
|--------|------|------|------|--------|
|  Total |      |      |      |    0   |
|--------|------|------|------|--------|



* Summary:
+-----------+
|           |
+-----------+
|  Function |
|   Memory  |
|Multiplexer|
|  Register |
+-----------+
|   Total   |
+-----------+
