

================================================================
== Vitis HLS Report for 'fuse_9x9_1x1_Pipeline_Conv2_dot32'
================================================================
* Date:           Tue Oct 21 14:52:22 2025

* Version:        2023.1 (Build 3854077 on May  4 2023)
* Project:        srcnn_hls
* Solution:       solution1 (Vivado IP Flow Target)
* Product family: zynquplus
* Target device:  xck26-sfvc784-2LV-c


================================================================
== Performance Estimates
================================================================
+ Timing: 
    * Summary: 
    +--------+----------+----------+------------+
    |  Clock |  Target  | Estimated| Uncertainty|
    +--------+----------+----------+------------+
    |ap_clk  |  10.00 ns|  7.114 ns|     2.70 ns|
    +--------+----------+----------+------------+

+ Latency: 
    * Summary: 
    +---------+---------+----------+----------+-----+-----+---------+
    |  Latency (cycles) |  Latency (absolute) |  Interval | Pipeline|
    |   min   |   max   |    min   |    max   | min | max |   Type  |
    +---------+---------+----------+----------+-----+-----+---------+
    |       13|       13|  0.130 us|  0.130 us|   13|   13|       no|
    +---------+---------+----------+----------+-----+-----+---------+

    + Detail: 
        * Instance: 
        N/A

        * Loop: 
        +---------------+---------+---------+----------+-----------+-----------+------+----------+
        |               |  Latency (cycles) | Iteration|  Initiation Interval  | Trip |          |
        |   Loop Name   |   min   |   max   |  Latency |  achieved |   target  | Count| Pipelined|
        +---------------+---------+---------+----------+-----------+-----------+------+----------+
        |- Conv2_dot32  |       11|       11|         9|          1|          1|     4|       yes|
        +---------------+---------+---------+----------+-----------+-----------+------+----------+

============================================================
+ Verbose Summary: Synthesis Manager
============================================================
InlineROM: 1
ExposeGlobal: 0
============================================================
+ Verbose Summary: CDFG Model
============================================================
IsTopModel: 0
ResetActiveHigh: 1
IsCombinational: 0
IsDatapathOnly: 0
HasWiredReturn: 1
HasMFsm: 2
HasVarLatency: 1
IsPipeline: 0
IsRtlPipelined: 0
IsInstanceOverlapped: 0
IsDontTouch: 0
HasImplIP: 0
IsGatedGlobalClock: 0

+ Individual pipeline summary: 
  * Pipeline-0: initiation interval (II) = 1, depth = 9


============================================================
+ Verbose Summary: Schedule
============================================================
* Number of FSM states : 9
* Pipeline : 1
  Pipeline-0 : II = 1, D = 9, States = { 1 2 3 4 5 6 7 8 9 }
* Dataflow Pipeline: 0

* FSM state transitions: 
1 --> 2 
2 --> 3 
3 --> 4 
4 --> 5 
5 --> 6 
6 --> 7 
7 --> 8 
8 --> 9 
9 --> 

* FSM state operations: 

State 1 <SV = 0> <Delay = 1.23>
ST_1 : Operation 12 [1/1] (0.00ns)   --->   "%n2 = alloca i32 1"   --->   Operation 12 'alloca' 'n2' <Predicate = true> <Delay = 0.00>
ST_1 : Operation 13 [1/1] (0.00ns)   --->   "%acc1_1_read = read i32 @_ssdm_op_Read.ap_auto.float, i32 %acc1_1"   --->   Operation 13 'read' 'acc1_1_read' <Predicate = true> <Delay = 0.00>
ST_1 : Operation 14 [1/1] (0.00ns)   --->   "%zext_ln103_1_read = read i6 @_ssdm_op_Read.ap_auto.i6, i6 %zext_ln103_1"   --->   Operation 14 'read' 'zext_ln103_1_read' <Predicate = true> <Delay = 0.00>
ST_1 : Operation 15 [1/1] (0.00ns)   --->   "%specmemcore_ln0 = specmemcore void @_ssdm_op_SpecMemCore, i32 %srcnn_float_255_255_float_1_9_9_float_float_64_1_1_f_7, i64 666, i64 18, i64 18446744073709551615"   --->   Operation 15 'specmemcore' 'specmemcore_ln0' <Predicate = true> <Delay = 0.00>
ST_1 : Operation 16 [1/1] (0.00ns)   --->   "%specmemcore_ln0 = specmemcore void @_ssdm_op_SpecMemCore, i32 %srcnn_float_255_255_float_1_9_9_float_float_64_1_1_f_4, i64 666, i64 18, i64 18446744073709551615"   --->   Operation 16 'specmemcore' 'specmemcore_ln0' <Predicate = true> <Delay = 0.00>
ST_1 : Operation 17 [1/1] (0.00ns)   --->   "%specmemcore_ln0 = specmemcore void @_ssdm_op_SpecMemCore, i32 %srcnn_float_255_255_float_1_9_9_float_float_64_1_1_f_3, i64 666, i64 18, i64 18446744073709551615"   --->   Operation 17 'specmemcore' 'specmemcore_ln0' <Predicate = true> <Delay = 0.00>
ST_1 : Operation 18 [1/1] (0.00ns)   --->   "%specmemcore_ln0 = specmemcore void @_ssdm_op_SpecMemCore, i32 %srcnn_float_255_255_float_1_9_9_float_float_64_1_1_f_2, i64 666, i64 18, i64 18446744073709551615"   --->   Operation 18 'specmemcore' 'specmemcore_ln0' <Predicate = true> <Delay = 0.00>
ST_1 : Operation 19 [1/1] (0.00ns)   --->   "%specmemcore_ln0 = specmemcore void @_ssdm_op_SpecMemCore, i32 %srcnn_float_255_255_float_1_9_9_float_float_64_1_1_f_1, i64 666, i64 18, i64 18446744073709551615"   --->   Operation 19 'specmemcore' 'specmemcore_ln0' <Predicate = true> <Delay = 0.00>
ST_1 : Operation 20 [1/1] (0.00ns)   --->   "%specmemcore_ln0 = specmemcore void @_ssdm_op_SpecMemCore, i32 %srcnn_float_255_255_float_1_9_9_float_float_64_1_1_f, i64 666, i64 18, i64 18446744073709551615"   --->   Operation 20 'specmemcore' 'specmemcore_ln0' <Predicate = true> <Delay = 0.00>
ST_1 : Operation 21 [1/1] (0.00ns)   --->   "%specmemcore_ln0 = specmemcore void @_ssdm_op_SpecMemCore, i32 %srcnn_float_255_255_float_1_9_9_float_float_64_1_1_f_6, i64 666, i64 18, i64 18446744073709551615"   --->   Operation 21 'specmemcore' 'specmemcore_ln0' <Predicate = true> <Delay = 0.00>
ST_1 : Operation 22 [1/1] (0.00ns)   --->   "%specmemcore_ln0 = specmemcore void @_ssdm_op_SpecMemCore, i32 %srcnn_float_255_255_float_1_9_9_float_float_64_1_1_f_5, i64 666, i64 18, i64 18446744073709551615"   --->   Operation 22 'specmemcore' 'specmemcore_ln0' <Predicate = true> <Delay = 0.00>
ST_1 : Operation 23 [1/1] (0.42ns)   --->   "%store_ln0 = store i6 0, i6 %n2"   --->   Operation 23 'store' 'store_ln0' <Predicate = true> <Delay = 0.42>
ST_1 : Operation 24 [1/1] (0.00ns)   --->   "%br_ln0 = br void %for.inc88.i.i"   --->   Operation 24 'br' 'br_ln0' <Predicate = true> <Delay = 0.00>
ST_1 : Operation 25 [1/1] (0.00ns)   --->   "%n2_2 = load i6 %n2" [src/srcnn.cpp:129->src/srcnn.cpp:274->src/srcnn.cpp:770]   --->   Operation 25 'load' 'n2_2' <Predicate = true> <Delay = 0.00>
ST_1 : Operation 26 [1/1] (0.00ns)   --->   "%tmp = bitselect i1 @_ssdm_op_BitSelect.i1.i6.i32, i6 %n2_2, i32 5" [src/srcnn.cpp:129->src/srcnn.cpp:274->src/srcnn.cpp:770]   --->   Operation 26 'bitselect' 'tmp' <Predicate = true> <Delay = 0.00>
ST_1 : Operation 27 [1/1] (0.00ns)   --->   "%br_ln129 = br i1 %tmp, void %for.inc88.split.i.i, void %for.inc91.i.i.exitStub" [src/srcnn.cpp:129->src/srcnn.cpp:274->src/srcnn.cpp:770]   --->   Operation 27 'br' 'br_ln129' <Predicate = true> <Delay = 0.00>
ST_1 : Operation 28 [1/1] (0.00ns)   --->   "%lshr_ln2 = partselect i2 @_ssdm_op_PartSelect.i2.i6.i32.i32, i6 %n2_2, i32 3, i32 4" [src/srcnn.cpp:129->src/srcnn.cpp:274->src/srcnn.cpp:770]   --->   Operation 28 'partselect' 'lshr_ln2' <Predicate = (!tmp)> <Delay = 0.00>
ST_1 : Operation 29 [1/1] (0.00ns)   --->   "%add_ln = bitconcatenate i8 @_ssdm_op_BitConcatenate.i8.i2.i6, i2 %lshr_ln2, i6 %zext_ln103_1_read" [src/srcnn.cpp:132->src/srcnn.cpp:274->src/srcnn.cpp:770]   --->   Operation 29 'bitconcatenate' 'add_ln' <Predicate = (!tmp)> <Delay = 0.00>
ST_1 : Operation 30 [1/1] (0.00ns)   --->   "%zext_ln132 = zext i8 %add_ln" [src/srcnn.cpp:132->src/srcnn.cpp:274->src/srcnn.cpp:770]   --->   Operation 30 'zext' 'zext_ln132' <Predicate = (!tmp)> <Delay = 0.00>
ST_1 : Operation 31 [1/1] (0.00ns)   --->   "%srcnn_float_255_255_float_1_9_9_float_float_64_1_1_f_69 = getelementptr i32 %srcnn_float_255_255_float_1_9_9_float_float_64_1_1_f_7, i64 0, i64 %zext_ln132" [src/srcnn.cpp:132->src/srcnn.cpp:274->src/srcnn.cpp:770]   --->   Operation 31 'getelementptr' 'srcnn_float_255_255_float_1_9_9_float_float_64_1_1_f_69' <Predicate = (!tmp)> <Delay = 0.00>
ST_1 : Operation 32 [1/1] (0.00ns)   --->   "%srcnn_float_255_255_float_1_9_9_float_float_64_1_1_f_70 = getelementptr i32 %srcnn_float_255_255_float_1_9_9_float_float_64_1_1_f_6, i64 0, i64 %zext_ln132" [src/srcnn.cpp:132->src/srcnn.cpp:274->src/srcnn.cpp:770]   --->   Operation 32 'getelementptr' 'srcnn_float_255_255_float_1_9_9_float_float_64_1_1_f_70' <Predicate = (!tmp)> <Delay = 0.00>
ST_1 : Operation 33 [1/1] (0.00ns)   --->   "%srcnn_float_255_255_float_1_9_9_float_float_64_1_1_f_71 = getelementptr i32 %srcnn_float_255_255_float_1_9_9_float_float_64_1_1_f_5, i64 0, i64 %zext_ln132" [src/srcnn.cpp:132->src/srcnn.cpp:274->src/srcnn.cpp:770]   --->   Operation 33 'getelementptr' 'srcnn_float_255_255_float_1_9_9_float_float_64_1_1_f_71' <Predicate = (!tmp)> <Delay = 0.00>
ST_1 : Operation 34 [1/1] (0.00ns)   --->   "%srcnn_float_255_255_float_1_9_9_float_float_64_1_1_f_72 = getelementptr i32 %srcnn_float_255_255_float_1_9_9_float_float_64_1_1_f_4, i64 0, i64 %zext_ln132" [src/srcnn.cpp:132->src/srcnn.cpp:274->src/srcnn.cpp:770]   --->   Operation 34 'getelementptr' 'srcnn_float_255_255_float_1_9_9_float_float_64_1_1_f_72' <Predicate = (!tmp)> <Delay = 0.00>
ST_1 : Operation 35 [1/1] (0.00ns)   --->   "%srcnn_float_255_255_float_1_9_9_float_float_64_1_1_f_73 = getelementptr i32 %srcnn_float_255_255_float_1_9_9_float_float_64_1_1_f_3, i64 0, i64 %zext_ln132" [src/srcnn.cpp:132->src/srcnn.cpp:274->src/srcnn.cpp:770]   --->   Operation 35 'getelementptr' 'srcnn_float_255_255_float_1_9_9_float_float_64_1_1_f_73' <Predicate = (!tmp)> <Delay = 0.00>
ST_1 : Operation 36 [1/1] (0.00ns)   --->   "%srcnn_float_255_255_float_1_9_9_float_float_64_1_1_f_74 = getelementptr i32 %srcnn_float_255_255_float_1_9_9_float_float_64_1_1_f_2, i64 0, i64 %zext_ln132" [src/srcnn.cpp:132->src/srcnn.cpp:274->src/srcnn.cpp:770]   --->   Operation 36 'getelementptr' 'srcnn_float_255_255_float_1_9_9_float_float_64_1_1_f_74' <Predicate = (!tmp)> <Delay = 0.00>
ST_1 : Operation 37 [1/1] (0.00ns)   --->   "%srcnn_float_255_255_float_1_9_9_float_float_64_1_1_f_75 = getelementptr i32 %srcnn_float_255_255_float_1_9_9_float_float_64_1_1_f_1, i64 0, i64 %zext_ln132" [src/srcnn.cpp:132->src/srcnn.cpp:274->src/srcnn.cpp:770]   --->   Operation 37 'getelementptr' 'srcnn_float_255_255_float_1_9_9_float_float_64_1_1_f_75' <Predicate = (!tmp)> <Delay = 0.00>
ST_1 : Operation 38 [1/1] (0.00ns)   --->   "%srcnn_float_255_255_float_1_9_9_float_float_64_1_1_f_76 = getelementptr i32 %srcnn_float_255_255_float_1_9_9_float_float_64_1_1_f, i64 0, i64 %zext_ln132" [src/srcnn.cpp:132->src/srcnn.cpp:274->src/srcnn.cpp:770]   --->   Operation 38 'getelementptr' 'srcnn_float_255_255_float_1_9_9_float_float_64_1_1_f_76' <Predicate = (!tmp)> <Delay = 0.00>
ST_1 : Operation 39 [2/2] (1.23ns)   --->   "%srcnn_float_255_255_float_1_9_9_float_float_64_1_1_f_77 = load i8 %srcnn_float_255_255_float_1_9_9_float_float_64_1_1_f_69" [src/srcnn.cpp:132->src/srcnn.cpp:274->src/srcnn.cpp:770]   --->   Operation 39 'load' 'srcnn_float_255_255_float_1_9_9_float_float_64_1_1_f_77' <Predicate = (!tmp)> <Delay = 1.23> <CoreInst = "RAM_1P_BRAM">   --->   Core 90 'RAM_1P_BRAM' <Latency = 1> <II = 1> <Delay = 1.23> <Storage> <Opcode : 'load' 'store'> <Ports = 1> <Width = 32> <Depth = 256> <RAM>
ST_1 : Operation 40 [2/2] (1.23ns)   --->   "%srcnn_float_255_255_float_1_9_9_float_float_64_1_1_f_78 = load i8 %srcnn_float_255_255_float_1_9_9_float_float_64_1_1_f_72" [src/srcnn.cpp:132->src/srcnn.cpp:274->src/srcnn.cpp:770]   --->   Operation 40 'load' 'srcnn_float_255_255_float_1_9_9_float_float_64_1_1_f_78' <Predicate = (!tmp)> <Delay = 1.23> <CoreInst = "RAM_1P_BRAM">   --->   Core 90 'RAM_1P_BRAM' <Latency = 1> <II = 1> <Delay = 1.23> <Storage> <Opcode : 'load' 'store'> <Ports = 1> <Width = 32> <Depth = 256> <RAM>
ST_1 : Operation 41 [2/2] (1.23ns)   --->   "%srcnn_float_255_255_float_1_9_9_float_float_64_1_1_f_79 = load i8 %srcnn_float_255_255_float_1_9_9_float_float_64_1_1_f_73" [src/srcnn.cpp:132->src/srcnn.cpp:274->src/srcnn.cpp:770]   --->   Operation 41 'load' 'srcnn_float_255_255_float_1_9_9_float_float_64_1_1_f_79' <Predicate = (!tmp)> <Delay = 1.23> <CoreInst = "RAM_1P_BRAM">   --->   Core 90 'RAM_1P_BRAM' <Latency = 1> <II = 1> <Delay = 1.23> <Storage> <Opcode : 'load' 'store'> <Ports = 1> <Width = 32> <Depth = 256> <RAM>
ST_1 : Operation 42 [2/2] (1.23ns)   --->   "%srcnn_float_255_255_float_1_9_9_float_float_64_1_1_f_80 = load i8 %srcnn_float_255_255_float_1_9_9_float_float_64_1_1_f_74" [src/srcnn.cpp:132->src/srcnn.cpp:274->src/srcnn.cpp:770]   --->   Operation 42 'load' 'srcnn_float_255_255_float_1_9_9_float_float_64_1_1_f_80' <Predicate = (!tmp)> <Delay = 1.23> <CoreInst = "RAM_1P_BRAM">   --->   Core 90 'RAM_1P_BRAM' <Latency = 1> <II = 1> <Delay = 1.23> <Storage> <Opcode : 'load' 'store'> <Ports = 1> <Width = 32> <Depth = 256> <RAM>
ST_1 : Operation 43 [2/2] (1.23ns)   --->   "%srcnn_float_255_255_float_1_9_9_float_float_64_1_1_f_81 = load i8 %srcnn_float_255_255_float_1_9_9_float_float_64_1_1_f_75" [src/srcnn.cpp:132->src/srcnn.cpp:274->src/srcnn.cpp:770]   --->   Operation 43 'load' 'srcnn_float_255_255_float_1_9_9_float_float_64_1_1_f_81' <Predicate = (!tmp)> <Delay = 1.23> <CoreInst = "RAM_1P_BRAM">   --->   Core 90 'RAM_1P_BRAM' <Latency = 1> <II = 1> <Delay = 1.23> <Storage> <Opcode : 'load' 'store'> <Ports = 1> <Width = 32> <Depth = 256> <RAM>
ST_1 : Operation 44 [2/2] (1.23ns)   --->   "%srcnn_float_255_255_float_1_9_9_float_float_64_1_1_f_82 = load i8 %srcnn_float_255_255_float_1_9_9_float_float_64_1_1_f_76" [src/srcnn.cpp:132->src/srcnn.cpp:274->src/srcnn.cpp:770]   --->   Operation 44 'load' 'srcnn_float_255_255_float_1_9_9_float_float_64_1_1_f_82' <Predicate = (!tmp)> <Delay = 1.23> <CoreInst = "RAM_1P_BRAM">   --->   Core 90 'RAM_1P_BRAM' <Latency = 1> <II = 1> <Delay = 1.23> <Storage> <Opcode : 'load' 'store'> <Ports = 1> <Width = 32> <Depth = 256> <RAM>
ST_1 : Operation 45 [2/2] (1.23ns)   --->   "%srcnn_float_255_255_float_1_9_9_float_float_64_1_1_f_83 = load i8 %srcnn_float_255_255_float_1_9_9_float_float_64_1_1_f_70" [src/srcnn.cpp:132->src/srcnn.cpp:274->src/srcnn.cpp:770]   --->   Operation 45 'load' 'srcnn_float_255_255_float_1_9_9_float_float_64_1_1_f_83' <Predicate = (!tmp)> <Delay = 1.23> <CoreInst = "RAM_1P_BRAM">   --->   Core 90 'RAM_1P_BRAM' <Latency = 1> <II = 1> <Delay = 1.23> <Storage> <Opcode : 'load' 'store'> <Ports = 1> <Width = 32> <Depth = 256> <RAM>
ST_1 : Operation 46 [2/2] (1.23ns)   --->   "%srcnn_float_255_255_float_1_9_9_float_float_64_1_1_f_84 = load i8 %srcnn_float_255_255_float_1_9_9_float_float_64_1_1_f_71" [src/srcnn.cpp:132->src/srcnn.cpp:274->src/srcnn.cpp:770]   --->   Operation 46 'load' 'srcnn_float_255_255_float_1_9_9_float_float_64_1_1_f_84' <Predicate = (!tmp)> <Delay = 1.23> <CoreInst = "RAM_1P_BRAM">   --->   Core 90 'RAM_1P_BRAM' <Latency = 1> <II = 1> <Delay = 1.23> <Storage> <Opcode : 'load' 'store'> <Ports = 1> <Width = 32> <Depth = 256> <RAM>
ST_1 : Operation 47 [1/1] (0.78ns)   --->   "%add_ln129 = add i6 %n2_2, i6 8" [src/srcnn.cpp:129->src/srcnn.cpp:274->src/srcnn.cpp:770]   --->   Operation 47 'add' 'add_ln129' <Predicate = (!tmp)> <Delay = 0.78> <CoreInst = "Adder">   --->   Core 1 'Adder' <Latency = 0> <II = 1> <Delay = 0.78> <FuncUnit> <Opcode : 'add' 'sub'> <InPorts = 2> <OutPorts = 1>
ST_1 : Operation 48 [1/1] (0.42ns)   --->   "%store_ln129 = store i6 %add_ln129, i6 %n2" [src/srcnn.cpp:129->src/srcnn.cpp:274->src/srcnn.cpp:770]   --->   Operation 48 'store' 'store_ln129' <Predicate = (!tmp)> <Delay = 0.42>

State 2 <SV = 1> <Delay = 1.23>
ST_2 : Operation 49 [1/2] (1.23ns)   --->   "%srcnn_float_255_255_float_1_9_9_float_float_64_1_1_f_77 = load i8 %srcnn_float_255_255_float_1_9_9_float_float_64_1_1_f_69" [src/srcnn.cpp:132->src/srcnn.cpp:274->src/srcnn.cpp:770]   --->   Operation 49 'load' 'srcnn_float_255_255_float_1_9_9_float_float_64_1_1_f_77' <Predicate = true> <Delay = 1.23> <CoreInst = "RAM_1P_BRAM">   --->   Core 90 'RAM_1P_BRAM' <Latency = 1> <II = 1> <Delay = 1.23> <Storage> <Opcode : 'load' 'store'> <Ports = 1> <Width = 32> <Depth = 256> <RAM>
ST_2 : Operation 50 [1/2] (1.23ns)   --->   "%srcnn_float_255_255_float_1_9_9_float_float_64_1_1_f_78 = load i8 %srcnn_float_255_255_float_1_9_9_float_float_64_1_1_f_72" [src/srcnn.cpp:132->src/srcnn.cpp:274->src/srcnn.cpp:770]   --->   Operation 50 'load' 'srcnn_float_255_255_float_1_9_9_float_float_64_1_1_f_78' <Predicate = true> <Delay = 1.23> <CoreInst = "RAM_1P_BRAM">   --->   Core 90 'RAM_1P_BRAM' <Latency = 1> <II = 1> <Delay = 1.23> <Storage> <Opcode : 'load' 'store'> <Ports = 1> <Width = 32> <Depth = 256> <RAM>
ST_2 : Operation 51 [1/2] (1.23ns)   --->   "%srcnn_float_255_255_float_1_9_9_float_float_64_1_1_f_79 = load i8 %srcnn_float_255_255_float_1_9_9_float_float_64_1_1_f_73" [src/srcnn.cpp:132->src/srcnn.cpp:274->src/srcnn.cpp:770]   --->   Operation 51 'load' 'srcnn_float_255_255_float_1_9_9_float_float_64_1_1_f_79' <Predicate = true> <Delay = 1.23> <CoreInst = "RAM_1P_BRAM">   --->   Core 90 'RAM_1P_BRAM' <Latency = 1> <II = 1> <Delay = 1.23> <Storage> <Opcode : 'load' 'store'> <Ports = 1> <Width = 32> <Depth = 256> <RAM>
ST_2 : Operation 52 [1/2] (1.23ns)   --->   "%srcnn_float_255_255_float_1_9_9_float_float_64_1_1_f_80 = load i8 %srcnn_float_255_255_float_1_9_9_float_float_64_1_1_f_74" [src/srcnn.cpp:132->src/srcnn.cpp:274->src/srcnn.cpp:770]   --->   Operation 52 'load' 'srcnn_float_255_255_float_1_9_9_float_float_64_1_1_f_80' <Predicate = true> <Delay = 1.23> <CoreInst = "RAM_1P_BRAM">   --->   Core 90 'RAM_1P_BRAM' <Latency = 1> <II = 1> <Delay = 1.23> <Storage> <Opcode : 'load' 'store'> <Ports = 1> <Width = 32> <Depth = 256> <RAM>
ST_2 : Operation 53 [1/2] (1.23ns)   --->   "%srcnn_float_255_255_float_1_9_9_float_float_64_1_1_f_81 = load i8 %srcnn_float_255_255_float_1_9_9_float_float_64_1_1_f_75" [src/srcnn.cpp:132->src/srcnn.cpp:274->src/srcnn.cpp:770]   --->   Operation 53 'load' 'srcnn_float_255_255_float_1_9_9_float_float_64_1_1_f_81' <Predicate = true> <Delay = 1.23> <CoreInst = "RAM_1P_BRAM">   --->   Core 90 'RAM_1P_BRAM' <Latency = 1> <II = 1> <Delay = 1.23> <Storage> <Opcode : 'load' 'store'> <Ports = 1> <Width = 32> <Depth = 256> <RAM>
ST_2 : Operation 54 [1/2] (1.23ns)   --->   "%srcnn_float_255_255_float_1_9_9_float_float_64_1_1_f_82 = load i8 %srcnn_float_255_255_float_1_9_9_float_float_64_1_1_f_76" [src/srcnn.cpp:132->src/srcnn.cpp:274->src/srcnn.cpp:770]   --->   Operation 54 'load' 'srcnn_float_255_255_float_1_9_9_float_float_64_1_1_f_82' <Predicate = true> <Delay = 1.23> <CoreInst = "RAM_1P_BRAM">   --->   Core 90 'RAM_1P_BRAM' <Latency = 1> <II = 1> <Delay = 1.23> <Storage> <Opcode : 'load' 'store'> <Ports = 1> <Width = 32> <Depth = 256> <RAM>
ST_2 : Operation 55 [1/2] (1.23ns)   --->   "%srcnn_float_255_255_float_1_9_9_float_float_64_1_1_f_83 = load i8 %srcnn_float_255_255_float_1_9_9_float_float_64_1_1_f_70" [src/srcnn.cpp:132->src/srcnn.cpp:274->src/srcnn.cpp:770]   --->   Operation 55 'load' 'srcnn_float_255_255_float_1_9_9_float_float_64_1_1_f_83' <Predicate = true> <Delay = 1.23> <CoreInst = "RAM_1P_BRAM">   --->   Core 90 'RAM_1P_BRAM' <Latency = 1> <II = 1> <Delay = 1.23> <Storage> <Opcode : 'load' 'store'> <Ports = 1> <Width = 32> <Depth = 256> <RAM>
ST_2 : Operation 56 [1/2] (1.23ns)   --->   "%srcnn_float_255_255_float_1_9_9_float_float_64_1_1_f_84 = load i8 %srcnn_float_255_255_float_1_9_9_float_float_64_1_1_f_71" [src/srcnn.cpp:132->src/srcnn.cpp:274->src/srcnn.cpp:770]   --->   Operation 56 'load' 'srcnn_float_255_255_float_1_9_9_float_float_64_1_1_f_84' <Predicate = true> <Delay = 1.23> <CoreInst = "RAM_1P_BRAM">   --->   Core 90 'RAM_1P_BRAM' <Latency = 1> <II = 1> <Delay = 1.23> <Storage> <Opcode : 'load' 'store'> <Ports = 1> <Width = 32> <Depth = 256> <RAM>

State 3 <SV = 2> <Delay = 7.01>
ST_3 : [1/1] (0.76ns)   --->   Input mux for Operation 57 '%mul1_i_i = fmul i32 %srcnn_float_255_255_float_1_9_9_float_float_64_1_1_f_77, i32 %acc1_1_read'
ST_3 : Operation 57 [3/3] (6.25ns)   --->   "%mul1_i_i = fmul i32 %srcnn_float_255_255_float_1_9_9_float_float_64_1_1_f_77, i32 %acc1_1_read" [src/srcnn.cpp:132->src/srcnn.cpp:274->src/srcnn.cpp:770]   --->   Operation 57 'fmul' 'mul1_i_i' <Predicate = true> <Delay = 6.25> <CoreInst = "FMul_maxdsp">   --->   Core 30 'FMul_maxdsp' <Latency = 2> <II = 1> <Delay = 7.01> <FuncUnit> <Opcode : 'fmul'> <InPorts = 2> <OutPorts = 1>
ST_3 : [1/1] (0.76ns)   --->   Input mux for Operation 58 '%mul84_1_i_i = fmul i32 %srcnn_float_255_255_float_1_9_9_float_float_64_1_1_f_78, i32 %acc1_1_read'
ST_3 : Operation 58 [3/3] (6.25ns)   --->   "%mul84_1_i_i = fmul i32 %srcnn_float_255_255_float_1_9_9_float_float_64_1_1_f_78, i32 %acc1_1_read" [src/srcnn.cpp:132->src/srcnn.cpp:274->src/srcnn.cpp:770]   --->   Operation 58 'fmul' 'mul84_1_i_i' <Predicate = true> <Delay = 6.25> <CoreInst = "FMul_maxdsp">   --->   Core 30 'FMul_maxdsp' <Latency = 2> <II = 1> <Delay = 7.01> <FuncUnit> <Opcode : 'fmul'> <InPorts = 2> <OutPorts = 1>
ST_3 : [1/1] (0.76ns)   --->   Input mux for Operation 59 '%mul84_2_i_i = fmul i32 %srcnn_float_255_255_float_1_9_9_float_float_64_1_1_f_79, i32 %acc1_1_read'
ST_3 : Operation 59 [3/3] (6.25ns)   --->   "%mul84_2_i_i = fmul i32 %srcnn_float_255_255_float_1_9_9_float_float_64_1_1_f_79, i32 %acc1_1_read" [src/srcnn.cpp:132->src/srcnn.cpp:274->src/srcnn.cpp:770]   --->   Operation 59 'fmul' 'mul84_2_i_i' <Predicate = true> <Delay = 6.25> <CoreInst = "FMul_maxdsp">   --->   Core 30 'FMul_maxdsp' <Latency = 2> <II = 1> <Delay = 7.01> <FuncUnit> <Opcode : 'fmul'> <InPorts = 2> <OutPorts = 1>
ST_3 : [1/1] (0.76ns)   --->   Input mux for Operation 60 '%mul84_3_i_i = fmul i32 %srcnn_float_255_255_float_1_9_9_float_float_64_1_1_f_80, i32 %acc1_1_read'
ST_3 : Operation 60 [3/3] (6.25ns)   --->   "%mul84_3_i_i = fmul i32 %srcnn_float_255_255_float_1_9_9_float_float_64_1_1_f_80, i32 %acc1_1_read" [src/srcnn.cpp:132->src/srcnn.cpp:274->src/srcnn.cpp:770]   --->   Operation 60 'fmul' 'mul84_3_i_i' <Predicate = true> <Delay = 6.25> <CoreInst = "FMul_maxdsp">   --->   Core 30 'FMul_maxdsp' <Latency = 2> <II = 1> <Delay = 7.01> <FuncUnit> <Opcode : 'fmul'> <InPorts = 2> <OutPorts = 1>
ST_3 : [1/1] (0.76ns)   --->   Input mux for Operation 61 '%mul84_4_i_i = fmul i32 %srcnn_float_255_255_float_1_9_9_float_float_64_1_1_f_81, i32 %acc1_1_read'
ST_3 : Operation 61 [3/3] (6.25ns)   --->   "%mul84_4_i_i = fmul i32 %srcnn_float_255_255_float_1_9_9_float_float_64_1_1_f_81, i32 %acc1_1_read" [src/srcnn.cpp:132->src/srcnn.cpp:274->src/srcnn.cpp:770]   --->   Operation 61 'fmul' 'mul84_4_i_i' <Predicate = true> <Delay = 6.25> <CoreInst = "FMul_maxdsp">   --->   Core 30 'FMul_maxdsp' <Latency = 2> <II = 1> <Delay = 7.01> <FuncUnit> <Opcode : 'fmul'> <InPorts = 2> <OutPorts = 1>
ST_3 : [1/1] (0.76ns)   --->   Input mux for Operation 62 '%mul84_5_i_i = fmul i32 %srcnn_float_255_255_float_1_9_9_float_float_64_1_1_f_82, i32 %acc1_1_read'
ST_3 : Operation 62 [3/3] (6.25ns)   --->   "%mul84_5_i_i = fmul i32 %srcnn_float_255_255_float_1_9_9_float_float_64_1_1_f_82, i32 %acc1_1_read" [src/srcnn.cpp:132->src/srcnn.cpp:274->src/srcnn.cpp:770]   --->   Operation 62 'fmul' 'mul84_5_i_i' <Predicate = true> <Delay = 6.25> <CoreInst = "FMul_maxdsp">   --->   Core 30 'FMul_maxdsp' <Latency = 2> <II = 1> <Delay = 7.01> <FuncUnit> <Opcode : 'fmul'> <InPorts = 2> <OutPorts = 1>
ST_3 : [1/1] (0.76ns)   --->   Input mux for Operation 63 '%mul84_6_i_i = fmul i32 %srcnn_float_255_255_float_1_9_9_float_float_64_1_1_f_83, i32 %acc1_1_read'
ST_3 : Operation 63 [3/3] (6.25ns)   --->   "%mul84_6_i_i = fmul i32 %srcnn_float_255_255_float_1_9_9_float_float_64_1_1_f_83, i32 %acc1_1_read" [src/srcnn.cpp:132->src/srcnn.cpp:274->src/srcnn.cpp:770]   --->   Operation 63 'fmul' 'mul84_6_i_i' <Predicate = true> <Delay = 6.25> <CoreInst = "FMul_maxdsp">   --->   Core 30 'FMul_maxdsp' <Latency = 2> <II = 1> <Delay = 7.01> <FuncUnit> <Opcode : 'fmul'> <InPorts = 2> <OutPorts = 1>
ST_3 : [1/1] (0.76ns)   --->   Input mux for Operation 64 '%mul84_7_i_i = fmul i32 %srcnn_float_255_255_float_1_9_9_float_float_64_1_1_f_84, i32 %acc1_1_read'
ST_3 : Operation 64 [3/3] (6.25ns)   --->   "%mul84_7_i_i = fmul i32 %srcnn_float_255_255_float_1_9_9_float_float_64_1_1_f_84, i32 %acc1_1_read" [src/srcnn.cpp:132->src/srcnn.cpp:274->src/srcnn.cpp:770]   --->   Operation 64 'fmul' 'mul84_7_i_i' <Predicate = true> <Delay = 6.25> <CoreInst = "FMul_maxdsp">   --->   Core 30 'FMul_maxdsp' <Latency = 2> <II = 1> <Delay = 7.01> <FuncUnit> <Opcode : 'fmul'> <InPorts = 2> <OutPorts = 1>

State 4 <SV = 3> <Delay = 7.01>
ST_4 : Operation 65 [2/3] (7.01ns)   --->   "%mul1_i_i = fmul i32 %srcnn_float_255_255_float_1_9_9_float_float_64_1_1_f_77, i32 %acc1_1_read" [src/srcnn.cpp:132->src/srcnn.cpp:274->src/srcnn.cpp:770]   --->   Operation 65 'fmul' 'mul1_i_i' <Predicate = true> <Delay = 7.01> <CoreInst = "FMul_maxdsp">   --->   Core 30 'FMul_maxdsp' <Latency = 2> <II = 1> <Delay = 7.01> <FuncUnit> <Opcode : 'fmul'> <InPorts = 2> <OutPorts = 1>
ST_4 : Operation 66 [2/3] (7.01ns)   --->   "%mul84_1_i_i = fmul i32 %srcnn_float_255_255_float_1_9_9_float_float_64_1_1_f_78, i32 %acc1_1_read" [src/srcnn.cpp:132->src/srcnn.cpp:274->src/srcnn.cpp:770]   --->   Operation 66 'fmul' 'mul84_1_i_i' <Predicate = true> <Delay = 7.01> <CoreInst = "FMul_maxdsp">   --->   Core 30 'FMul_maxdsp' <Latency = 2> <II = 1> <Delay = 7.01> <FuncUnit> <Opcode : 'fmul'> <InPorts = 2> <OutPorts = 1>
ST_4 : Operation 67 [2/3] (7.01ns)   --->   "%mul84_2_i_i = fmul i32 %srcnn_float_255_255_float_1_9_9_float_float_64_1_1_f_79, i32 %acc1_1_read" [src/srcnn.cpp:132->src/srcnn.cpp:274->src/srcnn.cpp:770]   --->   Operation 67 'fmul' 'mul84_2_i_i' <Predicate = true> <Delay = 7.01> <CoreInst = "FMul_maxdsp">   --->   Core 30 'FMul_maxdsp' <Latency = 2> <II = 1> <Delay = 7.01> <FuncUnit> <Opcode : 'fmul'> <InPorts = 2> <OutPorts = 1>
ST_4 : Operation 68 [2/3] (7.01ns)   --->   "%mul84_3_i_i = fmul i32 %srcnn_float_255_255_float_1_9_9_float_float_64_1_1_f_80, i32 %acc1_1_read" [src/srcnn.cpp:132->src/srcnn.cpp:274->src/srcnn.cpp:770]   --->   Operation 68 'fmul' 'mul84_3_i_i' <Predicate = true> <Delay = 7.01> <CoreInst = "FMul_maxdsp">   --->   Core 30 'FMul_maxdsp' <Latency = 2> <II = 1> <Delay = 7.01> <FuncUnit> <Opcode : 'fmul'> <InPorts = 2> <OutPorts = 1>
ST_4 : Operation 69 [2/3] (7.01ns)   --->   "%mul84_4_i_i = fmul i32 %srcnn_float_255_255_float_1_9_9_float_float_64_1_1_f_81, i32 %acc1_1_read" [src/srcnn.cpp:132->src/srcnn.cpp:274->src/srcnn.cpp:770]   --->   Operation 69 'fmul' 'mul84_4_i_i' <Predicate = true> <Delay = 7.01> <CoreInst = "FMul_maxdsp">   --->   Core 30 'FMul_maxdsp' <Latency = 2> <II = 1> <Delay = 7.01> <FuncUnit> <Opcode : 'fmul'> <InPorts = 2> <OutPorts = 1>
ST_4 : Operation 70 [2/3] (7.01ns)   --->   "%mul84_5_i_i = fmul i32 %srcnn_float_255_255_float_1_9_9_float_float_64_1_1_f_82, i32 %acc1_1_read" [src/srcnn.cpp:132->src/srcnn.cpp:274->src/srcnn.cpp:770]   --->   Operation 70 'fmul' 'mul84_5_i_i' <Predicate = true> <Delay = 7.01> <CoreInst = "FMul_maxdsp">   --->   Core 30 'FMul_maxdsp' <Latency = 2> <II = 1> <Delay = 7.01> <FuncUnit> <Opcode : 'fmul'> <InPorts = 2> <OutPorts = 1>
ST_4 : Operation 71 [2/3] (7.01ns)   --->   "%mul84_6_i_i = fmul i32 %srcnn_float_255_255_float_1_9_9_float_float_64_1_1_f_83, i32 %acc1_1_read" [src/srcnn.cpp:132->src/srcnn.cpp:274->src/srcnn.cpp:770]   --->   Operation 71 'fmul' 'mul84_6_i_i' <Predicate = true> <Delay = 7.01> <CoreInst = "FMul_maxdsp">   --->   Core 30 'FMul_maxdsp' <Latency = 2> <II = 1> <Delay = 7.01> <FuncUnit> <Opcode : 'fmul'> <InPorts = 2> <OutPorts = 1>
ST_4 : Operation 72 [2/3] (7.01ns)   --->   "%mul84_7_i_i = fmul i32 %srcnn_float_255_255_float_1_9_9_float_float_64_1_1_f_84, i32 %acc1_1_read" [src/srcnn.cpp:132->src/srcnn.cpp:274->src/srcnn.cpp:770]   --->   Operation 72 'fmul' 'mul84_7_i_i' <Predicate = true> <Delay = 7.01> <CoreInst = "FMul_maxdsp">   --->   Core 30 'FMul_maxdsp' <Latency = 2> <II = 1> <Delay = 7.01> <FuncUnit> <Opcode : 'fmul'> <InPorts = 2> <OutPorts = 1>

State 5 <SV = 4> <Delay = 7.01>
ST_5 : Operation 73 [1/1] (0.00ns)   --->   "%zext_ln129 = zext i2 %lshr_ln2" [src/srcnn.cpp:129->src/srcnn.cpp:274->src/srcnn.cpp:770]   --->   Operation 73 'zext' 'zext_ln129' <Predicate = true> <Delay = 0.00>
ST_5 : Operation 74 [1/3] (7.01ns)   --->   "%mul1_i_i = fmul i32 %srcnn_float_255_255_float_1_9_9_float_float_64_1_1_f_77, i32 %acc1_1_read" [src/srcnn.cpp:132->src/srcnn.cpp:274->src/srcnn.cpp:770]   --->   Operation 74 'fmul' 'mul1_i_i' <Predicate = true> <Delay = 7.01> <CoreInst = "FMul_maxdsp">   --->   Core 30 'FMul_maxdsp' <Latency = 2> <II = 1> <Delay = 7.01> <FuncUnit> <Opcode : 'fmul'> <InPorts = 2> <OutPorts = 1>
ST_5 : Operation 75 [1/1] (0.00ns)   --->   "%acc2_addr = getelementptr i32 %acc2, i64 0, i64 %zext_ln129" [src/srcnn.cpp:132->src/srcnn.cpp:274->src/srcnn.cpp:770]   --->   Operation 75 'getelementptr' 'acc2_addr' <Predicate = true> <Delay = 0.00>
ST_5 : Operation 76 [2/2] (0.67ns)   --->   "%acc2_load = load i2 %acc2_addr" [src/srcnn.cpp:132->src/srcnn.cpp:274->src/srcnn.cpp:770]   --->   Operation 76 'load' 'acc2_load' <Predicate = true> <Delay = 0.67> <CoreInst = "RAM">   --->   Core 83 'RAM' <Latency = 1> <II = 1> <Delay = 0.67> <Storage> <Opcode : 'load' 'store'> <Ports = 2> <Width = 32> <Depth = 4> <RAM>
ST_5 : Operation 77 [1/1] (0.00ns)   --->   "%acc2_1_addr = getelementptr i32 %acc2_1, i64 0, i64 %zext_ln129" [src/srcnn.cpp:132->src/srcnn.cpp:274->src/srcnn.cpp:770]   --->   Operation 77 'getelementptr' 'acc2_1_addr' <Predicate = true> <Delay = 0.00>
ST_5 : Operation 78 [1/1] (0.00ns)   --->   "%acc2_2_addr = getelementptr i32 %acc2_2, i64 0, i64 %zext_ln129" [src/srcnn.cpp:132->src/srcnn.cpp:274->src/srcnn.cpp:770]   --->   Operation 78 'getelementptr' 'acc2_2_addr' <Predicate = true> <Delay = 0.00>
ST_5 : Operation 79 [1/1] (0.00ns)   --->   "%acc2_3_addr = getelementptr i32 %acc2_3, i64 0, i64 %zext_ln129" [src/srcnn.cpp:132->src/srcnn.cpp:274->src/srcnn.cpp:770]   --->   Operation 79 'getelementptr' 'acc2_3_addr' <Predicate = true> <Delay = 0.00>
ST_5 : Operation 80 [1/1] (0.00ns)   --->   "%acc2_4_addr = getelementptr i32 %acc2_4, i64 0, i64 %zext_ln129" [src/srcnn.cpp:132->src/srcnn.cpp:274->src/srcnn.cpp:770]   --->   Operation 80 'getelementptr' 'acc2_4_addr' <Predicate = true> <Delay = 0.00>
ST_5 : Operation 81 [1/1] (0.00ns)   --->   "%acc2_5_addr = getelementptr i32 %acc2_5, i64 0, i64 %zext_ln129" [src/srcnn.cpp:132->src/srcnn.cpp:274->src/srcnn.cpp:770]   --->   Operation 81 'getelementptr' 'acc2_5_addr' <Predicate = true> <Delay = 0.00>
ST_5 : Operation 82 [1/1] (0.00ns)   --->   "%acc2_6_addr = getelementptr i32 %acc2_6, i64 0, i64 %zext_ln129" [src/srcnn.cpp:132->src/srcnn.cpp:274->src/srcnn.cpp:770]   --->   Operation 82 'getelementptr' 'acc2_6_addr' <Predicate = true> <Delay = 0.00>
ST_5 : Operation 83 [1/3] (7.01ns)   --->   "%mul84_1_i_i = fmul i32 %srcnn_float_255_255_float_1_9_9_float_float_64_1_1_f_78, i32 %acc1_1_read" [src/srcnn.cpp:132->src/srcnn.cpp:274->src/srcnn.cpp:770]   --->   Operation 83 'fmul' 'mul84_1_i_i' <Predicate = true> <Delay = 7.01> <CoreInst = "FMul_maxdsp">   --->   Core 30 'FMul_maxdsp' <Latency = 2> <II = 1> <Delay = 7.01> <FuncUnit> <Opcode : 'fmul'> <InPorts = 2> <OutPorts = 1>
ST_5 : Operation 84 [1/3] (7.01ns)   --->   "%mul84_2_i_i = fmul i32 %srcnn_float_255_255_float_1_9_9_float_float_64_1_1_f_79, i32 %acc1_1_read" [src/srcnn.cpp:132->src/srcnn.cpp:274->src/srcnn.cpp:770]   --->   Operation 84 'fmul' 'mul84_2_i_i' <Predicate = true> <Delay = 7.01> <CoreInst = "FMul_maxdsp">   --->   Core 30 'FMul_maxdsp' <Latency = 2> <II = 1> <Delay = 7.01> <FuncUnit> <Opcode : 'fmul'> <InPorts = 2> <OutPorts = 1>
ST_5 : Operation 85 [1/3] (7.01ns)   --->   "%mul84_3_i_i = fmul i32 %srcnn_float_255_255_float_1_9_9_float_float_64_1_1_f_80, i32 %acc1_1_read" [src/srcnn.cpp:132->src/srcnn.cpp:274->src/srcnn.cpp:770]   --->   Operation 85 'fmul' 'mul84_3_i_i' <Predicate = true> <Delay = 7.01> <CoreInst = "FMul_maxdsp">   --->   Core 30 'FMul_maxdsp' <Latency = 2> <II = 1> <Delay = 7.01> <FuncUnit> <Opcode : 'fmul'> <InPorts = 2> <OutPorts = 1>
ST_5 : Operation 86 [1/3] (7.01ns)   --->   "%mul84_4_i_i = fmul i32 %srcnn_float_255_255_float_1_9_9_float_float_64_1_1_f_81, i32 %acc1_1_read" [src/srcnn.cpp:132->src/srcnn.cpp:274->src/srcnn.cpp:770]   --->   Operation 86 'fmul' 'mul84_4_i_i' <Predicate = true> <Delay = 7.01> <CoreInst = "FMul_maxdsp">   --->   Core 30 'FMul_maxdsp' <Latency = 2> <II = 1> <Delay = 7.01> <FuncUnit> <Opcode : 'fmul'> <InPorts = 2> <OutPorts = 1>
ST_5 : Operation 87 [1/3] (7.01ns)   --->   "%mul84_5_i_i = fmul i32 %srcnn_float_255_255_float_1_9_9_float_float_64_1_1_f_82, i32 %acc1_1_read" [src/srcnn.cpp:132->src/srcnn.cpp:274->src/srcnn.cpp:770]   --->   Operation 87 'fmul' 'mul84_5_i_i' <Predicate = true> <Delay = 7.01> <CoreInst = "FMul_maxdsp">   --->   Core 30 'FMul_maxdsp' <Latency = 2> <II = 1> <Delay = 7.01> <FuncUnit> <Opcode : 'fmul'> <InPorts = 2> <OutPorts = 1>
ST_5 : Operation 88 [1/3] (7.01ns)   --->   "%mul84_6_i_i = fmul i32 %srcnn_float_255_255_float_1_9_9_float_float_64_1_1_f_83, i32 %acc1_1_read" [src/srcnn.cpp:132->src/srcnn.cpp:274->src/srcnn.cpp:770]   --->   Operation 88 'fmul' 'mul84_6_i_i' <Predicate = true> <Delay = 7.01> <CoreInst = "FMul_maxdsp">   --->   Core 30 'FMul_maxdsp' <Latency = 2> <II = 1> <Delay = 7.01> <FuncUnit> <Opcode : 'fmul'> <InPorts = 2> <OutPorts = 1>
ST_5 : Operation 89 [1/3] (7.01ns)   --->   "%mul84_7_i_i = fmul i32 %srcnn_float_255_255_float_1_9_9_float_float_64_1_1_f_84, i32 %acc1_1_read" [src/srcnn.cpp:132->src/srcnn.cpp:274->src/srcnn.cpp:770]   --->   Operation 89 'fmul' 'mul84_7_i_i' <Predicate = true> <Delay = 7.01> <CoreInst = "FMul_maxdsp">   --->   Core 30 'FMul_maxdsp' <Latency = 2> <II = 1> <Delay = 7.01> <FuncUnit> <Opcode : 'fmul'> <InPorts = 2> <OutPorts = 1>
ST_5 : Operation 90 [1/1] (0.00ns)   --->   "%acc2_7_addr = getelementptr i32 %acc2_7, i64 0, i64 %zext_ln129" [src/srcnn.cpp:132->src/srcnn.cpp:274->src/srcnn.cpp:770]   --->   Operation 90 'getelementptr' 'acc2_7_addr' <Predicate = true> <Delay = 0.00>
ST_5 : Operation 91 [2/2] (0.67ns)   --->   "%acc2_1_load = load i2 %acc2_1_addr" [src/srcnn.cpp:132->src/srcnn.cpp:274->src/srcnn.cpp:770]   --->   Operation 91 'load' 'acc2_1_load' <Predicate = true> <Delay = 0.67> <CoreInst = "RAM">   --->   Core 83 'RAM' <Latency = 1> <II = 1> <Delay = 0.67> <Storage> <Opcode : 'load' 'store'> <Ports = 2> <Width = 32> <Depth = 4> <RAM>
ST_5 : Operation 92 [2/2] (0.67ns)   --->   "%acc2_2_load = load i2 %acc2_2_addr" [src/srcnn.cpp:132->src/srcnn.cpp:274->src/srcnn.cpp:770]   --->   Operation 92 'load' 'acc2_2_load' <Predicate = true> <Delay = 0.67> <CoreInst = "RAM">   --->   Core 83 'RAM' <Latency = 1> <II = 1> <Delay = 0.67> <Storage> <Opcode : 'load' 'store'> <Ports = 2> <Width = 32> <Depth = 4> <RAM>
ST_5 : Operation 93 [2/2] (0.67ns)   --->   "%acc2_3_load = load i2 %acc2_3_addr" [src/srcnn.cpp:132->src/srcnn.cpp:274->src/srcnn.cpp:770]   --->   Operation 93 'load' 'acc2_3_load' <Predicate = true> <Delay = 0.67> <CoreInst = "RAM">   --->   Core 83 'RAM' <Latency = 1> <II = 1> <Delay = 0.67> <Storage> <Opcode : 'load' 'store'> <Ports = 2> <Width = 32> <Depth = 4> <RAM>
ST_5 : Operation 94 [2/2] (0.67ns)   --->   "%acc2_4_load = load i2 %acc2_4_addr" [src/srcnn.cpp:132->src/srcnn.cpp:274->src/srcnn.cpp:770]   --->   Operation 94 'load' 'acc2_4_load' <Predicate = true> <Delay = 0.67> <CoreInst = "RAM">   --->   Core 83 'RAM' <Latency = 1> <II = 1> <Delay = 0.67> <Storage> <Opcode : 'load' 'store'> <Ports = 2> <Width = 32> <Depth = 4> <RAM>
ST_5 : Operation 95 [2/2] (0.67ns)   --->   "%acc2_5_load = load i2 %acc2_5_addr" [src/srcnn.cpp:132->src/srcnn.cpp:274->src/srcnn.cpp:770]   --->   Operation 95 'load' 'acc2_5_load' <Predicate = true> <Delay = 0.67> <CoreInst = "RAM">   --->   Core 83 'RAM' <Latency = 1> <II = 1> <Delay = 0.67> <Storage> <Opcode : 'load' 'store'> <Ports = 2> <Width = 32> <Depth = 4> <RAM>
ST_5 : Operation 96 [2/2] (0.67ns)   --->   "%acc2_6_load = load i2 %acc2_6_addr" [src/srcnn.cpp:132->src/srcnn.cpp:274->src/srcnn.cpp:770]   --->   Operation 96 'load' 'acc2_6_load' <Predicate = true> <Delay = 0.67> <CoreInst = "RAM">   --->   Core 83 'RAM' <Latency = 1> <II = 1> <Delay = 0.67> <Storage> <Opcode : 'load' 'store'> <Ports = 2> <Width = 32> <Depth = 4> <RAM>
ST_5 : Operation 97 [2/2] (0.67ns)   --->   "%acc2_7_load = load i2 %acc2_7_addr" [src/srcnn.cpp:132->src/srcnn.cpp:274->src/srcnn.cpp:770]   --->   Operation 97 'load' 'acc2_7_load' <Predicate = true> <Delay = 0.67> <CoreInst = "RAM">   --->   Core 83 'RAM' <Latency = 1> <II = 1> <Delay = 0.67> <Storage> <Opcode : 'load' 'store'> <Ports = 2> <Width = 32> <Depth = 4> <RAM>

State 6 <SV = 5> <Delay = 7.11>
ST_6 : Operation 98 [1/2] (0.67ns)   --->   "%acc2_load = load i2 %acc2_addr" [src/srcnn.cpp:132->src/srcnn.cpp:274->src/srcnn.cpp:770]   --->   Operation 98 'load' 'acc2_load' <Predicate = true> <Delay = 0.67> <CoreInst = "RAM">   --->   Core 83 'RAM' <Latency = 1> <II = 1> <Delay = 0.67> <Storage> <Opcode : 'load' 'store'> <Ports = 2> <Width = 32> <Depth = 4> <RAM>
ST_6 : [1/1] (0.73ns)   --->   Input mux for Operation 99 '%add3_i_i = fadd i32 %acc2_load, i32 %mul1_i_i'
ST_6 : Operation 99 [4/4] (5.69ns)   --->   "%add3_i_i = fadd i32 %acc2_load, i32 %mul1_i_i" [src/srcnn.cpp:132->src/srcnn.cpp:274->src/srcnn.cpp:770]   --->   Operation 99 'fadd' 'add3_i_i' <Predicate = true> <Delay = 5.69> <CoreInst = "FAddSub_fulldsp">   --->   Core 18 'FAddSub_fulldsp' <Latency = 3> <II = 1> <Delay = 6.43> <FuncUnit> <Opcode : 'fadd' 'fsub'> <InPorts = 2> <OutPorts = 1>
ST_6 : Operation 100 [1/2] (0.67ns)   --->   "%acc2_1_load = load i2 %acc2_1_addr" [src/srcnn.cpp:132->src/srcnn.cpp:274->src/srcnn.cpp:770]   --->   Operation 100 'load' 'acc2_1_load' <Predicate = true> <Delay = 0.67> <CoreInst = "RAM">   --->   Core 83 'RAM' <Latency = 1> <II = 1> <Delay = 0.67> <Storage> <Opcode : 'load' 'store'> <Ports = 2> <Width = 32> <Depth = 4> <RAM>
ST_6 : [1/1] (0.73ns)   --->   Input mux for Operation 101 '%add87_1_i_i = fadd i32 %acc2_1_load, i32 %mul84_1_i_i'
ST_6 : Operation 101 [4/4] (5.69ns)   --->   "%add87_1_i_i = fadd i32 %acc2_1_load, i32 %mul84_1_i_i" [src/srcnn.cpp:132->src/srcnn.cpp:274->src/srcnn.cpp:770]   --->   Operation 101 'fadd' 'add87_1_i_i' <Predicate = true> <Delay = 5.69> <CoreInst = "FAddSub_fulldsp">   --->   Core 18 'FAddSub_fulldsp' <Latency = 3> <II = 1> <Delay = 6.43> <FuncUnit> <Opcode : 'fadd' 'fsub'> <InPorts = 2> <OutPorts = 1>
ST_6 : Operation 102 [1/2] (0.67ns)   --->   "%acc2_2_load = load i2 %acc2_2_addr" [src/srcnn.cpp:132->src/srcnn.cpp:274->src/srcnn.cpp:770]   --->   Operation 102 'load' 'acc2_2_load' <Predicate = true> <Delay = 0.67> <CoreInst = "RAM">   --->   Core 83 'RAM' <Latency = 1> <II = 1> <Delay = 0.67> <Storage> <Opcode : 'load' 'store'> <Ports = 2> <Width = 32> <Depth = 4> <RAM>
ST_6 : [1/1] (0.73ns)   --->   Input mux for Operation 103 '%add87_2_i_i = fadd i32 %acc2_2_load, i32 %mul84_2_i_i'
ST_6 : Operation 103 [4/4] (5.69ns)   --->   "%add87_2_i_i = fadd i32 %acc2_2_load, i32 %mul84_2_i_i" [src/srcnn.cpp:132->src/srcnn.cpp:274->src/srcnn.cpp:770]   --->   Operation 103 'fadd' 'add87_2_i_i' <Predicate = true> <Delay = 5.69> <CoreInst = "FAddSub_fulldsp">   --->   Core 18 'FAddSub_fulldsp' <Latency = 3> <II = 1> <Delay = 6.43> <FuncUnit> <Opcode : 'fadd' 'fsub'> <InPorts = 2> <OutPorts = 1>
ST_6 : Operation 104 [1/2] (0.67ns)   --->   "%acc2_3_load = load i2 %acc2_3_addr" [src/srcnn.cpp:132->src/srcnn.cpp:274->src/srcnn.cpp:770]   --->   Operation 104 'load' 'acc2_3_load' <Predicate = true> <Delay = 0.67> <CoreInst = "RAM">   --->   Core 83 'RAM' <Latency = 1> <II = 1> <Delay = 0.67> <Storage> <Opcode : 'load' 'store'> <Ports = 2> <Width = 32> <Depth = 4> <RAM>
ST_6 : [1/1] (0.73ns)   --->   Input mux for Operation 105 '%add87_3_i_i = fadd i32 %acc2_3_load, i32 %mul84_3_i_i'
ST_6 : Operation 105 [4/4] (5.69ns)   --->   "%add87_3_i_i = fadd i32 %acc2_3_load, i32 %mul84_3_i_i" [src/srcnn.cpp:132->src/srcnn.cpp:274->src/srcnn.cpp:770]   --->   Operation 105 'fadd' 'add87_3_i_i' <Predicate = true> <Delay = 5.69> <CoreInst = "FAddSub_fulldsp">   --->   Core 18 'FAddSub_fulldsp' <Latency = 3> <II = 1> <Delay = 6.43> <FuncUnit> <Opcode : 'fadd' 'fsub'> <InPorts = 2> <OutPorts = 1>
ST_6 : Operation 106 [1/2] (0.67ns)   --->   "%acc2_4_load = load i2 %acc2_4_addr" [src/srcnn.cpp:132->src/srcnn.cpp:274->src/srcnn.cpp:770]   --->   Operation 106 'load' 'acc2_4_load' <Predicate = true> <Delay = 0.67> <CoreInst = "RAM">   --->   Core 83 'RAM' <Latency = 1> <II = 1> <Delay = 0.67> <Storage> <Opcode : 'load' 'store'> <Ports = 2> <Width = 32> <Depth = 4> <RAM>
ST_6 : [1/1] (0.73ns)   --->   Input mux for Operation 107 '%add87_4_i_i = fadd i32 %acc2_4_load, i32 %mul84_4_i_i'
ST_6 : Operation 107 [4/4] (5.69ns)   --->   "%add87_4_i_i = fadd i32 %acc2_4_load, i32 %mul84_4_i_i" [src/srcnn.cpp:132->src/srcnn.cpp:274->src/srcnn.cpp:770]   --->   Operation 107 'fadd' 'add87_4_i_i' <Predicate = true> <Delay = 5.69> <CoreInst = "FAddSub_fulldsp">   --->   Core 18 'FAddSub_fulldsp' <Latency = 3> <II = 1> <Delay = 6.43> <FuncUnit> <Opcode : 'fadd' 'fsub'> <InPorts = 2> <OutPorts = 1>
ST_6 : Operation 108 [1/2] (0.67ns)   --->   "%acc2_5_load = load i2 %acc2_5_addr" [src/srcnn.cpp:132->src/srcnn.cpp:274->src/srcnn.cpp:770]   --->   Operation 108 'load' 'acc2_5_load' <Predicate = true> <Delay = 0.67> <CoreInst = "RAM">   --->   Core 83 'RAM' <Latency = 1> <II = 1> <Delay = 0.67> <Storage> <Opcode : 'load' 'store'> <Ports = 2> <Width = 32> <Depth = 4> <RAM>
ST_6 : [1/1] (0.73ns)   --->   Input mux for Operation 109 '%add87_5_i_i = fadd i32 %acc2_5_load, i32 %mul84_5_i_i'
ST_6 : Operation 109 [4/4] (5.69ns)   --->   "%add87_5_i_i = fadd i32 %acc2_5_load, i32 %mul84_5_i_i" [src/srcnn.cpp:132->src/srcnn.cpp:274->src/srcnn.cpp:770]   --->   Operation 109 'fadd' 'add87_5_i_i' <Predicate = true> <Delay = 5.69> <CoreInst = "FAddSub_fulldsp">   --->   Core 18 'FAddSub_fulldsp' <Latency = 3> <II = 1> <Delay = 6.43> <FuncUnit> <Opcode : 'fadd' 'fsub'> <InPorts = 2> <OutPorts = 1>
ST_6 : Operation 110 [1/2] (0.67ns)   --->   "%acc2_6_load = load i2 %acc2_6_addr" [src/srcnn.cpp:132->src/srcnn.cpp:274->src/srcnn.cpp:770]   --->   Operation 110 'load' 'acc2_6_load' <Predicate = true> <Delay = 0.67> <CoreInst = "RAM">   --->   Core 83 'RAM' <Latency = 1> <II = 1> <Delay = 0.67> <Storage> <Opcode : 'load' 'store'> <Ports = 2> <Width = 32> <Depth = 4> <RAM>
ST_6 : [1/1] (0.73ns)   --->   Input mux for Operation 111 '%add87_6_i_i = fadd i32 %acc2_6_load, i32 %mul84_6_i_i'
ST_6 : Operation 111 [4/4] (5.69ns)   --->   "%add87_6_i_i = fadd i32 %acc2_6_load, i32 %mul84_6_i_i" [src/srcnn.cpp:132->src/srcnn.cpp:274->src/srcnn.cpp:770]   --->   Operation 111 'fadd' 'add87_6_i_i' <Predicate = true> <Delay = 5.69> <CoreInst = "FAddSub_fulldsp">   --->   Core 18 'FAddSub_fulldsp' <Latency = 3> <II = 1> <Delay = 6.43> <FuncUnit> <Opcode : 'fadd' 'fsub'> <InPorts = 2> <OutPorts = 1>
ST_6 : Operation 112 [1/2] (0.67ns)   --->   "%acc2_7_load = load i2 %acc2_7_addr" [src/srcnn.cpp:132->src/srcnn.cpp:274->src/srcnn.cpp:770]   --->   Operation 112 'load' 'acc2_7_load' <Predicate = true> <Delay = 0.67> <CoreInst = "RAM">   --->   Core 83 'RAM' <Latency = 1> <II = 1> <Delay = 0.67> <Storage> <Opcode : 'load' 'store'> <Ports = 2> <Width = 32> <Depth = 4> <RAM>
ST_6 : [1/1] (0.73ns)   --->   Input mux for Operation 113 '%add87_7_i_i = fadd i32 %acc2_7_load, i32 %mul84_7_i_i'
ST_6 : Operation 113 [4/4] (5.69ns)   --->   "%add87_7_i_i = fadd i32 %acc2_7_load, i32 %mul84_7_i_i" [src/srcnn.cpp:132->src/srcnn.cpp:274->src/srcnn.cpp:770]   --->   Operation 113 'fadd' 'add87_7_i_i' <Predicate = true> <Delay = 5.69> <CoreInst = "FAddSub_fulldsp">   --->   Core 18 'FAddSub_fulldsp' <Latency = 3> <II = 1> <Delay = 6.43> <FuncUnit> <Opcode : 'fadd' 'fsub'> <InPorts = 2> <OutPorts = 1>

State 7 <SV = 6> <Delay = 6.43>
ST_7 : Operation 114 [3/4] (6.43ns)   --->   "%add3_i_i = fadd i32 %acc2_load, i32 %mul1_i_i" [src/srcnn.cpp:132->src/srcnn.cpp:274->src/srcnn.cpp:770]   --->   Operation 114 'fadd' 'add3_i_i' <Predicate = true> <Delay = 6.43> <CoreInst = "FAddSub_fulldsp">   --->   Core 18 'FAddSub_fulldsp' <Latency = 3> <II = 1> <Delay = 6.43> <FuncUnit> <Opcode : 'fadd' 'fsub'> <InPorts = 2> <OutPorts = 1>
ST_7 : Operation 115 [3/4] (6.43ns)   --->   "%add87_1_i_i = fadd i32 %acc2_1_load, i32 %mul84_1_i_i" [src/srcnn.cpp:132->src/srcnn.cpp:274->src/srcnn.cpp:770]   --->   Operation 115 'fadd' 'add87_1_i_i' <Predicate = true> <Delay = 6.43> <CoreInst = "FAddSub_fulldsp">   --->   Core 18 'FAddSub_fulldsp' <Latency = 3> <II = 1> <Delay = 6.43> <FuncUnit> <Opcode : 'fadd' 'fsub'> <InPorts = 2> <OutPorts = 1>
ST_7 : Operation 116 [3/4] (6.43ns)   --->   "%add87_2_i_i = fadd i32 %acc2_2_load, i32 %mul84_2_i_i" [src/srcnn.cpp:132->src/srcnn.cpp:274->src/srcnn.cpp:770]   --->   Operation 116 'fadd' 'add87_2_i_i' <Predicate = true> <Delay = 6.43> <CoreInst = "FAddSub_fulldsp">   --->   Core 18 'FAddSub_fulldsp' <Latency = 3> <II = 1> <Delay = 6.43> <FuncUnit> <Opcode : 'fadd' 'fsub'> <InPorts = 2> <OutPorts = 1>
ST_7 : Operation 117 [3/4] (6.43ns)   --->   "%add87_3_i_i = fadd i32 %acc2_3_load, i32 %mul84_3_i_i" [src/srcnn.cpp:132->src/srcnn.cpp:274->src/srcnn.cpp:770]   --->   Operation 117 'fadd' 'add87_3_i_i' <Predicate = true> <Delay = 6.43> <CoreInst = "FAddSub_fulldsp">   --->   Core 18 'FAddSub_fulldsp' <Latency = 3> <II = 1> <Delay = 6.43> <FuncUnit> <Opcode : 'fadd' 'fsub'> <InPorts = 2> <OutPorts = 1>
ST_7 : Operation 118 [3/4] (6.43ns)   --->   "%add87_4_i_i = fadd i32 %acc2_4_load, i32 %mul84_4_i_i" [src/srcnn.cpp:132->src/srcnn.cpp:274->src/srcnn.cpp:770]   --->   Operation 118 'fadd' 'add87_4_i_i' <Predicate = true> <Delay = 6.43> <CoreInst = "FAddSub_fulldsp">   --->   Core 18 'FAddSub_fulldsp' <Latency = 3> <II = 1> <Delay = 6.43> <FuncUnit> <Opcode : 'fadd' 'fsub'> <InPorts = 2> <OutPorts = 1>
ST_7 : Operation 119 [3/4] (6.43ns)   --->   "%add87_5_i_i = fadd i32 %acc2_5_load, i32 %mul84_5_i_i" [src/srcnn.cpp:132->src/srcnn.cpp:274->src/srcnn.cpp:770]   --->   Operation 119 'fadd' 'add87_5_i_i' <Predicate = true> <Delay = 6.43> <CoreInst = "FAddSub_fulldsp">   --->   Core 18 'FAddSub_fulldsp' <Latency = 3> <II = 1> <Delay = 6.43> <FuncUnit> <Opcode : 'fadd' 'fsub'> <InPorts = 2> <OutPorts = 1>
ST_7 : Operation 120 [3/4] (6.43ns)   --->   "%add87_6_i_i = fadd i32 %acc2_6_load, i32 %mul84_6_i_i" [src/srcnn.cpp:132->src/srcnn.cpp:274->src/srcnn.cpp:770]   --->   Operation 120 'fadd' 'add87_6_i_i' <Predicate = true> <Delay = 6.43> <CoreInst = "FAddSub_fulldsp">   --->   Core 18 'FAddSub_fulldsp' <Latency = 3> <II = 1> <Delay = 6.43> <FuncUnit> <Opcode : 'fadd' 'fsub'> <InPorts = 2> <OutPorts = 1>
ST_7 : Operation 121 [3/4] (6.43ns)   --->   "%add87_7_i_i = fadd i32 %acc2_7_load, i32 %mul84_7_i_i" [src/srcnn.cpp:132->src/srcnn.cpp:274->src/srcnn.cpp:770]   --->   Operation 121 'fadd' 'add87_7_i_i' <Predicate = true> <Delay = 6.43> <CoreInst = "FAddSub_fulldsp">   --->   Core 18 'FAddSub_fulldsp' <Latency = 3> <II = 1> <Delay = 6.43> <FuncUnit> <Opcode : 'fadd' 'fsub'> <InPorts = 2> <OutPorts = 1>

State 8 <SV = 7> <Delay = 6.43>
ST_8 : Operation 122 [2/4] (6.43ns)   --->   "%add3_i_i = fadd i32 %acc2_load, i32 %mul1_i_i" [src/srcnn.cpp:132->src/srcnn.cpp:274->src/srcnn.cpp:770]   --->   Operation 122 'fadd' 'add3_i_i' <Predicate = true> <Delay = 6.43> <CoreInst = "FAddSub_fulldsp">   --->   Core 18 'FAddSub_fulldsp' <Latency = 3> <II = 1> <Delay = 6.43> <FuncUnit> <Opcode : 'fadd' 'fsub'> <InPorts = 2> <OutPorts = 1>
ST_8 : Operation 123 [2/4] (6.43ns)   --->   "%add87_1_i_i = fadd i32 %acc2_1_load, i32 %mul84_1_i_i" [src/srcnn.cpp:132->src/srcnn.cpp:274->src/srcnn.cpp:770]   --->   Operation 123 'fadd' 'add87_1_i_i' <Predicate = true> <Delay = 6.43> <CoreInst = "FAddSub_fulldsp">   --->   Core 18 'FAddSub_fulldsp' <Latency = 3> <II = 1> <Delay = 6.43> <FuncUnit> <Opcode : 'fadd' 'fsub'> <InPorts = 2> <OutPorts = 1>
ST_8 : Operation 124 [2/4] (6.43ns)   --->   "%add87_2_i_i = fadd i32 %acc2_2_load, i32 %mul84_2_i_i" [src/srcnn.cpp:132->src/srcnn.cpp:274->src/srcnn.cpp:770]   --->   Operation 124 'fadd' 'add87_2_i_i' <Predicate = true> <Delay = 6.43> <CoreInst = "FAddSub_fulldsp">   --->   Core 18 'FAddSub_fulldsp' <Latency = 3> <II = 1> <Delay = 6.43> <FuncUnit> <Opcode : 'fadd' 'fsub'> <InPorts = 2> <OutPorts = 1>
ST_8 : Operation 125 [2/4] (6.43ns)   --->   "%add87_3_i_i = fadd i32 %acc2_3_load, i32 %mul84_3_i_i" [src/srcnn.cpp:132->src/srcnn.cpp:274->src/srcnn.cpp:770]   --->   Operation 125 'fadd' 'add87_3_i_i' <Predicate = true> <Delay = 6.43> <CoreInst = "FAddSub_fulldsp">   --->   Core 18 'FAddSub_fulldsp' <Latency = 3> <II = 1> <Delay = 6.43> <FuncUnit> <Opcode : 'fadd' 'fsub'> <InPorts = 2> <OutPorts = 1>
ST_8 : Operation 126 [2/4] (6.43ns)   --->   "%add87_4_i_i = fadd i32 %acc2_4_load, i32 %mul84_4_i_i" [src/srcnn.cpp:132->src/srcnn.cpp:274->src/srcnn.cpp:770]   --->   Operation 126 'fadd' 'add87_4_i_i' <Predicate = true> <Delay = 6.43> <CoreInst = "FAddSub_fulldsp">   --->   Core 18 'FAddSub_fulldsp' <Latency = 3> <II = 1> <Delay = 6.43> <FuncUnit> <Opcode : 'fadd' 'fsub'> <InPorts = 2> <OutPorts = 1>
ST_8 : Operation 127 [2/4] (6.43ns)   --->   "%add87_5_i_i = fadd i32 %acc2_5_load, i32 %mul84_5_i_i" [src/srcnn.cpp:132->src/srcnn.cpp:274->src/srcnn.cpp:770]   --->   Operation 127 'fadd' 'add87_5_i_i' <Predicate = true> <Delay = 6.43> <CoreInst = "FAddSub_fulldsp">   --->   Core 18 'FAddSub_fulldsp' <Latency = 3> <II = 1> <Delay = 6.43> <FuncUnit> <Opcode : 'fadd' 'fsub'> <InPorts = 2> <OutPorts = 1>
ST_8 : Operation 128 [2/4] (6.43ns)   --->   "%add87_6_i_i = fadd i32 %acc2_6_load, i32 %mul84_6_i_i" [src/srcnn.cpp:132->src/srcnn.cpp:274->src/srcnn.cpp:770]   --->   Operation 128 'fadd' 'add87_6_i_i' <Predicate = true> <Delay = 6.43> <CoreInst = "FAddSub_fulldsp">   --->   Core 18 'FAddSub_fulldsp' <Latency = 3> <II = 1> <Delay = 6.43> <FuncUnit> <Opcode : 'fadd' 'fsub'> <InPorts = 2> <OutPorts = 1>
ST_8 : Operation 129 [2/4] (6.43ns)   --->   "%add87_7_i_i = fadd i32 %acc2_7_load, i32 %mul84_7_i_i" [src/srcnn.cpp:132->src/srcnn.cpp:274->src/srcnn.cpp:770]   --->   Operation 129 'fadd' 'add87_7_i_i' <Predicate = true> <Delay = 6.43> <CoreInst = "FAddSub_fulldsp">   --->   Core 18 'FAddSub_fulldsp' <Latency = 3> <II = 1> <Delay = 6.43> <FuncUnit> <Opcode : 'fadd' 'fsub'> <InPorts = 2> <OutPorts = 1>
ST_8 : Operation 150 [1/1] (0.00ns)   --->   "%ret_ln0 = ret"   --->   Operation 150 'ret' 'ret_ln0' <Predicate = (tmp)> <Delay = 0.00>

State 9 <SV = 8> <Delay = 7.11>
ST_9 : Operation 130 [1/1] (0.00ns)   --->   "%specpipeline_ln131 = specpipeline void @_ssdm_op_SpecPipeline, i32 4294967295, i32 0, i32 0, i32 0, void @empty_17" [src/srcnn.cpp:131->src/srcnn.cpp:274->src/srcnn.cpp:770]   --->   Operation 130 'specpipeline' 'specpipeline_ln131' <Predicate = true> <Delay = 0.00>
ST_9 : Operation 131 [1/1] (0.00ns)   --->   "%speclooptripcount_ln129 = speclooptripcount void @_ssdm_op_SpecLoopTripCount, i64 4, i64 4, i64 4" [src/srcnn.cpp:129->src/srcnn.cpp:274->src/srcnn.cpp:770]   --->   Operation 131 'speclooptripcount' 'speclooptripcount_ln129' <Predicate = true> <Delay = 0.00>
ST_9 : Operation 132 [1/1] (0.00ns)   --->   "%specloopname_ln129 = specloopname void @_ssdm_op_SpecLoopName, void @empty_34" [src/srcnn.cpp:129->src/srcnn.cpp:274->src/srcnn.cpp:770]   --->   Operation 132 'specloopname' 'specloopname_ln129' <Predicate = true> <Delay = 0.00>
ST_9 : Operation 133 [1/4] (6.43ns)   --->   "%add3_i_i = fadd i32 %acc2_load, i32 %mul1_i_i" [src/srcnn.cpp:132->src/srcnn.cpp:274->src/srcnn.cpp:770]   --->   Operation 133 'fadd' 'add3_i_i' <Predicate = true> <Delay = 6.43> <CoreInst = "FAddSub_fulldsp">   --->   Core 18 'FAddSub_fulldsp' <Latency = 3> <II = 1> <Delay = 6.43> <FuncUnit> <Opcode : 'fadd' 'fsub'> <InPorts = 2> <OutPorts = 1>
ST_9 : Operation 134 [1/4] (6.43ns)   --->   "%add87_1_i_i = fadd i32 %acc2_1_load, i32 %mul84_1_i_i" [src/srcnn.cpp:132->src/srcnn.cpp:274->src/srcnn.cpp:770]   --->   Operation 134 'fadd' 'add87_1_i_i' <Predicate = true> <Delay = 6.43> <CoreInst = "FAddSub_fulldsp">   --->   Core 18 'FAddSub_fulldsp' <Latency = 3> <II = 1> <Delay = 6.43> <FuncUnit> <Opcode : 'fadd' 'fsub'> <InPorts = 2> <OutPorts = 1>
ST_9 : Operation 135 [1/4] (6.43ns)   --->   "%add87_2_i_i = fadd i32 %acc2_2_load, i32 %mul84_2_i_i" [src/srcnn.cpp:132->src/srcnn.cpp:274->src/srcnn.cpp:770]   --->   Operation 135 'fadd' 'add87_2_i_i' <Predicate = true> <Delay = 6.43> <CoreInst = "FAddSub_fulldsp">   --->   Core 18 'FAddSub_fulldsp' <Latency = 3> <II = 1> <Delay = 6.43> <FuncUnit> <Opcode : 'fadd' 'fsub'> <InPorts = 2> <OutPorts = 1>
ST_9 : Operation 136 [1/4] (6.43ns)   --->   "%add87_3_i_i = fadd i32 %acc2_3_load, i32 %mul84_3_i_i" [src/srcnn.cpp:132->src/srcnn.cpp:274->src/srcnn.cpp:770]   --->   Operation 136 'fadd' 'add87_3_i_i' <Predicate = true> <Delay = 6.43> <CoreInst = "FAddSub_fulldsp">   --->   Core 18 'FAddSub_fulldsp' <Latency = 3> <II = 1> <Delay = 6.43> <FuncUnit> <Opcode : 'fadd' 'fsub'> <InPorts = 2> <OutPorts = 1>
ST_9 : Operation 137 [1/4] (6.43ns)   --->   "%add87_4_i_i = fadd i32 %acc2_4_load, i32 %mul84_4_i_i" [src/srcnn.cpp:132->src/srcnn.cpp:274->src/srcnn.cpp:770]   --->   Operation 137 'fadd' 'add87_4_i_i' <Predicate = true> <Delay = 6.43> <CoreInst = "FAddSub_fulldsp">   --->   Core 18 'FAddSub_fulldsp' <Latency = 3> <II = 1> <Delay = 6.43> <FuncUnit> <Opcode : 'fadd' 'fsub'> <InPorts = 2> <OutPorts = 1>
ST_9 : Operation 138 [1/4] (6.43ns)   --->   "%add87_5_i_i = fadd i32 %acc2_5_load, i32 %mul84_5_i_i" [src/srcnn.cpp:132->src/srcnn.cpp:274->src/srcnn.cpp:770]   --->   Operation 138 'fadd' 'add87_5_i_i' <Predicate = true> <Delay = 6.43> <CoreInst = "FAddSub_fulldsp">   --->   Core 18 'FAddSub_fulldsp' <Latency = 3> <II = 1> <Delay = 6.43> <FuncUnit> <Opcode : 'fadd' 'fsub'> <InPorts = 2> <OutPorts = 1>
ST_9 : Operation 139 [1/4] (6.43ns)   --->   "%add87_6_i_i = fadd i32 %acc2_6_load, i32 %mul84_6_i_i" [src/srcnn.cpp:132->src/srcnn.cpp:274->src/srcnn.cpp:770]   --->   Operation 139 'fadd' 'add87_6_i_i' <Predicate = true> <Delay = 6.43> <CoreInst = "FAddSub_fulldsp">   --->   Core 18 'FAddSub_fulldsp' <Latency = 3> <II = 1> <Delay = 6.43> <FuncUnit> <Opcode : 'fadd' 'fsub'> <InPorts = 2> <OutPorts = 1>
ST_9 : Operation 140 [1/4] (6.43ns)   --->   "%add87_7_i_i = fadd i32 %acc2_7_load, i32 %mul84_7_i_i" [src/srcnn.cpp:132->src/srcnn.cpp:274->src/srcnn.cpp:770]   --->   Operation 140 'fadd' 'add87_7_i_i' <Predicate = true> <Delay = 6.43> <CoreInst = "FAddSub_fulldsp">   --->   Core 18 'FAddSub_fulldsp' <Latency = 3> <II = 1> <Delay = 6.43> <FuncUnit> <Opcode : 'fadd' 'fsub'> <InPorts = 2> <OutPorts = 1>
ST_9 : Operation 141 [1/1] (0.67ns)   --->   "%store_ln132 = store i32 %add3_i_i, i2 %acc2_addr" [src/srcnn.cpp:132->src/srcnn.cpp:274->src/srcnn.cpp:770]   --->   Operation 141 'store' 'store_ln132' <Predicate = true> <Delay = 0.67> <CoreInst = "RAM">   --->   Core 83 'RAM' <Latency = 1> <II = 1> <Delay = 0.67> <Storage> <Opcode : 'load' 'store'> <Ports = 2> <Width = 32> <Depth = 4> <RAM>
ST_9 : Operation 142 [1/1] (0.67ns)   --->   "%store_ln132 = store i32 %add87_1_i_i, i2 %acc2_1_addr" [src/srcnn.cpp:132->src/srcnn.cpp:274->src/srcnn.cpp:770]   --->   Operation 142 'store' 'store_ln132' <Predicate = true> <Delay = 0.67> <CoreInst = "RAM">   --->   Core 83 'RAM' <Latency = 1> <II = 1> <Delay = 0.67> <Storage> <Opcode : 'load' 'store'> <Ports = 2> <Width = 32> <Depth = 4> <RAM>
ST_9 : Operation 143 [1/1] (0.67ns)   --->   "%store_ln132 = store i32 %add87_2_i_i, i2 %acc2_2_addr" [src/srcnn.cpp:132->src/srcnn.cpp:274->src/srcnn.cpp:770]   --->   Operation 143 'store' 'store_ln132' <Predicate = true> <Delay = 0.67> <CoreInst = "RAM">   --->   Core 83 'RAM' <Latency = 1> <II = 1> <Delay = 0.67> <Storage> <Opcode : 'load' 'store'> <Ports = 2> <Width = 32> <Depth = 4> <RAM>
ST_9 : Operation 144 [1/1] (0.67ns)   --->   "%store_ln132 = store i32 %add87_3_i_i, i2 %acc2_3_addr" [src/srcnn.cpp:132->src/srcnn.cpp:274->src/srcnn.cpp:770]   --->   Operation 144 'store' 'store_ln132' <Predicate = true> <Delay = 0.67> <CoreInst = "RAM">   --->   Core 83 'RAM' <Latency = 1> <II = 1> <Delay = 0.67> <Storage> <Opcode : 'load' 'store'> <Ports = 2> <Width = 32> <Depth = 4> <RAM>
ST_9 : Operation 145 [1/1] (0.67ns)   --->   "%store_ln132 = store i32 %add87_4_i_i, i2 %acc2_4_addr" [src/srcnn.cpp:132->src/srcnn.cpp:274->src/srcnn.cpp:770]   --->   Operation 145 'store' 'store_ln132' <Predicate = true> <Delay = 0.67> <CoreInst = "RAM">   --->   Core 83 'RAM' <Latency = 1> <II = 1> <Delay = 0.67> <Storage> <Opcode : 'load' 'store'> <Ports = 2> <Width = 32> <Depth = 4> <RAM>
ST_9 : Operation 146 [1/1] (0.67ns)   --->   "%store_ln132 = store i32 %add87_5_i_i, i2 %acc2_5_addr" [src/srcnn.cpp:132->src/srcnn.cpp:274->src/srcnn.cpp:770]   --->   Operation 146 'store' 'store_ln132' <Predicate = true> <Delay = 0.67> <CoreInst = "RAM">   --->   Core 83 'RAM' <Latency = 1> <II = 1> <Delay = 0.67> <Storage> <Opcode : 'load' 'store'> <Ports = 2> <Width = 32> <Depth = 4> <RAM>
ST_9 : Operation 147 [1/1] (0.67ns)   --->   "%store_ln132 = store i32 %add87_6_i_i, i2 %acc2_6_addr" [src/srcnn.cpp:132->src/srcnn.cpp:274->src/srcnn.cpp:770]   --->   Operation 147 'store' 'store_ln132' <Predicate = true> <Delay = 0.67> <CoreInst = "RAM">   --->   Core 83 'RAM' <Latency = 1> <II = 1> <Delay = 0.67> <Storage> <Opcode : 'load' 'store'> <Ports = 2> <Width = 32> <Depth = 4> <RAM>
ST_9 : Operation 148 [1/1] (0.67ns)   --->   "%store_ln132 = store i32 %add87_7_i_i, i2 %acc2_7_addr" [src/srcnn.cpp:132->src/srcnn.cpp:274->src/srcnn.cpp:770]   --->   Operation 148 'store' 'store_ln132' <Predicate = true> <Delay = 0.67> <CoreInst = "RAM">   --->   Core 83 'RAM' <Latency = 1> <II = 1> <Delay = 0.67> <Storage> <Opcode : 'load' 'store'> <Ports = 2> <Width = 32> <Depth = 4> <RAM>
ST_9 : Operation 149 [1/1] (0.00ns)   --->   "%br_ln129 = br void %for.inc88.i.i" [src/srcnn.cpp:129->src/srcnn.cpp:274->src/srcnn.cpp:770]   --->   Operation 149 'br' 'br_ln129' <Predicate = true> <Delay = 0.00>


============================================================
+ Verbose Summary: Timing violations
============================================================
Target clock period: 10.000ns, clock uncertainty: 2.700ns.

 <State 1>: 1.237ns
The critical path consists of the following:
	'alloca' operation ('n2') [19]  (0.000 ns)
	'load' operation ('n2', src/srcnn.cpp:129->src/srcnn.cpp:274->src/srcnn.cpp:770) on local variable 'n2' [33]  (0.000 ns)
	'getelementptr' operation ('srcnn_float_255_255_float_1_9_9_float_float_64_1_1_f_69', src/srcnn.cpp:132->src/srcnn.cpp:274->src/srcnn.cpp:770) [44]  (0.000 ns)
	'load' operation ('srcnn_float_255_255_float_1_9_9_float_float_64_1_1_f_77', src/srcnn.cpp:132->src/srcnn.cpp:274->src/srcnn.cpp:770) on array 'srcnn_float_255_255_float_1_9_9_float_float_64_1_1_f_7' [52]  (1.237 ns)

 <State 2>: 1.237ns
The critical path consists of the following:
	'load' operation ('srcnn_float_255_255_float_1_9_9_float_float_64_1_1_f_77', src/srcnn.cpp:132->src/srcnn.cpp:274->src/srcnn.cpp:770) on array 'srcnn_float_255_255_float_1_9_9_float_float_64_1_1_f_7' [52]  (1.237 ns)

 <State 3>: 7.016ns
The critical path consists of the following:
	multiplexor before operation 'fmul' with delay (0.766 ns)
'fmul' operation ('mul1_i_i', src/srcnn.cpp:132->src/srcnn.cpp:274->src/srcnn.cpp:770) [53]  (6.250 ns)

 <State 4>: 7.016ns
The critical path consists of the following:
	'fmul' operation ('mul1_i_i', src/srcnn.cpp:132->src/srcnn.cpp:274->src/srcnn.cpp:770) [53]  (7.016 ns)

 <State 5>: 7.016ns
The critical path consists of the following:
	'fmul' operation ('mul1_i_i', src/srcnn.cpp:132->src/srcnn.cpp:274->src/srcnn.cpp:770) [53]  (7.016 ns)

 <State 6>: 7.114ns
The critical path consists of the following:
	'load' operation ('acc2_load', src/srcnn.cpp:132->src/srcnn.cpp:274->src/srcnn.cpp:770) on array 'acc2' [55]  (0.677 ns)
	multiplexor before operation 'fadd' with delay (0.738 ns)
'fadd' operation ('add3_i_i', src/srcnn.cpp:132->src/srcnn.cpp:274->src/srcnn.cpp:770) [56]  (5.699 ns)

 <State 7>: 6.437ns
The critical path consists of the following:
	'fadd' operation ('add3_i_i', src/srcnn.cpp:132->src/srcnn.cpp:274->src/srcnn.cpp:770) [56]  (6.437 ns)

 <State 8>: 6.437ns
The critical path consists of the following:
	'fadd' operation ('add3_i_i', src/srcnn.cpp:132->src/srcnn.cpp:274->src/srcnn.cpp:770) [56]  (6.437 ns)

 <State 9>: 7.114ns
The critical path consists of the following:
	'fadd' operation ('add3_i_i', src/srcnn.cpp:132->src/srcnn.cpp:274->src/srcnn.cpp:770) [56]  (6.437 ns)
	'store' operation ('store_ln132', src/srcnn.cpp:132->src/srcnn.cpp:274->src/srcnn.cpp:770) of variable 'add3_i_i', src/srcnn.cpp:132->src/srcnn.cpp:274->src/srcnn.cpp:770 on array 'acc2' [92]  (0.677 ns)


============================================================
+ Verbose Summary: Binding
============================================================
N/A
* FSMD analyzer results:
  - Output states:
 - Input state : 
  - Chain level:
	State 1
	State 2
	State 3
	State 4
	State 5
	State 6
	State 7
	State 8
	State 9


============================================================
+ Verbose Summary: Datapath Resource usage 
============================================================
N/A
