

================================================================
== Vitis HLS Report for 'load_tile_mm_Pipeline_InputTileHread_InputTileWread'
================================================================
* Date:           Tue Oct 21 15:31:10 2025

* Version:        2023.1 (Build 3854077 on May  4 2023)
* Project:        srcnn_hls
* Solution:       solution1 (Vivado IP Flow Target)
* Product family: zynquplus
* Target device:  xck26-sfvc784-2LV-c


================================================================
== Performance Estimates
================================================================
+ Timing: 
    * Summary: 
    +--------+----------+----------+------------+
    |  Clock |  Target  | Estimated| Uncertainty|
    +--------+----------+----------+------------+
    |ap_clk  |  10.00 ns|  7.300 ns|     2.70 ns|
    +--------+----------+----------+------------+

+ Latency: 
    * Summary: 
    +---------+---------+----------+----------+-----+-------+---------+
    |  Latency (cycles) |  Latency (absolute) |   Interval  | Pipeline|
    |   min   |   max   |    min   |    max   | min |  max  |   Type  |
    +---------+---------+----------+----------+-----+-------+---------+
    |      157|    71302|  1.570 us|  0.713 ms|  157|  71302|       no|
    +---------+---------+----------+----------+-----+-------+---------+

    + Detail: 
        * Instance: 
        N/A

        * Loop: 
        +---------------------------------+---------+---------+----------+-----------+-----------+-------------+----------+
        |                                 |  Latency (cycles) | Iteration|  Initiation Interval  |     Trip    |          |
        |            Loop Name            |   min   |   max   |  Latency |  achieved |   target  |    Count    | Pipelined|
        +---------------------------------+---------+---------+----------+-----------+-----------+-------------+----------+
        |- InputTileHread_InputTileWread  |      155|    71300|        13|          1|          1|  144 ~ 71289|       yes|
        +---------------------------------+---------+---------+----------+-----------+-----------+-------------+----------+

============================================================
+ Verbose Summary: Synthesis Manager
============================================================
InlineROM: 1
ExposeGlobal: 0
============================================================
+ Verbose Summary: CDFG Model
============================================================
IsTopModel: 0
ResetActiveHigh: 1
IsCombinational: 0
IsDatapathOnly: 0
HasWiredReturn: 1
HasMFsm: 2
HasVarLatency: 1
IsPipeline: 0
IsRtlPipelined: 0
IsInstanceOverlapped: 0
IsDontTouch: 0
HasImplIP: 0
IsGatedGlobalClock: 0

+ Individual pipeline summary: 
  * Pipeline-0: initiation interval (II) = 1, depth = 14


============================================================
+ Verbose Summary: Schedule
============================================================
* Number of FSM states : 14
* Pipeline : 1
  Pipeline-0 : II = 1, D = 14, States = { 1 2 3 4 5 6 7 8 9 10 11 12 13 14 }
* Dataflow Pipeline: 0

* FSM state transitions: 
1 --> 2 
2 --> 3 
3 --> 4 
4 --> 5 
5 --> 6 
6 --> 7 
7 --> 8 
8 --> 9 
9 --> 10 
10 --> 11 
11 --> 12 
12 --> 13 
13 --> 14 
14 --> 

* FSM state operations: 

State 1 <SV = 0> <Delay = 0.42>
ST_1 : Operation 16 [1/1] (0.00ns)   --->   "%px = alloca i32 1"   --->   Operation 16 'alloca' 'px' <Predicate = true> <Delay = 0.00>
ST_1 : Operation 17 [1/1] (0.00ns)   --->   "%py = alloca i32 1"   --->   Operation 17 'alloca' 'py' <Predicate = true> <Delay = 0.00>
ST_1 : Operation 18 [1/1] (0.00ns)   --->   "%indvar_flatten = alloca i32 1"   --->   Operation 18 'alloca' 'indvar_flatten' <Predicate = true> <Delay = 0.00>
ST_1 : Operation 19 [1/1] (0.00ns)   --->   "%input_ftmap_read = read i64 @_ssdm_op_Read.ap_auto.i64, i64 %input_ftmap"   --->   Operation 19 'read' 'input_ftmap_read' <Predicate = true> <Delay = 0.00>
ST_1 : Operation 20 [1/1] (0.00ns)   --->   "%w0_cast2_read = read i8 @_ssdm_op_Read.ap_auto.i8, i8 %w0_cast2"   --->   Operation 20 'read' 'w0_cast2_read' <Predicate = true> <Delay = 0.00>
ST_1 : Operation 21 [1/1] (0.00ns)   --->   "%select_ln60_read = read i6 @_ssdm_op_Read.ap_auto.i6, i6 %select_ln60"   --->   Operation 21 'read' 'select_ln60_read' <Predicate = true> <Delay = 0.00>
ST_1 : Operation 22 [1/1] (0.00ns)   --->   "%add_ln43_read = read i9 @_ssdm_op_Read.ap_auto.i9, i9 %add_ln43"   --->   Operation 22 'read' 'add_ln43_read' <Predicate = true> <Delay = 0.00>
ST_1 : Operation 23 [1/1] (0.00ns)   --->   "%bound_read = read i17 @_ssdm_op_Read.ap_auto.i17, i17 %bound"   --->   Operation 23 'read' 'bound_read' <Predicate = true> <Delay = 0.00>
ST_1 : Operation 24 [1/1] (0.00ns)   --->   "%add_ln48_read = read i10 @_ssdm_op_Read.ap_auto.i10, i10 %add_ln48"   --->   Operation 24 'read' 'add_ln48_read' <Predicate = true> <Delay = 0.00>
ST_1 : Operation 25 [1/1] (0.00ns)   --->   "%sext_ln48_read = read i10 @_ssdm_op_Read.ap_auto.i10, i10 %sext_ln48"   --->   Operation 25 'read' 'sext_ln48_read' <Predicate = true> <Delay = 0.00>
ST_1 : Operation 26 [1/1] (0.00ns)   --->   "%add_ln60_215 = read i11 @_ssdm_op_Read.ap_auto.i11, i11 %add_ln60_2"   --->   Operation 26 'read' 'add_ln60_215' <Predicate = true> <Delay = 0.00>
ST_1 : Operation 27 [1/1] (0.00ns)   --->   "%w0_cast2_cast = zext i8 %w0_cast2_read"   --->   Operation 27 'zext' 'w0_cast2_cast' <Predicate = true> <Delay = 0.00>
ST_1 : Operation 28 [1/1] (0.00ns)   --->   "%sext_ln48_cast = sext i10 %sext_ln48_read"   --->   Operation 28 'sext' 'sext_ln48_cast' <Predicate = true> <Delay = 0.00>
ST_1 : Operation 29 [1/1] (0.00ns)   --->   "%select_ln60_cast = sext i6 %select_ln60_read"   --->   Operation 29 'sext' 'select_ln60_cast' <Predicate = true> <Delay = 0.00>
ST_1 : Operation 30 [1/1] (0.00ns)   --->   "%select_ln60_cast_cast = zext i7 %select_ln60_cast"   --->   Operation 30 'zext' 'select_ln60_cast_cast' <Predicate = true> <Delay = 0.00>
ST_1 : Operation 31 [1/1] (0.00ns)   --->   "%specmemcore_ln0 = specmemcore void @_ssdm_op_SpecMemCore, i32 %srcnn_float_255_255_float_1_9_9_float_float_64_1_1_f_45, i64 666, i64 18, i64 18446744073709551615"   --->   Operation 31 'specmemcore' 'specmemcore_ln0' <Predicate = true> <Delay = 0.00>
ST_1 : Operation 32 [1/1] (0.00ns)   --->   "%specmemcore_ln0 = specmemcore void @_ssdm_op_SpecMemCore, i32 %srcnn_float_255_255_float_1_9_9_float_float_64_1_1_f_44, i64 666, i64 18, i64 18446744073709551615"   --->   Operation 32 'specmemcore' 'specmemcore_ln0' <Predicate = true> <Delay = 0.00>
ST_1 : Operation 33 [1/1] (0.00ns)   --->   "%specmemcore_ln0 = specmemcore void @_ssdm_op_SpecMemCore, i32 %srcnn_float_255_255_float_1_9_9_float_float_64_1_1_f_43, i64 666, i64 18, i64 18446744073709551615"   --->   Operation 33 'specmemcore' 'specmemcore_ln0' <Predicate = true> <Delay = 0.00>
ST_1 : Operation 34 [1/1] (0.00ns)   --->   "%specinterface_ln0 = specinterface void @_ssdm_op_SpecInterface, i32 %gmem_in, void @empty_43, i32 0, i32 0, void @empty_42, i32 0, i32 65025, void @empty_41, void @empty_40, void @empty_42, i32 16, i32 16, i32 16, i32 16, void @empty_42, void @empty_42, i32 4294967295, i32 0"   --->   Operation 34 'specinterface' 'specinterface_ln0' <Predicate = true> <Delay = 0.00>
ST_1 : Operation 35 [1/1] (0.42ns)   --->   "%store_ln0 = store i17 0, i17 %indvar_flatten"   --->   Operation 35 'store' 'store_ln0' <Predicate = true> <Delay = 0.42>
ST_1 : Operation 36 [1/1] (0.42ns)   --->   "%store_ln0 = store i9 0, i9 %py"   --->   Operation 36 'store' 'store_ln0' <Predicate = true> <Delay = 0.42>
ST_1 : Operation 37 [1/1] (0.42ns)   --->   "%store_ln0 = store i9 0, i9 %px"   --->   Operation 37 'store' 'store_ln0' <Predicate = true> <Delay = 0.42>
ST_1 : Operation 38 [1/1] (0.00ns)   --->   "%br_ln0 = br void %for.body10.i"   --->   Operation 38 'br' 'br_ln0' <Predicate = true> <Delay = 0.00>

State 2 <SV = 1> <Delay = 5.31>
ST_2 : Operation 39 [1/1] (0.00ns)   --->   "%py_1 = load i9 %py" [src/srcnn.cpp:43->src/srcnn.cpp:548]   --->   Operation 39 'load' 'py_1' <Predicate = true> <Delay = 0.00>
ST_2 : Operation 40 [1/1] (0.00ns)   --->   "%indvar_flatten_load = load i17 %indvar_flatten" [src/srcnn.cpp:43->src/srcnn.cpp:548]   --->   Operation 40 'load' 'indvar_flatten_load' <Predicate = true> <Delay = 0.00>
ST_2 : Operation 41 [1/1] (0.00ns)   --->   "%zext_ln43 = zext i9 %py_1" [src/srcnn.cpp:43->src/srcnn.cpp:548]   --->   Operation 41 'zext' 'zext_ln43' <Predicate = true> <Delay = 0.00>
ST_2 : Operation 42 [1/1] (0.00ns)   --->   "%zext_ln48 = zext i9 %py_1" [src/srcnn.cpp:48->src/srcnn.cpp:548]   --->   Operation 42 'zext' 'zext_ln48' <Predicate = true> <Delay = 0.00>
ST_2 : Operation 43 [1/1] (0.78ns)   --->   "%add_ln48_1 = add i11 %sext_ln48_cast, i11 %zext_ln43" [src/srcnn.cpp:48->src/srcnn.cpp:548]   --->   Operation 43 'add' 'add_ln48_1' <Predicate = true> <Delay = 0.78> <CoreInst = "Adder">   --->   Core 1 'Adder' <Latency = 0> <II = 1> <Delay = 0.78> <FuncUnit> <Opcode : 'add' 'sub'> <InPorts = 2> <OutPorts = 1>
ST_2 : Operation 44 [1/1] (0.78ns)   --->   "%add_ln49 = add i10 %add_ln48_read, i10 %zext_ln48" [src/srcnn.cpp:49->src/srcnn.cpp:548]   --->   Operation 44 'add' 'add_ln49' <Predicate = true> <Delay = 0.78> <CoreInst = "Adder">   --->   Core 1 'Adder' <Latency = 0> <II = 1> <Delay = 0.78> <FuncUnit> <Opcode : 'add' 'sub'> <InPorts = 2> <OutPorts = 1>
ST_2 : Operation 45 [1/1] (0.00ns)   --->   "%tmp = bitselect i1 @_ssdm_op_BitSelect.i1.i11.i32, i11 %add_ln48_1, i32 10" [src/srcnn.cpp:49->src/srcnn.cpp:548]   --->   Operation 45 'bitselect' 'tmp' <Predicate = true> <Delay = 0.00>
ST_2 : Operation 46 [1/1] (0.40ns)   --->   "%iy = select i1 %tmp, i10 0, i10 %add_ln49" [src/srcnn.cpp:49->src/srcnn.cpp:548]   --->   Operation 46 'select' 'iy' <Predicate = true> <Delay = 0.40> <CoreInst = "Sel">   --->   Core 73 'Sel' <Latency = 0> <II = 1> <Delay = 0.40> <FuncUnit> <Opcode : 'select'> <InPorts = 3> <OutPorts = 1>
ST_2 : Operation 47 [1/1] (0.00ns)   --->   "%trunc_ln48 = trunc i10 %iy" [src/srcnn.cpp:48->src/srcnn.cpp:548]   --->   Operation 47 'trunc' 'trunc_ln48' <Predicate = true> <Delay = 0.00>
ST_2 : Operation 48 [1/1] (0.78ns)   --->   "%icmp_ln50 = icmp_ugt  i10 %iy, i10 254" [src/srcnn.cpp:50->src/srcnn.cpp:548]   --->   Operation 48 'icmp' 'icmp_ln50' <Predicate = true> <Delay = 0.78> <CoreInst = "Cmp">   --->   Core 9 'Cmp' <Latency = 0> <II = 1> <Delay = 0.78> <FuncUnit> <Opcode : 'icmp'> <InPorts = 2> <OutPorts = 1>
ST_2 : Operation 49 [1/1] (0.39ns)   --->   "%iy_1 = select i1 %icmp_ln50, i8 254, i8 %trunc_ln48" [src/srcnn.cpp:50->src/srcnn.cpp:548]   --->   Operation 49 'select' 'iy_1' <Predicate = true> <Delay = 0.39> <CoreInst = "Sel">   --->   Core 73 'Sel' <Latency = 0> <II = 1> <Delay = 0.39> <FuncUnit> <Opcode : 'select'> <InPorts = 3> <OutPorts = 1>
ST_2 : Operation 50 [1/1] (0.86ns)   --->   "%icmp_ln43 = icmp_eq  i17 %indvar_flatten_load, i17 %bound_read" [src/srcnn.cpp:43->src/srcnn.cpp:548]   --->   Operation 50 'icmp' 'icmp_ln43' <Predicate = true> <Delay = 0.86> <CoreInst = "Cmp">   --->   Core 9 'Cmp' <Latency = 0> <II = 1> <Delay = 0.86> <FuncUnit> <Opcode : 'icmp'> <InPorts = 2> <OutPorts = 1>
ST_2 : Operation 51 [1/1] (0.00ns)   --->   "%speclooptripcount_ln0 = speclooptripcount void @_ssdm_op_SpecLoopTripCount, i64 144, i64 71289, i64 0"   --->   Operation 51 'speclooptripcount' 'speclooptripcount_ln0' <Predicate = true> <Delay = 0.00>
ST_2 : Operation 52 [1/1] (0.86ns)   --->   "%add_ln43_1 = add i17 %indvar_flatten_load, i17 1" [src/srcnn.cpp:43->src/srcnn.cpp:548]   --->   Operation 52 'add' 'add_ln43_1' <Predicate = true> <Delay = 0.86> <CoreInst = "Adder">   --->   Core 1 'Adder' <Latency = 0> <II = 1> <Delay = 0.86> <FuncUnit> <Opcode : 'add' 'sub'> <InPorts = 2> <OutPorts = 1>
ST_2 : Operation 53 [1/1] (0.00ns)   --->   "%br_ln43 = br i1 %icmp_ln43, void %for.inc26.loopexit.i, void %load_tile_mm.exit.exitStub" [src/srcnn.cpp:43->src/srcnn.cpp:548]   --->   Operation 53 'br' 'br_ln43' <Predicate = true> <Delay = 0.00>
ST_2 : Operation 54 [1/1] (0.00ns)   --->   "%px_load = load i9 %px" [src/srcnn.cpp:53->src/srcnn.cpp:548]   --->   Operation 54 'load' 'px_load' <Predicate = (!icmp_ln43)> <Delay = 0.00>
ST_2 : Operation 55 [1/1] (0.77ns)   --->   "%add_ln43_2 = add i9 %py_1, i9 1" [src/srcnn.cpp:43->src/srcnn.cpp:548]   --->   Operation 55 'add' 'add_ln43_2' <Predicate = (!icmp_ln43)> <Delay = 0.77> <CoreInst = "Adder">   --->   Core 1 'Adder' <Latency = 0> <II = 1> <Delay = 0.77> <FuncUnit> <Opcode : 'add' 'sub'> <InPorts = 2> <OutPorts = 1>
ST_2 : Operation 56 [1/1] (0.77ns)   --->   "%icmp_ln53 = icmp_eq  i9 %px_load, i9 %add_ln43_read" [src/srcnn.cpp:53->src/srcnn.cpp:548]   --->   Operation 56 'icmp' 'icmp_ln53' <Predicate = (!icmp_ln43)> <Delay = 0.77> <CoreInst = "Cmp">   --->   Core 9 'Cmp' <Latency = 0> <II = 1> <Delay = 0.77> <FuncUnit> <Opcode : 'icmp'> <InPorts = 2> <OutPorts = 1>
ST_2 : Operation 57 [1/1] (0.39ns)   --->   "%select_ln43 = select i1 %icmp_ln53, i9 0, i9 %px_load" [src/srcnn.cpp:43->src/srcnn.cpp:548]   --->   Operation 57 'select' 'select_ln43' <Predicate = (!icmp_ln43)> <Delay = 0.39> <CoreInst = "Sel">   --->   Core 73 'Sel' <Latency = 0> <II = 1> <Delay = 0.39> <FuncUnit> <Opcode : 'select'> <InPorts = 3> <OutPorts = 1>
ST_2 : Operation 58 [1/1] (0.39ns)   --->   "%select_ln43_1 = select i1 %icmp_ln53, i9 %add_ln43_2, i9 %py_1" [src/srcnn.cpp:43->src/srcnn.cpp:548]   --->   Operation 58 'select' 'select_ln43_1' <Predicate = (!icmp_ln43)> <Delay = 0.39> <CoreInst = "Sel">   --->   Core 73 'Sel' <Latency = 0> <II = 1> <Delay = 0.39> <FuncUnit> <Opcode : 'select'> <InPorts = 3> <OutPorts = 1>
ST_2 : Operation 59 [1/1] (0.00ns)   --->   "%zext_ln60_3 = zext i9 %select_ln43_1" [src/srcnn.cpp:60->src/srcnn.cpp:548]   --->   Operation 59 'zext' 'zext_ln60_3' <Predicate = (!icmp_ln43)> <Delay = 0.00>
ST_2 : Operation 60 [1/1] (0.77ns)   --->   "%add_ln60_3 = add i10 %select_ln60_cast_cast, i10 %zext_ln60_3" [src/srcnn.cpp:60->src/srcnn.cpp:548]   --->   Operation 60 'add' 'add_ln60_3' <Predicate = (!icmp_ln43)> <Delay = 0.77> <CoreInst = "Adder">   --->   Core 1 'Adder' <Latency = 0> <II = 1> <Delay = 0.77> <FuncUnit> <Opcode : 'add' 'sub'> <InPorts = 2> <OutPorts = 1>
ST_2 : Operation 61 [1/1] (0.00ns)   --->   "%trunc_ln60 = trunc i10 %add_ln60_3" [src/srcnn.cpp:60->src/srcnn.cpp:548]   --->   Operation 61 'trunc' 'trunc_ln60' <Predicate = (!icmp_ln43)> <Delay = 0.00>
ST_2 : Operation 62 [1/1] (0.00ns)   --->   "%p_shl5 = bitconcatenate i13 @_ssdm_op_BitConcatenate.i13.i8.i5, i8 %trunc_ln60, i5 0" [src/srcnn.cpp:60->src/srcnn.cpp:548]   --->   Operation 62 'bitconcatenate' 'p_shl5' <Predicate = (!icmp_ln43)> <Delay = 0.00>
ST_2 : Operation 63 [1/1] (0.00ns)   --->   "%p_shl6 = bitconcatenate i12 @_ssdm_op_BitConcatenate.i12.i10.i2, i10 %add_ln60_3, i2 0" [src/srcnn.cpp:60->src/srcnn.cpp:548]   --->   Operation 63 'bitconcatenate' 'p_shl6' <Predicate = (!icmp_ln43)> <Delay = 0.00>
ST_2 : Operation 64 [1/1] (0.00ns)   --->   "%zext_ln60_4 = zext i12 %p_shl6" [src/srcnn.cpp:60->src/srcnn.cpp:548]   --->   Operation 64 'zext' 'zext_ln60_4' <Predicate = (!icmp_ln43)> <Delay = 0.00>
ST_2 : Operation 65 [1/1] (0.00ns) (grouped into TernaryAdder)   --->   "%add_ln60_4 = add i13 %p_shl5, i13 %zext_ln60_4" [src/srcnn.cpp:60->src/srcnn.cpp:548]   --->   Operation 65 'add' 'add_ln60_4' <Predicate = (!icmp_ln43)> <Delay = 0.00> <CoreInst = "TAddSub">   --->   Core 10 'TAddSub' <Latency = 0> <II = 1> <Delay = 0.34> <IPBlock> <Opcode : '<invalid operator> ' 'add' 'sub'> <InPorts = 3> <OutPorts = 1> <Sync> <CReg>
ST_2 : Operation 66 [1/1] (0.00ns)   --->   "%zext_ln43_1 = zext i9 %add_ln43_2" [src/srcnn.cpp:43->src/srcnn.cpp:548]   --->   Operation 66 'zext' 'zext_ln43_1' <Predicate = (!icmp_ln43)> <Delay = 0.00>
ST_2 : Operation 67 [1/1] (0.00ns)   --->   "%zext_ln48_1 = zext i9 %add_ln43_2" [src/srcnn.cpp:48->src/srcnn.cpp:548]   --->   Operation 67 'zext' 'zext_ln48_1' <Predicate = (!icmp_ln43)> <Delay = 0.00>
ST_2 : Operation 68 [1/1] (0.78ns)   --->   "%add_ln48_2 = add i11 %sext_ln48_cast, i11 %zext_ln43_1" [src/srcnn.cpp:48->src/srcnn.cpp:548]   --->   Operation 68 'add' 'add_ln48_2' <Predicate = (!icmp_ln43)> <Delay = 0.78> <CoreInst = "Adder">   --->   Core 1 'Adder' <Latency = 0> <II = 1> <Delay = 0.78> <FuncUnit> <Opcode : 'add' 'sub'> <InPorts = 2> <OutPorts = 1>
ST_2 : Operation 69 [1/1] (0.78ns)   --->   "%add_ln49_1 = add i10 %add_ln48_read, i10 %zext_ln48_1" [src/srcnn.cpp:49->src/srcnn.cpp:548]   --->   Operation 69 'add' 'add_ln49_1' <Predicate = (!icmp_ln43)> <Delay = 0.78> <CoreInst = "Adder">   --->   Core 1 'Adder' <Latency = 0> <II = 1> <Delay = 0.78> <FuncUnit> <Opcode : 'add' 'sub'> <InPorts = 2> <OutPorts = 1>
ST_2 : Operation 70 [1/1] (0.00ns)   --->   "%tmp_4 = bitselect i1 @_ssdm_op_BitSelect.i1.i11.i32, i11 %add_ln48_2, i32 10" [src/srcnn.cpp:49->src/srcnn.cpp:548]   --->   Operation 70 'bitselect' 'tmp_4' <Predicate = (!icmp_ln43)> <Delay = 0.00>
ST_2 : Operation 71 [1/1] (0.40ns)   --->   "%select_ln49 = select i1 %tmp_4, i10 0, i10 %add_ln49_1" [src/srcnn.cpp:49->src/srcnn.cpp:548]   --->   Operation 71 'select' 'select_ln49' <Predicate = (!icmp_ln43)> <Delay = 0.40> <CoreInst = "Sel">   --->   Core 73 'Sel' <Latency = 0> <II = 1> <Delay = 0.40> <FuncUnit> <Opcode : 'select'> <InPorts = 3> <OutPorts = 1>
ST_2 : Operation 72 [1/1] (0.00ns) (grouped into LUT with out node select_ln43_2)   --->   "%trunc_ln48_1 = trunc i10 %select_ln49" [src/srcnn.cpp:48->src/srcnn.cpp:548]   --->   Operation 72 'trunc' 'trunc_ln48_1' <Predicate = (!icmp_ln43)> <Delay = 0.00>
ST_2 : Operation 73 [1/1] (0.78ns)   --->   "%icmp_ln50_1 = icmp_ugt  i10 %select_ln49, i10 254" [src/srcnn.cpp:50->src/srcnn.cpp:548]   --->   Operation 73 'icmp' 'icmp_ln50_1' <Predicate = (!icmp_ln43)> <Delay = 0.78> <CoreInst = "Cmp">   --->   Core 9 'Cmp' <Latency = 0> <II = 1> <Delay = 0.78> <FuncUnit> <Opcode : 'icmp'> <InPorts = 2> <OutPorts = 1>
ST_2 : Operation 74 [1/1] (0.00ns) (grouped into LUT with out node select_ln43_2)   --->   "%select_ln50 = select i1 %icmp_ln50_1, i8 254, i8 %trunc_ln48_1" [src/srcnn.cpp:50->src/srcnn.cpp:548]   --->   Operation 74 'select' 'select_ln50' <Predicate = (!icmp_ln43)> <Delay = 0.00> <CoreInst = "Sel">   --->   Core 73 'Sel' <Latency = 0> <II = 1> <Delay = 0.39> <FuncUnit> <Opcode : 'select'> <InPorts = 3> <OutPorts = 1>
ST_2 : Operation 75 [1/1] (0.39ns) (out node of the LUT)   --->   "%select_ln43_2 = select i1 %icmp_ln53, i8 %select_ln50, i8 %iy_1" [src/srcnn.cpp:43->src/srcnn.cpp:548]   --->   Operation 75 'select' 'select_ln43_2' <Predicate = (!icmp_ln43)> <Delay = 0.39> <CoreInst = "Sel">   --->   Core 73 'Sel' <Latency = 0> <II = 1> <Delay = 0.39> <FuncUnit> <Opcode : 'select'> <InPorts = 3> <OutPorts = 1>
ST_2 : Operation 76 [1/1] (0.00ns)   --->   "%zext_ln53 = zext i9 %select_ln43" [src/srcnn.cpp:53->src/srcnn.cpp:548]   --->   Operation 76 'zext' 'zext_ln53' <Predicate = (!icmp_ln43)> <Delay = 0.00>
ST_2 : Operation 77 [1/1] (0.00ns)   --->   "%zext_ln53_1 = zext i9 %select_ln43" [src/srcnn.cpp:53->src/srcnn.cpp:548]   --->   Operation 77 'zext' 'zext_ln53_1' <Predicate = (!icmp_ln43)> <Delay = 0.00>
ST_2 : Operation 78 [1/1] (2.14ns)   --->   "%mul_ln53 = mul i19 %zext_ln53_1, i19 683" [src/srcnn.cpp:53->src/srcnn.cpp:548]   --->   Operation 78 'mul' 'mul_ln53' <Predicate = (!icmp_ln43)> <Delay = 2.14> <CoreInst = "Multiplier">   --->   Core 3 'Multiplier' <Latency = 0> <II = 1> <Delay = 2.14> <FuncUnit> <Opcode : 'mul'> <InPorts = 2> <OutPorts = 1>
ST_2 : Operation 79 [1/1] (0.00ns)   --->   "%tmp_5 = partselect i8 @_ssdm_op_PartSelect.i8.i19.i32.i32, i19 %mul_ln53, i32 11, i32 18" [src/srcnn.cpp:53->src/srcnn.cpp:548]   --->   Operation 79 'partselect' 'tmp_5' <Predicate = (!icmp_ln43)> <Delay = 0.00>
ST_2 : Operation 80 [1/1] (0.00ns)   --->   "%zext_ln60_5 = zext i8 %tmp_5" [src/srcnn.cpp:60->src/srcnn.cpp:548]   --->   Operation 80 'zext' 'zext_ln60_5' <Predicate = (!icmp_ln43)> <Delay = 0.00>
ST_2 : Operation 81 [1/1] (0.82ns) (root node of TernaryAdder)   --->   "%add_ln60_5 = add i13 %add_ln60_4, i13 %zext_ln60_5" [src/srcnn.cpp:60->src/srcnn.cpp:548]   --->   Operation 81 'add' 'add_ln60_5' <Predicate = (!icmp_ln43)> <Delay = 0.82> <CoreInst = "TAddSub">   --->   Core 10 'TAddSub' <Latency = 0> <II = 1> <Delay = 0.34> <IPBlock> <Opcode : '<invalid operator> ' 'add' 'sub'> <InPorts = 3> <OutPorts = 1> <Sync> <CReg>
ST_2 : Operation 82 [13/13] (1.53ns)   --->   "%urem_ln53 = urem i9 %select_ln43, i9 3" [src/srcnn.cpp:53->src/srcnn.cpp:548]   --->   Operation 82 'urem' 'urem_ln53' <Predicate = (!icmp_ln43)> <Delay = 1.53> <CoreInst = "Divider">   --->   Core 6 'Divider' <Latency = 12> <II = 1> <Delay = 1.53> <FuncUnit> <Opcode : 'sdiv' 'srem' 'udiv' 'urem'> <InPorts = 2> <OutPorts = 1>
ST_2 : Operation 83 [1/1] (0.76ns)   --->   "%add_ln57 = add i9 %w0_cast2_cast, i9 506" [src/srcnn.cpp:57->src/srcnn.cpp:548]   --->   Operation 83 'add' 'add_ln57' <Predicate = (!icmp_ln43)> <Delay = 0.76> <CoreInst = "Adder">   --->   Core 1 'Adder' <Latency = 0> <II = 1> <Delay = 0.76> <FuncUnit> <Opcode : 'add' 'sub'> <InPorts = 2> <OutPorts = 1>
ST_2 : Operation 84 [1/1] (0.00ns)   --->   "%sext_ln57 = sext i9 %add_ln57" [src/srcnn.cpp:57->src/srcnn.cpp:548]   --->   Operation 84 'sext' 'sext_ln57' <Predicate = (!icmp_ln43)> <Delay = 0.00>
ST_2 : Operation 85 [1/1] (0.00ns)   --->   "%zext_ln57 = zext i9 %select_ln43" [src/srcnn.cpp:57->src/srcnn.cpp:548]   --->   Operation 85 'zext' 'zext_ln57' <Predicate = (!icmp_ln43)> <Delay = 0.00>
ST_2 : Operation 86 [1/1] (0.00ns)   --->   "%sext_ln57_1 = sext i9 %add_ln57" [src/srcnn.cpp:57->src/srcnn.cpp:548]   --->   Operation 86 'sext' 'sext_ln57_1' <Predicate = (!icmp_ln43)> <Delay = 0.00>
ST_2 : Operation 87 [1/1] (0.77ns)   --->   "%add_ln57_1 = add i11 %sext_ln57, i11 %zext_ln53" [src/srcnn.cpp:57->src/srcnn.cpp:548]   --->   Operation 87 'add' 'add_ln57_1' <Predicate = (!icmp_ln43)> <Delay = 0.77> <CoreInst = "Adder">   --->   Core 1 'Adder' <Latency = 0> <II = 1> <Delay = 0.77> <FuncUnit> <Opcode : 'add' 'sub'> <InPorts = 2> <OutPorts = 1>
ST_2 : Operation 88 [1/1] (0.77ns)   --->   "%add_ln58 = add i10 %sext_ln57_1, i10 %zext_ln57" [src/srcnn.cpp:58->src/srcnn.cpp:548]   --->   Operation 88 'add' 'add_ln58' <Predicate = (!icmp_ln43)> <Delay = 0.77> <CoreInst = "Adder">   --->   Core 1 'Adder' <Latency = 0> <II = 1> <Delay = 0.77> <FuncUnit> <Opcode : 'add' 'sub'> <InPorts = 2> <OutPorts = 1>
ST_2 : Operation 89 [1/1] (0.00ns)   --->   "%tmp_6 = bitselect i1 @_ssdm_op_BitSelect.i1.i11.i32, i11 %add_ln57_1, i32 10" [src/srcnn.cpp:58->src/srcnn.cpp:548]   --->   Operation 89 'bitselect' 'tmp_6' <Predicate = (!icmp_ln43)> <Delay = 0.00>
ST_2 : Operation 90 [1/1] (0.40ns)   --->   "%ix = select i1 %tmp_6, i10 0, i10 %add_ln58" [src/srcnn.cpp:58->src/srcnn.cpp:548]   --->   Operation 90 'select' 'ix' <Predicate = (!icmp_ln43)> <Delay = 0.40> <CoreInst = "Sel">   --->   Core 73 'Sel' <Latency = 0> <II = 1> <Delay = 0.40> <FuncUnit> <Opcode : 'select'> <InPorts = 3> <OutPorts = 1>
ST_2 : Operation 91 [1/1] (0.78ns)   --->   "%icmp_ln59 = icmp_ugt  i10 %ix, i10 254" [src/srcnn.cpp:59->src/srcnn.cpp:548]   --->   Operation 91 'icmp' 'icmp_ln59' <Predicate = (!icmp_ln43)> <Delay = 0.78> <CoreInst = "Cmp">   --->   Core 9 'Cmp' <Latency = 0> <II = 1> <Delay = 0.78> <FuncUnit> <Opcode : 'icmp'> <InPorts = 2> <OutPorts = 1>
ST_2 : Operation 92 [1/1] (0.00ns)   --->   "%shl_ln = bitconcatenate i18 @_ssdm_op_BitConcatenate.i18.i8.i10, i8 %select_ln43_2, i10 0" [src/srcnn.cpp:60->src/srcnn.cpp:548]   --->   Operation 92 'bitconcatenate' 'shl_ln' <Predicate = (!icmp_ln43)> <Delay = 0.00>
ST_2 : Operation 93 [1/1] (0.00ns)   --->   "%zext_ln60 = zext i18 %shl_ln" [src/srcnn.cpp:60->src/srcnn.cpp:548]   --->   Operation 93 'zext' 'zext_ln60' <Predicate = (!icmp_ln43)> <Delay = 0.00>
ST_2 : Operation 94 [1/1] (0.00ns)   --->   "%shl_ln60_1 = bitconcatenate i10 @_ssdm_op_BitConcatenate.i10.i8.i2, i8 %select_ln43_2, i2 0" [src/srcnn.cpp:60->src/srcnn.cpp:548]   --->   Operation 94 'bitconcatenate' 'shl_ln60_1' <Predicate = (!icmp_ln43)> <Delay = 0.00>
ST_2 : Operation 95 [1/1] (0.00ns)   --->   "%zext_ln60_1 = zext i10 %shl_ln60_1" [src/srcnn.cpp:60->src/srcnn.cpp:548]   --->   Operation 95 'zext' 'zext_ln60_1' <Predicate = (!icmp_ln43)> <Delay = 0.00>
ST_2 : Operation 96 [1/1] (0.00ns) (grouped into TernaryAdder)   --->   "%sub_ln60 = sub i19 %zext_ln60, i19 %zext_ln60_1" [src/srcnn.cpp:60->src/srcnn.cpp:548]   --->   Operation 96 'sub' 'sub_ln60' <Predicate = (!icmp_ln43)> <Delay = 0.00> <CoreInst = "TAddSub">   --->   Core 10 'TAddSub' <Latency = 0> <II = 1> <Delay = 0.34> <IPBlock> <Opcode : '<invalid operator> ' 'add' 'sub'> <InPorts = 3> <OutPorts = 1> <Sync> <CReg>
ST_2 : Operation 97 [1/1] (0.00ns)   --->   "%trunc_ln60_1 = trunc i10 %ix" [src/srcnn.cpp:60->src/srcnn.cpp:548]   --->   Operation 97 'trunc' 'trunc_ln60_1' <Predicate = (!icmp_ln43)> <Delay = 0.00>
ST_2 : Operation 98 [1/1] (0.39ns)   --->   "%select_ln59 = select i1 %icmp_ln59, i8 254, i8 %trunc_ln60_1" [src/srcnn.cpp:59->src/srcnn.cpp:548]   --->   Operation 98 'select' 'select_ln59' <Predicate = (!icmp_ln43)> <Delay = 0.39> <CoreInst = "Sel">   --->   Core 73 'Sel' <Latency = 0> <II = 1> <Delay = 0.39> <FuncUnit> <Opcode : 'select'> <InPorts = 3> <OutPorts = 1>
ST_2 : Operation 99 [1/1] (0.00ns)   --->   "%shl_ln60_2 = bitconcatenate i10 @_ssdm_op_BitConcatenate.i10.i8.i2, i8 %select_ln59, i2 0" [src/srcnn.cpp:60->src/srcnn.cpp:548]   --->   Operation 99 'bitconcatenate' 'shl_ln60_2' <Predicate = (!icmp_ln43)> <Delay = 0.00>
ST_2 : Operation 100 [1/1] (0.00ns)   --->   "%zext_ln60_2 = zext i10 %shl_ln60_2" [src/srcnn.cpp:60->src/srcnn.cpp:548]   --->   Operation 100 'zext' 'zext_ln60_2' <Predicate = (!icmp_ln43)> <Delay = 0.00>
ST_2 : Operation 101 [1/1] (0.69ns) (root node of TernaryAdder)   --->   "%add_ln60 = add i19 %sub_ln60, i19 %zext_ln60_2" [src/srcnn.cpp:60->src/srcnn.cpp:548]   --->   Operation 101 'add' 'add_ln60' <Predicate = (!icmp_ln43)> <Delay = 0.69> <CoreInst = "TAddSub">   --->   Core 10 'TAddSub' <Latency = 0> <II = 1> <Delay = 0.34> <IPBlock> <Opcode : '<invalid operator> ' 'add' 'sub'> <InPorts = 3> <OutPorts = 1> <Sync> <CReg>
ST_2 : Operation 102 [1/1] (0.00ns)   --->   "%sext_ln60 = sext i19 %add_ln60" [src/srcnn.cpp:60->src/srcnn.cpp:548]   --->   Operation 102 'sext' 'sext_ln60' <Predicate = (!icmp_ln43)> <Delay = 0.00>
ST_2 : Operation 103 [1/1] (1.08ns)   --->   "%add_ln60_1 = add i64 %sext_ln60, i64 %input_ftmap_read" [src/srcnn.cpp:60->src/srcnn.cpp:548]   --->   Operation 103 'add' 'add_ln60_1' <Predicate = (!icmp_ln43)> <Delay = 1.08> <CoreInst = "Adder">   --->   Core 1 'Adder' <Latency = 0> <II = 1> <Delay = 1.08> <FuncUnit> <Opcode : 'add' 'sub'> <InPorts = 2> <OutPorts = 1>
ST_2 : Operation 104 [1/1] (0.00ns)   --->   "%trunc_ln9 = partselect i62 @_ssdm_op_PartSelect.i62.i64.i32.i32, i64 %add_ln60_1, i32 2, i32 63" [src/srcnn.cpp:60->src/srcnn.cpp:548]   --->   Operation 104 'partselect' 'trunc_ln9' <Predicate = (!icmp_ln43)> <Delay = 0.00>
ST_2 : Operation 105 [1/1] (0.00ns)   --->   "%sext_ln60_1 = sext i62 %trunc_ln9" [src/srcnn.cpp:60->src/srcnn.cpp:548]   --->   Operation 105 'sext' 'sext_ln60_1' <Predicate = (!icmp_ln43)> <Delay = 0.00>
ST_2 : Operation 106 [1/1] (0.00ns)   --->   "%gmem_in_addr = getelementptr i32 %gmem_in, i64 %sext_ln60_1" [src/srcnn.cpp:60->src/srcnn.cpp:548]   --->   Operation 106 'getelementptr' 'gmem_in_addr' <Predicate = (!icmp_ln43)> <Delay = 0.00>
ST_2 : Operation 107 [1/1] (0.77ns)   --->   "%add_ln53 = add i9 %select_ln43, i9 1" [src/srcnn.cpp:53->src/srcnn.cpp:548]   --->   Operation 107 'add' 'add_ln53' <Predicate = (!icmp_ln43)> <Delay = 0.77> <CoreInst = "Adder">   --->   Core 1 'Adder' <Latency = 0> <II = 1> <Delay = 0.77> <FuncUnit> <Opcode : 'add' 'sub'> <InPorts = 2> <OutPorts = 1>
ST_2 : Operation 108 [1/1] (0.42ns)   --->   "%store_ln53 = store i17 %add_ln43_1, i17 %indvar_flatten" [src/srcnn.cpp:53->src/srcnn.cpp:548]   --->   Operation 108 'store' 'store_ln53' <Predicate = (!icmp_ln43)> <Delay = 0.42>
ST_2 : Operation 109 [1/1] (0.42ns)   --->   "%store_ln53 = store i9 %select_ln43_1, i9 %py" [src/srcnn.cpp:53->src/srcnn.cpp:548]   --->   Operation 109 'store' 'store_ln53' <Predicate = (!icmp_ln43)> <Delay = 0.42>
ST_2 : Operation 110 [1/1] (0.42ns)   --->   "%store_ln53 = store i9 %add_ln53, i9 %px" [src/srcnn.cpp:53->src/srcnn.cpp:548]   --->   Operation 110 'store' 'store_ln53' <Predicate = (!icmp_ln43)> <Delay = 0.42>
ST_2 : Operation 111 [1/1] (0.00ns)   --->   "%br_ln53 = br void %for.body10.i" [src/srcnn.cpp:53->src/srcnn.cpp:548]   --->   Operation 111 'br' 'br_ln53' <Predicate = (!icmp_ln43)> <Delay = 0.00>

State 3 <SV = 2> <Delay = 7.30>
ST_3 : Operation 112 [12/13] (1.53ns)   --->   "%urem_ln53 = urem i9 %select_ln43, i9 3" [src/srcnn.cpp:53->src/srcnn.cpp:548]   --->   Operation 112 'urem' 'urem_ln53' <Predicate = true> <Delay = 1.53> <CoreInst = "Divider">   --->   Core 6 'Divider' <Latency = 12> <II = 1> <Delay = 1.53> <FuncUnit> <Opcode : 'sdiv' 'srem' 'udiv' 'urem'> <InPorts = 2> <OutPorts = 1>
ST_3 : Operation 113 [8/8] (7.30ns)   --->   "%gmem_in_load_req = readreq i1 @_ssdm_op_ReadReq.m_axi.i32P1A, i32 %gmem_in_addr, i32 1" [src/srcnn.cpp:60->src/srcnn.cpp:548]   --->   Operation 113 'readreq' 'gmem_in_load_req' <Predicate = true> <Delay = 7.30> <CoreInst = "m_axi">   --->   Core 121 'm_axi' <Latency = 0> <II = 1> <Delay = 1.00> <Adapter> <Opcode : 'read' 'write' 'readreq' 'writereq' 'writeresp'>

State 4 <SV = 3> <Delay = 7.30>
ST_4 : Operation 114 [11/13] (1.53ns)   --->   "%urem_ln53 = urem i9 %select_ln43, i9 3" [src/srcnn.cpp:53->src/srcnn.cpp:548]   --->   Operation 114 'urem' 'urem_ln53' <Predicate = true> <Delay = 1.53> <CoreInst = "Divider">   --->   Core 6 'Divider' <Latency = 12> <II = 1> <Delay = 1.53> <FuncUnit> <Opcode : 'sdiv' 'srem' 'udiv' 'urem'> <InPorts = 2> <OutPorts = 1>
ST_4 : Operation 115 [7/8] (7.30ns)   --->   "%gmem_in_load_req = readreq i1 @_ssdm_op_ReadReq.m_axi.i32P1A, i32 %gmem_in_addr, i32 1" [src/srcnn.cpp:60->src/srcnn.cpp:548]   --->   Operation 115 'readreq' 'gmem_in_load_req' <Predicate = true> <Delay = 7.30> <CoreInst = "m_axi">   --->   Core 121 'm_axi' <Latency = 0> <II = 1> <Delay = 1.00> <Adapter> <Opcode : 'read' 'write' 'readreq' 'writereq' 'writeresp'>

State 5 <SV = 4> <Delay = 7.30>
ST_5 : Operation 116 [10/13] (1.53ns)   --->   "%urem_ln53 = urem i9 %select_ln43, i9 3" [src/srcnn.cpp:53->src/srcnn.cpp:548]   --->   Operation 116 'urem' 'urem_ln53' <Predicate = true> <Delay = 1.53> <CoreInst = "Divider">   --->   Core 6 'Divider' <Latency = 12> <II = 1> <Delay = 1.53> <FuncUnit> <Opcode : 'sdiv' 'srem' 'udiv' 'urem'> <InPorts = 2> <OutPorts = 1>
ST_5 : Operation 117 [6/8] (7.30ns)   --->   "%gmem_in_load_req = readreq i1 @_ssdm_op_ReadReq.m_axi.i32P1A, i32 %gmem_in_addr, i32 1" [src/srcnn.cpp:60->src/srcnn.cpp:548]   --->   Operation 117 'readreq' 'gmem_in_load_req' <Predicate = true> <Delay = 7.30> <CoreInst = "m_axi">   --->   Core 121 'm_axi' <Latency = 0> <II = 1> <Delay = 1.00> <Adapter> <Opcode : 'read' 'write' 'readreq' 'writereq' 'writeresp'>

State 6 <SV = 5> <Delay = 7.30>
ST_6 : Operation 118 [9/13] (1.53ns)   --->   "%urem_ln53 = urem i9 %select_ln43, i9 3" [src/srcnn.cpp:53->src/srcnn.cpp:548]   --->   Operation 118 'urem' 'urem_ln53' <Predicate = true> <Delay = 1.53> <CoreInst = "Divider">   --->   Core 6 'Divider' <Latency = 12> <II = 1> <Delay = 1.53> <FuncUnit> <Opcode : 'sdiv' 'srem' 'udiv' 'urem'> <InPorts = 2> <OutPorts = 1>
ST_6 : Operation 119 [5/8] (7.30ns)   --->   "%gmem_in_load_req = readreq i1 @_ssdm_op_ReadReq.m_axi.i32P1A, i32 %gmem_in_addr, i32 1" [src/srcnn.cpp:60->src/srcnn.cpp:548]   --->   Operation 119 'readreq' 'gmem_in_load_req' <Predicate = true> <Delay = 7.30> <CoreInst = "m_axi">   --->   Core 121 'm_axi' <Latency = 0> <II = 1> <Delay = 1.00> <Adapter> <Opcode : 'read' 'write' 'readreq' 'writereq' 'writeresp'>

State 7 <SV = 6> <Delay = 7.30>
ST_7 : Operation 120 [8/13] (1.53ns)   --->   "%urem_ln53 = urem i9 %select_ln43, i9 3" [src/srcnn.cpp:53->src/srcnn.cpp:548]   --->   Operation 120 'urem' 'urem_ln53' <Predicate = true> <Delay = 1.53> <CoreInst = "Divider">   --->   Core 6 'Divider' <Latency = 12> <II = 1> <Delay = 1.53> <FuncUnit> <Opcode : 'sdiv' 'srem' 'udiv' 'urem'> <InPorts = 2> <OutPorts = 1>
ST_7 : Operation 121 [4/8] (7.30ns)   --->   "%gmem_in_load_req = readreq i1 @_ssdm_op_ReadReq.m_axi.i32P1A, i32 %gmem_in_addr, i32 1" [src/srcnn.cpp:60->src/srcnn.cpp:548]   --->   Operation 121 'readreq' 'gmem_in_load_req' <Predicate = true> <Delay = 7.30> <CoreInst = "m_axi">   --->   Core 121 'm_axi' <Latency = 0> <II = 1> <Delay = 1.00> <Adapter> <Opcode : 'read' 'write' 'readreq' 'writereq' 'writeresp'>

State 8 <SV = 7> <Delay = 7.30>
ST_8 : Operation 122 [7/13] (1.53ns)   --->   "%urem_ln53 = urem i9 %select_ln43, i9 3" [src/srcnn.cpp:53->src/srcnn.cpp:548]   --->   Operation 122 'urem' 'urem_ln53' <Predicate = true> <Delay = 1.53> <CoreInst = "Divider">   --->   Core 6 'Divider' <Latency = 12> <II = 1> <Delay = 1.53> <FuncUnit> <Opcode : 'sdiv' 'srem' 'udiv' 'urem'> <InPorts = 2> <OutPorts = 1>
ST_8 : Operation 123 [3/8] (7.30ns)   --->   "%gmem_in_load_req = readreq i1 @_ssdm_op_ReadReq.m_axi.i32P1A, i32 %gmem_in_addr, i32 1" [src/srcnn.cpp:60->src/srcnn.cpp:548]   --->   Operation 123 'readreq' 'gmem_in_load_req' <Predicate = true> <Delay = 7.30> <CoreInst = "m_axi">   --->   Core 121 'm_axi' <Latency = 0> <II = 1> <Delay = 1.00> <Adapter> <Opcode : 'read' 'write' 'readreq' 'writereq' 'writeresp'>

State 9 <SV = 8> <Delay = 7.30>
ST_9 : Operation 124 [6/13] (1.53ns)   --->   "%urem_ln53 = urem i9 %select_ln43, i9 3" [src/srcnn.cpp:53->src/srcnn.cpp:548]   --->   Operation 124 'urem' 'urem_ln53' <Predicate = true> <Delay = 1.53> <CoreInst = "Divider">   --->   Core 6 'Divider' <Latency = 12> <II = 1> <Delay = 1.53> <FuncUnit> <Opcode : 'sdiv' 'srem' 'udiv' 'urem'> <InPorts = 2> <OutPorts = 1>
ST_9 : Operation 125 [2/8] (7.30ns)   --->   "%gmem_in_load_req = readreq i1 @_ssdm_op_ReadReq.m_axi.i32P1A, i32 %gmem_in_addr, i32 1" [src/srcnn.cpp:60->src/srcnn.cpp:548]   --->   Operation 125 'readreq' 'gmem_in_load_req' <Predicate = true> <Delay = 7.30> <CoreInst = "m_axi">   --->   Core 121 'm_axi' <Latency = 0> <II = 1> <Delay = 1.00> <Adapter> <Opcode : 'read' 'write' 'readreq' 'writereq' 'writeresp'>

State 10 <SV = 9> <Delay = 7.30>
ST_10 : Operation 126 [5/13] (1.53ns)   --->   "%urem_ln53 = urem i9 %select_ln43, i9 3" [src/srcnn.cpp:53->src/srcnn.cpp:548]   --->   Operation 126 'urem' 'urem_ln53' <Predicate = true> <Delay = 1.53> <CoreInst = "Divider">   --->   Core 6 'Divider' <Latency = 12> <II = 1> <Delay = 1.53> <FuncUnit> <Opcode : 'sdiv' 'srem' 'udiv' 'urem'> <InPorts = 2> <OutPorts = 1>
ST_10 : Operation 127 [1/8] (7.30ns)   --->   "%gmem_in_load_req = readreq i1 @_ssdm_op_ReadReq.m_axi.i32P1A, i32 %gmem_in_addr, i32 1" [src/srcnn.cpp:60->src/srcnn.cpp:548]   --->   Operation 127 'readreq' 'gmem_in_load_req' <Predicate = true> <Delay = 7.30> <CoreInst = "m_axi">   --->   Core 121 'm_axi' <Latency = 0> <II = 1> <Delay = 1.00> <Adapter> <Opcode : 'read' 'write' 'readreq' 'writereq' 'writeresp'>

State 11 <SV = 10> <Delay = 7.30>
ST_11 : Operation 128 [4/13] (1.53ns)   --->   "%urem_ln53 = urem i9 %select_ln43, i9 3" [src/srcnn.cpp:53->src/srcnn.cpp:548]   --->   Operation 128 'urem' 'urem_ln53' <Predicate = true> <Delay = 1.53> <CoreInst = "Divider">   --->   Core 6 'Divider' <Latency = 12> <II = 1> <Delay = 1.53> <FuncUnit> <Opcode : 'sdiv' 'srem' 'udiv' 'urem'> <InPorts = 2> <OutPorts = 1>
ST_11 : Operation 129 [1/1] (7.30ns)   --->   "%gmem_in_addr_read = read i32 @_ssdm_op_Read.m_axi.i32P1A, i32 %gmem_in_addr" [src/srcnn.cpp:60->src/srcnn.cpp:548]   --->   Operation 129 'read' 'gmem_in_addr_read' <Predicate = true> <Delay = 7.30> <CoreInst = "m_axi">   --->   Core 121 'm_axi' <Latency = 0> <II = 1> <Delay = 1.00> <Adapter> <Opcode : 'read' 'write' 'readreq' 'writereq' 'writeresp'>

State 12 <SV = 11> <Delay = 1.53>
ST_12 : Operation 130 [3/13] (1.53ns)   --->   "%urem_ln53 = urem i9 %select_ln43, i9 3" [src/srcnn.cpp:53->src/srcnn.cpp:548]   --->   Operation 130 'urem' 'urem_ln53' <Predicate = true> <Delay = 1.53> <CoreInst = "Divider">   --->   Core 6 'Divider' <Latency = 12> <II = 1> <Delay = 1.53> <FuncUnit> <Opcode : 'sdiv' 'srem' 'udiv' 'urem'> <InPorts = 2> <OutPorts = 1>

State 13 <SV = 12> <Delay = 1.53>
ST_13 : Operation 131 [2/13] (1.53ns)   --->   "%urem_ln53 = urem i9 %select_ln43, i9 3" [src/srcnn.cpp:53->src/srcnn.cpp:548]   --->   Operation 131 'urem' 'urem_ln53' <Predicate = true> <Delay = 1.53> <CoreInst = "Divider">   --->   Core 6 'Divider' <Latency = 12> <II = 1> <Delay = 1.53> <FuncUnit> <Opcode : 'sdiv' 'srem' 'udiv' 'urem'> <InPorts = 2> <OutPorts = 1>
ST_13 : Operation 149 [1/1] (0.00ns)   --->   "%ret_ln0 = ret"   --->   Operation 149 'ret' 'ret_ln0' <Predicate = (icmp_ln43)> <Delay = 0.00>

State 14 <SV = 13> <Delay = 2.76>
ST_14 : Operation 132 [1/1] (0.00ns)   --->   "%specloopname_ln0 = specloopname void @_ssdm_op_SpecLoopName, void @InputTileHread_InputTileWread_str"   --->   Operation 132 'specloopname' 'specloopname_ln0' <Predicate = true> <Delay = 0.00>
ST_14 : Operation 133 [1/1] (0.00ns)   --->   "%specpipeline_ln55 = specpipeline void @_ssdm_op_SpecPipeline, i32 4294967295, i32 0, i32 0, i32 0, void @empty_42" [src/srcnn.cpp:55->src/srcnn.cpp:548]   --->   Operation 133 'specpipeline' 'specpipeline_ln55' <Predicate = true> <Delay = 0.00>
ST_14 : Operation 134 [1/1] (0.00ns)   --->   "%specloopname_ln53 = specloopname void @_ssdm_op_SpecLoopName, void @empty_65" [src/srcnn.cpp:53->src/srcnn.cpp:548]   --->   Operation 134 'specloopname' 'specloopname_ln53' <Predicate = true> <Delay = 0.00>
ST_14 : Operation 135 [1/1] (0.00ns)   --->   "%zext_ln60_6 = zext i13 %add_ln60_5" [src/srcnn.cpp:60->src/srcnn.cpp:548]   --->   Operation 135 'zext' 'zext_ln60_6' <Predicate = true> <Delay = 0.00>
ST_14 : Operation 136 [1/1] (0.00ns)   --->   "%srcnn_float_255_255_float_1_9_9_float_float_64_1_1_f_110 = getelementptr i32 %srcnn_float_255_255_float_1_9_9_float_float_64_1_1_f_45, i64 0, i64 %zext_ln60_6" [src/srcnn.cpp:60->src/srcnn.cpp:548]   --->   Operation 136 'getelementptr' 'srcnn_float_255_255_float_1_9_9_float_float_64_1_1_f_110' <Predicate = true> <Delay = 0.00>
ST_14 : Operation 137 [1/1] (0.00ns)   --->   "%srcnn_float_255_255_float_1_9_9_float_float_64_1_1_f_111 = getelementptr i32 %srcnn_float_255_255_float_1_9_9_float_float_64_1_1_f_44, i64 0, i64 %zext_ln60_6" [src/srcnn.cpp:60->src/srcnn.cpp:548]   --->   Operation 137 'getelementptr' 'srcnn_float_255_255_float_1_9_9_float_float_64_1_1_f_111' <Predicate = true> <Delay = 0.00>
ST_14 : Operation 138 [1/1] (0.00ns)   --->   "%srcnn_float_255_255_float_1_9_9_float_float_64_1_1_f_112 = getelementptr i32 %srcnn_float_255_255_float_1_9_9_float_float_64_1_1_f_43, i64 0, i64 %zext_ln60_6" [src/srcnn.cpp:60->src/srcnn.cpp:548]   --->   Operation 138 'getelementptr' 'srcnn_float_255_255_float_1_9_9_float_float_64_1_1_f_112' <Predicate = true> <Delay = 0.00>
ST_14 : Operation 139 [1/13] (1.53ns)   --->   "%urem_ln53 = urem i9 %select_ln43, i9 3" [src/srcnn.cpp:53->src/srcnn.cpp:548]   --->   Operation 139 'urem' 'urem_ln53' <Predicate = true> <Delay = 1.53> <CoreInst = "Divider">   --->   Core 6 'Divider' <Latency = 12> <II = 1> <Delay = 1.53> <FuncUnit> <Opcode : 'sdiv' 'srem' 'udiv' 'urem'> <InPorts = 2> <OutPorts = 1>
ST_14 : Operation 140 [1/1] (0.00ns)   --->   "%trunc_ln53 = trunc i2 %urem_ln53" [src/srcnn.cpp:53->src/srcnn.cpp:548]   --->   Operation 140 'trunc' 'trunc_ln53' <Predicate = true> <Delay = 0.00>
ST_14 : Operation 141 [1/1] (0.00ns)   --->   "%bitcast_ln60 = bitcast i32 %gmem_in_addr_read" [src/srcnn.cpp:60->src/srcnn.cpp:548]   --->   Operation 141 'bitcast' 'bitcast_ln60' <Predicate = true> <Delay = 0.00>
ST_14 : Operation 142 [1/1] (0.73ns)   --->   "%switch_ln60 = switch i2 %trunc_ln53, void %arrayidx2532.case.2.i, i2 0, void %arrayidx2532.case.0.i, i2 1, void %arrayidx2532.case.1.i" [src/srcnn.cpp:60->src/srcnn.cpp:548]   --->   Operation 142 'switch' 'switch_ln60' <Predicate = true> <Delay = 0.73>
ST_14 : Operation 143 [1/1] (1.23ns)   --->   "%store_ln60 = store i32 %bitcast_ln60, i13 %srcnn_float_255_255_float_1_9_9_float_float_64_1_1_f_111" [src/srcnn.cpp:60->src/srcnn.cpp:548]   --->   Operation 143 'store' 'store_ln60' <Predicate = (trunc_ln53 == 1)> <Delay = 1.23> <CoreInst = "RAM_1P_BRAM">   --->   Core 90 'RAM_1P_BRAM' <Latency = 1> <II = 1> <Delay = 1.23> <Storage> <Opcode : 'load' 'store'> <Ports = 1> <Width = 32> <Depth = 7776> <RAM>
ST_14 : Operation 144 [1/1] (0.00ns)   --->   "%br_ln60 = br void %arrayidx2532.exit.i" [src/srcnn.cpp:60->src/srcnn.cpp:548]   --->   Operation 144 'br' 'br_ln60' <Predicate = (trunc_ln53 == 1)> <Delay = 0.00>
ST_14 : Operation 145 [1/1] (1.23ns)   --->   "%store_ln60 = store i32 %bitcast_ln60, i13 %srcnn_float_255_255_float_1_9_9_float_float_64_1_1_f_110" [src/srcnn.cpp:60->src/srcnn.cpp:548]   --->   Operation 145 'store' 'store_ln60' <Predicate = (trunc_ln53 == 0)> <Delay = 1.23> <CoreInst = "RAM_1P_BRAM">   --->   Core 90 'RAM_1P_BRAM' <Latency = 1> <II = 1> <Delay = 1.23> <Storage> <Opcode : 'load' 'store'> <Ports = 1> <Width = 32> <Depth = 7776> <RAM>
ST_14 : Operation 146 [1/1] (0.00ns)   --->   "%br_ln60 = br void %arrayidx2532.exit.i" [src/srcnn.cpp:60->src/srcnn.cpp:548]   --->   Operation 146 'br' 'br_ln60' <Predicate = (trunc_ln53 == 0)> <Delay = 0.00>
ST_14 : Operation 147 [1/1] (1.23ns)   --->   "%store_ln60 = store i32 %bitcast_ln60, i13 %srcnn_float_255_255_float_1_9_9_float_float_64_1_1_f_112" [src/srcnn.cpp:60->src/srcnn.cpp:548]   --->   Operation 147 'store' 'store_ln60' <Predicate = (trunc_ln53 != 0 & trunc_ln53 != 1)> <Delay = 1.23> <CoreInst = "RAM_1P_BRAM">   --->   Core 90 'RAM_1P_BRAM' <Latency = 1> <II = 1> <Delay = 1.23> <Storage> <Opcode : 'load' 'store'> <Ports = 1> <Width = 32> <Depth = 7776> <RAM>
ST_14 : Operation 148 [1/1] (0.00ns)   --->   "%br_ln60 = br void %arrayidx2532.exit.i" [src/srcnn.cpp:60->src/srcnn.cpp:548]   --->   Operation 148 'br' 'br_ln60' <Predicate = (trunc_ln53 != 0 & trunc_ln53 != 1)> <Delay = 0.00>


============================================================
+ Verbose Summary: Timing violations
============================================================
Target clock period: 10.000ns, clock uncertainty: 2.700ns.

 <State 1>: 0.427ns
The critical path consists of the following:
	'alloca' operation ('indvar_flatten') [15]  (0.000 ns)
	'store' operation ('store_ln0') of constant 0 on local variable 'indvar_flatten' [32]  (0.427 ns)

 <State 2>: 5.313ns
The critical path consists of the following:
	'load' operation ('px_load', src/srcnn.cpp:53->src/srcnn.cpp:548) on local variable 'px' [53]  (0.000 ns)
	'icmp' operation ('icmp_ln53', src/srcnn.cpp:53->src/srcnn.cpp:548) [56]  (0.776 ns)
	'select' operation ('select_ln43', src/srcnn.cpp:43->src/srcnn.cpp:548) [57]  (0.398 ns)
	'add' operation ('add_ln58', src/srcnn.cpp:58->src/srcnn.cpp:548) [95]  (0.776 ns)
	'select' operation ('ix', src/srcnn.cpp:58->src/srcnn.cpp:548) [97]  (0.403 ns)
	'icmp' operation ('icmp_ln59', src/srcnn.cpp:59->src/srcnn.cpp:548) [98]  (0.787 ns)
	'select' operation ('select_ln59', src/srcnn.cpp:59->src/srcnn.cpp:548) [105]  (0.393 ns)
	'add' operation ('add_ln60', src/srcnn.cpp:60->src/srcnn.cpp:548) [108]  (0.695 ns)
	'add' operation ('add_ln60_1', src/srcnn.cpp:60->src/srcnn.cpp:548) [110]  (1.085 ns)

 <State 3>: 7.300ns
The critical path consists of the following:
	bus request operation ('gmem_in_load_req', src/srcnn.cpp:60->src/srcnn.cpp:548) on port 'gmem_in' (src/srcnn.cpp:60->src/srcnn.cpp:548) [114]  (7.300 ns)

 <State 4>: 7.300ns
The critical path consists of the following:
	bus request operation ('gmem_in_load_req', src/srcnn.cpp:60->src/srcnn.cpp:548) on port 'gmem_in' (src/srcnn.cpp:60->src/srcnn.cpp:548) [114]  (7.300 ns)

 <State 5>: 7.300ns
The critical path consists of the following:
	bus request operation ('gmem_in_load_req', src/srcnn.cpp:60->src/srcnn.cpp:548) on port 'gmem_in' (src/srcnn.cpp:60->src/srcnn.cpp:548) [114]  (7.300 ns)

 <State 6>: 7.300ns
The critical path consists of the following:
	bus request operation ('gmem_in_load_req', src/srcnn.cpp:60->src/srcnn.cpp:548) on port 'gmem_in' (src/srcnn.cpp:60->src/srcnn.cpp:548) [114]  (7.300 ns)

 <State 7>: 7.300ns
The critical path consists of the following:
	bus request operation ('gmem_in_load_req', src/srcnn.cpp:60->src/srcnn.cpp:548) on port 'gmem_in' (src/srcnn.cpp:60->src/srcnn.cpp:548) [114]  (7.300 ns)

 <State 8>: 7.300ns
The critical path consists of the following:
	bus request operation ('gmem_in_load_req', src/srcnn.cpp:60->src/srcnn.cpp:548) on port 'gmem_in' (src/srcnn.cpp:60->src/srcnn.cpp:548) [114]  (7.300 ns)

 <State 9>: 7.300ns
The critical path consists of the following:
	bus request operation ('gmem_in_load_req', src/srcnn.cpp:60->src/srcnn.cpp:548) on port 'gmem_in' (src/srcnn.cpp:60->src/srcnn.cpp:548) [114]  (7.300 ns)

 <State 10>: 7.300ns
The critical path consists of the following:
	bus request operation ('gmem_in_load_req', src/srcnn.cpp:60->src/srcnn.cpp:548) on port 'gmem_in' (src/srcnn.cpp:60->src/srcnn.cpp:548) [114]  (7.300 ns)

 <State 11>: 7.300ns
The critical path consists of the following:
	bus read operation ('gmem_in_addr_read', src/srcnn.cpp:60->src/srcnn.cpp:548) on port 'gmem_in' (src/srcnn.cpp:60->src/srcnn.cpp:548) [115]  (7.300 ns)

 <State 12>: 1.531ns
The critical path consists of the following:
	'urem' operation ('urem_ln53', src/srcnn.cpp:53->src/srcnn.cpp:548) [88]  (1.531 ns)

 <State 13>: 1.531ns
The critical path consists of the following:
	'urem' operation ('urem_ln53', src/srcnn.cpp:53->src/srcnn.cpp:548) [88]  (1.531 ns)

 <State 14>: 2.768ns
The critical path consists of the following:
	'urem' operation ('urem_ln53', src/srcnn.cpp:53->src/srcnn.cpp:548) [88]  (1.531 ns)
	blocking operation 1.237 ns on control path)


============================================================
+ Verbose Summary: Binding
============================================================
N/A
* FSMD analyzer results:
  - Output states:
 - Input state : 
  - Chain level:
	State 1
	State 2
	State 3
	State 4
	State 5
	State 6
	State 7
	State 8
	State 9
	State 10
	State 11
	State 12
	State 13
	State 14


============================================================
+ Verbose Summary: Datapath Resource usage 
============================================================
N/A
