

================================================================
== Vitis HLS Report for 'load_tile_mm_Block_entry38_proc'
================================================================
* Date:           Tue Oct 21 03:21:50 2025

* Version:        2023.1 (Build 3854077 on May  4 2023)
* Project:        srcnn_hls
* Solution:       solution1 (Vivado IP Flow Target)
* Product family: zynquplus
* Target device:  xck26-sfvc784-2LV-c


================================================================
== Performance Estimates
================================================================
+ Timing: 
    * Summary: 
    +--------+----------+----------+------------+
    |  Clock |  Target  | Estimated| Uncertainty|
    +--------+----------+----------+------------+
    |ap_clk  |  10.00 ns|  1.838 ns|     2.70 ns|
    +--------+----------+----------+------------+

+ Latency: 
    * Summary: 
    +---------+---------+----------+----------+-----+-----+---------+
    |  Latency (cycles) |  Latency (absolute) |  Interval | Pipeline|
    |   min   |   max   |    min   |    max   | min | max |   Type  |
    +---------+---------+----------+----------+-----+-----+---------+
    |        0|        0|      0 ns|      0 ns|    0|    0|       no|
    +---------+---------+----------+----------+-----+-----+---------+

    + Detail: 
        * Instance: 
        N/A

        * Loop: 
        N/A

============================================================
+ Verbose Summary: Synthesis Manager
============================================================
InlineROM: 1
ExposeGlobal: 0
============================================================
+ Verbose Summary: CDFG Model
============================================================
IsTopModel: 0
ResetActiveHigh: 1
IsCombinational: 2
IsDatapathOnly: 0
HasWiredReturn: 1
HasMFsm: 0
HasVarLatency: 0
IsPipeline: 0
IsRtlPipelined: 0
IsInstanceOverlapped: 0
IsDontTouch: 0
HasImplIP: 0
IsGatedGlobalClock: 0


============================================================
+ Verbose Summary: Schedule
============================================================
* Number of FSM states : 1
* Pipeline : 0
* Dataflow Pipeline: 0

* FSM state transitions: 
1 --> 

* FSM state operations: 

State 1 <SV = 0> <Delay = 1.83>
ST_1 : Operation 2 [1/1] (0.00ns)   --->   "%h0_read = read i9 @_ssdm_op_Read.ap_auto.i9, i9 %h0"   --->   Operation 2 'read' 'h0_read' <Predicate = true> <Delay = 0.00>
ST_1 : Operation 3 [1/1] (0.00ns)   --->   "%w0_read = read i8 @_ssdm_op_Read.ap_auto.i8, i8 %w0"   --->   Operation 3 'read' 'w0_read' <Predicate = true> <Delay = 0.00>
ST_1 : Operation 4 [1/1] (0.00ns)   --->   "%phase_read = read i1 @_ssdm_op_Read.ap_auto.i1, i1 %phase"   --->   Operation 4 'read' 'phase_read' <Predicate = true> <Delay = 0.00>
ST_1 : Operation 5 [1/1] (0.00ns)   --->   "%w0_cast = zext i8 %w0_read"   --->   Operation 5 'zext' 'w0_cast' <Predicate = true> <Delay = 0.00>
ST_1 : Operation 6 [1/1] (0.00ns)   --->   "%specinterface_ln0 = specinterface void @_ssdm_op_SpecInterface, i1 %phase_c3, void @ap_fifo_str, i32 0, i32 0, void @p_str, i32 0, i32 0, void @p_str, void @p_str, void @p_str, i32 2, i32 2, i32 16, i32 16, void @p_str, void @ScalarProp_str, i32 4294967295, i32 0"   --->   Operation 6 'specinterface' 'specinterface_ln0' <Predicate = true> <Delay = 0.00>
ST_1 : Operation 7 [1/1] (1.83ns)   --->   "%write_ln0 = write void @_ssdm_op_Write.ap_fifo.i1P0A, i1 %phase_c3, i1 %phase_read"   --->   Operation 7 'write' 'write_ln0' <Predicate = true> <Delay = 1.83> <CoreInst = "FIFO_SRL">   --->   Core 81 'FIFO_SRL' <Latency = 0> <II = 1> <Delay = 1.83> <Storage> <Opcode : 'read' 'write' 'nbread' 'nbwrite'> <Ports = 0> <Width = 1> <Depth = 2> <FIFO>
ST_1 : Operation 8 [1/1] (0.00ns)   --->   "%specinterface_ln0 = specinterface void @_ssdm_op_SpecInterface, i8 %w0_c2, void @ap_fifo_str, i32 0, i32 0, void @p_str, i32 0, i32 0, void @p_str, void @p_str, void @p_str, i32 2, i32 2, i32 16, i32 16, void @p_str, void @ScalarProp_str, i32 4294967295, i32 0"   --->   Operation 8 'specinterface' 'specinterface_ln0' <Predicate = true> <Delay = 0.00>
ST_1 : Operation 9 [1/1] (1.83ns)   --->   "%write_ln0 = write void @_ssdm_op_Write.ap_fifo.i8P0A, i8 %w0_c2, i8 %w0_read"   --->   Operation 9 'write' 'write_ln0' <Predicate = true> <Delay = 1.83> <CoreInst = "FIFO_SRL">   --->   Core 81 'FIFO_SRL' <Latency = 0> <II = 1> <Delay = 1.83> <Storage> <Opcode : 'read' 'write' 'nbread' 'nbwrite'> <Ports = 0> <Width = 8> <Depth = 2> <FIFO>
ST_1 : Operation 10 [1/1] (0.00ns)   --->   "%specinterface_ln0 = specinterface void @_ssdm_op_SpecInterface, i9 %h0_c1, void @ap_fifo_str, i32 0, i32 0, void @p_str, i32 0, i32 0, void @p_str, void @p_str, void @p_str, i32 2, i32 2, i32 16, i32 16, void @p_str, void @ScalarProp_str, i32 4294967295, i32 0"   --->   Operation 10 'specinterface' 'specinterface_ln0' <Predicate = true> <Delay = 0.00>
ST_1 : Operation 11 [1/1] (1.83ns)   --->   "%write_ln529 = write void @_ssdm_op_Write.ap_fifo.i9P0A, i9 %h0_c1, i9 %h0_read" [src/srcnn.cpp:529]   --->   Operation 11 'write' 'write_ln529' <Predicate = true> <Delay = 1.83> <CoreInst = "FIFO_SRL">   --->   Core 81 'FIFO_SRL' <Latency = 0> <II = 1> <Delay = 1.83> <Storage> <Opcode : 'read' 'write' 'nbread' 'nbwrite'> <Ports = 0> <Width = 9> <Depth = 2> <FIFO>
ST_1 : Operation 12 [1/1] (0.77ns)   --->   "%add_ln529 = add i9 %h0_read, i9 16" [src/srcnn.cpp:529]   --->   Operation 12 'add' 'add_ln529' <Predicate = true> <Delay = 0.77> <CoreInst = "Adder">   --->   Core 1 'Adder' <Latency = 0> <II = 1> <Delay = 0.77> <FuncUnit> <Opcode : 'add' 'sub'> <InPorts = 2> <OutPorts = 1>
ST_1 : Operation 13 [1/1] (0.00ns) (grouped into LUT with out node PH)   --->   "%tmp = bitselect i1 @_ssdm_op_BitSelect.i1.i9.i32, i9 %add_ln529, i32 8" [src/srcnn.cpp:529]   --->   Operation 13 'bitselect' 'tmp' <Predicate = true> <Delay = 0.00>
ST_1 : Operation 14 [1/1] (0.00ns) (grouped into LUT with out node PH)   --->   "%trunc_ln528 = trunc i9 %h0_read" [src/srcnn.cpp:528]   --->   Operation 14 'trunc' 'trunc_ln528' <Predicate = (tmp)> <Delay = 0.00>
ST_1 : Operation 15 [1/1] (0.00ns) (grouped into LUT with out node PH)   --->   "%xor_ln529 = xor i8 %trunc_ln528, i8 255" [src/srcnn.cpp:529]   --->   Operation 15 'xor' 'xor_ln529' <Predicate = (tmp)> <Delay = 0.00> <CoreInst = "LogicGate">   --->   Core 74 'LogicGate' <Latency = 0> <II = 1> <Delay = 0.33> <FuncUnit> <Opcode : 'and' 'or' 'xor'> <InPorts = 2> <OutPorts = 1>
ST_1 : Operation 16 [1/1] (0.00ns) (grouped into LUT with out node PH)   --->   "%select_ln529 = select i1 %tmp, i8 %xor_ln529, i8 16" [src/srcnn.cpp:529]   --->   Operation 16 'select' 'select_ln529' <Predicate = true> <Delay = 0.00> <CoreInst = "Sel">   --->   Core 73 'Sel' <Latency = 0> <II = 1> <Delay = 0.39> <FuncUnit> <Opcode : 'select'> <InPorts = 3> <OutPorts = 1>
ST_1 : Operation 17 [1/1] (0.76ns)   --->   "%add_ln532 = add i9 %w0_cast, i9 16" [src/srcnn.cpp:532]   --->   Operation 17 'add' 'add_ln532' <Predicate = true> <Delay = 0.76> <CoreInst = "Adder">   --->   Core 1 'Adder' <Latency = 0> <II = 1> <Delay = 0.76> <FuncUnit> <Opcode : 'add' 'sub'> <InPorts = 2> <OutPorts = 1>
ST_1 : Operation 18 [1/1] (0.00ns) (grouped into LUT with out node PW)   --->   "%tmp_5 = bitselect i1 @_ssdm_op_BitSelect.i1.i9.i32, i9 %add_ln532, i32 8" [src/srcnn.cpp:532]   --->   Operation 18 'bitselect' 'tmp_5' <Predicate = true> <Delay = 0.00>
ST_1 : Operation 19 [1/1] (0.00ns) (grouped into LUT with out node PW)   --->   "%xor_ln532 = xor i8 %w0_read, i8 255" [src/srcnn.cpp:532]   --->   Operation 19 'xor' 'xor_ln532' <Predicate = (tmp_5)> <Delay = 0.00> <CoreInst = "LogicGate">   --->   Core 74 'LogicGate' <Latency = 0> <II = 1> <Delay = 0.33> <FuncUnit> <Opcode : 'and' 'or' 'xor'> <InPorts = 2> <OutPorts = 1>
ST_1 : Operation 20 [1/1] (0.00ns) (grouped into LUT with out node PW)   --->   "%select_ln532 = select i1 %tmp_5, i8 %xor_ln532, i8 16" [src/srcnn.cpp:532]   --->   Operation 20 'select' 'select_ln532' <Predicate = true> <Delay = 0.00> <CoreInst = "Sel">   --->   Core 73 'Sel' <Latency = 0> <II = 1> <Delay = 0.39> <FuncUnit> <Opcode : 'select'> <InPorts = 3> <OutPorts = 1>
ST_1 : Operation 21 [1/1] (0.00ns)   --->   "%in_tile_0_offset_cast_loc_i_0 = zext i1 %phase_read"   --->   Operation 21 'zext' 'in_tile_0_offset_cast_loc_i_0' <Predicate = true> <Delay = 0.00>
ST_1 : Operation 22 [1/1] (0.00ns)   --->   "%w0_cast19_loc_i_0 = zext i8 %w0_read"   --->   Operation 22 'zext' 'w0_cast19_loc_i_0' <Predicate = true> <Delay = 0.00>
ST_1 : Operation 23 [1/1] (0.00ns)   --->   "%h0_cast10_loc_i_0 = zext i9 %h0_read"   --->   Operation 23 'zext' 'h0_cast10_loc_i_0' <Predicate = true> <Delay = 0.00>
ST_1 : Operation 24 [1/1] (0.00ns) (grouped into LUT with out node PH)   --->   "%th_eff_cast_i = zext i8 %select_ln529" [src/srcnn.cpp:529]   --->   Operation 24 'zext' 'th_eff_cast_i' <Predicate = true> <Delay = 0.00>
ST_1 : Operation 25 [1/1] (0.76ns) (out node of the LUT)   --->   "%PH = add i9 %th_eff_cast_i, i9 12" [src/srcnn.cpp:43]   --->   Operation 25 'add' 'PH' <Predicate = true> <Delay = 0.76> <CoreInst = "Adder">   --->   Core 1 'Adder' <Latency = 0> <II = 1> <Delay = 0.76> <FuncUnit> <Opcode : 'add' 'sub'> <InPorts = 2> <OutPorts = 1>
ST_1 : Operation 26 [1/1] (0.00ns) (grouped into LUT with out node PW)   --->   "%tw_eff_cast_i = zext i8 %select_ln532" [src/srcnn.cpp:532]   --->   Operation 26 'zext' 'tw_eff_cast_i' <Predicate = true> <Delay = 0.00>
ST_1 : Operation 27 [1/1] (0.76ns) (out node of the LUT)   --->   "%PW = add i9 %tw_eff_cast_i, i9 12" [src/srcnn.cpp:43]   --->   Operation 27 'add' 'PW' <Predicate = true> <Delay = 0.76> <CoreInst = "Adder">   --->   Core 1 'Adder' <Latency = 0> <II = 1> <Delay = 0.76> <FuncUnit> <Opcode : 'add' 'sub'> <InPorts = 2> <OutPorts = 1>
ST_1 : Operation 28 [1/1] (0.00ns)   --->   "%mrv = insertvalue i102 <undef>, i64 %in_tile_0_offset_cast_loc_i_0"   --->   Operation 28 'insertvalue' 'mrv' <Predicate = true> <Delay = 0.00>
ST_1 : Operation 29 [1/1] (0.00ns)   --->   "%mrv_1 = insertvalue i102 %mrv, i10 %w0_cast19_loc_i_0"   --->   Operation 29 'insertvalue' 'mrv_1' <Predicate = true> <Delay = 0.00>
ST_1 : Operation 30 [1/1] (0.00ns)   --->   "%mrv_2 = insertvalue i102 %mrv_1, i10 %h0_cast10_loc_i_0"   --->   Operation 30 'insertvalue' 'mrv_2' <Predicate = true> <Delay = 0.00>
ST_1 : Operation 31 [1/1] (0.00ns)   --->   "%mrv_3 = insertvalue i102 %mrv_2, i9 %PH" [src/srcnn.cpp:43]   --->   Operation 31 'insertvalue' 'mrv_3' <Predicate = true> <Delay = 0.00>
ST_1 : Operation 32 [1/1] (0.00ns)   --->   "%mrv_4 = insertvalue i102 %mrv_3, i9 %PW" [src/srcnn.cpp:43]   --->   Operation 32 'insertvalue' 'mrv_4' <Predicate = true> <Delay = 0.00>
ST_1 : Operation 33 [1/1] (0.00ns)   --->   "%ret_ln43 = ret i102 %mrv_4" [src/srcnn.cpp:43]   --->   Operation 33 'ret' 'ret_ln43' <Predicate = true> <Delay = 0.00>


============================================================
+ Verbose Summary: Timing violations
============================================================
Target clock period: 10.000ns, clock uncertainty: 2.700ns.

 <State 1>: 1.838ns
The critical path consists of the following:
	wire read operation ('phase_read') on port 'phase' [9]  (0.000 ns)
	fifo write operation ('write_ln0') on port 'phase_c3' [12]  (1.838 ns)


============================================================
+ Verbose Summary: Binding
============================================================
N/A
* FSMD analyzer results:
  - Output states:
 - Input state : 
  - Chain level:
	State 1


============================================================
+ Verbose Summary: Datapath Resource usage 
============================================================
N/A
