

================================================================
== Vitis HLS Report for 'make_win97'
================================================================
* Date:           Mon Oct 27 19:16:44 2025

* Version:        2023.1 (Build 3854077 on May  4 2023)
* Project:        srcnn_hls
* Solution:       solution1 (Vivado IP Flow Target)
* Product family: zynquplus
* Target device:  xck26-sfvc784-2LV-c


================================================================
== Performance Estimates
================================================================
+ Timing: 
    * Summary: 
    +--------+----------+----------+------------+
    |  Clock |  Target  | Estimated| Uncertainty|
    +--------+----------+----------+------------+
    |ap_clk  |  10.00 ns|  3.676 ns|     2.70 ns|
    +--------+----------+----------+------------+

+ Latency: 
    * Summary: 
    +---------+---------+----------+----------+-----+-------+---------+
    |  Latency (cycles) |  Latency (absolute) |   Interval  | Pipeline|
    |   min   |   max   |    min   |    max   | min |  max  |   Type  |
    +---------+---------+----------+----------+-----+-------+---------+
    |      149|    71294|  1.490 us|  0.713 ms|  149|  71294|       no|
    +---------+---------+----------+----------+-----+-------+---------+

    + Detail: 
        * Instance: 
        N/A

        * Loop: 
        N/A

============================================================
+ Verbose Summary: Synthesis Manager
============================================================
InlineROM: 1
ExposeGlobal: 0
============================================================
+ Verbose Summary: CDFG Model
============================================================
IsTopModel: 0
ResetActiveHigh: 1
IsCombinational: 2
IsDatapathOnly: 0
HasWiredReturn: 1
HasMFsm: 0
HasVarLatency: 1
IsPipeline: 0
IsRtlPipelined: 0
IsInstanceOverlapped: 0
IsDontTouch: 0
HasImplIP: 0
IsGatedGlobalClock: 0


============================================================
+ Verbose Summary: Schedule
============================================================
* Number of FSM states : 3
* Pipeline : 0
* Dataflow Pipeline: 0

* FSM state transitions: 
1 --> 2 
2 --> 3 
3 --> 

* FSM state operations: 

State 1 <SV = 0> <Delay = 3.67>
ST_1 : Operation 4 [1/1] (1.83ns)   --->   "%p_read_1 = read i8 @_ssdm_op_Read.ap_auto.i8, i8 %p_read"   --->   Operation 4 'read' 'p_read_1' <Predicate = true> <Delay = 1.83> <CoreInst = "FIFO_SRL">   --->   Core 81 'FIFO_SRL' <Latency = 0> <II = 1> <Delay = 1.83> <Storage> <Opcode : 'read' 'write' 'nbread' 'nbwrite'> <Ports = 0> <Width = -1> <Depth = -1> <FIFO>
ST_1 : Operation 5 [1/1] (1.83ns)   --->   "%h0_read = read i9 @_ssdm_op_Read.ap_auto.volatile.i9P0A, i9 %h0"   --->   Operation 5 'read' 'h0_read' <Predicate = true> <Delay = 1.83> <CoreInst = "FIFO_SRL">   --->   Core 81 'FIFO_SRL' <Latency = 0> <II = 1> <Delay = 1.83> <Storage> <Opcode : 'read' 'write' 'nbread' 'nbwrite'> <Ports = 0> <Width = -1> <Depth = -1> <FIFO>
ST_1 : Operation 6 [1/1] (1.83ns)   --->   "%write_ln0 = write void @_ssdm_op_Write.ap_fifo.i8P0A, i8 %tw_eff_loc_i_c, i8 %p_read_1"   --->   Operation 6 'write' 'write_ln0' <Predicate = true> <Delay = 1.83> <CoreInst = "FIFO_SRL">   --->   Core 81 'FIFO_SRL' <Latency = 0> <II = 1> <Delay = 1.83> <Storage> <Opcode : 'read' 'write' 'nbread' 'nbwrite'> <Ports = 0> <Width = 8> <Depth = 2> <FIFO>
ST_1 : Operation 7 [1/1] (1.83ns)   --->   "%write_ln0 = write void @_ssdm_op_Write.ap_fifo.i9P0A, i9 %h0_c, i9 %h0_read"   --->   Operation 7 'write' 'write_ln0' <Predicate = true> <Delay = 1.83> <CoreInst = "FIFO_SRL">   --->   Core 81 'FIFO_SRL' <Latency = 0> <II = 1> <Delay = 1.83> <Storage> <Opcode : 'read' 'write' 'nbread' 'nbwrite'> <Ports = 0> <Width = 9> <Depth = 2> <FIFO>
ST_1 : Operation 8 [1/1] (0.00ns)   --->   "%lb1 = alloca i64 1" [src/srcnn.cpp:131->src/srcnn.cpp:413->src/srcnn.cpp:983->src/srcnn.cpp:969]   --->   Operation 8 'alloca' 'lb1' <Predicate = true> <Delay = 0.00> <CoreInst = "RAM_2P_BRAM">   --->   Core 94 'RAM_2P_BRAM' <Latency = 1> <II = 1> <Delay = 1.23> <Storage> <Opcode : 'load' 'store'> <Ports = 2> <Width = 32> <Depth = 28> <RAM>
ST_1 : Operation 9 [1/1] (0.00ns)   --->   "%lb1_1 = alloca i64 1" [src/srcnn.cpp:131->src/srcnn.cpp:413->src/srcnn.cpp:983->src/srcnn.cpp:969]   --->   Operation 9 'alloca' 'lb1_1' <Predicate = true> <Delay = 0.00> <CoreInst = "RAM_2P_BRAM">   --->   Core 94 'RAM_2P_BRAM' <Latency = 1> <II = 1> <Delay = 1.23> <Storage> <Opcode : 'load' 'store'> <Ports = 2> <Width = 32> <Depth = 28> <RAM>
ST_1 : Operation 10 [1/1] (0.00ns)   --->   "%lb1_2 = alloca i64 1" [src/srcnn.cpp:131->src/srcnn.cpp:413->src/srcnn.cpp:983->src/srcnn.cpp:969]   --->   Operation 10 'alloca' 'lb1_2' <Predicate = true> <Delay = 0.00> <CoreInst = "RAM_2P_BRAM">   --->   Core 94 'RAM_2P_BRAM' <Latency = 1> <II = 1> <Delay = 1.23> <Storage> <Opcode : 'load' 'store'> <Ports = 2> <Width = 32> <Depth = 28> <RAM>
ST_1 : Operation 11 [1/1] (0.00ns)   --->   "%lb1_3 = alloca i64 1" [src/srcnn.cpp:131->src/srcnn.cpp:413->src/srcnn.cpp:983->src/srcnn.cpp:969]   --->   Operation 11 'alloca' 'lb1_3' <Predicate = true> <Delay = 0.00> <CoreInst = "RAM_2P_BRAM">   --->   Core 94 'RAM_2P_BRAM' <Latency = 1> <II = 1> <Delay = 1.23> <Storage> <Opcode : 'load' 'store'> <Ports = 2> <Width = 32> <Depth = 28> <RAM>
ST_1 : Operation 12 [1/1] (0.00ns)   --->   "%lb1_4 = alloca i64 1" [src/srcnn.cpp:131->src/srcnn.cpp:413->src/srcnn.cpp:983->src/srcnn.cpp:969]   --->   Operation 12 'alloca' 'lb1_4' <Predicate = true> <Delay = 0.00> <CoreInst = "RAM_2P_BRAM">   --->   Core 94 'RAM_2P_BRAM' <Latency = 1> <II = 1> <Delay = 1.23> <Storage> <Opcode : 'load' 'store'> <Ports = 2> <Width = 32> <Depth = 28> <RAM>
ST_1 : Operation 13 [1/1] (0.00ns)   --->   "%lb1_5 = alloca i64 1" [src/srcnn.cpp:131->src/srcnn.cpp:413->src/srcnn.cpp:983->src/srcnn.cpp:969]   --->   Operation 13 'alloca' 'lb1_5' <Predicate = true> <Delay = 0.00> <CoreInst = "RAM_2P_BRAM">   --->   Core 94 'RAM_2P_BRAM' <Latency = 1> <II = 1> <Delay = 1.23> <Storage> <Opcode : 'load' 'store'> <Ports = 2> <Width = 32> <Depth = 28> <RAM>
ST_1 : Operation 14 [1/1] (0.00ns)   --->   "%lb1_6 = alloca i64 1" [src/srcnn.cpp:131->src/srcnn.cpp:413->src/srcnn.cpp:983->src/srcnn.cpp:969]   --->   Operation 14 'alloca' 'lb1_6' <Predicate = true> <Delay = 0.00> <CoreInst = "RAM_2P_BRAM">   --->   Core 94 'RAM_2P_BRAM' <Latency = 1> <II = 1> <Delay = 1.23> <Storage> <Opcode : 'load' 'store'> <Ports = 2> <Width = 32> <Depth = 28> <RAM>
ST_1 : Operation 15 [1/1] (0.00ns)   --->   "%lb1_7 = alloca i64 1" [src/srcnn.cpp:131->src/srcnn.cpp:413->src/srcnn.cpp:983->src/srcnn.cpp:969]   --->   Operation 15 'alloca' 'lb1_7' <Predicate = true> <Delay = 0.00> <CoreInst = "RAM_2P_BRAM">   --->   Core 94 'RAM_2P_BRAM' <Latency = 1> <II = 1> <Delay = 1.23> <Storage> <Opcode : 'load' 'store'> <Ports = 2> <Width = 32> <Depth = 28> <RAM>
ST_1 : Operation 16 [1/1] (0.77ns)   --->   "%add_ln962 = add i9 %h0_read, i9 16" [src/srcnn.cpp:962]   --->   Operation 16 'add' 'add_ln962' <Predicate = true> <Delay = 0.77> <CoreInst = "Adder">   --->   Core 1 'Adder' <Latency = 0> <II = 1> <Delay = 0.77> <FuncUnit> <Opcode : 'add' 'sub'> <InPorts = 2> <OutPorts = 1>
ST_1 : Operation 17 [1/1] (0.00ns) (grouped into LUT with out node PH)   --->   "%tmp = bitselect i1 @_ssdm_op_BitSelect.i1.i9.i32, i9 %add_ln962, i32 8" [src/srcnn.cpp:962]   --->   Operation 17 'bitselect' 'tmp' <Predicate = true> <Delay = 0.00>
ST_1 : Operation 18 [1/1] (0.00ns) (grouped into LUT with out node PH)   --->   "%trunc_ln961 = trunc i9 %h0_read" [src/srcnn.cpp:961]   --->   Operation 18 'trunc' 'trunc_ln961' <Predicate = true> <Delay = 0.00>
ST_1 : Operation 19 [1/1] (0.00ns) (grouped into LUT with out node PH)   --->   "%xor_ln962 = xor i8 %trunc_ln961, i8 255" [src/srcnn.cpp:962]   --->   Operation 19 'xor' 'xor_ln962' <Predicate = true> <Delay = 0.00> <CoreInst = "LogicGate">   --->   Core 74 'LogicGate' <Latency = 0> <II = 1> <Delay = 0.33> <FuncUnit> <Opcode : 'and' 'or' 'xor'> <InPorts = 2> <OutPorts = 1>
ST_1 : Operation 20 [1/1] (0.00ns) (grouped into LUT with out node PH)   --->   "%th_eff = select i1 %tmp, i8 %xor_ln962, i8 16" [src/srcnn.cpp:962]   --->   Operation 20 'select' 'th_eff' <Predicate = true> <Delay = 0.00> <CoreInst = "Sel">   --->   Core 73 'Sel' <Latency = 0> <II = 1> <Delay = 0.39> <FuncUnit> <Opcode : 'select'> <InPorts = 3> <OutPorts = 1>
ST_1 : Operation 21 [1/1] (0.00ns) (grouped into LUT with out node PH)   --->   "%th_eff_cast_i = zext i8 %th_eff" [src/srcnn.cpp:962]   --->   Operation 21 'zext' 'th_eff_cast_i' <Predicate = true> <Delay = 0.00>
ST_1 : Operation 22 [1/1] (0.76ns) (out node of the LUT)   --->   "%PH = add i9 %th_eff_cast_i, i9 12" [src/srcnn.cpp:124->src/srcnn.cpp:413->src/srcnn.cpp:983->src/srcnn.cpp:969]   --->   Operation 22 'add' 'PH' <Predicate = true> <Delay = 0.76> <CoreInst = "Adder">   --->   Core 1 'Adder' <Latency = 0> <II = 1> <Delay = 0.76> <FuncUnit> <Opcode : 'add' 'sub'> <InPorts = 2> <OutPorts = 1>

State 2 <SV = 1> <Delay = 2.50>
ST_2 : Operation 23 [1/1] (0.00ns)   --->   "%p_read_cast = zext i8 %p_read_1"   --->   Operation 23 'zext' 'p_read_cast' <Predicate = true> <Delay = 0.00>
ST_2 : Operation 24 [1/1] (0.76ns)   --->   "%PW = add i9 %p_read_cast, i9 12" [src/srcnn.cpp:125->src/srcnn.cpp:413->src/srcnn.cpp:983->src/srcnn.cpp:969]   --->   Operation 24 'add' 'PW' <Predicate = true> <Delay = 0.76> <CoreInst = "Adder">   --->   Core 1 'Adder' <Latency = 0> <II = 1> <Delay = 0.76> <FuncUnit> <Opcode : 'add' 'sub'> <InPorts = 2> <OutPorts = 1>
ST_2 : Operation 25 [1/1] (0.00ns)   --->   "%zext_ln145 = zext i9 %PH" [src/srcnn.cpp:145->src/srcnn.cpp:413->src/srcnn.cpp:983->src/srcnn.cpp:969]   --->   Operation 25 'zext' 'zext_ln145' <Predicate = true> <Delay = 0.00>
ST_2 : Operation 26 [1/1] (0.00ns)   --->   "%zext_ln145_1 = zext i9 %PW" [src/srcnn.cpp:145->src/srcnn.cpp:413->src/srcnn.cpp:983->src/srcnn.cpp:969]   --->   Operation 26 'zext' 'zext_ln145_1' <Predicate = true> <Delay = 0.00>
ST_2 : Operation 27 [1/1] (1.74ns)   --->   "%mul_ln145 = mul i17 %zext_ln145, i17 %zext_ln145_1" [src/srcnn.cpp:145->src/srcnn.cpp:413->src/srcnn.cpp:983->src/srcnn.cpp:969]   --->   Operation 27 'mul' 'mul_ln145' <Predicate = true> <Delay = 1.74> <CoreInst = "Multiplier">   --->   Core 3 'Multiplier' <Latency = 0> <II = 1> <Delay = 1.74> <FuncUnit> <Opcode : 'mul'> <InPorts = 2> <OutPorts = 1>
ST_2 : Operation 28 [1/1] (0.00ns)   --->   "%empty = wait i32 @_ssdm_op_Wait"   --->   Operation 28 'wait' 'empty' <Predicate = true> <Delay = 0.00>
ST_2 : Operation 29 [2/2] (0.00ns)   --->   "%call_ln145 = call void @make_win97_Pipeline_win9x9_read_pix, i17 %mul_ln145, i9 %PW, i32 %s_pix_i, i32 %lb1_7, i32 %lb1_6, i32 %lb1_5, i32 %lb1_4, i32 %lb1_3, i32 %lb1_2, i32 %lb1_1, i32 %lb1, i9 %PH, i2593 %s_win_i" [src/srcnn.cpp:145->src/srcnn.cpp:413->src/srcnn.cpp:983->src/srcnn.cpp:969]   --->   Operation 29 'call' 'call_ln145' <Predicate = true> <Delay = 0.00> <CoreType = "Generic">   --->   Core 0 '' <Latency = 0> <II = 1> <Delay = 1.00> <Generic> <Opcode : >

State 3 <SV = 2> <Delay = 0.00>
ST_3 : Operation 30 [1/1] (0.00ns)   --->   "%specinterface_ln0 = specinterface void @_ssdm_op_SpecInterface, i8 %tw_eff_loc_i_c, void @ap_fifo_str, i32 0, i32 0, void @p_str, i32 0, i32 0, void @p_str, void @p_str, void @p_str, i32 2, i32 2, i32 16, i32 16, void @p_str, void @ScalarProp_str, i32 4294967295, i32 0"   --->   Operation 30 'specinterface' 'specinterface_ln0' <Predicate = true> <Delay = 0.00>
ST_3 : Operation 31 [1/1] (0.00ns)   --->   "%specinterface_ln0 = specinterface void @_ssdm_op_SpecInterface, i9 %h0_c, void @ap_fifo_str, i32 0, i32 0, void @p_str, i32 0, i32 0, void @p_str, void @p_str, void @p_str, i32 2, i32 2, i32 16, i32 16, void @p_str, void @ScalarProp_str, i32 4294967295, i32 0"   --->   Operation 31 'specinterface' 'specinterface_ln0' <Predicate = true> <Delay = 0.00>
ST_3 : Operation 32 [1/1] (0.00ns)   --->   "%specinterface_ln0 = specinterface void @_ssdm_op_SpecInterface, i2593 %s_win_i, void @empty_17, i32 0, i32 0, void @empty_21, i32 0, i32 0, void @empty_21, void @empty_21, void @empty_21, i32 0, i32 0, i32 0, i32 0, void @empty_21, void @empty_21, i32 4294967295, i32 0"   --->   Operation 32 'specinterface' 'specinterface_ln0' <Predicate = true> <Delay = 0.00>
ST_3 : Operation 33 [1/1] (0.00ns)   --->   "%specinterface_ln0 = specinterface void @_ssdm_op_SpecInterface, i32 %s_pix_i, void @empty_17, i32 0, i32 0, void @empty_21, i32 0, i32 0, void @empty_21, void @empty_21, void @empty_21, i32 0, i32 0, i32 0, i32 0, void @empty_21, void @empty_21, i32 4294967295, i32 0"   --->   Operation 33 'specinterface' 'specinterface_ln0' <Predicate = true> <Delay = 0.00>
ST_3 : Operation 34 [1/1] (0.00ns)   --->   "%specmemcore_ln132 = specmemcore void @_ssdm_op_SpecMemCore, i32 %lb1_7, i64 666, i64 22, i64 18446744073709551615" [src/srcnn.cpp:132->src/srcnn.cpp:413->src/srcnn.cpp:983->src/srcnn.cpp:969]   --->   Operation 34 'specmemcore' 'specmemcore_ln132' <Predicate = true> <Delay = 0.00>
ST_3 : Operation 35 [1/1] (0.00ns)   --->   "%specmemcore_ln132 = specmemcore void @_ssdm_op_SpecMemCore, i32 %lb1_6, i64 666, i64 22, i64 18446744073709551615" [src/srcnn.cpp:132->src/srcnn.cpp:413->src/srcnn.cpp:983->src/srcnn.cpp:969]   --->   Operation 35 'specmemcore' 'specmemcore_ln132' <Predicate = true> <Delay = 0.00>
ST_3 : Operation 36 [1/1] (0.00ns)   --->   "%specmemcore_ln132 = specmemcore void @_ssdm_op_SpecMemCore, i32 %lb1_5, i64 666, i64 22, i64 18446744073709551615" [src/srcnn.cpp:132->src/srcnn.cpp:413->src/srcnn.cpp:983->src/srcnn.cpp:969]   --->   Operation 36 'specmemcore' 'specmemcore_ln132' <Predicate = true> <Delay = 0.00>
ST_3 : Operation 37 [1/1] (0.00ns)   --->   "%specmemcore_ln132 = specmemcore void @_ssdm_op_SpecMemCore, i32 %lb1_4, i64 666, i64 22, i64 18446744073709551615" [src/srcnn.cpp:132->src/srcnn.cpp:413->src/srcnn.cpp:983->src/srcnn.cpp:969]   --->   Operation 37 'specmemcore' 'specmemcore_ln132' <Predicate = true> <Delay = 0.00>
ST_3 : Operation 38 [1/1] (0.00ns)   --->   "%specmemcore_ln132 = specmemcore void @_ssdm_op_SpecMemCore, i32 %lb1_3, i64 666, i64 22, i64 18446744073709551615" [src/srcnn.cpp:132->src/srcnn.cpp:413->src/srcnn.cpp:983->src/srcnn.cpp:969]   --->   Operation 38 'specmemcore' 'specmemcore_ln132' <Predicate = true> <Delay = 0.00>
ST_3 : Operation 39 [1/1] (0.00ns)   --->   "%specmemcore_ln132 = specmemcore void @_ssdm_op_SpecMemCore, i32 %lb1_2, i64 666, i64 22, i64 18446744073709551615" [src/srcnn.cpp:132->src/srcnn.cpp:413->src/srcnn.cpp:983->src/srcnn.cpp:969]   --->   Operation 39 'specmemcore' 'specmemcore_ln132' <Predicate = true> <Delay = 0.00>
ST_3 : Operation 40 [1/1] (0.00ns)   --->   "%specmemcore_ln132 = specmemcore void @_ssdm_op_SpecMemCore, i32 %lb1_1, i64 666, i64 22, i64 18446744073709551615" [src/srcnn.cpp:132->src/srcnn.cpp:413->src/srcnn.cpp:983->src/srcnn.cpp:969]   --->   Operation 40 'specmemcore' 'specmemcore_ln132' <Predicate = true> <Delay = 0.00>
ST_3 : Operation 41 [1/1] (0.00ns)   --->   "%specmemcore_ln132 = specmemcore void @_ssdm_op_SpecMemCore, i32 %lb1, i64 666, i64 22, i64 18446744073709551615" [src/srcnn.cpp:132->src/srcnn.cpp:413->src/srcnn.cpp:983->src/srcnn.cpp:969]   --->   Operation 41 'specmemcore' 'specmemcore_ln132' <Predicate = true> <Delay = 0.00>
ST_3 : Operation 42 [1/2] (0.00ns)   --->   "%call_ln145 = call void @make_win97_Pipeline_win9x9_read_pix, i17 %mul_ln145, i9 %PW, i32 %s_pix_i, i32 %lb1_7, i32 %lb1_6, i32 %lb1_5, i32 %lb1_4, i32 %lb1_3, i32 %lb1_2, i32 %lb1_1, i32 %lb1, i9 %PH, i2593 %s_win_i" [src/srcnn.cpp:145->src/srcnn.cpp:413->src/srcnn.cpp:983->src/srcnn.cpp:969]   --->   Operation 42 'call' 'call_ln145' <Predicate = true> <Delay = 0.00> <CoreType = "Generic">   --->   Core 0 '' <Latency = 0> <II = 1> <Delay = 1.00> <Generic> <Opcode : >
ST_3 : Operation 43 [1/1] (0.00ns)   --->   "%ret_ln413 = ret" [src/srcnn.cpp:413->src/srcnn.cpp:983->src/srcnn.cpp:969]   --->   Operation 43 'ret' 'ret_ln413' <Predicate = true> <Delay = 0.00>


============================================================
+ Verbose Summary: Timing violations
============================================================
Target clock period: 10.000ns, clock uncertainty: 2.700ns.

 <State 1>: 3.676ns
The critical path consists of the following:
	wire read operation ('p_read_1') on port 'p_read' [7]  (1.838 ns)
	fifo write operation ('write_ln0') on port 'tw_eff_loc_i_c' [10]  (1.838 ns)

 <State 2>: 2.505ns
The critical path consists of the following:
	'add' operation ('PW', src/srcnn.cpp:125->src/srcnn.cpp:413->src/srcnn.cpp:983->src/srcnn.cpp:969) [31]  (0.765 ns)
	'mul' operation ('mul_ln145', src/srcnn.cpp:145->src/srcnn.cpp:413->src/srcnn.cpp:983->src/srcnn.cpp:969) [42]  (1.740 ns)

 <State 3>: 0.000ns
The critical path consists of the following:


============================================================
+ Verbose Summary: Binding
============================================================
N/A
* FSMD analyzer results:
  - Output states:
 - Input state : 
  - Chain level:
	State 1
	State 2
	State 3


============================================================
+ Verbose Summary: Datapath Resource usage 
============================================================
N/A
