

================================================================
== Vitis HLS Report for 'srcnn_Pipeline_CopyW1_ky_CopyW1_kx'
================================================================
* Date:           Tue Oct 21 14:52:16 2025

* Version:        2023.1 (Build 3854077 on May  4 2023)
* Project:        srcnn_hls
* Solution:       solution1 (Vivado IP Flow Target)
* Product family: zynquplus
* Target device:  xck26-sfvc784-2LV-c


================================================================
== Performance Estimates
================================================================
+ Timing: 
    * Summary: 
    +--------+----------+----------+------------+
    |  Clock |  Target  | Estimated| Uncertainty|
    +--------+----------+----------+------------+
    |ap_clk  |  10.00 ns|  7.300 ns|     2.70 ns|
    +--------+----------+----------+------------+

+ Latency: 
    * Summary: 
    +---------+---------+----------+----------+-----+-----+---------+
    |  Latency (cycles) |  Latency (absolute) |  Interval | Pipeline|
    |   min   |   max   |    min   |    max   | min | max |   Type  |
    +---------+---------+----------+----------+-----+-----+---------+
    |       92|       92|  0.920 us|  0.920 us|   92|   92|       no|
    +---------+---------+----------+----------+-----+-----+---------+

    + Detail: 
        * Instance: 
        N/A

        * Loop: 
        +-----------------------+---------+---------+----------+-----------+-----------+------+----------+
        |                       |  Latency (cycles) | Iteration|  Initiation Interval  | Trip |          |
        |       Loop Name       |   min   |   max   |  Latency |  achieved |   target  | Count| Pipelined|
        +-----------------------+---------+---------+----------+-----------+-----------+------+----------+
        |- CopyW1_ky_CopyW1_kx  |       90|       90|        11|          1|          1|    81|       yes|
        +-----------------------+---------+---------+----------+-----------+-----------+------+----------+

============================================================
+ Verbose Summary: Synthesis Manager
============================================================
InlineROM: 1
ExposeGlobal: 0
============================================================
+ Verbose Summary: CDFG Model
============================================================
IsTopModel: 0
ResetActiveHigh: 1
IsCombinational: 0
IsDatapathOnly: 0
HasWiredReturn: 1
HasMFsm: 2
HasVarLatency: 1
IsPipeline: 0
IsRtlPipelined: 0
IsInstanceOverlapped: 0
IsDontTouch: 0
HasImplIP: 0
IsGatedGlobalClock: 0

+ Individual pipeline summary: 
  * Pipeline-0: initiation interval (II) = 1, depth = 11


============================================================
+ Verbose Summary: Schedule
============================================================
* Number of FSM states : 11
* Pipeline : 1
  Pipeline-0 : II = 1, D = 11, States = { 1 2 3 4 5 6 7 8 9 10 11 }
* Dataflow Pipeline: 0

* FSM state transitions: 
1 --> 2 
2 --> 3 
3 --> 4 
4 --> 5 
5 --> 6 
6 --> 7 
7 --> 8 
8 --> 9 
9 --> 10 
10 --> 11 
11 --> 

* FSM state operations: 

State 1 <SV = 0> <Delay = 3.15>
ST_1 : Operation 14 [1/1] (0.00ns)   --->   "%kx = alloca i32 1"   --->   Operation 14 'alloca' 'kx' <Predicate = true> <Delay = 0.00>
ST_1 : Operation 15 [1/1] (0.00ns)   --->   "%ky = alloca i32 1"   --->   Operation 15 'alloca' 'ky' <Predicate = true> <Delay = 0.00>
ST_1 : Operation 16 [1/1] (0.00ns)   --->   "%indvar_flatten = alloca i32 1"   --->   Operation 16 'alloca' 'indvar_flatten' <Predicate = true> <Delay = 0.00>
ST_1 : Operation 17 [1/1] (0.00ns)   --->   "%zext_ln688_3_read = read i13 @_ssdm_op_Read.ap_auto.i13, i13 %zext_ln688_3"   --->   Operation 17 'read' 'zext_ln688_3_read' <Predicate = true> <Delay = 0.00>
ST_1 : Operation 18 [1/1] (0.00ns)   --->   "%sext_ln688_read = read i62 @_ssdm_op_Read.ap_auto.i62, i62 %sext_ln688"   --->   Operation 18 'read' 'sext_ln688_read' <Predicate = true> <Delay = 0.00>
ST_1 : Operation 19 [1/1] (0.00ns)   --->   "%add_ln697_3_read = read i11 @_ssdm_op_Read.ap_auto.i11, i11 %add_ln697_3"   --->   Operation 19 'read' 'add_ln697_3_read' <Predicate = true> <Delay = 0.00>
ST_1 : Operation 20 [1/1] (0.00ns)   --->   "%zext_ln688_3_cast = zext i13 %zext_ln688_3_read"   --->   Operation 20 'zext' 'zext_ln688_3_cast' <Predicate = true> <Delay = 0.00>
ST_1 : Operation 21 [1/1] (0.00ns)   --->   "%sext_ln688_cast = sext i62 %sext_ln688_read"   --->   Operation 21 'sext' 'sext_ln688_cast' <Predicate = true> <Delay = 0.00>
ST_1 : Operation 22 [1/1] (0.00ns)   --->   "%specmemcore_ln0 = specmemcore void @_ssdm_op_SpecMemCore, i32 %srcnn_float_255_255_float_1_9_9_float_float_64_1_1_f_10, i64 666, i64 19, i64 18446744073709551615"   --->   Operation 22 'specmemcore' 'specmemcore_ln0' <Predicate = true> <Delay = 0.00>
ST_1 : Operation 23 [1/1] (0.00ns)   --->   "%specmemcore_ln0 = specmemcore void @_ssdm_op_SpecMemCore, i32 %srcnn_float_255_255_float_1_9_9_float_float_64_1_1_f_9, i64 666, i64 19, i64 18446744073709551615"   --->   Operation 23 'specmemcore' 'specmemcore_ln0' <Predicate = true> <Delay = 0.00>
ST_1 : Operation 24 [1/1] (0.00ns)   --->   "%specmemcore_ln0 = specmemcore void @_ssdm_op_SpecMemCore, i32 %srcnn_float_255_255_float_1_9_9_float_float_64_1_1_f_8, i64 666, i64 19, i64 18446744073709551615"   --->   Operation 24 'specmemcore' 'specmemcore_ln0' <Predicate = true> <Delay = 0.00>
ST_1 : Operation 25 [1/1] (0.00ns)   --->   "%specinterface_ln0 = specinterface void @_ssdm_op_SpecInterface, i32 %gmem_w1, void @empty_20, i32 0, i32 0, void @empty_17, i32 0, i32 5184, void @empty_22, void @empty_19, void @empty_17, i32 16, i32 16, i32 16, i32 16, void @empty_17, void @empty_17, i32 4294967295, i32 0"   --->   Operation 25 'specinterface' 'specinterface_ln0' <Predicate = true> <Delay = 0.00>
ST_1 : Operation 26 [1/1] (0.42ns)   --->   "%store_ln0 = store i7 0, i7 %indvar_flatten"   --->   Operation 26 'store' 'store_ln0' <Predicate = true> <Delay = 0.42>
ST_1 : Operation 27 [1/1] (0.42ns)   --->   "%store_ln0 = store i4 0, i4 %ky"   --->   Operation 27 'store' 'store_ln0' <Predicate = true> <Delay = 0.42>
ST_1 : Operation 28 [1/1] (0.42ns)   --->   "%store_ln0 = store i4 0, i4 %kx"   --->   Operation 28 'store' 'store_ln0' <Predicate = true> <Delay = 0.42>
ST_1 : Operation 29 [1/1] (0.00ns)   --->   "%br_ln0 = br void %for.inc"   --->   Operation 29 'br' 'br_ln0' <Predicate = true> <Delay = 0.00>
ST_1 : Operation 30 [1/1] (0.00ns)   --->   "%ky_1 = load i4 %ky" [src/srcnn.cpp:692]   --->   Operation 30 'load' 'ky_1' <Predicate = true> <Delay = 0.00>
ST_1 : Operation 31 [1/1] (0.00ns)   --->   "%indvar_flatten_load = load i7 %indvar_flatten" [src/srcnn.cpp:692]   --->   Operation 31 'load' 'indvar_flatten_load' <Predicate = true> <Delay = 0.00>
ST_1 : Operation 32 [1/1] (0.00ns)   --->   "%specbitsmap_ln0 = specbitsmap void @_ssdm_op_SpecBitsMap, i32 %gmem_w1"   --->   Operation 32 'specbitsmap' 'specbitsmap_ln0' <Predicate = true> <Delay = 0.00>
ST_1 : Operation 33 [1/1] (0.00ns)   --->   "%zext_ln692 = zext i4 %ky_1" [src/srcnn.cpp:692]   --->   Operation 33 'zext' 'zext_ln692' <Predicate = true> <Delay = 0.00>
ST_1 : Operation 34 [1/1] (0.00ns)   --->   "%shl_ln1 = bitconcatenate i7 @_ssdm_op_BitConcatenate.i7.i4.i3, i4 %ky_1, i3 0" [src/srcnn.cpp:695]   --->   Operation 34 'bitconcatenate' 'shl_ln1' <Predicate = true> <Delay = 0.00>
ST_1 : Operation 35 [1/1] (0.77ns)   --->   "%add_ln695 = add i7 %shl_ln1, i7 %zext_ln692" [src/srcnn.cpp:695]   --->   Operation 35 'add' 'add_ln695' <Predicate = true> <Delay = 0.77> <CoreInst = "Adder">   --->   Core 1 'Adder' <Latency = 0> <II = 1> <Delay = 0.77> <FuncUnit> <Opcode : 'add' 'sub'> <InPorts = 2> <OutPorts = 1>
ST_1 : Operation 36 [1/1] (0.00ns)   --->   "%specpipeline_ln0 = specpipeline void @_ssdm_op_SpecPipeline, i32 4294967295, i32 0, i32 1, i32 0, void @p_str"   --->   Operation 36 'specpipeline' 'specpipeline_ln0' <Predicate = true> <Delay = 0.00>
ST_1 : Operation 37 [1/1] (0.77ns)   --->   "%icmp_ln692 = icmp_eq  i7 %indvar_flatten_load, i7 81" [src/srcnn.cpp:692]   --->   Operation 37 'icmp' 'icmp_ln692' <Predicate = true> <Delay = 0.77> <CoreInst = "Cmp">   --->   Core 9 'Cmp' <Latency = 0> <II = 1> <Delay = 0.77> <FuncUnit> <Opcode : 'icmp'> <InPorts = 2> <OutPorts = 1>
ST_1 : Operation 38 [1/1] (0.77ns)   --->   "%add_ln692_1 = add i7 %indvar_flatten_load, i7 1" [src/srcnn.cpp:692]   --->   Operation 38 'add' 'add_ln692_1' <Predicate = true> <Delay = 0.77> <CoreInst = "Adder">   --->   Core 1 'Adder' <Latency = 0> <II = 1> <Delay = 0.77> <FuncUnit> <Opcode : 'add' 'sub'> <InPorts = 2> <OutPorts = 1>
ST_1 : Operation 39 [1/1] (0.00ns)   --->   "%br_ln692 = br i1 %icmp_ln692, void %for.inc25, void %for.inc28.exitStub" [src/srcnn.cpp:692]   --->   Operation 39 'br' 'br_ln692' <Predicate = true> <Delay = 0.00>
ST_1 : Operation 40 [1/1] (0.00ns)   --->   "%kx_load = load i4 %kx" [src/srcnn.cpp:695]   --->   Operation 40 'load' 'kx_load' <Predicate = (!icmp_ln692)> <Delay = 0.00>
ST_1 : Operation 41 [1/1] (0.79ns)   --->   "%add_ln692 = add i4 %ky_1, i4 1" [src/srcnn.cpp:692]   --->   Operation 41 'add' 'add_ln692' <Predicate = (!icmp_ln692)> <Delay = 0.79> <CoreInst = "Adder">   --->   Core 1 'Adder' <Latency = 0> <II = 1> <Delay = 0.79> <FuncUnit> <Opcode : 'add' 'sub'> <InPorts = 2> <OutPorts = 1>
ST_1 : Operation 42 [1/1] (0.79ns)   --->   "%icmp_ln695 = icmp_eq  i4 %kx_load, i4 9" [src/srcnn.cpp:695]   --->   Operation 42 'icmp' 'icmp_ln695' <Predicate = (!icmp_ln692)> <Delay = 0.79> <CoreInst = "Cmp">   --->   Core 9 'Cmp' <Latency = 0> <II = 1> <Delay = 0.79> <FuncUnit> <Opcode : 'icmp'> <InPorts = 2> <OutPorts = 1>
ST_1 : Operation 43 [1/1] (0.39ns)   --->   "%select_ln692 = select i1 %icmp_ln695, i4 0, i4 %kx_load" [src/srcnn.cpp:692]   --->   Operation 43 'select' 'select_ln692' <Predicate = (!icmp_ln692)> <Delay = 0.39> <CoreInst = "Sel">   --->   Core 73 'Sel' <Latency = 0> <II = 1> <Delay = 0.39> <FuncUnit> <Opcode : 'select'> <InPorts = 3> <OutPorts = 1>
ST_1 : Operation 44 [1/1] (0.00ns)   --->   "%zext_ln692_1 = zext i4 %add_ln692" [src/srcnn.cpp:692]   --->   Operation 44 'zext' 'zext_ln692_1' <Predicate = (!icmp_ln692)> <Delay = 0.00>
ST_1 : Operation 45 [1/1] (0.39ns)   --->   "%select_ln692_1 = select i1 %icmp_ln695, i4 %add_ln692, i4 %ky_1" [src/srcnn.cpp:692]   --->   Operation 45 'select' 'select_ln692_1' <Predicate = (!icmp_ln692)> <Delay = 0.39> <CoreInst = "Sel">   --->   Core 73 'Sel' <Latency = 0> <II = 1> <Delay = 0.39> <FuncUnit> <Opcode : 'select'> <InPorts = 3> <OutPorts = 1>
ST_1 : Operation 46 [1/1] (0.00ns)   --->   "%shl_ln695_mid1 = bitconcatenate i7 @_ssdm_op_BitConcatenate.i7.i4.i3, i4 %add_ln692, i3 0" [src/srcnn.cpp:695]   --->   Operation 46 'bitconcatenate' 'shl_ln695_mid1' <Predicate = (!icmp_ln692)> <Delay = 0.00>
ST_1 : Operation 47 [1/1] (0.77ns)   --->   "%add_ln695_2 = add i7 %shl_ln695_mid1, i7 %zext_ln692_1" [src/srcnn.cpp:695]   --->   Operation 47 'add' 'add_ln695_2' <Predicate = (!icmp_ln692)> <Delay = 0.77> <CoreInst = "Adder">   --->   Core 1 'Adder' <Latency = 0> <II = 1> <Delay = 0.77> <FuncUnit> <Opcode : 'add' 'sub'> <InPorts = 2> <OutPorts = 1>
ST_1 : Operation 48 [1/1] (0.00ns) (grouped into LUT with out node add_ln697_2)   --->   "%select_ln692_2 = select i1 %icmp_ln695, i7 %add_ln695_2, i7 %add_ln695" [src/srcnn.cpp:692]   --->   Operation 48 'select' 'select_ln692_2' <Predicate = (!icmp_ln692)> <Delay = 0.00> <CoreInst = "Sel">   --->   Core 73 'Sel' <Latency = 0> <II = 1> <Delay = 0.36> <FuncUnit> <Opcode : 'select'> <InPorts = 3> <OutPorts = 1>
ST_1 : Operation 49 [1/1] (0.00ns) (grouped into LUT with out node add_ln697_2)   --->   "%zext_ln692_2 = zext i7 %select_ln692_2" [src/srcnn.cpp:692]   --->   Operation 49 'zext' 'zext_ln692_2' <Predicate = (!icmp_ln692)> <Delay = 0.00>
ST_1 : Operation 50 [1/1] (0.00ns) (grouped into LUT with out node add_ln697_2)   --->   "%kx_cast3 = zext i4 %select_ln692" [src/srcnn.cpp:692]   --->   Operation 50 'zext' 'kx_cast3' <Predicate = (!icmp_ln692)> <Delay = 0.00>
ST_1 : Operation 51 [1/1] (0.00ns)   --->   "%zext_ln695 = zext i4 %select_ln692" [src/srcnn.cpp:695]   --->   Operation 51 'zext' 'zext_ln695' <Predicate = (!icmp_ln692)> <Delay = 0.00>
ST_1 : Operation 52 [1/1] (1.23ns)   --->   "%mul_ln695 = mul i9 %zext_ln695, i9 22" [src/srcnn.cpp:695]   --->   Operation 52 'mul' 'mul_ln695' <Predicate = (!icmp_ln692)> <Delay = 1.23> <CoreInst = "Multiplier">   --->   Core 3 'Multiplier' <Latency = 0> <II = 1> <Delay = 1.23> <FuncUnit> <Opcode : 'mul'> <InPorts = 2> <OutPorts = 1>
ST_1 : Operation 53 [1/1] (0.00ns)   --->   "%tmp = partselect i3 @_ssdm_op_PartSelect.i3.i9.i32.i32, i9 %mul_ln695, i32 6, i32 8" [src/srcnn.cpp:695]   --->   Operation 53 'partselect' 'tmp' <Predicate = (!icmp_ln692)> <Delay = 0.00>
ST_1 : Operation 54 [8/8] (0.78ns)   --->   "%urem_ln695 = urem i4 %select_ln692, i4 3" [src/srcnn.cpp:695]   --->   Operation 54 'urem' 'urem_ln695' <Predicate = (!icmp_ln692)> <Delay = 0.78> <CoreInst = "Divider">   --->   Core 6 'Divider' <Latency = 7> <II = 1> <Delay = 0.78> <FuncUnit> <Opcode : 'sdiv' 'srem' 'udiv' 'urem'> <InPorts = 2> <OutPorts = 1>
ST_1 : Operation 55 [1/1] (0.00ns) (grouped into TernaryAdder)   --->   "%add_ln697 = add i63 %sext_ln688_cast, i63 %zext_ln688_3_cast" [src/srcnn.cpp:697]   --->   Operation 55 'add' 'add_ln697' <Predicate = (!icmp_ln692)> <Delay = 0.00> <CoreInst = "TAddSub">   --->   Core 10 'TAddSub' <Latency = 0> <II = 1> <Delay = 0.40> <IPBlock> <Opcode : '<invalid operator> ' 'add' 'sub'> <InPorts = 3> <OutPorts = 1> <Sync> <CReg>
ST_1 : Operation 56 [1/1] (0.77ns) (out node of the LUT)   --->   "%add_ln697_2 = add i8 %zext_ln692_2, i8 %kx_cast3" [src/srcnn.cpp:697]   --->   Operation 56 'add' 'add_ln697_2' <Predicate = (!icmp_ln692)> <Delay = 0.77> <CoreInst = "Adder">   --->   Core 1 'Adder' <Latency = 0> <II = 1> <Delay = 0.77> <FuncUnit> <Opcode : 'add' 'sub'> <InPorts = 2> <OutPorts = 1>
ST_1 : Operation 57 [1/1] (0.00ns)   --->   "%zext_ln697 = zext i8 %add_ln697_2" [src/srcnn.cpp:697]   --->   Operation 57 'zext' 'zext_ln697' <Predicate = (!icmp_ln692)> <Delay = 0.00>
ST_1 : Operation 58 [1/1] (0.81ns) (root node of TernaryAdder)   --->   "%add_ln697_1 = add i63 %zext_ln697, i63 %add_ln697" [src/srcnn.cpp:697]   --->   Operation 58 'add' 'add_ln697_1' <Predicate = (!icmp_ln692)> <Delay = 0.81> <CoreInst = "TAddSub">   --->   Core 10 'TAddSub' <Latency = 0> <II = 1> <Delay = 0.40> <IPBlock> <Opcode : '<invalid operator> ' 'add' 'sub'> <InPorts = 3> <OutPorts = 1> <Sync> <CReg>
ST_1 : Operation 59 [1/1] (0.00ns)   --->   "%sext_ln697 = sext i63 %add_ln697_1" [src/srcnn.cpp:697]   --->   Operation 59 'sext' 'sext_ln697' <Predicate = (!icmp_ln692)> <Delay = 0.00>
ST_1 : Operation 60 [1/1] (0.00ns)   --->   "%gmem_w1_addr = getelementptr i32 %gmem_w1, i64 %sext_ln697" [src/srcnn.cpp:697]   --->   Operation 60 'getelementptr' 'gmem_w1_addr' <Predicate = (!icmp_ln692)> <Delay = 0.00>
ST_1 : Operation 61 [1/1] (0.79ns)   --->   "%add_ln695_1 = add i4 %select_ln692, i4 1" [src/srcnn.cpp:695]   --->   Operation 61 'add' 'add_ln695_1' <Predicate = (!icmp_ln692)> <Delay = 0.79> <CoreInst = "Adder">   --->   Core 1 'Adder' <Latency = 0> <II = 1> <Delay = 0.79> <FuncUnit> <Opcode : 'add' 'sub'> <InPorts = 2> <OutPorts = 1>
ST_1 : Operation 62 [1/1] (0.42ns)   --->   "%store_ln695 = store i7 %add_ln692_1, i7 %indvar_flatten" [src/srcnn.cpp:695]   --->   Operation 62 'store' 'store_ln695' <Predicate = (!icmp_ln692)> <Delay = 0.42>
ST_1 : Operation 63 [1/1] (0.42ns)   --->   "%store_ln695 = store i4 %select_ln692_1, i4 %ky" [src/srcnn.cpp:695]   --->   Operation 63 'store' 'store_ln695' <Predicate = (!icmp_ln692)> <Delay = 0.42>
ST_1 : Operation 64 [1/1] (0.42ns)   --->   "%store_ln695 = store i4 %add_ln695_1, i4 %kx" [src/srcnn.cpp:695]   --->   Operation 64 'store' 'store_ln695' <Predicate = (!icmp_ln692)> <Delay = 0.42>
ST_1 : Operation 65 [1/1] (0.00ns)   --->   "%br_ln695 = br void %for.inc" [src/srcnn.cpp:695]   --->   Operation 65 'br' 'br_ln695' <Predicate = (!icmp_ln692)> <Delay = 0.00>

State 2 <SV = 1> <Delay = 7.30>
ST_2 : Operation 66 [7/8] (0.78ns)   --->   "%urem_ln695 = urem i4 %select_ln692, i4 3" [src/srcnn.cpp:695]   --->   Operation 66 'urem' 'urem_ln695' <Predicate = true> <Delay = 0.78> <CoreInst = "Divider">   --->   Core 6 'Divider' <Latency = 7> <II = 1> <Delay = 0.78> <FuncUnit> <Opcode : 'sdiv' 'srem' 'udiv' 'urem'> <InPorts = 2> <OutPorts = 1>
ST_2 : Operation 67 [8/8] (7.30ns)   --->   "%gmem_w1_load_1_req = readreq i1 @_ssdm_op_ReadReq.m_axi.i32P1A, i32 %gmem_w1_addr, i32 1" [src/srcnn.cpp:697]   --->   Operation 67 'readreq' 'gmem_w1_load_1_req' <Predicate = true> <Delay = 7.30> <CoreInst = "m_axi">   --->   Core 121 'm_axi' <Latency = 0> <II = 1> <Delay = 1.00> <Adapter> <Opcode : 'read' 'write' 'readreq' 'writereq' 'writeresp'>

State 3 <SV = 2> <Delay = 7.30>
ST_3 : Operation 68 [6/8] (0.78ns)   --->   "%urem_ln695 = urem i4 %select_ln692, i4 3" [src/srcnn.cpp:695]   --->   Operation 68 'urem' 'urem_ln695' <Predicate = true> <Delay = 0.78> <CoreInst = "Divider">   --->   Core 6 'Divider' <Latency = 7> <II = 1> <Delay = 0.78> <FuncUnit> <Opcode : 'sdiv' 'srem' 'udiv' 'urem'> <InPorts = 2> <OutPorts = 1>
ST_3 : Operation 69 [7/8] (7.30ns)   --->   "%gmem_w1_load_1_req = readreq i1 @_ssdm_op_ReadReq.m_axi.i32P1A, i32 %gmem_w1_addr, i32 1" [src/srcnn.cpp:697]   --->   Operation 69 'readreq' 'gmem_w1_load_1_req' <Predicate = true> <Delay = 7.30> <CoreInst = "m_axi">   --->   Core 121 'm_axi' <Latency = 0> <II = 1> <Delay = 1.00> <Adapter> <Opcode : 'read' 'write' 'readreq' 'writereq' 'writeresp'>

State 4 <SV = 3> <Delay = 7.30>
ST_4 : Operation 70 [5/8] (0.78ns)   --->   "%urem_ln695 = urem i4 %select_ln692, i4 3" [src/srcnn.cpp:695]   --->   Operation 70 'urem' 'urem_ln695' <Predicate = true> <Delay = 0.78> <CoreInst = "Divider">   --->   Core 6 'Divider' <Latency = 7> <II = 1> <Delay = 0.78> <FuncUnit> <Opcode : 'sdiv' 'srem' 'udiv' 'urem'> <InPorts = 2> <OutPorts = 1>
ST_4 : Operation 71 [6/8] (7.30ns)   --->   "%gmem_w1_load_1_req = readreq i1 @_ssdm_op_ReadReq.m_axi.i32P1A, i32 %gmem_w1_addr, i32 1" [src/srcnn.cpp:697]   --->   Operation 71 'readreq' 'gmem_w1_load_1_req' <Predicate = true> <Delay = 7.30> <CoreInst = "m_axi">   --->   Core 121 'm_axi' <Latency = 0> <II = 1> <Delay = 1.00> <Adapter> <Opcode : 'read' 'write' 'readreq' 'writereq' 'writeresp'>

State 5 <SV = 4> <Delay = 7.30>
ST_5 : Operation 72 [4/8] (0.78ns)   --->   "%urem_ln695 = urem i4 %select_ln692, i4 3" [src/srcnn.cpp:695]   --->   Operation 72 'urem' 'urem_ln695' <Predicate = true> <Delay = 0.78> <CoreInst = "Divider">   --->   Core 6 'Divider' <Latency = 7> <II = 1> <Delay = 0.78> <FuncUnit> <Opcode : 'sdiv' 'srem' 'udiv' 'urem'> <InPorts = 2> <OutPorts = 1>
ST_5 : Operation 73 [5/8] (7.30ns)   --->   "%gmem_w1_load_1_req = readreq i1 @_ssdm_op_ReadReq.m_axi.i32P1A, i32 %gmem_w1_addr, i32 1" [src/srcnn.cpp:697]   --->   Operation 73 'readreq' 'gmem_w1_load_1_req' <Predicate = true> <Delay = 7.30> <CoreInst = "m_axi">   --->   Core 121 'm_axi' <Latency = 0> <II = 1> <Delay = 1.00> <Adapter> <Opcode : 'read' 'write' 'readreq' 'writereq' 'writeresp'>

State 6 <SV = 5> <Delay = 7.30>
ST_6 : Operation 74 [3/8] (0.78ns)   --->   "%urem_ln695 = urem i4 %select_ln692, i4 3" [src/srcnn.cpp:695]   --->   Operation 74 'urem' 'urem_ln695' <Predicate = true> <Delay = 0.78> <CoreInst = "Divider">   --->   Core 6 'Divider' <Latency = 7> <II = 1> <Delay = 0.78> <FuncUnit> <Opcode : 'sdiv' 'srem' 'udiv' 'urem'> <InPorts = 2> <OutPorts = 1>
ST_6 : Operation 75 [4/8] (7.30ns)   --->   "%gmem_w1_load_1_req = readreq i1 @_ssdm_op_ReadReq.m_axi.i32P1A, i32 %gmem_w1_addr, i32 1" [src/srcnn.cpp:697]   --->   Operation 75 'readreq' 'gmem_w1_load_1_req' <Predicate = true> <Delay = 7.30> <CoreInst = "m_axi">   --->   Core 121 'm_axi' <Latency = 0> <II = 1> <Delay = 1.00> <Adapter> <Opcode : 'read' 'write' 'readreq' 'writereq' 'writeresp'>

State 7 <SV = 6> <Delay = 7.30>
ST_7 : Operation 76 [2/8] (0.78ns)   --->   "%urem_ln695 = urem i4 %select_ln692, i4 3" [src/srcnn.cpp:695]   --->   Operation 76 'urem' 'urem_ln695' <Predicate = true> <Delay = 0.78> <CoreInst = "Divider">   --->   Core 6 'Divider' <Latency = 7> <II = 1> <Delay = 0.78> <FuncUnit> <Opcode : 'sdiv' 'srem' 'udiv' 'urem'> <InPorts = 2> <OutPorts = 1>
ST_7 : Operation 77 [3/8] (7.30ns)   --->   "%gmem_w1_load_1_req = readreq i1 @_ssdm_op_ReadReq.m_axi.i32P1A, i32 %gmem_w1_addr, i32 1" [src/srcnn.cpp:697]   --->   Operation 77 'readreq' 'gmem_w1_load_1_req' <Predicate = true> <Delay = 7.30> <CoreInst = "m_axi">   --->   Core 121 'm_axi' <Latency = 0> <II = 1> <Delay = 1.00> <Adapter> <Opcode : 'read' 'write' 'readreq' 'writereq' 'writeresp'>

State 8 <SV = 7> <Delay = 7.30>
ST_8 : Operation 78 [1/8] (0.78ns)   --->   "%urem_ln695 = urem i4 %select_ln692, i4 3" [src/srcnn.cpp:695]   --->   Operation 78 'urem' 'urem_ln695' <Predicate = true> <Delay = 0.78> <CoreInst = "Divider">   --->   Core 6 'Divider' <Latency = 7> <II = 1> <Delay = 0.78> <FuncUnit> <Opcode : 'sdiv' 'srem' 'udiv' 'urem'> <InPorts = 2> <OutPorts = 1>
ST_8 : Operation 79 [1/1] (0.00ns)   --->   "%trunc_ln695 = trunc i2 %urem_ln695" [src/srcnn.cpp:695]   --->   Operation 79 'trunc' 'trunc_ln695' <Predicate = true> <Delay = 0.00>
ST_8 : Operation 80 [2/8] (7.30ns)   --->   "%gmem_w1_load_1_req = readreq i1 @_ssdm_op_ReadReq.m_axi.i32P1A, i32 %gmem_w1_addr, i32 1" [src/srcnn.cpp:697]   --->   Operation 80 'readreq' 'gmem_w1_load_1_req' <Predicate = true> <Delay = 7.30> <CoreInst = "m_axi">   --->   Core 121 'm_axi' <Latency = 0> <II = 1> <Delay = 1.00> <Adapter> <Opcode : 'read' 'write' 'readreq' 'writereq' 'writeresp'>
ST_8 : Operation 81 [1/1] (0.73ns)   --->   "%switch_ln697 = switch i2 %trunc_ln695, void %arrayidx2422.case.2, i2 0, void %arrayidx2422.case.0, i2 1, void %arrayidx2422.case.1" [src/srcnn.cpp:697]   --->   Operation 81 'switch' 'switch_ln697' <Predicate = true> <Delay = 0.73>

State 9 <SV = 8> <Delay = 7.30>
ST_9 : Operation 82 [1/8] (7.30ns)   --->   "%gmem_w1_load_1_req = readreq i1 @_ssdm_op_ReadReq.m_axi.i32P1A, i32 %gmem_w1_addr, i32 1" [src/srcnn.cpp:697]   --->   Operation 82 'readreq' 'gmem_w1_load_1_req' <Predicate = true> <Delay = 7.30> <CoreInst = "m_axi">   --->   Core 121 'm_axi' <Latency = 0> <II = 1> <Delay = 1.00> <Adapter> <Opcode : 'read' 'write' 'readreq' 'writereq' 'writeresp'>

State 10 <SV = 9> <Delay = 7.30>
ST_10 : Operation 83 [1/1] (7.30ns)   --->   "%gmem_w1_addr_read = read i32 @_ssdm_op_Read.m_axi.i32P1A, i32 %gmem_w1_addr" [src/srcnn.cpp:697]   --->   Operation 83 'read' 'gmem_w1_addr_read' <Predicate = true> <Delay = 7.30> <CoreInst = "m_axi">   --->   Core 121 'm_axi' <Latency = 0> <II = 1> <Delay = 1.00> <Adapter> <Opcode : 'read' 'write' 'readreq' 'writereq' 'writeresp'>
ST_10 : Operation 84 [1/1] (0.00ns)   --->   "%bitcast_ln697 = bitcast i32 %gmem_w1_addr_read" [src/srcnn.cpp:697]   --->   Operation 84 'bitcast' 'bitcast_ln697' <Predicate = true> <Delay = 0.00>
ST_10 : Operation 105 [1/1] (0.00ns)   --->   "%ret_ln0 = ret"   --->   Operation 105 'ret' 'ret_ln0' <Predicate = (icmp_ln692)> <Delay = 0.00>

State 11 <SV = 10> <Delay = 2.38>
ST_11 : Operation 85 [1/1] (0.00ns)   --->   "%specloopname_ln0 = specloopname void @_ssdm_op_SpecLoopName, void @CopyW1_ky_CopyW1_kx_str"   --->   Operation 85 'specloopname' 'specloopname_ln0' <Predicate = true> <Delay = 0.00>
ST_11 : Operation 86 [1/1] (0.00ns)   --->   "%speclooptripcount_ln0 = speclooptripcount void @_ssdm_op_SpecLoopTripCount, i64 81, i64 81, i64 81"   --->   Operation 86 'speclooptripcount' 'speclooptripcount_ln0' <Predicate = true> <Delay = 0.00>
ST_11 : Operation 87 [1/1] (0.00ns)   --->   "%zext_ln697_1 = zext i4 %select_ln692_1" [src/srcnn.cpp:697]   --->   Operation 87 'zext' 'zext_ln697_1' <Predicate = true> <Delay = 0.00>
ST_11 : Operation 88 [1/1] (0.79ns)   --->   "%add_ln697_4 = add i11 %add_ln697_3_read, i11 %zext_ln697_1" [src/srcnn.cpp:697]   --->   Operation 88 'add' 'add_ln697_4' <Predicate = true> <Delay = 0.79> <CoreInst = "Adder">   --->   Core 1 'Adder' <Latency = 0> <II = 1> <Delay = 0.79> <FuncUnit> <Opcode : 'add' 'sub'> <InPorts = 2> <OutPorts = 1>
ST_11 : Operation 89 [1/1] (0.00ns)   --->   "%shl_ln697 = shl i11 %add_ln697_4, i11 2" [src/srcnn.cpp:697]   --->   Operation 89 'shl' 'shl_ln697' <Predicate = true> <Delay = 0.00>
ST_11 : Operation 90 [1/1] (0.00ns) (grouped into TernaryAdder)   --->   "%sub_ln697 = sub i11 %shl_ln697, i11 %add_ln697_4" [src/srcnn.cpp:697]   --->   Operation 90 'sub' 'sub_ln697' <Predicate = true> <Delay = 0.00> <CoreInst = "TAddSub">   --->   Core 10 'TAddSub' <Latency = 0> <II = 1> <Delay = 0.40> <IPBlock> <Opcode : '<invalid operator> ' 'add' 'sub'> <InPorts = 3> <OutPorts = 1> <Sync> <CReg>
ST_11 : Operation 91 [1/1] (0.00ns)   --->   "%specpipeline_ln0 = specpipeline void @_ssdm_op_SpecPipeline, i32 4294967295, i32 0, i32 1, i32 0, void @p_str"   --->   Operation 91 'specpipeline' 'specpipeline_ln0' <Predicate = true> <Delay = 0.00>
ST_11 : Operation 92 [1/1] (0.00ns)   --->   "%specloopname_ln695 = specloopname void @_ssdm_op_SpecLoopName, void @empty_23" [src/srcnn.cpp:695]   --->   Operation 92 'specloopname' 'specloopname_ln695' <Predicate = true> <Delay = 0.00>
ST_11 : Operation 93 [1/1] (0.00ns)   --->   "%zext_ln697_2 = zext i3 %tmp" [src/srcnn.cpp:697]   --->   Operation 93 'zext' 'zext_ln697_2' <Predicate = true> <Delay = 0.00>
ST_11 : Operation 94 [1/1] (0.91ns) (root node of TernaryAdder)   --->   "%add_ln697_5 = add i11 %sub_ln697, i11 %zext_ln697_2" [src/srcnn.cpp:697]   --->   Operation 94 'add' 'add_ln697_5' <Predicate = true> <Delay = 0.91> <CoreInst = "TAddSub">   --->   Core 10 'TAddSub' <Latency = 0> <II = 1> <Delay = 0.40> <IPBlock> <Opcode : '<invalid operator> ' 'add' 'sub'> <InPorts = 3> <OutPorts = 1> <Sync> <CReg>
ST_11 : Operation 95 [1/1] (0.00ns)   --->   "%zext_ln697_3 = zext i11 %add_ln697_5" [src/srcnn.cpp:697]   --->   Operation 95 'zext' 'zext_ln697_3' <Predicate = true> <Delay = 0.00>
ST_11 : Operation 96 [1/1] (0.00ns)   --->   "%srcnn_float_255_255_float_1_9_9_float_float_64_1_1_f_43 = getelementptr i32 %srcnn_float_255_255_float_1_9_9_float_float_64_1_1_f_10, i64 0, i64 %zext_ln697_3" [src/srcnn.cpp:697]   --->   Operation 96 'getelementptr' 'srcnn_float_255_255_float_1_9_9_float_float_64_1_1_f_43' <Predicate = true> <Delay = 0.00>
ST_11 : Operation 97 [1/1] (0.00ns)   --->   "%srcnn_float_255_255_float_1_9_9_float_float_64_1_1_f_44 = getelementptr i32 %srcnn_float_255_255_float_1_9_9_float_float_64_1_1_f_9, i64 0, i64 %zext_ln697_3" [src/srcnn.cpp:697]   --->   Operation 97 'getelementptr' 'srcnn_float_255_255_float_1_9_9_float_float_64_1_1_f_44' <Predicate = true> <Delay = 0.00>
ST_11 : Operation 98 [1/1] (0.00ns)   --->   "%srcnn_float_255_255_float_1_9_9_float_float_64_1_1_f_45 = getelementptr i32 %srcnn_float_255_255_float_1_9_9_float_float_64_1_1_f_8, i64 0, i64 %zext_ln697_3" [src/srcnn.cpp:697]   --->   Operation 98 'getelementptr' 'srcnn_float_255_255_float_1_9_9_float_float_64_1_1_f_45' <Predicate = true> <Delay = 0.00>
ST_11 : Operation 99 [1/1] (0.67ns)   --->   "%store_ln697 = store i32 %bitcast_ln697, i11 %srcnn_float_255_255_float_1_9_9_float_float_64_1_1_f_44" [src/srcnn.cpp:697]   --->   Operation 99 'store' 'store_ln697' <Predicate = (trunc_ln695 == 1)> <Delay = 0.67> <CoreInst = "RAM_1P_LUTRAM">   --->   Core 89 'RAM_1P_LUTRAM' <Latency = 1> <II = 1> <Delay = 0.67> <Storage> <Opcode : 'load' 'store'> <Ports = 1> <Width = 32> <Depth = 1728> <RAM>
ST_11 : Operation 100 [1/1] (0.00ns)   --->   "%br_ln697 = br void %arrayidx2422.exit" [src/srcnn.cpp:697]   --->   Operation 100 'br' 'br_ln697' <Predicate = (trunc_ln695 == 1)> <Delay = 0.00>
ST_11 : Operation 101 [1/1] (0.67ns)   --->   "%store_ln697 = store i32 %bitcast_ln697, i11 %srcnn_float_255_255_float_1_9_9_float_float_64_1_1_f_43" [src/srcnn.cpp:697]   --->   Operation 101 'store' 'store_ln697' <Predicate = (trunc_ln695 == 0)> <Delay = 0.67> <CoreInst = "RAM_1P_LUTRAM">   --->   Core 89 'RAM_1P_LUTRAM' <Latency = 1> <II = 1> <Delay = 0.67> <Storage> <Opcode : 'load' 'store'> <Ports = 1> <Width = 32> <Depth = 1728> <RAM>
ST_11 : Operation 102 [1/1] (0.00ns)   --->   "%br_ln697 = br void %arrayidx2422.exit" [src/srcnn.cpp:697]   --->   Operation 102 'br' 'br_ln697' <Predicate = (trunc_ln695 == 0)> <Delay = 0.00>
ST_11 : Operation 103 [1/1] (0.67ns)   --->   "%store_ln697 = store i32 %bitcast_ln697, i11 %srcnn_float_255_255_float_1_9_9_float_float_64_1_1_f_45" [src/srcnn.cpp:697]   --->   Operation 103 'store' 'store_ln697' <Predicate = (trunc_ln695 != 0 & trunc_ln695 != 1)> <Delay = 0.67> <CoreInst = "RAM_1P_LUTRAM">   --->   Core 89 'RAM_1P_LUTRAM' <Latency = 1> <II = 1> <Delay = 0.67> <Storage> <Opcode : 'load' 'store'> <Ports = 1> <Width = 32> <Depth = 1728> <RAM>
ST_11 : Operation 104 [1/1] (0.00ns)   --->   "%br_ln697 = br void %arrayidx2422.exit" [src/srcnn.cpp:697]   --->   Operation 104 'br' 'br_ln697' <Predicate = (trunc_ln695 != 0 & trunc_ln695 != 1)> <Delay = 0.00>


============================================================
+ Verbose Summary: Timing violations
============================================================
Target clock period: 10.000ns, clock uncertainty: 2.700ns.

 <State 1>: 3.159ns
The critical path consists of the following:
	'alloca' operation ('ky') [9]  (0.000 ns)
	'load' operation ('ky', src/srcnn.cpp:692) on local variable 'ky' [25]  (0.000 ns)
	'add' operation ('add_ln692', src/srcnn.cpp:692) [37]  (0.797 ns)
	'add' operation ('add_ln695_2', src/srcnn.cpp:695) [49]  (0.773 ns)
	'select' operation ('select_ln692_2', src/srcnn.cpp:692) [50]  (0.000 ns)
	'add' operation ('add_ln697_2', src/srcnn.cpp:697) [67]  (0.773 ns)
	'add' operation ('add_ln697_1', src/srcnn.cpp:697) [69]  (0.816 ns)

 <State 2>: 7.300ns
The critical path consists of the following:
	bus request operation ('gmem_w1_load_1_req', src/srcnn.cpp:697) on port 'gmem_w1' (src/srcnn.cpp:697) [72]  (7.300 ns)

 <State 3>: 7.300ns
The critical path consists of the following:
	bus request operation ('gmem_w1_load_1_req', src/srcnn.cpp:697) on port 'gmem_w1' (src/srcnn.cpp:697) [72]  (7.300 ns)

 <State 4>: 7.300ns
The critical path consists of the following:
	bus request operation ('gmem_w1_load_1_req', src/srcnn.cpp:697) on port 'gmem_w1' (src/srcnn.cpp:697) [72]  (7.300 ns)

 <State 5>: 7.300ns
The critical path consists of the following:
	bus request operation ('gmem_w1_load_1_req', src/srcnn.cpp:697) on port 'gmem_w1' (src/srcnn.cpp:697) [72]  (7.300 ns)

 <State 6>: 7.300ns
The critical path consists of the following:
	bus request operation ('gmem_w1_load_1_req', src/srcnn.cpp:697) on port 'gmem_w1' (src/srcnn.cpp:697) [72]  (7.300 ns)

 <State 7>: 7.300ns
The critical path consists of the following:
	bus request operation ('gmem_w1_load_1_req', src/srcnn.cpp:697) on port 'gmem_w1' (src/srcnn.cpp:697) [72]  (7.300 ns)

 <State 8>: 7.300ns
The critical path consists of the following:
	bus request operation ('gmem_w1_load_1_req', src/srcnn.cpp:697) on port 'gmem_w1' (src/srcnn.cpp:697) [72]  (7.300 ns)

 <State 9>: 7.300ns
The critical path consists of the following:
	bus request operation ('gmem_w1_load_1_req', src/srcnn.cpp:697) on port 'gmem_w1' (src/srcnn.cpp:697) [72]  (7.300 ns)

 <State 10>: 7.300ns
The critical path consists of the following:
	bus read operation ('gmem_w1_addr_read', src/srcnn.cpp:697) on port 'gmem_w1' (src/srcnn.cpp:697) [73]  (7.300 ns)

 <State 11>: 2.389ns
The critical path consists of the following:
	'add' operation ('add_ln697_4', src/srcnn.cpp:697) [45]  (0.798 ns)
	'sub' operation ('sub_ln697', src/srcnn.cpp:697) [47]  (0.000 ns)
	'add' operation ('add_ln697_5', src/srcnn.cpp:697) [59]  (0.914 ns)
	'getelementptr' operation ('srcnn_float_255_255_float_1_9_9_float_float_64_1_1_f_43', src/srcnn.cpp:697) [61]  (0.000 ns)
	'store' operation ('store_ln697', src/srcnn.cpp:697) of variable 'bitcast_ln697', src/srcnn.cpp:697 on array 'srcnn_float_255_255_float_1_9_9_float_float_64_1_1_f_10' [80]  (0.677 ns)


============================================================
+ Verbose Summary: Binding
============================================================
N/A
* FSMD analyzer results:
  - Output states:
 - Input state : 
  - Chain level:
	State 1
	State 2
	State 3
	State 4
	State 5
	State 6
	State 7
	State 8
	State 9
	State 10
	State 11


============================================================
+ Verbose Summary: Datapath Resource usage 
============================================================
N/A
