C:\Users\redre\Desktop\Hardware_Accelerated_Computing\FinalProject\golden\srcnn_hls\solution1\.autopilot\db\srcnn.pp.0.cpp:369:48: error: Invalid Directive: for current device, ram_2p + bram is invalid combination for BIND_STORAGE's option 'type + impl' [clang-diagnostic-error]
#pragma HLS BIND_STORAGE variable=linebuf type=ram_2p impl=bram
                                               ^
C:\Users\redre\Desktop\Hardware_Accelerated_Computing\FinalProject\golden\srcnn_hls\solution1\.autopilot\db\srcnn.pp.0.cpp:585:46: error: Invalid Directive: for current device, ram_1p + bram is invalid combination for BIND_STORAGE's option 'type + impl' [clang-diagnostic-error]
#pragma HLS BIND_STORAGE variable=inbuf type=ram_1p impl=bram
                                             ^
C:\Users\redre\Desktop\Hardware_Accelerated_Computing\FinalProject\golden\srcnn_hls\solution1\.autopilot\db\srcnn.pp.0.cpp:586:47: error: Invalid Directive: for current device, ram_1p + bram is invalid combination for BIND_STORAGE's option 'type + impl' [clang-diagnostic-error]
#pragma HLS BIND_STORAGE variable=outbuf type=ram_1p impl=bram
                                              ^
C:\Users\redre\Desktop\Hardware_Accelerated_Computing\FinalProject\golden\srcnn_hls\solution1\.autopilot\db\srcnn.pp.0.cpp:598:9: error: Resource with core_name: RAM_1P_LUTRAM pragma is ignored, because this core doesn't exist at all  [clang-diagnostic-error]
#pragma HLS RESOURCE variable=w1_loc core=RAM_1P_LUTRAM
        ^
C:\Users\redre\Desktop\Hardware_Accelerated_Computing\FinalProject\golden\srcnn_hls\solution1\.autopilot\db\srcnn.pp.0.cpp:603:47: error: Invalid Directive: for current device, ram_1p + bram is invalid combination for BIND_STORAGE's option 'type + impl' [clang-diagnostic-error]
#pragma HLS BIND_STORAGE variable=w2_loc type=ram_1p impl=bram
                                              ^
C:\Users\redre\Desktop\Hardware_Accelerated_Computing\FinalProject\golden\srcnn_hls\solution1\.autopilot\db\srcnn.pp.0.cpp:608:47: error: Invalid Directive: for current device, ram_1p + bram is invalid combination for BIND_STORAGE's option 'type + impl' [clang-diagnostic-error]
#pragma HLS BIND_STORAGE variable=w3_loc type=ram_1p impl=bram
                                              ^
C:\Users\redre\Desktop\Hardware_Accelerated_Computing\FinalProject\golden\srcnn_hls\solution1\.autopilot\db\srcnn.pp.0.cpp:616:9: error: Resource with core_name: RAM_1P_LUTRAM pragma is ignored, because this core doesn't exist at all  [clang-diagnostic-error]
#pragma HLS RESOURCE variable=b1_loc core=RAM_1P_LUTRAM
        ^
C:\Users\redre\Desktop\Hardware_Accelerated_Computing\FinalProject\golden\srcnn_hls\solution1\.autopilot\db\srcnn.pp.0.cpp:617:9: error: Resource with core_name: RAM_1P_LUTRAM pragma is ignored, because this core doesn't exist at all  [clang-diagnostic-error]
#pragma HLS RESOURCE variable=b2_loc core=RAM_1P_LUTRAM
        ^
C:\Users\redre\Desktop\Hardware_Accelerated_Computing\FinalProject\golden\srcnn_hls\solution1\.autopilot\db\srcnn.pp.0.cpp:618:9: error: Resource with core_name: RAM_1P_LUTRAM pragma is ignored, because this core doesn't exist at all  [clang-diagnostic-error]
#pragma HLS RESOURCE variable=b3_loc core=RAM_1P_LUTRAM
        ^
