

================================================================
== Vitis HLS Report for 'srcnn_Pipeline_CopyW3_inft_CopyW3_ky_CopyW3_kx'
================================================================
* Date:           Mon Oct 27 19:16:42 2025

* Version:        2023.1 (Build 3854077 on May  4 2023)
* Project:        srcnn_hls
* Solution:       solution1 (Vivado IP Flow Target)
* Product family: zynquplus
* Target device:  xck26-sfvc784-2LV-c


================================================================
== Performance Estimates
================================================================
+ Timing: 
    * Summary: 
    +--------+----------+----------+------------+
    |  Clock |  Target  | Estimated| Uncertainty|
    +--------+----------+----------+------------+
    |ap_clk  |  10.00 ns|  7.300 ns|     2.70 ns|
    +--------+----------+----------+------------+

+ Latency: 
    * Summary: 
    +---------+---------+----------+----------+-----+-----+---------+
    |  Latency (cycles) |  Latency (absolute) |  Interval | Pipeline|
    |   min   |   max   |    min   |    max   | min | max |   Type  |
    +---------+---------+----------+----------+-----+-----+---------+
    |      803|      803|  8.030 us|  8.030 us|  803|  803|       no|
    +---------+---------+----------+----------+-----+-----+---------+

    + Detail: 
        * Instance: 
        N/A

        * Loop: 
        +-----------------------------------+---------+---------+----------+-----------+-----------+------+----------+
        |                                   |  Latency (cycles) | Iteration|  Initiation Interval  | Trip |          |
        |             Loop Name             |   min   |   max   |  Latency |  achieved |   target  | Count| Pipelined|
        +-----------------------------------+---------+---------+----------+-----------+-----------+------+----------+
        |- CopyW3_inft_CopyW3_ky_CopyW3_kx  |      801|      801|         3|          1|          1|   800|       yes|
        +-----------------------------------+---------+---------+----------+-----------+-----------+------+----------+

============================================================
+ Verbose Summary: Synthesis Manager
============================================================
InlineROM: 1
ExposeGlobal: 0
============================================================
+ Verbose Summary: CDFG Model
============================================================
IsTopModel: 0
ResetActiveHigh: 1
IsCombinational: 0
IsDatapathOnly: 0
HasWiredReturn: 1
HasMFsm: 2
HasVarLatency: 1
IsPipeline: 0
IsRtlPipelined: 0
IsInstanceOverlapped: 0
IsDontTouch: 0
HasImplIP: 0
IsGatedGlobalClock: 0

+ Individual pipeline summary: 
  * Pipeline-0: initiation interval (II) = 1, depth = 3


============================================================
+ Verbose Summary: Schedule
============================================================
* Number of FSM states : 3
* Pipeline : 1
  Pipeline-0 : II = 1, D = 3, States = { 1 2 3 }
* Dataflow Pipeline: 0

* FSM state transitions: 
1 --> 2 
2 --> 3 
3 --> 

* FSM state operations: 

State 1 <SV = 0> <Delay = 1.21>
ST_1 : Operation 6 [1/1] (0.00ns)   --->   "%kx = alloca i32 1"   --->   Operation 6 'alloca' 'kx' <Predicate = true> <Delay = 0.00>
ST_1 : Operation 7 [1/1] (0.00ns)   --->   "%ky = alloca i32 1"   --->   Operation 7 'alloca' 'ky' <Predicate = true> <Delay = 0.00>
ST_1 : Operation 8 [1/1] (0.00ns)   --->   "%indvar_flatten6 = alloca i32 1"   --->   Operation 8 'alloca' 'indvar_flatten6' <Predicate = true> <Delay = 0.00>
ST_1 : Operation 9 [1/1] (0.00ns)   --->   "%i3 = alloca i32 1"   --->   Operation 9 'alloca' 'i3' <Predicate = true> <Delay = 0.00>
ST_1 : Operation 10 [1/1] (0.00ns)   --->   "%indvar_flatten19 = alloca i32 1"   --->   Operation 10 'alloca' 'indvar_flatten19' <Predicate = true> <Delay = 0.00>
ST_1 : Operation 11 [1/1] (0.00ns)   --->   "%sext_ln932_read = read i62 @_ssdm_op_Read.ap_auto.i62, i62 %sext_ln932"   --->   Operation 11 'read' 'sext_ln932_read' <Predicate = true> <Delay = 0.00>
ST_1 : Operation 12 [1/1] (0.00ns)   --->   "%sext_ln932_cast = sext i62 %sext_ln932_read"   --->   Operation 12 'sext' 'sext_ln932_cast' <Predicate = true> <Delay = 0.00>
ST_1 : Operation 13 [1/1] (0.00ns)   --->   "%specmemcore_ln0 = specmemcore void @_ssdm_op_SpecMemCore, i32 %srcnn_float_255_255_float_1_9_9_float_float_64_1_1_f_7, i64 666, i64 22, i64 18446744073709551615"   --->   Operation 13 'specmemcore' 'specmemcore_ln0' <Predicate = true> <Delay = 0.00>
ST_1 : Operation 14 [1/1] (0.00ns)   --->   "%specmemcore_ln0 = specmemcore void @_ssdm_op_SpecMemCore, i32 %srcnn_float_255_255_float_1_9_9_float_float_64_1_1_f_1, i64 666, i64 22, i64 18446744073709551615"   --->   Operation 14 'specmemcore' 'specmemcore_ln0' <Predicate = true> <Delay = 0.00>
ST_1 : Operation 15 [1/1] (0.00ns)   --->   "%specmemcore_ln0 = specmemcore void @_ssdm_op_SpecMemCore, i32 %srcnn_float_255_255_float_1_9_9_float_float_64_1_1_f, i64 666, i64 22, i64 18446744073709551615"   --->   Operation 15 'specmemcore' 'specmemcore_ln0' <Predicate = true> <Delay = 0.00>
ST_1 : Operation 16 [1/1] (0.00ns)   --->   "%specmemcore_ln0 = specmemcore void @_ssdm_op_SpecMemCore, i32 %srcnn_float_255_255_float_1_9_9_float_float_64_1_1_f_6, i64 666, i64 22, i64 18446744073709551615"   --->   Operation 16 'specmemcore' 'specmemcore_ln0' <Predicate = true> <Delay = 0.00>
ST_1 : Operation 17 [1/1] (0.00ns)   --->   "%specmemcore_ln0 = specmemcore void @_ssdm_op_SpecMemCore, i32 %srcnn_float_255_255_float_1_9_9_float_float_64_1_1_f_5, i64 666, i64 22, i64 18446744073709551615"   --->   Operation 17 'specmemcore' 'specmemcore_ln0' <Predicate = true> <Delay = 0.00>
ST_1 : Operation 18 [1/1] (0.00ns)   --->   "%specmemcore_ln0 = specmemcore void @_ssdm_op_SpecMemCore, i32 %srcnn_float_255_255_float_1_9_9_float_float_64_1_1_f_4, i64 666, i64 22, i64 18446744073709551615"   --->   Operation 18 'specmemcore' 'specmemcore_ln0' <Predicate = true> <Delay = 0.00>
ST_1 : Operation 19 [1/1] (0.00ns)   --->   "%specmemcore_ln0 = specmemcore void @_ssdm_op_SpecMemCore, i32 %srcnn_float_255_255_float_1_9_9_float_float_64_1_1_f_3, i64 666, i64 22, i64 18446744073709551615"   --->   Operation 19 'specmemcore' 'specmemcore_ln0' <Predicate = true> <Delay = 0.00>
ST_1 : Operation 20 [1/1] (0.00ns)   --->   "%specmemcore_ln0 = specmemcore void @_ssdm_op_SpecMemCore, i32 %srcnn_float_255_255_float_1_9_9_float_float_64_1_1_f_2, i64 666, i64 22, i64 18446744073709551615"   --->   Operation 20 'specmemcore' 'specmemcore_ln0' <Predicate = true> <Delay = 0.00>
ST_1 : Operation 21 [1/1] (0.00ns)   --->   "%specinterface_ln0 = specinterface void @_ssdm_op_SpecInterface, i32 %gmem_w3, void @empty_8, i32 0, i32 0, void @empty_21, i32 0, i32 800, void @empty_0, void @empty_27, void @empty_21, i32 16, i32 16, i32 16, i32 16, void @empty_21, void @empty_21, i32 4294967295, i32 0"   --->   Operation 21 'specinterface' 'specinterface_ln0' <Predicate = true> <Delay = 0.00>
ST_1 : Operation 22 [1/1] (0.42ns)   --->   "%store_ln0 = store i10 0, i10 %indvar_flatten19"   --->   Operation 22 'store' 'store_ln0' <Predicate = true> <Delay = 0.42>
ST_1 : Operation 23 [1/1] (0.42ns)   --->   "%store_ln0 = store i6 0, i6 %i3"   --->   Operation 23 'store' 'store_ln0' <Predicate = true> <Delay = 0.42>
ST_1 : Operation 24 [1/1] (0.42ns)   --->   "%store_ln0 = store i6 0, i6 %indvar_flatten6"   --->   Operation 24 'store' 'store_ln0' <Predicate = true> <Delay = 0.42>
ST_1 : Operation 25 [1/1] (0.42ns)   --->   "%store_ln0 = store i3 0, i3 %ky"   --->   Operation 25 'store' 'store_ln0' <Predicate = true> <Delay = 0.42>
ST_1 : Operation 26 [1/1] (0.42ns)   --->   "%store_ln0 = store i3 0, i3 %kx"   --->   Operation 26 'store' 'store_ln0' <Predicate = true> <Delay = 0.42>
ST_1 : Operation 27 [1/1] (0.00ns)   --->   "%br_ln0 = br void %for.inc109"   --->   Operation 27 'br' 'br_ln0' <Predicate = true> <Delay = 0.00>
ST_1 : Operation 28 [1/1] (0.00ns)   --->   "%indvar_flatten19_load = load i10 %indvar_flatten19" [src/srcnn.cpp:932]   --->   Operation 28 'load' 'indvar_flatten19_load' <Predicate = true> <Delay = 0.00>
ST_1 : Operation 29 [1/1] (0.78ns)   --->   "%icmp_ln932 = icmp_eq  i10 %indvar_flatten19_load, i10 800" [src/srcnn.cpp:932]   --->   Operation 29 'icmp' 'icmp_ln932' <Predicate = true> <Delay = 0.78> <CoreInst = "Cmp">   --->   Core 9 'Cmp' <Latency = 0> <II = 1> <Delay = 0.78> <FuncUnit> <Opcode : 'icmp'> <InPorts = 2> <OutPorts = 1>
ST_1 : Operation 30 [1/1] (0.78ns)   --->   "%add_ln932_1 = add i10 %indvar_flatten19_load, i10 1" [src/srcnn.cpp:932]   --->   Operation 30 'add' 'add_ln932_1' <Predicate = true> <Delay = 0.78> <CoreInst = "Adder">   --->   Core 1 'Adder' <Latency = 0> <II = 1> <Delay = 0.78> <FuncUnit> <Opcode : 'add' 'sub'> <InPorts = 2> <OutPorts = 1>
ST_1 : Operation 31 [1/1] (0.00ns)   --->   "%br_ln932 = br i1 %icmp_ln932, void %for.inc115, void %for.end117.exitStub" [src/srcnn.cpp:932]   --->   Operation 31 'br' 'br_ln932' <Predicate = true> <Delay = 0.00>
ST_1 : Operation 32 [1/1] (0.42ns)   --->   "%store_ln938 = store i10 %add_ln932_1, i10 %indvar_flatten19" [src/srcnn.cpp:938]   --->   Operation 32 'store' 'store_ln938' <Predicate = (!icmp_ln932)> <Delay = 0.42>

State 2 <SV = 1> <Delay = 7.30>
ST_2 : Operation 33 [1/1] (0.00ns)   --->   "%indvar_flatten6_load = load i6 %indvar_flatten6" [src/srcnn.cpp:935]   --->   Operation 33 'load' 'indvar_flatten6_load' <Predicate = true> <Delay = 0.00>
ST_2 : Operation 34 [1/1] (0.00ns)   --->   "%specbitsmap_ln0 = specbitsmap void @_ssdm_op_SpecBitsMap, i32 %gmem_w3"   --->   Operation 34 'specbitsmap' 'specbitsmap_ln0' <Predicate = true> <Delay = 0.00>
ST_2 : Operation 35 [1/1] (0.00ns)   --->   "%gmem_w3_addr = getelementptr i32 %gmem_w3, i64 %sext_ln932_cast" [src/srcnn.cpp:932]   --->   Operation 35 'getelementptr' 'gmem_w3_addr' <Predicate = true> <Delay = 0.00>
ST_2 : Operation 36 [1/1] (0.00ns)   --->   "%specpipeline_ln0 = specpipeline void @_ssdm_op_SpecPipeline, i32 4294967295, i32 0, i32 1, i32 0, void @p_str"   --->   Operation 36 'specpipeline' 'specpipeline_ln0' <Predicate = true> <Delay = 0.00>
ST_2 : Operation 37 [1/1] (0.78ns)   --->   "%icmp_ln935 = icmp_eq  i6 %indvar_flatten6_load, i6 25" [src/srcnn.cpp:935]   --->   Operation 37 'icmp' 'icmp_ln935' <Predicate = (!icmp_ln932)> <Delay = 0.78> <CoreInst = "Cmp">   --->   Core 9 'Cmp' <Latency = 0> <II = 1> <Delay = 0.78> <FuncUnit> <Opcode : 'icmp'> <InPorts = 2> <OutPorts = 1>
ST_2 : Operation 38 [1/1] (7.30ns)   --->   "%gmem_w3_addr_read = read i32 @_ssdm_op_Read.m_axi.p1i32, i32 %gmem_w3_addr" [src/srcnn.cpp:940]   --->   Operation 38 'read' 'gmem_w3_addr_read' <Predicate = (!icmp_ln932)> <Delay = 7.30> <CoreInst = "m_axi">   --->   Core 121 'm_axi' <Latency = 0> <II = 1> <Delay = 1.00> <Adapter> <Opcode : 'read' 'write' 'readreq' 'writereq' 'writeresp'>
ST_2 : Operation 39 [1/1] (0.78ns)   --->   "%add_ln935_1 = add i6 %indvar_flatten6_load, i6 1" [src/srcnn.cpp:935]   --->   Operation 39 'add' 'add_ln935_1' <Predicate = (!icmp_ln932)> <Delay = 0.78> <CoreInst = "Adder">   --->   Core 1 'Adder' <Latency = 0> <II = 1> <Delay = 0.78> <FuncUnit> <Opcode : 'add' 'sub'> <InPorts = 2> <OutPorts = 1>
ST_2 : Operation 40 [1/1] (0.38ns)   --->   "%select_ln935_2 = select i1 %icmp_ln935, i6 1, i6 %add_ln935_1" [src/srcnn.cpp:935]   --->   Operation 40 'select' 'select_ln935_2' <Predicate = (!icmp_ln932)> <Delay = 0.38> <CoreInst = "Sel">   --->   Core 73 'Sel' <Latency = 0> <II = 1> <Delay = 0.38> <FuncUnit> <Opcode : 'select'> <InPorts = 3> <OutPorts = 1>
ST_2 : Operation 41 [1/1] (0.42ns)   --->   "%store_ln938 = store i6 %select_ln935_2, i6 %indvar_flatten6" [src/srcnn.cpp:938]   --->   Operation 41 'store' 'store_ln938' <Predicate = (!icmp_ln932)> <Delay = 0.42>
ST_2 : Operation 104 [1/1] (0.00ns)   --->   "%ret_ln0 = ret"   --->   Operation 104 'ret' 'ret_ln0' <Predicate = (icmp_ln932)> <Delay = 0.00>

State 3 <SV = 2> <Delay = 4.10>
ST_3 : Operation 42 [1/1] (0.00ns)   --->   "%kx_load = load i3 %kx" [src/srcnn.cpp:938]   --->   Operation 42 'load' 'kx_load' <Predicate = true> <Delay = 0.00>
ST_3 : Operation 43 [1/1] (0.00ns)   --->   "%ky_load = load i3 %ky" [src/srcnn.cpp:932]   --->   Operation 43 'load' 'ky_load' <Predicate = (!icmp_ln935)> <Delay = 0.00>
ST_3 : Operation 44 [1/1] (0.00ns)   --->   "%i3_load = load i6 %i3" [src/srcnn.cpp:932]   --->   Operation 44 'load' 'i3_load' <Predicate = true> <Delay = 0.00>
ST_3 : Operation 45 [1/1] (0.78ns)   --->   "%add_ln932 = add i6 %i3_load, i6 1" [src/srcnn.cpp:932]   --->   Operation 45 'add' 'add_ln932' <Predicate = (icmp_ln935)> <Delay = 0.78> <CoreInst = "Adder">   --->   Core 1 'Adder' <Latency = 0> <II = 1> <Delay = 0.78> <FuncUnit> <Opcode : 'add' 'sub'> <InPorts = 2> <OutPorts = 1>
ST_3 : Operation 46 [1/1] (0.00ns)   --->   "%specloopname_ln0 = specloopname void @_ssdm_op_SpecLoopName, void @CopyW3_inft_CopyW3_ky_CopyW3_kx_str"   --->   Operation 46 'specloopname' 'specloopname_ln0' <Predicate = true> <Delay = 0.00>
ST_3 : Operation 47 [1/1] (0.00ns)   --->   "%speclooptripcount_ln0 = speclooptripcount void @_ssdm_op_SpecLoopTripCount, i64 800, i64 800, i64 800"   --->   Operation 47 'speclooptripcount' 'speclooptripcount_ln0' <Predicate = true> <Delay = 0.00>
ST_3 : Operation 48 [1/1] (0.20ns)   --->   "%select_ln932 = select i1 %icmp_ln935, i3 0, i3 %ky_load" [src/srcnn.cpp:932]   --->   Operation 48 'select' 'select_ln932' <Predicate = true> <Delay = 0.20> <CoreInst = "Sel">   --->   Core 73 'Sel' <Latency = 0> <II = 1> <Delay = 0.20> <FuncUnit> <Opcode : 'select'> <InPorts = 3> <OutPorts = 1>
ST_3 : Operation 49 [1/1] (0.38ns)   --->   "%select_ln932_1 = select i1 %icmp_ln935, i6 %add_ln932, i6 %i3_load" [src/srcnn.cpp:932]   --->   Operation 49 'select' 'select_ln932_1' <Predicate = true> <Delay = 0.38> <CoreInst = "Sel">   --->   Core 73 'Sel' <Latency = 0> <II = 1> <Delay = 0.38> <FuncUnit> <Opcode : 'select'> <InPorts = 3> <OutPorts = 1>
ST_3 : Operation 50 [1/1] (0.00ns)   --->   "%trunc_ln932 = trunc i6 %select_ln932_1" [src/srcnn.cpp:932]   --->   Operation 50 'trunc' 'trunc_ln932' <Predicate = true> <Delay = 0.00>
ST_3 : Operation 51 [1/1] (0.00ns)   --->   "%zext_ln932_mid2_v = partselect i2 @_ssdm_op_PartSelect.i2.i6.i32.i32, i6 %select_ln932_1, i32 3, i32 4" [src/srcnn.cpp:932]   --->   Operation 51 'partselect' 'zext_ln932_mid2_v' <Predicate = true> <Delay = 0.00>
ST_3 : Operation 52 [1/1] (0.00ns)   --->   "%or_ln = bitconcatenate i4 @_ssdm_op_BitConcatenate.i4.i2.i2, i2 %zext_ln932_mid2_v, i2 %zext_ln932_mid2_v" [src/srcnn.cpp:940]   --->   Operation 52 'bitconcatenate' 'or_ln' <Predicate = true> <Delay = 0.00>
ST_3 : Operation 53 [1/1] (0.00ns)   --->   "%zext_ln935 = zext i4 %or_ln" [src/srcnn.cpp:935]   --->   Operation 53 'zext' 'zext_ln935' <Predicate = true> <Delay = 0.00>
ST_3 : Operation 54 [1/1] (0.00ns)   --->   "%specpipeline_ln0 = specpipeline void @_ssdm_op_SpecPipeline, i32 4294967295, i32 0, i32 1, i32 0, void @p_str"   --->   Operation 54 'specpipeline' 'specpipeline_ln0' <Predicate = true> <Delay = 0.00>
ST_3 : Operation 55 [1/1] (0.00ns) (grouped into LUT with out node and_ln932)   --->   "%xor_ln932 = xor i1 %icmp_ln935, i1 1" [src/srcnn.cpp:932]   --->   Operation 55 'xor' 'xor_ln932' <Predicate = true> <Delay = 0.00> <CoreInst = "LogicGate">   --->   Core 74 'LogicGate' <Latency = 0> <II = 1> <Delay = 0.28> <FuncUnit> <Opcode : 'and' 'or' 'xor'> <InPorts = 2> <OutPorts = 1>
ST_3 : Operation 56 [1/1] (0.67ns)   --->   "%icmp_ln938 = icmp_eq  i3 %kx_load, i3 5" [src/srcnn.cpp:938]   --->   Operation 56 'icmp' 'icmp_ln938' <Predicate = true> <Delay = 0.67> <CoreInst = "Cmp">   --->   Core 9 'Cmp' <Latency = 0> <II = 1> <Delay = 0.67> <FuncUnit> <Opcode : 'icmp'> <InPorts = 2> <OutPorts = 1>
ST_3 : Operation 57 [1/1] (0.28ns) (out node of the LUT)   --->   "%and_ln932 = and i1 %icmp_ln938, i1 %xor_ln932" [src/srcnn.cpp:932]   --->   Operation 57 'and' 'and_ln932' <Predicate = true> <Delay = 0.28> <CoreInst = "LogicGate">   --->   Core 74 'LogicGate' <Latency = 0> <II = 1> <Delay = 0.28> <FuncUnit> <Opcode : 'and' 'or' 'xor'> <InPorts = 2> <OutPorts = 1>
ST_3 : Operation 58 [1/1] (0.67ns)   --->   "%add_ln935 = add i3 %select_ln932, i3 1" [src/srcnn.cpp:935]   --->   Operation 58 'add' 'add_ln935' <Predicate = true> <Delay = 0.67> <CoreInst = "Adder">   --->   Core 1 'Adder' <Latency = 0> <II = 1> <Delay = 0.67> <FuncUnit> <Opcode : 'add' 'sub'> <InPorts = 2> <OutPorts = 1>
ST_3 : Operation 59 [1/1] (0.00ns)   --->   "%specloopname_ln0 = specloopname void @_ssdm_op_SpecLoopName, void @CopyW3_ky_CopyW3_kx_str"   --->   Operation 59 'specloopname' 'specloopname_ln0' <Predicate = true> <Delay = 0.00>
ST_3 : Operation 60 [1/1] (0.00ns) (grouped into LUT with out node select_ln935)   --->   "%or_ln935 = or i1 %and_ln932, i1 %icmp_ln935" [src/srcnn.cpp:935]   --->   Operation 60 'or' 'or_ln935' <Predicate = true> <Delay = 0.00> <CoreInst = "LogicGate">   --->   Core 74 'LogicGate' <Latency = 0> <II = 1> <Delay = 0.28> <FuncUnit> <Opcode : 'and' 'or' 'xor'> <InPorts = 2> <OutPorts = 1>
ST_3 : Operation 61 [1/1] (0.28ns) (out node of the LUT)   --->   "%select_ln935 = select i1 %or_ln935, i3 0, i3 %kx_load" [src/srcnn.cpp:935]   --->   Operation 61 'select' 'select_ln935' <Predicate = true> <Delay = 0.28> <CoreInst = "Sel">   --->   Core 73 'Sel' <Latency = 0> <II = 1> <Delay = 0.20> <FuncUnit> <Opcode : 'select'> <InPorts = 3> <OutPorts = 1>
ST_3 : Operation 62 [1/1] (0.20ns)   --->   "%select_ln935_1 = select i1 %and_ln932, i3 %add_ln935, i3 %select_ln932" [src/srcnn.cpp:935]   --->   Operation 62 'select' 'select_ln935_1' <Predicate = true> <Delay = 0.20> <CoreInst = "Sel">   --->   Core 73 'Sel' <Latency = 0> <II = 1> <Delay = 0.20> <FuncUnit> <Opcode : 'select'> <InPorts = 3> <OutPorts = 1>
ST_3 : Operation 63 [1/1] (0.00ns)   --->   "%zext_ln940 = zext i3 %select_ln935_1" [src/srcnn.cpp:940]   --->   Operation 63 'zext' 'zext_ln940' <Predicate = true> <Delay = 0.00>
ST_3 : Operation 64 [1/1] (0.79ns)   --->   "%add_ln940 = add i5 %zext_ln935, i5 %zext_ln940" [src/srcnn.cpp:940]   --->   Operation 64 'add' 'add_ln940' <Predicate = true> <Delay = 0.79> <CoreInst = "Adder">   --->   Core 1 'Adder' <Latency = 0> <II = 1> <Delay = 0.79> <FuncUnit> <Opcode : 'add' 'sub'> <InPorts = 2> <OutPorts = 1>
ST_3 : Operation 65 [1/1] (0.00ns)   --->   "%zext_ln940_1 = zext i5 %add_ln940" [src/srcnn.cpp:940]   --->   Operation 65 'zext' 'zext_ln940_1' <Predicate = true> <Delay = 0.00>
ST_3 : Operation 66 [1/1] (0.00ns)   --->   "%p_shl = bitconcatenate i7 @_ssdm_op_BitConcatenate.i7.i5.i2, i5 %add_ln940, i2 0" [src/srcnn.cpp:940]   --->   Operation 66 'bitconcatenate' 'p_shl' <Predicate = true> <Delay = 0.00>
ST_3 : Operation 67 [1/1] (0.00ns) (grouped into TernaryAdder)   --->   "%add_ln940_1 = add i7 %p_shl, i7 %zext_ln940_1" [src/srcnn.cpp:940]   --->   Operation 67 'add' 'add_ln940_1' <Predicate = true> <Delay = 0.00> <CoreInst = "TAddSub">   --->   Core 10 'TAddSub' <Latency = 0> <II = 1> <Delay = 0.45> <IPBlock> <Opcode : '<invalid operator> ' 'add' 'sub'> <InPorts = 3> <OutPorts = 1> <Sync> <CReg>
ST_3 : Operation 68 [1/1] (0.00ns)   --->   "%specpipeline_ln0 = specpipeline void @_ssdm_op_SpecPipeline, i32 4294967295, i32 0, i32 1, i32 0, void @p_str"   --->   Operation 68 'specpipeline' 'specpipeline_ln0' <Predicate = true> <Delay = 0.00>
ST_3 : Operation 69 [1/1] (0.00ns)   --->   "%zext_ln940_2 = zext i3 %select_ln935" [src/srcnn.cpp:940]   --->   Operation 69 'zext' 'zext_ln940_2' <Predicate = true> <Delay = 0.00>
ST_3 : Operation 70 [1/1] (0.90ns) (root node of TernaryAdder)   --->   "%add_ln940_2 = add i7 %add_ln940_1, i7 %zext_ln940_2" [src/srcnn.cpp:940]   --->   Operation 70 'add' 'add_ln940_2' <Predicate = true> <Delay = 0.90> <CoreInst = "TAddSub">   --->   Core 10 'TAddSub' <Latency = 0> <II = 1> <Delay = 0.45> <IPBlock> <Opcode : '<invalid operator> ' 'add' 'sub'> <InPorts = 3> <OutPorts = 1> <Sync> <CReg>
ST_3 : Operation 71 [1/1] (0.00ns)   --->   "%zext_ln940_3 = zext i7 %add_ln940_2" [src/srcnn.cpp:940]   --->   Operation 71 'zext' 'zext_ln940_3' <Predicate = true> <Delay = 0.00>
ST_3 : Operation 72 [1/1] (0.00ns)   --->   "%srcnn_float_255_255_float_1_9_9_float_float_64_1_1_f_37 = getelementptr i32 %srcnn_float_255_255_float_1_9_9_float_float_64_1_1_f_7, i64 0, i64 %zext_ln940_3" [src/srcnn.cpp:940]   --->   Operation 72 'getelementptr' 'srcnn_float_255_255_float_1_9_9_float_float_64_1_1_f_37' <Predicate = true> <Delay = 0.00>
ST_3 : Operation 73 [1/1] (0.00ns)   --->   "%srcnn_float_255_255_float_1_9_9_float_float_64_1_1_f_38 = getelementptr i32 %srcnn_float_255_255_float_1_9_9_float_float_64_1_1_f_6, i64 0, i64 %zext_ln940_3" [src/srcnn.cpp:940]   --->   Operation 73 'getelementptr' 'srcnn_float_255_255_float_1_9_9_float_float_64_1_1_f_38' <Predicate = true> <Delay = 0.00>
ST_3 : Operation 74 [1/1] (0.00ns)   --->   "%srcnn_float_255_255_float_1_9_9_float_float_64_1_1_f_39 = getelementptr i32 %srcnn_float_255_255_float_1_9_9_float_float_64_1_1_f_5, i64 0, i64 %zext_ln940_3" [src/srcnn.cpp:940]   --->   Operation 74 'getelementptr' 'srcnn_float_255_255_float_1_9_9_float_float_64_1_1_f_39' <Predicate = true> <Delay = 0.00>
ST_3 : Operation 75 [1/1] (0.00ns)   --->   "%srcnn_float_255_255_float_1_9_9_float_float_64_1_1_f_40 = getelementptr i32 %srcnn_float_255_255_float_1_9_9_float_float_64_1_1_f_4, i64 0, i64 %zext_ln940_3" [src/srcnn.cpp:940]   --->   Operation 75 'getelementptr' 'srcnn_float_255_255_float_1_9_9_float_float_64_1_1_f_40' <Predicate = true> <Delay = 0.00>
ST_3 : Operation 76 [1/1] (0.00ns)   --->   "%srcnn_float_255_255_float_1_9_9_float_float_64_1_1_f_41 = getelementptr i32 %srcnn_float_255_255_float_1_9_9_float_float_64_1_1_f_3, i64 0, i64 %zext_ln940_3" [src/srcnn.cpp:940]   --->   Operation 76 'getelementptr' 'srcnn_float_255_255_float_1_9_9_float_float_64_1_1_f_41' <Predicate = true> <Delay = 0.00>
ST_3 : Operation 77 [1/1] (0.00ns)   --->   "%srcnn_float_255_255_float_1_9_9_float_float_64_1_1_f_42 = getelementptr i32 %srcnn_float_255_255_float_1_9_9_float_float_64_1_1_f_2, i64 0, i64 %zext_ln940_3" [src/srcnn.cpp:940]   --->   Operation 77 'getelementptr' 'srcnn_float_255_255_float_1_9_9_float_float_64_1_1_f_42' <Predicate = true> <Delay = 0.00>
ST_3 : Operation 78 [1/1] (0.00ns)   --->   "%srcnn_float_255_255_float_1_9_9_float_float_64_1_1_f_43 = getelementptr i32 %srcnn_float_255_255_float_1_9_9_float_float_64_1_1_f_1, i64 0, i64 %zext_ln940_3" [src/srcnn.cpp:940]   --->   Operation 78 'getelementptr' 'srcnn_float_255_255_float_1_9_9_float_float_64_1_1_f_43' <Predicate = true> <Delay = 0.00>
ST_3 : Operation 79 [1/1] (0.00ns)   --->   "%srcnn_float_255_255_float_1_9_9_float_float_64_1_1_f_44 = getelementptr i32 %srcnn_float_255_255_float_1_9_9_float_float_64_1_1_f, i64 0, i64 %zext_ln940_3" [src/srcnn.cpp:940]   --->   Operation 79 'getelementptr' 'srcnn_float_255_255_float_1_9_9_float_float_64_1_1_f_44' <Predicate = true> <Delay = 0.00>
ST_3 : Operation 80 [1/1] (0.00ns)   --->   "%specloopname_ln938 = specloopname void @_ssdm_op_SpecLoopName, void @empty_30" [src/srcnn.cpp:938]   --->   Operation 80 'specloopname' 'specloopname_ln938' <Predicate = true> <Delay = 0.00>
ST_3 : Operation 81 [1/1] (0.00ns)   --->   "%bitcast_ln940 = bitcast i32 %gmem_w3_addr_read" [src/srcnn.cpp:940]   --->   Operation 81 'bitcast' 'bitcast_ln940' <Predicate = true> <Delay = 0.00>
ST_3 : Operation 82 [1/1] (0.73ns)   --->   "%switch_ln940 = switch i3 %trunc_ln932, void %arrayidx1086.case.7, i3 0, void %arrayidx1086.case.0, i3 1, void %arrayidx1086.case.1, i3 2, void %arrayidx1086.case.2, i3 3, void %arrayidx1086.case.3, i3 4, void %arrayidx1086.case.4, i3 5, void %arrayidx1086.case.5, i3 6, void %arrayidx1086.case.6" [src/srcnn.cpp:940]   --->   Operation 82 'switch' 'switch_ln940' <Predicate = true> <Delay = 0.73>
ST_3 : Operation 83 [1/1] (1.23ns)   --->   "%store_ln940 = store i32 %bitcast_ln940, i7 %srcnn_float_255_255_float_1_9_9_float_float_64_1_1_f_41" [src/srcnn.cpp:940]   --->   Operation 83 'store' 'store_ln940' <Predicate = (trunc_ln932 == 6)> <Delay = 1.23> <CoreInst = "RAM_2P_BRAM">   --->   Core 94 'RAM_2P_BRAM' <Latency = 1> <II = 1> <Delay = 1.23> <Storage> <Opcode : 'load' 'store'> <Ports = 2> <Width = 32> <Depth = 100> <RAM>
ST_3 : Operation 84 [1/1] (0.00ns)   --->   "%br_ln940 = br void %arrayidx1086.exit" [src/srcnn.cpp:940]   --->   Operation 84 'br' 'br_ln940' <Predicate = (trunc_ln932 == 6)> <Delay = 0.00>
ST_3 : Operation 85 [1/1] (1.23ns)   --->   "%store_ln940 = store i32 %bitcast_ln940, i7 %srcnn_float_255_255_float_1_9_9_float_float_64_1_1_f_40" [src/srcnn.cpp:940]   --->   Operation 85 'store' 'store_ln940' <Predicate = (trunc_ln932 == 5)> <Delay = 1.23> <CoreInst = "RAM_2P_BRAM">   --->   Core 94 'RAM_2P_BRAM' <Latency = 1> <II = 1> <Delay = 1.23> <Storage> <Opcode : 'load' 'store'> <Ports = 2> <Width = 32> <Depth = 100> <RAM>
ST_3 : Operation 86 [1/1] (0.00ns)   --->   "%br_ln940 = br void %arrayidx1086.exit" [src/srcnn.cpp:940]   --->   Operation 86 'br' 'br_ln940' <Predicate = (trunc_ln932 == 5)> <Delay = 0.00>
ST_3 : Operation 87 [1/1] (1.23ns)   --->   "%store_ln940 = store i32 %bitcast_ln940, i7 %srcnn_float_255_255_float_1_9_9_float_float_64_1_1_f_39" [src/srcnn.cpp:940]   --->   Operation 87 'store' 'store_ln940' <Predicate = (trunc_ln932 == 4)> <Delay = 1.23> <CoreInst = "RAM_2P_BRAM">   --->   Core 94 'RAM_2P_BRAM' <Latency = 1> <II = 1> <Delay = 1.23> <Storage> <Opcode : 'load' 'store'> <Ports = 2> <Width = 32> <Depth = 100> <RAM>
ST_3 : Operation 88 [1/1] (0.00ns)   --->   "%br_ln940 = br void %arrayidx1086.exit" [src/srcnn.cpp:940]   --->   Operation 88 'br' 'br_ln940' <Predicate = (trunc_ln932 == 4)> <Delay = 0.00>
ST_3 : Operation 89 [1/1] (1.23ns)   --->   "%store_ln940 = store i32 %bitcast_ln940, i7 %srcnn_float_255_255_float_1_9_9_float_float_64_1_1_f_38" [src/srcnn.cpp:940]   --->   Operation 89 'store' 'store_ln940' <Predicate = (trunc_ln932 == 3)> <Delay = 1.23> <CoreInst = "RAM_2P_BRAM">   --->   Core 94 'RAM_2P_BRAM' <Latency = 1> <II = 1> <Delay = 1.23> <Storage> <Opcode : 'load' 'store'> <Ports = 2> <Width = 32> <Depth = 100> <RAM>
ST_3 : Operation 90 [1/1] (0.00ns)   --->   "%br_ln940 = br void %arrayidx1086.exit" [src/srcnn.cpp:940]   --->   Operation 90 'br' 'br_ln940' <Predicate = (trunc_ln932 == 3)> <Delay = 0.00>
ST_3 : Operation 91 [1/1] (1.23ns)   --->   "%store_ln940 = store i32 %bitcast_ln940, i7 %srcnn_float_255_255_float_1_9_9_float_float_64_1_1_f_44" [src/srcnn.cpp:940]   --->   Operation 91 'store' 'store_ln940' <Predicate = (trunc_ln932 == 2)> <Delay = 1.23> <CoreInst = "RAM_2P_BRAM">   --->   Core 94 'RAM_2P_BRAM' <Latency = 1> <II = 1> <Delay = 1.23> <Storage> <Opcode : 'load' 'store'> <Ports = 2> <Width = 32> <Depth = 100> <RAM>
ST_3 : Operation 92 [1/1] (0.00ns)   --->   "%br_ln940 = br void %arrayidx1086.exit" [src/srcnn.cpp:940]   --->   Operation 92 'br' 'br_ln940' <Predicate = (trunc_ln932 == 2)> <Delay = 0.00>
ST_3 : Operation 93 [1/1] (1.23ns)   --->   "%store_ln940 = store i32 %bitcast_ln940, i7 %srcnn_float_255_255_float_1_9_9_float_float_64_1_1_f_43" [src/srcnn.cpp:940]   --->   Operation 93 'store' 'store_ln940' <Predicate = (trunc_ln932 == 1)> <Delay = 1.23> <CoreInst = "RAM_2P_BRAM">   --->   Core 94 'RAM_2P_BRAM' <Latency = 1> <II = 1> <Delay = 1.23> <Storage> <Opcode : 'load' 'store'> <Ports = 2> <Width = 32> <Depth = 100> <RAM>
ST_3 : Operation 94 [1/1] (0.00ns)   --->   "%br_ln940 = br void %arrayidx1086.exit" [src/srcnn.cpp:940]   --->   Operation 94 'br' 'br_ln940' <Predicate = (trunc_ln932 == 1)> <Delay = 0.00>
ST_3 : Operation 95 [1/1] (1.23ns)   --->   "%store_ln940 = store i32 %bitcast_ln940, i7 %srcnn_float_255_255_float_1_9_9_float_float_64_1_1_f_37" [src/srcnn.cpp:940]   --->   Operation 95 'store' 'store_ln940' <Predicate = (trunc_ln932 == 0)> <Delay = 1.23> <CoreInst = "RAM_2P_BRAM">   --->   Core 94 'RAM_2P_BRAM' <Latency = 1> <II = 1> <Delay = 1.23> <Storage> <Opcode : 'load' 'store'> <Ports = 2> <Width = 32> <Depth = 100> <RAM>
ST_3 : Operation 96 [1/1] (0.00ns)   --->   "%br_ln940 = br void %arrayidx1086.exit" [src/srcnn.cpp:940]   --->   Operation 96 'br' 'br_ln940' <Predicate = (trunc_ln932 == 0)> <Delay = 0.00>
ST_3 : Operation 97 [1/1] (1.23ns)   --->   "%store_ln940 = store i32 %bitcast_ln940, i7 %srcnn_float_255_255_float_1_9_9_float_float_64_1_1_f_42" [src/srcnn.cpp:940]   --->   Operation 97 'store' 'store_ln940' <Predicate = (trunc_ln932 == 7)> <Delay = 1.23> <CoreInst = "RAM_2P_BRAM">   --->   Core 94 'RAM_2P_BRAM' <Latency = 1> <II = 1> <Delay = 1.23> <Storage> <Opcode : 'load' 'store'> <Ports = 2> <Width = 32> <Depth = 100> <RAM>
ST_3 : Operation 98 [1/1] (0.00ns)   --->   "%br_ln940 = br void %arrayidx1086.exit" [src/srcnn.cpp:940]   --->   Operation 98 'br' 'br_ln940' <Predicate = (trunc_ln932 == 7)> <Delay = 0.00>
ST_3 : Operation 99 [1/1] (0.67ns)   --->   "%add_ln938 = add i3 %select_ln935, i3 1" [src/srcnn.cpp:938]   --->   Operation 99 'add' 'add_ln938' <Predicate = true> <Delay = 0.67> <CoreInst = "Adder">   --->   Core 1 'Adder' <Latency = 0> <II = 1> <Delay = 0.67> <FuncUnit> <Opcode : 'add' 'sub'> <InPorts = 2> <OutPorts = 1>
ST_3 : Operation 100 [1/1] (0.42ns)   --->   "%store_ln938 = store i6 %select_ln932_1, i6 %i3" [src/srcnn.cpp:938]   --->   Operation 100 'store' 'store_ln938' <Predicate = true> <Delay = 0.42>
ST_3 : Operation 101 [1/1] (0.42ns)   --->   "%store_ln938 = store i3 %select_ln935_1, i3 %ky" [src/srcnn.cpp:938]   --->   Operation 101 'store' 'store_ln938' <Predicate = true> <Delay = 0.42>
ST_3 : Operation 102 [1/1] (0.42ns)   --->   "%store_ln938 = store i3 %add_ln938, i3 %kx" [src/srcnn.cpp:938]   --->   Operation 102 'store' 'store_ln938' <Predicate = true> <Delay = 0.42>
ST_3 : Operation 103 [1/1] (0.00ns)   --->   "%br_ln938 = br void %for.inc109" [src/srcnn.cpp:938]   --->   Operation 103 'br' 'br_ln938' <Predicate = true> <Delay = 0.00>


============================================================
+ Verbose Summary: Binding
============================================================
STG Binding: 
---------------- STG Properties BEGIN ----------------
- Is combinational: 0
- Is one-state seq: 0
- Is datapath-only: 0
- Is pipelined: 0
- Is top level: 0
Port [ Return ] is wired: 1; IO mode=ap_ctrl_hs:ce=0
Port [ gmem_w3]:  wired=1; compound=1; hidden=0; nouse=0; global=0; static=0; extern=0; dir=0; type=4; pingpong=0; private_global=0; IO mode=m_axi:ce=0
Port [ sext_ln932]:  wired=1; compound=0; hidden=0; nouse=0; global=0; static=0; extern=0; dir=0; type=0; pingpong=0; private_global=0; IO mode=ap_none:ce=0
Port [ srcnn_float_255_255_float_1_9_9_float_float_64_1_1_f_7]:  wired=1; compound=1; hidden=0; nouse=0; global=1; static=1; extern=0; dir=1; type=1; pingpong=0; private_global=0; MemPort=[30]; IO mode=ap_memory:ce=0
Port [ srcnn_float_255_255_float_1_9_9_float_float_64_1_1_f_1]:  wired=1; compound=1; hidden=0; nouse=0; global=1; static=1; extern=0; dir=1; type=1; pingpong=0; private_global=0; MemPort=[30]; IO mode=ap_memory:ce=0
Port [ srcnn_float_255_255_float_1_9_9_float_float_64_1_1_f]:  wired=1; compound=1; hidden=0; nouse=0; global=1; static=1; extern=0; dir=1; type=1; pingpong=0; private_global=0; MemPort=[30]; IO mode=ap_memory:ce=0
Port [ srcnn_float_255_255_float_1_9_9_float_float_64_1_1_f_6]:  wired=1; compound=1; hidden=0; nouse=0; global=1; static=1; extern=0; dir=1; type=1; pingpong=0; private_global=0; MemPort=[30]; IO mode=ap_memory:ce=0
Port [ srcnn_float_255_255_float_1_9_9_float_float_64_1_1_f_5]:  wired=1; compound=1; hidden=0; nouse=0; global=1; static=1; extern=0; dir=1; type=1; pingpong=0; private_global=0; MemPort=[30]; IO mode=ap_memory:ce=0
Port [ srcnn_float_255_255_float_1_9_9_float_float_64_1_1_f_4]:  wired=1; compound=1; hidden=0; nouse=0; global=1; static=1; extern=0; dir=1; type=1; pingpong=0; private_global=0; MemPort=[30]; IO mode=ap_memory:ce=0
Port [ srcnn_float_255_255_float_1_9_9_float_float_64_1_1_f_3]:  wired=1; compound=1; hidden=0; nouse=0; global=1; static=1; extern=0; dir=1; type=1; pingpong=0; private_global=0; MemPort=[30]; IO mode=ap_memory:ce=0
Port [ srcnn_float_255_255_float_1_9_9_float_float_64_1_1_f_2]:  wired=1; compound=1; hidden=0; nouse=0; global=1; static=1; extern=0; dir=1; type=1; pingpong=0; private_global=0; MemPort=[30]; IO mode=ap_memory:ce=0
---------------- STG Properties END ------------------

---------------- Datapath Model BEGIN ----------------

<LifeTime>
<method=bitvector/>
kx                                                      (alloca           ) [ 0111]
ky                                                      (alloca           ) [ 0111]
indvar_flatten6                                         (alloca           ) [ 0110]
i3                                                      (alloca           ) [ 0111]
indvar_flatten19                                        (alloca           ) [ 0100]
sext_ln932_read                                         (read             ) [ 0000]
sext_ln932_cast                                         (sext             ) [ 0110]
specmemcore_ln0                                         (specmemcore      ) [ 0000]
specmemcore_ln0                                         (specmemcore      ) [ 0000]
specmemcore_ln0                                         (specmemcore      ) [ 0000]
specmemcore_ln0                                         (specmemcore      ) [ 0000]
specmemcore_ln0                                         (specmemcore      ) [ 0000]
specmemcore_ln0                                         (specmemcore      ) [ 0000]
specmemcore_ln0                                         (specmemcore      ) [ 0000]
specmemcore_ln0                                         (specmemcore      ) [ 0000]
specinterface_ln0                                       (specinterface    ) [ 0000]
store_ln0                                               (store            ) [ 0000]
store_ln0                                               (store            ) [ 0000]
store_ln0                                               (store            ) [ 0000]
store_ln0                                               (store            ) [ 0000]
store_ln0                                               (store            ) [ 0000]
br_ln0                                                  (br               ) [ 0000]
indvar_flatten19_load                                   (load             ) [ 0000]
icmp_ln932                                              (icmp             ) [ 0110]
add_ln932_1                                             (add              ) [ 0000]
br_ln932                                                (br               ) [ 0000]
store_ln938                                             (store            ) [ 0000]
indvar_flatten6_load                                    (load             ) [ 0000]
specbitsmap_ln0                                         (specbitsmap      ) [ 0000]
gmem_w3_addr                                            (getelementptr    ) [ 0000]
specpipeline_ln0                                        (specpipeline     ) [ 0000]
icmp_ln935                                              (icmp             ) [ 0101]
gmem_w3_addr_read                                       (read             ) [ 0101]
add_ln935_1                                             (add              ) [ 0000]
select_ln935_2                                          (select           ) [ 0000]
store_ln938                                             (store            ) [ 0000]
kx_load                                                 (load             ) [ 0000]
ky_load                                                 (load             ) [ 0000]
i3_load                                                 (load             ) [ 0000]
add_ln932                                               (add              ) [ 0000]
specloopname_ln0                                        (specloopname     ) [ 0000]
speclooptripcount_ln0                                   (speclooptripcount) [ 0000]
select_ln932                                            (select           ) [ 0000]
select_ln932_1                                          (select           ) [ 0000]
trunc_ln932                                             (trunc            ) [ 0101]
zext_ln932_mid2_v                                       (partselect       ) [ 0000]
or_ln                                                   (bitconcatenate   ) [ 0000]
zext_ln935                                              (zext             ) [ 0000]
specpipeline_ln0                                        (specpipeline     ) [ 0000]
xor_ln932                                               (xor              ) [ 0000]
icmp_ln938                                              (icmp             ) [ 0000]
and_ln932                                               (and              ) [ 0000]
add_ln935                                               (add              ) [ 0000]
specloopname_ln0                                        (specloopname     ) [ 0000]
or_ln935                                                (or               ) [ 0000]
select_ln935                                            (select           ) [ 0000]
select_ln935_1                                          (select           ) [ 0000]
zext_ln940                                              (zext             ) [ 0000]
add_ln940                                               (add              ) [ 0000]
zext_ln940_1                                            (zext             ) [ 0000]
p_shl                                                   (bitconcatenate   ) [ 0000]
add_ln940_1                                             (add              ) [ 0000]
specpipeline_ln0                                        (specpipeline     ) [ 0000]
zext_ln940_2                                            (zext             ) [ 0000]
add_ln940_2                                             (add              ) [ 0000]
zext_ln940_3                                            (zext             ) [ 0000]
srcnn_float_255_255_float_1_9_9_float_float_64_1_1_f_37 (getelementptr    ) [ 0000]
srcnn_float_255_255_float_1_9_9_float_float_64_1_1_f_38 (getelementptr    ) [ 0000]
srcnn_float_255_255_float_1_9_9_float_float_64_1_1_f_39 (getelementptr    ) [ 0000]
srcnn_float_255_255_float_1_9_9_float_float_64_1_1_f_40 (getelementptr    ) [ 0000]
srcnn_float_255_255_float_1_9_9_float_float_64_1_1_f_41 (getelementptr    ) [ 0000]
srcnn_float_255_255_float_1_9_9_float_float_64_1_1_f_42 (getelementptr    ) [ 0000]
srcnn_float_255_255_float_1_9_9_float_float_64_1_1_f_43 (getelementptr    ) [ 0000]
srcnn_float_255_255_float_1_9_9_float_float_64_1_1_f_44 (getelementptr    ) [ 0000]
specloopname_ln938                                      (specloopname     ) [ 0000]
bitcast_ln940                                           (bitcast          ) [ 0000]
switch_ln940                                            (switch           ) [ 0000]
store_ln940                                             (store            ) [ 0000]
br_ln940                                                (br               ) [ 0000]
store_ln940                                             (store            ) [ 0000]
br_ln940                                                (br               ) [ 0000]
store_ln940                                             (store            ) [ 0000]
br_ln940                                                (br               ) [ 0000]
store_ln940                                             (store            ) [ 0000]
br_ln940                                                (br               ) [ 0000]
store_ln940                                             (store            ) [ 0000]
br_ln940                                                (br               ) [ 0000]
store_ln940                                             (store            ) [ 0000]
br_ln940                                                (br               ) [ 0000]
store_ln940                                             (store            ) [ 0000]
br_ln940                                                (br               ) [ 0000]
store_ln940                                             (store            ) [ 0000]
br_ln940                                                (br               ) [ 0000]
add_ln938                                               (add              ) [ 0000]
store_ln938                                             (store            ) [ 0000]
store_ln938                                             (store            ) [ 0000]
store_ln938                                             (store            ) [ 0000]
br_ln938                                                (br               ) [ 0000]
ret_ln0                                                 (ret              ) [ 0000]
</LifeTime>

<model>

<comp_list>
<comp id="0" class="1000" name="gmem_w3">
<pin_list>
<pin id="1" dir="1" index="0" bw="1" slack="0"/>
</pin_list>
<bind>
<StgValue><ssdm name="gmem_w3"/></StgValue>
</bind>
</comp>

<comp id="2" class="1000" name="sext_ln932">
<pin_list>
<pin id="3" dir="1" index="0" bw="1" slack="0"/>
</pin_list>
<bind>
<StgValue><ssdm name="sext_ln932"/></StgValue>
</bind>
</comp>

<comp id="4" class="1000" name="srcnn_float_255_255_float_1_9_9_float_float_64_1_1_f_7">
<pin_list>
<pin id="5" dir="1" index="0" bw="1" slack="0"/>
</pin_list>
<bind>
<StgValue><ssdm name="srcnn_float_255_255_float_1_9_9_float_float_64_1_1_f_7"/><MemPortTyVec>3 0 </MemPortTyVec>
</StgValue>
</bind>
</comp>

<comp id="6" class="1000" name="srcnn_float_255_255_float_1_9_9_float_float_64_1_1_f_1">
<pin_list>
<pin id="7" dir="1" index="0" bw="1" slack="0"/>
</pin_list>
<bind>
<StgValue><ssdm name="srcnn_float_255_255_float_1_9_9_float_float_64_1_1_f_1"/><MemPortTyVec>3 0 </MemPortTyVec>
</StgValue>
</bind>
</comp>

<comp id="8" class="1000" name="srcnn_float_255_255_float_1_9_9_float_float_64_1_1_f">
<pin_list>
<pin id="9" dir="1" index="0" bw="1" slack="0"/>
</pin_list>
<bind>
<StgValue><ssdm name="srcnn_float_255_255_float_1_9_9_float_float_64_1_1_f"/><MemPortTyVec>3 0 </MemPortTyVec>
</StgValue>
</bind>
</comp>

<comp id="10" class="1000" name="srcnn_float_255_255_float_1_9_9_float_float_64_1_1_f_6">
<pin_list>
<pin id="11" dir="1" index="0" bw="1" slack="0"/>
</pin_list>
<bind>
<StgValue><ssdm name="srcnn_float_255_255_float_1_9_9_float_float_64_1_1_f_6"/><MemPortTyVec>3 0 </MemPortTyVec>
</StgValue>
</bind>
</comp>

<comp id="12" class="1000" name="srcnn_float_255_255_float_1_9_9_float_float_64_1_1_f_5">
<pin_list>
<pin id="13" dir="1" index="0" bw="1" slack="0"/>
</pin_list>
<bind>
<StgValue><ssdm name="srcnn_float_255_255_float_1_9_9_float_float_64_1_1_f_5"/><MemPortTyVec>3 0 </MemPortTyVec>
</StgValue>
</bind>
</comp>

<comp id="14" class="1000" name="srcnn_float_255_255_float_1_9_9_float_float_64_1_1_f_4">
<pin_list>
<pin id="15" dir="1" index="0" bw="1" slack="0"/>
</pin_list>
<bind>
<StgValue><ssdm name="srcnn_float_255_255_float_1_9_9_float_float_64_1_1_f_4"/><MemPortTyVec>3 0 </MemPortTyVec>
</StgValue>
</bind>
</comp>

<comp id="16" class="1000" name="srcnn_float_255_255_float_1_9_9_float_float_64_1_1_f_3">
<pin_list>
<pin id="17" dir="1" index="0" bw="1" slack="0"/>
</pin_list>
<bind>
<StgValue><ssdm name="srcnn_float_255_255_float_1_9_9_float_float_64_1_1_f_3"/><MemPortTyVec>3 0 </MemPortTyVec>
</StgValue>
</bind>
</comp>

<comp id="18" class="1000" name="srcnn_float_255_255_float_1_9_9_float_float_64_1_1_f_2">
<pin_list>
<pin id="19" dir="1" index="0" bw="1" slack="0"/>
</pin_list>
<bind>
<StgValue><ssdm name="srcnn_float_255_255_float_1_9_9_float_float_64_1_1_f_2"/><MemPortTyVec>3 0 </MemPortTyVec>
</StgValue>
</bind>
</comp>

<comp id="20" class="1001" name="const_20">
<pin_list>
<pin id="21" dir="1" index="0" bw="1" slack="0"/>
</pin_list>
<bind>
<StgValue><ssdm name=""/></StgValue>
</bind>
</comp>

<comp id="22" class="1001" name="const_22">
<pin_list>
<pin id="23" dir="1" index="0" bw="1" slack="0"/>
</pin_list>
<bind>
<StgValue><ssdm name="_ssdm_op_Read.ap_auto.i62"/></StgValue>
</bind>
</comp>

<comp id="24" class="1001" name="const_24">
<pin_list>
<pin id="25" dir="1" index="0" bw="1" slack="2147483647"/>
</pin_list>
<bind>
<StgValue><ssdm name="_ssdm_op_SpecMemCore"/></StgValue>
</bind>
</comp>

<comp id="26" class="1001" name="const_26">
<pin_list>
<pin id="27" dir="1" index="0" bw="1" slack="2147483647"/>
</pin_list>
<bind>
<StgValue><ssdm name=""/></StgValue>
</bind>
</comp>

<comp id="28" class="1001" name="const_28">
<pin_list>
<pin id="29" dir="1" index="0" bw="1" slack="2147483647"/>
</pin_list>
<bind>
<StgValue><ssdm name=""/></StgValue>
</bind>
</comp>

<comp id="30" class="1001" name="const_30">
<pin_list>
<pin id="31" dir="1" index="0" bw="1" slack="2147483647"/>
</pin_list>
<bind>
<StgValue><ssdm name=""/></StgValue>
</bind>
</comp>

<comp id="32" class="1001" name="const_32">
<pin_list>
<pin id="33" dir="1" index="0" bw="1" slack="2147483647"/>
</pin_list>
<bind>
<StgValue><ssdm name="_ssdm_op_SpecInterface"/></StgValue>
</bind>
</comp>

<comp id="34" class="1001" name="const_34">
<pin_list>
<pin id="35" dir="1" index="0" bw="1" slack="2147483647"/>
</pin_list>
<bind>
<StgValue><ssdm name="empty_8"/></StgValue>
</bind>
</comp>

<comp id="36" class="1001" name="const_36">
<pin_list>
<pin id="37" dir="1" index="0" bw="1" slack="2147483647"/>
</pin_list>
<bind>
<StgValue><ssdm name=""/></StgValue>
</bind>
</comp>

<comp id="38" class="1001" name="const_38">
<pin_list>
<pin id="39" dir="1" index="0" bw="1" slack="2147483647"/>
</pin_list>
<bind>
<StgValue><ssdm name="empty_21"/></StgValue>
</bind>
</comp>

<comp id="40" class="1001" name="const_40">
<pin_list>
<pin id="41" dir="1" index="0" bw="1" slack="2147483647"/>
</pin_list>
<bind>
<StgValue><ssdm name=""/></StgValue>
</bind>
</comp>

<comp id="42" class="1001" name="const_42">
<pin_list>
<pin id="43" dir="1" index="0" bw="1" slack="2147483647"/>
</pin_list>
<bind>
<StgValue><ssdm name="empty_0"/></StgValue>
</bind>
</comp>

<comp id="44" class="1001" name="const_44">
<pin_list>
<pin id="45" dir="1" index="0" bw="1" slack="2147483647"/>
</pin_list>
<bind>
<StgValue><ssdm name="empty_27"/></StgValue>
</bind>
</comp>

<comp id="46" class="1001" name="const_46">
<pin_list>
<pin id="47" dir="1" index="0" bw="1" slack="2147483647"/>
</pin_list>
<bind>
<StgValue><ssdm name=""/></StgValue>
</bind>
</comp>

<comp id="48" class="1001" name="const_48">
<pin_list>
<pin id="49" dir="1" index="0" bw="1" slack="2147483647"/>
</pin_list>
<bind>
<StgValue><ssdm name=""/></StgValue>
</bind>
</comp>

<comp id="50" class="1001" name="const_50">
<pin_list>
<pin id="51" dir="1" index="0" bw="1" slack="0"/>
</pin_list>
<bind>
<StgValue><ssdm name=""/></StgValue>
</bind>
</comp>

<comp id="52" class="1001" name="const_52">
<pin_list>
<pin id="53" dir="1" index="0" bw="1" slack="0"/>
</pin_list>
<bind>
<StgValue><ssdm name=""/></StgValue>
</bind>
</comp>

<comp id="54" class="1001" name="const_54">
<pin_list>
<pin id="55" dir="1" index="0" bw="1" slack="0"/>
</pin_list>
<bind>
<StgValue><ssdm name=""/></StgValue>
</bind>
</comp>

<comp id="56" class="1001" name="const_56">
<pin_list>
<pin id="57" dir="1" index="0" bw="1" slack="0"/>
</pin_list>
<bind>
<StgValue><ssdm name=""/></StgValue>
</bind>
</comp>

<comp id="58" class="1001" name="const_58">
<pin_list>
<pin id="59" dir="1" index="0" bw="1" slack="0"/>
</pin_list>
<bind>
<StgValue><ssdm name=""/></StgValue>
</bind>
</comp>

<comp id="60" class="1001" name="const_60">
<pin_list>
<pin id="61" dir="1" index="0" bw="1" slack="2147483647"/>
</pin_list>
<bind>
<StgValue><ssdm name="_ssdm_op_SpecBitsMap"/></StgValue>
</bind>
</comp>

<comp id="62" class="1001" name="const_62">
<pin_list>
<pin id="63" dir="1" index="0" bw="1" slack="2147483647"/>
</pin_list>
<bind>
<StgValue><ssdm name="_ssdm_op_SpecPipeline"/></StgValue>
</bind>
</comp>

<comp id="64" class="1001" name="const_64">
<pin_list>
<pin id="65" dir="1" index="0" bw="1" slack="2147483647"/>
</pin_list>
<bind>
<StgValue><ssdm name="p_str"/></StgValue>
</bind>
</comp>

<comp id="66" class="1001" name="const_66">
<pin_list>
<pin id="67" dir="1" index="0" bw="1" slack="0"/>
</pin_list>
<bind>
<StgValue><ssdm name=""/></StgValue>
</bind>
</comp>

<comp id="68" class="1001" name="const_68">
<pin_list>
<pin id="69" dir="1" index="0" bw="1" slack="0"/>
</pin_list>
<bind>
<StgValue><ssdm name="_ssdm_op_Read.m_axi.p1i32"/></StgValue>
</bind>
</comp>

<comp id="70" class="1001" name="const_70">
<pin_list>
<pin id="71" dir="1" index="0" bw="1" slack="0"/>
</pin_list>
<bind>
<StgValue><ssdm name=""/></StgValue>
</bind>
</comp>

<comp id="72" class="1001" name="const_72">
<pin_list>
<pin id="73" dir="1" index="0" bw="1" slack="2147483647"/>
</pin_list>
<bind>
<StgValue><ssdm name="_ssdm_op_SpecLoopName"/></StgValue>
</bind>
</comp>

<comp id="74" class="1001" name="const_74">
<pin_list>
<pin id="75" dir="1" index="0" bw="1" slack="2147483647"/>
</pin_list>
<bind>
<StgValue><ssdm name="CopyW3_inft_CopyW3_ky_CopyW3_kx_str"/></StgValue>
</bind>
</comp>

<comp id="76" class="1001" name="const_76">
<pin_list>
<pin id="77" dir="1" index="0" bw="1" slack="2147483647"/>
</pin_list>
<bind>
<StgValue><ssdm name="_ssdm_op_SpecLoopTripCount"/></StgValue>
</bind>
</comp>

<comp id="78" class="1001" name="const_78">
<pin_list>
<pin id="79" dir="1" index="0" bw="1" slack="2147483647"/>
</pin_list>
<bind>
<StgValue><ssdm name=""/></StgValue>
</bind>
</comp>

<comp id="80" class="1001" name="const_80">
<pin_list>
<pin id="81" dir="1" index="0" bw="1" slack="0"/>
</pin_list>
<bind>
<StgValue><ssdm name="_ssdm_op_PartSelect.i2.i6.i32.i32"/></StgValue>
</bind>
</comp>

<comp id="82" class="1001" name="const_82">
<pin_list>
<pin id="83" dir="1" index="0" bw="1" slack="0"/>
</pin_list>
<bind>
<StgValue><ssdm name=""/></StgValue>
</bind>
</comp>

<comp id="84" class="1001" name="const_84">
<pin_list>
<pin id="85" dir="1" index="0" bw="1" slack="0"/>
</pin_list>
<bind>
<StgValue><ssdm name=""/></StgValue>
</bind>
</comp>

<comp id="86" class="1001" name="const_86">
<pin_list>
<pin id="87" dir="1" index="0" bw="1" slack="0"/>
</pin_list>
<bind>
<StgValue><ssdm name="_ssdm_op_BitConcatenate.i4.i2.i2"/></StgValue>
</bind>
</comp>

<comp id="88" class="1001" name="const_88">
<pin_list>
<pin id="89" dir="1" index="0" bw="1" slack="0"/>
</pin_list>
<bind>
<StgValue><ssdm name=""/></StgValue>
</bind>
</comp>

<comp id="90" class="1001" name="const_90">
<pin_list>
<pin id="91" dir="1" index="0" bw="1" slack="0"/>
</pin_list>
<bind>
<StgValue><ssdm name=""/></StgValue>
</bind>
</comp>

<comp id="92" class="1001" name="const_92">
<pin_list>
<pin id="93" dir="1" index="0" bw="1" slack="0"/>
</pin_list>
<bind>
<StgValue><ssdm name=""/></StgValue>
</bind>
</comp>

<comp id="94" class="1001" name="const_94">
<pin_list>
<pin id="95" dir="1" index="0" bw="1" slack="2147483647"/>
</pin_list>
<bind>
<StgValue><ssdm name="CopyW3_ky_CopyW3_kx_str"/></StgValue>
</bind>
</comp>

<comp id="96" class="1001" name="const_96">
<pin_list>
<pin id="97" dir="1" index="0" bw="1" slack="0"/>
</pin_list>
<bind>
<StgValue><ssdm name="_ssdm_op_BitConcatenate.i7.i5.i2"/></StgValue>
</bind>
</comp>

<comp id="98" class="1001" name="const_98">
<pin_list>
<pin id="99" dir="1" index="0" bw="1" slack="0"/>
</pin_list>
<bind>
<StgValue><ssdm name=""/></StgValue>
</bind>
</comp>

<comp id="100" class="1001" name="const_100">
<pin_list>
<pin id="101" dir="1" index="0" bw="1" slack="0"/>
</pin_list>
<bind>
<StgValue><ssdm name=""/></StgValue>
</bind>
</comp>

<comp id="102" class="1001" name="const_102">
<pin_list>
<pin id="103" dir="1" index="0" bw="1" slack="2147483647"/>
</pin_list>
<bind>
<StgValue><ssdm name="empty_30"/></StgValue>
</bind>
</comp>

<comp id="104" class="1001" name="const_104">
<pin_list>
<pin id="105" dir="1" index="0" bw="1" slack="2147483647"/>
</pin_list>
<bind>
<StgValue><ssdm name=""/></StgValue>
</bind>
</comp>

<comp id="106" class="1001" name="const_106">
<pin_list>
<pin id="107" dir="1" index="0" bw="1" slack="2147483647"/>
</pin_list>
<bind>
<StgValue><ssdm name=""/></StgValue>
</bind>
</comp>

<comp id="108" class="1001" name="const_108">
<pin_list>
<pin id="109" dir="1" index="0" bw="1" slack="2147483647"/>
</pin_list>
<bind>
<StgValue><ssdm name=""/></StgValue>
</bind>
</comp>

<comp id="110" class="1001" name="const_110">
<pin_list>
<pin id="111" dir="1" index="0" bw="1" slack="2147483647"/>
</pin_list>
<bind>
<StgValue><ssdm name=""/></StgValue>
</bind>
</comp>

<comp id="112" class="1004" name="kx_fu_112">
<pin_list>
<pin id="113" dir="0" index="0" bw="1" slack="0"/>
<pin id="114" dir="1" index="1" bw="3" slack="0"/>
</pin_list>
<bind>
<opcode="alloca(26) " fcode="alloca"/>
<opset="kx/1 "/>
</bind>
</comp>

<comp id="116" class="1004" name="ky_fu_116">
<pin_list>
<pin id="117" dir="0" index="0" bw="1" slack="0"/>
<pin id="118" dir="1" index="1" bw="3" slack="0"/>
</pin_list>
<bind>
<opcode="alloca(26) " fcode="alloca"/>
<opset="ky/1 "/>
</bind>
</comp>

<comp id="120" class="1004" name="indvar_flatten6_fu_120">
<pin_list>
<pin id="121" dir="0" index="0" bw="1" slack="0"/>
<pin id="122" dir="1" index="1" bw="6" slack="0"/>
</pin_list>
<bind>
<opcode="alloca(26) " fcode="alloca"/>
<opset="indvar_flatten6/1 "/>
</bind>
</comp>

<comp id="124" class="1004" name="i3_fu_124">
<pin_list>
<pin id="125" dir="0" index="0" bw="1" slack="0"/>
<pin id="126" dir="1" index="1" bw="6" slack="0"/>
</pin_list>
<bind>
<opcode="alloca(26) " fcode="alloca"/>
<opset="i3/1 "/>
</bind>
</comp>

<comp id="128" class="1004" name="indvar_flatten19_fu_128">
<pin_list>
<pin id="129" dir="0" index="0" bw="1" slack="0"/>
<pin id="130" dir="1" index="1" bw="10" slack="0"/>
</pin_list>
<bind>
<opcode="alloca(26) " fcode="alloca"/>
<opset="indvar_flatten19/1 "/>
</bind>
</comp>

<comp id="132" class="1004" name="sext_ln932_read_read_fu_132">
<pin_list>
<pin id="133" dir="0" index="0" bw="62" slack="0"/>
<pin id="134" dir="0" index="1" bw="62" slack="0"/>
<pin id="135" dir="1" index="2" bw="62" slack="0"/>
</pin_list>
<bind>
<opcode="read(1150) " fcode="read"/>
<opset="sext_ln932_read/1 "/>
</bind>
</comp>

<comp id="138" class="1004" name="gmem_w3_addr_read_read_fu_138">
<pin_list>
<pin id="139" dir="0" index="0" bw="32" slack="0"/>
<pin id="140" dir="0" index="1" bw="32" slack="0"/>
<pin id="141" dir="1" index="2" bw="32" slack="1"/>
</pin_list>
<bind>
<opcode="read(1150) " fcode="read"/>
<opset="gmem_w3_addr_read/2 "/>
</bind>
</comp>

<comp id="143" class="1004" name="srcnn_float_255_255_float_1_9_9_float_float_64_1_1_f_37_gep_fu_143">
<pin_list>
<pin id="144" dir="0" index="0" bw="32" slack="0"/>
<pin id="145" dir="0" index="1" bw="1" slack="0"/>
<pin id="146" dir="0" index="2" bw="7" slack="0"/>
<pin id="147" dir="1" index="3" bw="7" slack="0"/>
</pin_list>
<bind>
<opcode="getelementptr(29) " fcode="getelementptr"/>
<opset="srcnn_float_255_255_float_1_9_9_float_float_64_1_1_f_37/3 "/>
</bind>
</comp>

<comp id="150" class="1004" name="srcnn_float_255_255_float_1_9_9_float_float_64_1_1_f_38_gep_fu_150">
<pin_list>
<pin id="151" dir="0" index="0" bw="32" slack="0"/>
<pin id="152" dir="0" index="1" bw="1" slack="0"/>
<pin id="153" dir="0" index="2" bw="7" slack="0"/>
<pin id="154" dir="1" index="3" bw="7" slack="0"/>
</pin_list>
<bind>
<opcode="getelementptr(29) " fcode="getelementptr"/>
<opset="srcnn_float_255_255_float_1_9_9_float_float_64_1_1_f_38/3 "/>
</bind>
</comp>

<comp id="157" class="1004" name="srcnn_float_255_255_float_1_9_9_float_float_64_1_1_f_39_gep_fu_157">
<pin_list>
<pin id="158" dir="0" index="0" bw="32" slack="0"/>
<pin id="159" dir="0" index="1" bw="1" slack="0"/>
<pin id="160" dir="0" index="2" bw="7" slack="0"/>
<pin id="161" dir="1" index="3" bw="7" slack="0"/>
</pin_list>
<bind>
<opcode="getelementptr(29) " fcode="getelementptr"/>
<opset="srcnn_float_255_255_float_1_9_9_float_float_64_1_1_f_39/3 "/>
</bind>
</comp>

<comp id="164" class="1004" name="srcnn_float_255_255_float_1_9_9_float_float_64_1_1_f_40_gep_fu_164">
<pin_list>
<pin id="165" dir="0" index="0" bw="32" slack="0"/>
<pin id="166" dir="0" index="1" bw="1" slack="0"/>
<pin id="167" dir="0" index="2" bw="7" slack="0"/>
<pin id="168" dir="1" index="3" bw="7" slack="0"/>
</pin_list>
<bind>
<opcode="getelementptr(29) " fcode="getelementptr"/>
<opset="srcnn_float_255_255_float_1_9_9_float_float_64_1_1_f_40/3 "/>
</bind>
</comp>

<comp id="171" class="1004" name="srcnn_float_255_255_float_1_9_9_float_float_64_1_1_f_41_gep_fu_171">
<pin_list>
<pin id="172" dir="0" index="0" bw="32" slack="0"/>
<pin id="173" dir="0" index="1" bw="1" slack="0"/>
<pin id="174" dir="0" index="2" bw="7" slack="0"/>
<pin id="175" dir="1" index="3" bw="7" slack="0"/>
</pin_list>
<bind>
<opcode="getelementptr(29) " fcode="getelementptr"/>
<opset="srcnn_float_255_255_float_1_9_9_float_float_64_1_1_f_41/3 "/>
</bind>
</comp>

<comp id="178" class="1004" name="srcnn_float_255_255_float_1_9_9_float_float_64_1_1_f_42_gep_fu_178">
<pin_list>
<pin id="179" dir="0" index="0" bw="32" slack="0"/>
<pin id="180" dir="0" index="1" bw="1" slack="0"/>
<pin id="181" dir="0" index="2" bw="7" slack="0"/>
<pin id="182" dir="1" index="3" bw="7" slack="0"/>
</pin_list>
<bind>
<opcode="getelementptr(29) " fcode="getelementptr"/>
<opset="srcnn_float_255_255_float_1_9_9_float_float_64_1_1_f_42/3 "/>
</bind>
</comp>

<comp id="185" class="1004" name="srcnn_float_255_255_float_1_9_9_float_float_64_1_1_f_43_gep_fu_185">
<pin_list>
<pin id="186" dir="0" index="0" bw="32" slack="0"/>
<pin id="187" dir="0" index="1" bw="1" slack="0"/>
<pin id="188" dir="0" index="2" bw="7" slack="0"/>
<pin id="189" dir="1" index="3" bw="7" slack="0"/>
</pin_list>
<bind>
<opcode="getelementptr(29) " fcode="getelementptr"/>
<opset="srcnn_float_255_255_float_1_9_9_float_float_64_1_1_f_43/3 "/>
</bind>
</comp>

<comp id="192" class="1004" name="srcnn_float_255_255_float_1_9_9_float_float_64_1_1_f_44_gep_fu_192">
<pin_list>
<pin id="193" dir="0" index="0" bw="32" slack="0"/>
<pin id="194" dir="0" index="1" bw="1" slack="0"/>
<pin id="195" dir="0" index="2" bw="7" slack="0"/>
<pin id="196" dir="1" index="3" bw="7" slack="0"/>
</pin_list>
<bind>
<opcode="getelementptr(29) " fcode="getelementptr"/>
<opset="srcnn_float_255_255_float_1_9_9_float_float_64_1_1_f_44/3 "/>
</bind>
</comp>

<comp id="199" class="1004" name="store_ln940_access_fu_199">
<pin_list>
<pin id="200" dir="0" index="0" bw="7" slack="2147483647"/>
<pin id="201" dir="0" index="1" bw="32" slack="2147483647"/>
<pin id="202" dir="0" index="2" bw="0" slack="0"/>
<pin id="204" dir="0" index="4" bw="7" slack="0"/>
<pin id="205" dir="0" index="5" bw="32" slack="2147483647"/>
<pin id="206" dir="0" index="6" bw="0" slack="2147483647"/>
<pin id="203" dir="1" index="3" bw="32" slack="2147483647"/>
<pin id="207" dir="1" index="7" bw="32" slack="2147483647"/>
</pin_list>
<bind>
<opcode="store(28) " fcode="store"/>
<opset="store_ln940/3 "/>
</bind>
</comp>

<comp id="209" class="1004" name="store_ln940_access_fu_209">
<pin_list>
<pin id="210" dir="0" index="0" bw="7" slack="2147483647"/>
<pin id="211" dir="0" index="1" bw="32" slack="2147483647"/>
<pin id="212" dir="0" index="2" bw="0" slack="0"/>
<pin id="214" dir="0" index="4" bw="7" slack="0"/>
<pin id="215" dir="0" index="5" bw="32" slack="2147483647"/>
<pin id="216" dir="0" index="6" bw="0" slack="2147483647"/>
<pin id="213" dir="1" index="3" bw="32" slack="2147483647"/>
<pin id="217" dir="1" index="7" bw="32" slack="2147483647"/>
</pin_list>
<bind>
<opcode="store(28) " fcode="store"/>
<opset="store_ln940/3 "/>
</bind>
</comp>

<comp id="219" class="1004" name="store_ln940_access_fu_219">
<pin_list>
<pin id="220" dir="0" index="0" bw="7" slack="2147483647"/>
<pin id="221" dir="0" index="1" bw="32" slack="2147483647"/>
<pin id="222" dir="0" index="2" bw="0" slack="0"/>
<pin id="224" dir="0" index="4" bw="7" slack="0"/>
<pin id="225" dir="0" index="5" bw="32" slack="2147483647"/>
<pin id="226" dir="0" index="6" bw="0" slack="2147483647"/>
<pin id="223" dir="1" index="3" bw="32" slack="2147483647"/>
<pin id="227" dir="1" index="7" bw="32" slack="2147483647"/>
</pin_list>
<bind>
<opcode="store(28) " fcode="store"/>
<opset="store_ln940/3 "/>
</bind>
</comp>

<comp id="229" class="1004" name="store_ln940_access_fu_229">
<pin_list>
<pin id="230" dir="0" index="0" bw="7" slack="2147483647"/>
<pin id="231" dir="0" index="1" bw="32" slack="2147483647"/>
<pin id="232" dir="0" index="2" bw="0" slack="0"/>
<pin id="234" dir="0" index="4" bw="7" slack="0"/>
<pin id="235" dir="0" index="5" bw="32" slack="2147483647"/>
<pin id="236" dir="0" index="6" bw="0" slack="2147483647"/>
<pin id="233" dir="1" index="3" bw="32" slack="2147483647"/>
<pin id="237" dir="1" index="7" bw="32" slack="2147483647"/>
</pin_list>
<bind>
<opcode="store(28) " fcode="store"/>
<opset="store_ln940/3 "/>
</bind>
</comp>

<comp id="239" class="1004" name="store_ln940_access_fu_239">
<pin_list>
<pin id="240" dir="0" index="0" bw="7" slack="2147483647"/>
<pin id="241" dir="0" index="1" bw="32" slack="2147483647"/>
<pin id="242" dir="0" index="2" bw="0" slack="0"/>
<pin id="244" dir="0" index="4" bw="7" slack="0"/>
<pin id="245" dir="0" index="5" bw="32" slack="2147483647"/>
<pin id="246" dir="0" index="6" bw="0" slack="2147483647"/>
<pin id="243" dir="1" index="3" bw="32" slack="2147483647"/>
<pin id="247" dir="1" index="7" bw="32" slack="2147483647"/>
</pin_list>
<bind>
<opcode="store(28) " fcode="store"/>
<opset="store_ln940/3 "/>
</bind>
</comp>

<comp id="249" class="1004" name="store_ln940_access_fu_249">
<pin_list>
<pin id="250" dir="0" index="0" bw="7" slack="2147483647"/>
<pin id="251" dir="0" index="1" bw="32" slack="2147483647"/>
<pin id="252" dir="0" index="2" bw="0" slack="0"/>
<pin id="254" dir="0" index="4" bw="7" slack="0"/>
<pin id="255" dir="0" index="5" bw="32" slack="2147483647"/>
<pin id="256" dir="0" index="6" bw="0" slack="2147483647"/>
<pin id="253" dir="1" index="3" bw="32" slack="2147483647"/>
<pin id="257" dir="1" index="7" bw="32" slack="2147483647"/>
</pin_list>
<bind>
<opcode="store(28) " fcode="store"/>
<opset="store_ln940/3 "/>
</bind>
</comp>

<comp id="259" class="1004" name="store_ln940_access_fu_259">
<pin_list>
<pin id="260" dir="0" index="0" bw="7" slack="2147483647"/>
<pin id="261" dir="0" index="1" bw="32" slack="2147483647"/>
<pin id="262" dir="0" index="2" bw="0" slack="0"/>
<pin id="264" dir="0" index="4" bw="7" slack="0"/>
<pin id="265" dir="0" index="5" bw="32" slack="2147483647"/>
<pin id="266" dir="0" index="6" bw="0" slack="2147483647"/>
<pin id="263" dir="1" index="3" bw="32" slack="2147483647"/>
<pin id="267" dir="1" index="7" bw="32" slack="2147483647"/>
</pin_list>
<bind>
<opcode="store(28) " fcode="store"/>
<opset="store_ln940/3 "/>
</bind>
</comp>

<comp id="269" class="1004" name="store_ln940_access_fu_269">
<pin_list>
<pin id="270" dir="0" index="0" bw="7" slack="2147483647"/>
<pin id="271" dir="0" index="1" bw="32" slack="2147483647"/>
<pin id="272" dir="0" index="2" bw="0" slack="0"/>
<pin id="274" dir="0" index="4" bw="7" slack="0"/>
<pin id="275" dir="0" index="5" bw="32" slack="2147483647"/>
<pin id="276" dir="0" index="6" bw="0" slack="2147483647"/>
<pin id="273" dir="1" index="3" bw="32" slack="2147483647"/>
<pin id="277" dir="1" index="7" bw="32" slack="2147483647"/>
</pin_list>
<bind>
<opcode="store(28) " fcode="store"/>
<opset="store_ln940/3 "/>
</bind>
</comp>

<comp id="279" class="1004" name="sext_ln932_cast_fu_279">
<pin_list>
<pin id="280" dir="0" index="0" bw="62" slack="0"/>
<pin id="281" dir="1" index="1" bw="64" slack="1"/>
</pin_list>
<bind>
<opcode="sext(35) " fcode="sext"/>
<opset="sext_ln932_cast/1 "/>
</bind>
</comp>

<comp id="283" class="1004" name="store_ln0_store_fu_283">
<pin_list>
<pin id="284" dir="0" index="0" bw="1" slack="0"/>
<pin id="285" dir="0" index="1" bw="10" slack="0"/>
<pin id="286" dir="1" index="2" bw="0" slack="2147483647"/>
</pin_list>
<bind>
<opcode="store(28) " fcode="store"/>
<opset="store_ln0/1 "/>
</bind>
</comp>

<comp id="288" class="1004" name="store_ln0_store_fu_288">
<pin_list>
<pin id="289" dir="0" index="0" bw="1" slack="0"/>
<pin id="290" dir="0" index="1" bw="6" slack="0"/>
<pin id="291" dir="1" index="2" bw="0" slack="2147483647"/>
</pin_list>
<bind>
<opcode="store(28) " fcode="store"/>
<opset="store_ln0/1 "/>
</bind>
</comp>

<comp id="293" class="1004" name="store_ln0_store_fu_293">
<pin_list>
<pin id="294" dir="0" index="0" bw="1" slack="0"/>
<pin id="295" dir="0" index="1" bw="6" slack="0"/>
<pin id="296" dir="1" index="2" bw="0" slack="2147483647"/>
</pin_list>
<bind>
<opcode="store(28) " fcode="store"/>
<opset="store_ln0/1 "/>
</bind>
</comp>

<comp id="298" class="1004" name="store_ln0_store_fu_298">
<pin_list>
<pin id="299" dir="0" index="0" bw="1" slack="0"/>
<pin id="300" dir="0" index="1" bw="3" slack="0"/>
<pin id="301" dir="1" index="2" bw="0" slack="2147483647"/>
</pin_list>
<bind>
<opcode="store(28) " fcode="store"/>
<opset="store_ln0/1 "/>
</bind>
</comp>

<comp id="303" class="1004" name="store_ln0_store_fu_303">
<pin_list>
<pin id="304" dir="0" index="0" bw="1" slack="0"/>
<pin id="305" dir="0" index="1" bw="3" slack="0"/>
<pin id="306" dir="1" index="2" bw="0" slack="2147483647"/>
</pin_list>
<bind>
<opcode="store(28) " fcode="store"/>
<opset="store_ln0/1 "/>
</bind>
</comp>

<comp id="308" class="1004" name="indvar_flatten19_load_load_fu_308">
<pin_list>
<pin id="309" dir="0" index="0" bw="10" slack="0"/>
<pin id="310" dir="1" index="1" bw="10" slack="0"/>
</pin_list>
<bind>
<opcode="load(27) " fcode="load"/>
<opset="indvar_flatten19_load/1 "/>
</bind>
</comp>

<comp id="311" class="1004" name="icmp_ln932_fu_311">
<pin_list>
<pin id="312" dir="0" index="0" bw="10" slack="0"/>
<pin id="313" dir="0" index="1" bw="9" slack="0"/>
<pin id="314" dir="1" index="2" bw="1" slack="1"/>
</pin_list>
<bind>
<opcode="icmp(45) " fcode="icmp"/>
<opset="icmp_ln932/1 "/>
</bind>
</comp>

<comp id="317" class="1004" name="add_ln932_1_fu_317">
<pin_list>
<pin id="318" dir="0" index="0" bw="10" slack="0"/>
<pin id="319" dir="0" index="1" bw="1" slack="0"/>
<pin id="320" dir="1" index="2" bw="10" slack="0"/>
</pin_list>
<bind>
<opcode="add(8) " fcode="add"/>
<opset="add_ln932_1/1 "/>
</bind>
</comp>

<comp id="323" class="1004" name="store_ln938_store_fu_323">
<pin_list>
<pin id="324" dir="0" index="0" bw="10" slack="0"/>
<pin id="325" dir="0" index="1" bw="10" slack="0"/>
<pin id="326" dir="1" index="2" bw="0" slack="2147483647"/>
</pin_list>
<bind>
<opcode="store(28) " fcode="store"/>
<opset="store_ln938/1 "/>
</bind>
</comp>

<comp id="328" class="1004" name="indvar_flatten6_load_load_fu_328">
<pin_list>
<pin id="329" dir="0" index="0" bw="6" slack="1"/>
<pin id="330" dir="1" index="1" bw="6" slack="0"/>
</pin_list>
<bind>
<opcode="load(27) " fcode="load"/>
<opset="indvar_flatten6_load/2 "/>
</bind>
</comp>

<comp id="331" class="1004" name="gmem_w3_addr_fu_331">
<pin_list>
<pin id="332" dir="0" index="0" bw="32" slack="0"/>
<pin id="333" dir="0" index="1" bw="62" slack="1"/>
<pin id="334" dir="1" index="2" bw="32" slack="0"/>
</pin_list>
<bind>
<opcode="getelementptr(29) " fcode="getelementptr"/>
<opset="gmem_w3_addr/2 "/>
</bind>
</comp>

<comp id="337" class="1004" name="icmp_ln935_fu_337">
<pin_list>
<pin id="338" dir="0" index="0" bw="6" slack="0"/>
<pin id="339" dir="0" index="1" bw="6" slack="0"/>
<pin id="340" dir="1" index="2" bw="1" slack="0"/>
</pin_list>
<bind>
<opcode="icmp(45) " fcode="icmp"/>
<opset="icmp_ln935/2 "/>
</bind>
</comp>

<comp id="343" class="1004" name="add_ln935_1_fu_343">
<pin_list>
<pin id="344" dir="0" index="0" bw="6" slack="0"/>
<pin id="345" dir="0" index="1" bw="1" slack="0"/>
<pin id="346" dir="1" index="2" bw="6" slack="0"/>
</pin_list>
<bind>
<opcode="add(8) " fcode="add"/>
<opset="add_ln935_1/2 "/>
</bind>
</comp>

<comp id="349" class="1004" name="select_ln935_2_fu_349">
<pin_list>
<pin id="350" dir="0" index="0" bw="1" slack="0"/>
<pin id="351" dir="0" index="1" bw="1" slack="0"/>
<pin id="352" dir="0" index="2" bw="6" slack="0"/>
<pin id="353" dir="1" index="3" bw="6" slack="0"/>
</pin_list>
<bind>
<opcode="select(49) " fcode="select"/>
<opset="select_ln935_2/2 "/>
</bind>
</comp>

<comp id="357" class="1004" name="store_ln938_store_fu_357">
<pin_list>
<pin id="358" dir="0" index="0" bw="6" slack="0"/>
<pin id="359" dir="0" index="1" bw="6" slack="1"/>
<pin id="360" dir="1" index="2" bw="0" slack="2147483647"/>
</pin_list>
<bind>
<opcode="store(28) " fcode="store"/>
<opset="store_ln938/2 "/>
</bind>
</comp>

<comp id="362" class="1004" name="kx_load_load_fu_362">
<pin_list>
<pin id="363" dir="0" index="0" bw="3" slack="2"/>
<pin id="364" dir="1" index="1" bw="3" slack="0"/>
</pin_list>
<bind>
<opcode="load(27) " fcode="load"/>
<opset="kx_load/3 "/>
</bind>
</comp>

<comp id="365" class="1004" name="ky_load_load_fu_365">
<pin_list>
<pin id="366" dir="0" index="0" bw="3" slack="2"/>
<pin id="367" dir="1" index="1" bw="3" slack="0"/>
</pin_list>
<bind>
<opcode="load(27) " fcode="load"/>
<opset="ky_load/3 "/>
</bind>
</comp>

<comp id="368" class="1004" name="i3_load_load_fu_368">
<pin_list>
<pin id="369" dir="0" index="0" bw="6" slack="2"/>
<pin id="370" dir="1" index="1" bw="6" slack="0"/>
</pin_list>
<bind>
<opcode="load(27) " fcode="load"/>
<opset="i3_load/3 "/>
</bind>
</comp>

<comp id="371" class="1004" name="add_ln932_fu_371">
<pin_list>
<pin id="372" dir="0" index="0" bw="6" slack="0"/>
<pin id="373" dir="0" index="1" bw="1" slack="0"/>
<pin id="374" dir="1" index="2" bw="6" slack="0"/>
</pin_list>
<bind>
<opcode="add(8) " fcode="add"/>
<opset="add_ln932/3 "/>
</bind>
</comp>

<comp id="377" class="1004" name="select_ln932_fu_377">
<pin_list>
<pin id="378" dir="0" index="0" bw="1" slack="1"/>
<pin id="379" dir="0" index="1" bw="1" slack="0"/>
<pin id="380" dir="0" index="2" bw="3" slack="0"/>
<pin id="381" dir="1" index="3" bw="3" slack="0"/>
</pin_list>
<bind>
<opcode="select(49) " fcode="select"/>
<opset="select_ln932/3 "/>
</bind>
</comp>

<comp id="384" class="1004" name="select_ln932_1_fu_384">
<pin_list>
<pin id="385" dir="0" index="0" bw="1" slack="1"/>
<pin id="386" dir="0" index="1" bw="6" slack="0"/>
<pin id="387" dir="0" index="2" bw="6" slack="0"/>
<pin id="388" dir="1" index="3" bw="6" slack="0"/>
</pin_list>
<bind>
<opcode="select(49) " fcode="select"/>
<opset="select_ln932_1/3 "/>
</bind>
</comp>

<comp id="391" class="1004" name="trunc_ln932_fu_391">
<pin_list>
<pin id="392" dir="0" index="0" bw="6" slack="0"/>
<pin id="393" dir="1" index="1" bw="3" slack="2147483647"/>
</pin_list>
<bind>
<opcode="trunc(33) " fcode="trunc"/>
<opset="trunc_ln932/3 "/>
</bind>
</comp>

<comp id="395" class="1004" name="zext_ln932_mid2_v_fu_395">
<pin_list>
<pin id="396" dir="0" index="0" bw="2" slack="0"/>
<pin id="397" dir="0" index="1" bw="6" slack="0"/>
<pin id="398" dir="0" index="2" bw="3" slack="0"/>
<pin id="399" dir="0" index="3" bw="4" slack="0"/>
<pin id="400" dir="1" index="4" bw="2" slack="0"/>
</pin_list>
<bind>
<opcode="partselect(1002) " fcode="partselect"/>
<opset="zext_ln932_mid2_v/3 "/>
</bind>
</comp>

<comp id="405" class="1004" name="or_ln_fu_405">
<pin_list>
<pin id="406" dir="0" index="0" bw="4" slack="0"/>
<pin id="407" dir="0" index="1" bw="2" slack="0"/>
<pin id="408" dir="0" index="2" bw="2" slack="0"/>
<pin id="409" dir="1" index="3" bw="4" slack="0"/>
</pin_list>
<bind>
<opcode="bitconcatenate(1004) " fcode="bitconcatenate"/>
<opset="or_ln/3 "/>
</bind>
</comp>

<comp id="413" class="1004" name="zext_ln935_fu_413">
<pin_list>
<pin id="414" dir="0" index="0" bw="4" slack="0"/>
<pin id="415" dir="1" index="1" bw="5" slack="0"/>
</pin_list>
<bind>
<opcode="zext(34) " fcode="zext"/>
<opset="zext_ln935/3 "/>
</bind>
</comp>

<comp id="417" class="1004" name="xor_ln932_fu_417">
<pin_list>
<pin id="418" dir="0" index="0" bw="1" slack="1"/>
<pin id="419" dir="0" index="1" bw="1" slack="0"/>
<pin id="420" dir="1" index="2" bw="1" slack="0"/>
</pin_list>
<bind>
<opcode="xor(25) " fcode="xor"/>
<opset="xor_ln932/3 "/>
</bind>
</comp>

<comp id="422" class="1004" name="icmp_ln938_fu_422">
<pin_list>
<pin id="423" dir="0" index="0" bw="3" slack="0"/>
<pin id="424" dir="0" index="1" bw="3" slack="0"/>
<pin id="425" dir="1" index="2" bw="1" slack="0"/>
</pin_list>
<bind>
<opcode="icmp(45) " fcode="icmp"/>
<opset="icmp_ln938/3 "/>
</bind>
</comp>

<comp id="428" class="1004" name="and_ln932_fu_428">
<pin_list>
<pin id="429" dir="0" index="0" bw="1" slack="0"/>
<pin id="430" dir="0" index="1" bw="1" slack="0"/>
<pin id="431" dir="1" index="2" bw="1" slack="0"/>
</pin_list>
<bind>
<opcode="and(23) " fcode="and"/>
<opset="and_ln932/3 "/>
</bind>
</comp>

<comp id="434" class="1004" name="add_ln935_fu_434">
<pin_list>
<pin id="435" dir="0" index="0" bw="3" slack="0"/>
<pin id="436" dir="0" index="1" bw="1" slack="0"/>
<pin id="437" dir="1" index="2" bw="3" slack="0"/>
</pin_list>
<bind>
<opcode="add(8) " fcode="add"/>
<opset="add_ln935/3 "/>
</bind>
</comp>

<comp id="440" class="1004" name="or_ln935_fu_440">
<pin_list>
<pin id="441" dir="0" index="0" bw="1" slack="0"/>
<pin id="442" dir="0" index="1" bw="1" slack="1"/>
<pin id="443" dir="1" index="2" bw="1" slack="0"/>
</pin_list>
<bind>
<opcode="or(24) " fcode="or"/>
<opset="or_ln935/3 "/>
</bind>
</comp>

<comp id="445" class="1004" name="select_ln935_fu_445">
<pin_list>
<pin id="446" dir="0" index="0" bw="1" slack="0"/>
<pin id="447" dir="0" index="1" bw="1" slack="0"/>
<pin id="448" dir="0" index="2" bw="3" slack="0"/>
<pin id="449" dir="1" index="3" bw="3" slack="0"/>
</pin_list>
<bind>
<opcode="select(49) " fcode="select"/>
<opset="select_ln935/3 "/>
</bind>
</comp>

<comp id="453" class="1004" name="select_ln935_1_fu_453">
<pin_list>
<pin id="454" dir="0" index="0" bw="1" slack="0"/>
<pin id="455" dir="0" index="1" bw="3" slack="0"/>
<pin id="456" dir="0" index="2" bw="3" slack="0"/>
<pin id="457" dir="1" index="3" bw="3" slack="0"/>
</pin_list>
<bind>
<opcode="select(49) " fcode="select"/>
<opset="select_ln935_1/3 "/>
</bind>
</comp>

<comp id="461" class="1004" name="zext_ln940_fu_461">
<pin_list>
<pin id="462" dir="0" index="0" bw="3" slack="0"/>
<pin id="463" dir="1" index="1" bw="5" slack="0"/>
</pin_list>
<bind>
<opcode="zext(34) " fcode="zext"/>
<opset="zext_ln940/3 "/>
</bind>
</comp>

<comp id="465" class="1004" name="add_ln940_fu_465">
<pin_list>
<pin id="466" dir="0" index="0" bw="4" slack="0"/>
<pin id="467" dir="0" index="1" bw="3" slack="0"/>
<pin id="468" dir="1" index="2" bw="5" slack="0"/>
</pin_list>
<bind>
<opcode="add(8) " fcode="add"/>
<opset="add_ln940/3 "/>
</bind>
</comp>

<comp id="471" class="1004" name="zext_ln940_1_fu_471">
<pin_list>
<pin id="472" dir="0" index="0" bw="5" slack="0"/>
<pin id="473" dir="1" index="1" bw="7" slack="0"/>
</pin_list>
<bind>
<opcode="zext(34) " fcode="zext"/>
<opset="zext_ln940_1/3 "/>
</bind>
</comp>

<comp id="475" class="1004" name="p_shl_fu_475">
<pin_list>
<pin id="476" dir="0" index="0" bw="7" slack="0"/>
<pin id="477" dir="0" index="1" bw="5" slack="0"/>
<pin id="478" dir="0" index="2" bw="1" slack="0"/>
<pin id="479" dir="1" index="3" bw="7" slack="0"/>
</pin_list>
<bind>
<opcode="bitconcatenate(1004) " fcode="bitconcatenate"/>
<opset="p_shl/3 "/>
</bind>
</comp>

<comp id="483" class="1004" name="add_ln940_1_fu_483">
<pin_list>
<pin id="484" dir="0" index="0" bw="7" slack="0"/>
<pin id="485" dir="0" index="1" bw="5" slack="0"/>
<pin id="486" dir="1" index="2" bw="7" slack="0"/>
</pin_list>
<bind>
<opcode="add(8) " fcode="add"/>
<opset="add_ln940_1/3 "/>
</bind>
</comp>

<comp id="489" class="1004" name="zext_ln940_2_fu_489">
<pin_list>
<pin id="490" dir="0" index="0" bw="3" slack="0"/>
<pin id="491" dir="1" index="1" bw="7" slack="0"/>
</pin_list>
<bind>
<opcode="zext(34) " fcode="zext"/>
<opset="zext_ln940_2/3 "/>
</bind>
</comp>

<comp id="493" class="1004" name="add_ln940_2_fu_493">
<pin_list>
<pin id="494" dir="0" index="0" bw="7" slack="0"/>
<pin id="495" dir="0" index="1" bw="3" slack="0"/>
<pin id="496" dir="1" index="2" bw="7" slack="0"/>
</pin_list>
<bind>
<opcode="add(8) " fcode="add"/>
<opset="add_ln940_2/3 "/>
</bind>
</comp>

<comp id="499" class="1004" name="zext_ln940_3_fu_499">
<pin_list>
<pin id="500" dir="0" index="0" bw="7" slack="0"/>
<pin id="501" dir="1" index="1" bw="64" slack="0"/>
</pin_list>
<bind>
<opcode="zext(34) " fcode="zext"/>
<opset="zext_ln940_3/3 "/>
</bind>
</comp>

<comp id="511" class="1004" name="bitcast_ln940_fu_511">
<pin_list>
<pin id="512" dir="0" index="0" bw="32" slack="1"/>
<pin id="513" dir="1" index="1" bw="32" slack="0"/>
</pin_list>
<bind>
<opcode="bitcast(44) " fcode="bitcast"/>
<opset="bitcast_ln940/3 "/>
</bind>
</comp>

<comp id="522" class="1004" name="add_ln938_fu_522">
<pin_list>
<pin id="523" dir="0" index="0" bw="3" slack="0"/>
<pin id="524" dir="0" index="1" bw="1" slack="0"/>
<pin id="525" dir="1" index="2" bw="3" slack="0"/>
</pin_list>
<bind>
<opcode="add(8) " fcode="add"/>
<opset="add_ln938/3 "/>
</bind>
</comp>

<comp id="528" class="1004" name="store_ln938_store_fu_528">
<pin_list>
<pin id="529" dir="0" index="0" bw="6" slack="0"/>
<pin id="530" dir="0" index="1" bw="6" slack="2"/>
<pin id="531" dir="1" index="2" bw="0" slack="2147483647"/>
</pin_list>
<bind>
<opcode="store(28) " fcode="store"/>
<opset="store_ln938/3 "/>
</bind>
</comp>

<comp id="533" class="1004" name="store_ln938_store_fu_533">
<pin_list>
<pin id="534" dir="0" index="0" bw="3" slack="0"/>
<pin id="535" dir="0" index="1" bw="3" slack="2"/>
<pin id="536" dir="1" index="2" bw="0" slack="2147483647"/>
</pin_list>
<bind>
<opcode="store(28) " fcode="store"/>
<opset="store_ln938/3 "/>
</bind>
</comp>

<comp id="538" class="1004" name="store_ln938_store_fu_538">
<pin_list>
<pin id="539" dir="0" index="0" bw="3" slack="0"/>
<pin id="540" dir="0" index="1" bw="3" slack="2"/>
<pin id="541" dir="1" index="2" bw="0" slack="2147483647"/>
</pin_list>
<bind>
<opcode="store(28) " fcode="store"/>
<opset="store_ln938/3 "/>
</bind>
</comp>

<comp id="543" class="1005" name="kx_reg_543">
<pin_list>
<pin id="544" dir="0" index="0" bw="3" slack="0"/>
<pin id="545" dir="1" index="1" bw="3" slack="0"/>
</pin_list>
<bind>
<opset="kx "/>
</bind>
</comp>

<comp id="550" class="1005" name="ky_reg_550">
<pin_list>
<pin id="551" dir="0" index="0" bw="3" slack="0"/>
<pin id="552" dir="1" index="1" bw="3" slack="0"/>
</pin_list>
<bind>
<opset="ky "/>
</bind>
</comp>

<comp id="557" class="1005" name="indvar_flatten6_reg_557">
<pin_list>
<pin id="558" dir="0" index="0" bw="6" slack="0"/>
<pin id="559" dir="1" index="1" bw="6" slack="0"/>
</pin_list>
<bind>
<opset="indvar_flatten6 "/>
</bind>
</comp>

<comp id="564" class="1005" name="i3_reg_564">
<pin_list>
<pin id="565" dir="0" index="0" bw="6" slack="0"/>
<pin id="566" dir="1" index="1" bw="6" slack="0"/>
</pin_list>
<bind>
<opset="i3 "/>
</bind>
</comp>

<comp id="571" class="1005" name="indvar_flatten19_reg_571">
<pin_list>
<pin id="572" dir="0" index="0" bw="10" slack="0"/>
<pin id="573" dir="1" index="1" bw="10" slack="0"/>
</pin_list>
<bind>
<opset="indvar_flatten19 "/>
</bind>
</comp>

<comp id="578" class="1005" name="sext_ln932_cast_reg_578">
<pin_list>
<pin id="579" dir="0" index="0" bw="64" slack="1"/>
<pin id="580" dir="1" index="1" bw="64" slack="1"/>
</pin_list>
<bind>
<opset="sext_ln932_cast "/>
</bind>
</comp>

<comp id="583" class="1005" name="icmp_ln932_reg_583">
<pin_list>
<pin id="584" dir="0" index="0" bw="1" slack="1"/>
<pin id="585" dir="1" index="1" bw="1" slack="2147483647"/>
</pin_list>
<bind>
<opset="icmp_ln932 "/>
</bind>
</comp>

<comp id="587" class="1005" name="icmp_ln935_reg_587">
<pin_list>
<pin id="588" dir="0" index="0" bw="1" slack="1"/>
<pin id="589" dir="1" index="1" bw="1" slack="1"/>
</pin_list>
<bind>
<opset="icmp_ln935 "/>
</bind>
</comp>

<comp id="595" class="1005" name="gmem_w3_addr_read_reg_595">
<pin_list>
<pin id="596" dir="0" index="0" bw="32" slack="1"/>
<pin id="597" dir="1" index="1" bw="32" slack="1"/>
</pin_list>
<bind>
<opset="gmem_w3_addr_read "/>
</bind>
</comp>

</comp_list>

<net_list>
<net id="115"><net_src comp="20" pin="0"/><net_sink comp="112" pin=0"/></net>

<net id="119"><net_src comp="20" pin="0"/><net_sink comp="116" pin=0"/></net>

<net id="123"><net_src comp="20" pin="0"/><net_sink comp="120" pin=0"/></net>

<net id="127"><net_src comp="20" pin="0"/><net_sink comp="124" pin=0"/></net>

<net id="131"><net_src comp="20" pin="0"/><net_sink comp="128" pin=0"/></net>

<net id="136"><net_src comp="22" pin="0"/><net_sink comp="132" pin=0"/></net>

<net id="137"><net_src comp="2" pin="0"/><net_sink comp="132" pin=1"/></net>

<net id="142"><net_src comp="68" pin="0"/><net_sink comp="138" pin=0"/></net>

<net id="148"><net_src comp="4" pin="0"/><net_sink comp="143" pin=0"/></net>

<net id="149"><net_src comp="100" pin="0"/><net_sink comp="143" pin=1"/></net>

<net id="155"><net_src comp="10" pin="0"/><net_sink comp="150" pin=0"/></net>

<net id="156"><net_src comp="100" pin="0"/><net_sink comp="150" pin=1"/></net>

<net id="162"><net_src comp="12" pin="0"/><net_sink comp="157" pin=0"/></net>

<net id="163"><net_src comp="100" pin="0"/><net_sink comp="157" pin=1"/></net>

<net id="169"><net_src comp="14" pin="0"/><net_sink comp="164" pin=0"/></net>

<net id="170"><net_src comp="100" pin="0"/><net_sink comp="164" pin=1"/></net>

<net id="176"><net_src comp="16" pin="0"/><net_sink comp="171" pin=0"/></net>

<net id="177"><net_src comp="100" pin="0"/><net_sink comp="171" pin=1"/></net>

<net id="183"><net_src comp="18" pin="0"/><net_sink comp="178" pin=0"/></net>

<net id="184"><net_src comp="100" pin="0"/><net_sink comp="178" pin=1"/></net>

<net id="190"><net_src comp="6" pin="0"/><net_sink comp="185" pin=0"/></net>

<net id="191"><net_src comp="100" pin="0"/><net_sink comp="185" pin=1"/></net>

<net id="197"><net_src comp="8" pin="0"/><net_sink comp="192" pin=0"/></net>

<net id="198"><net_src comp="100" pin="0"/><net_sink comp="192" pin=1"/></net>

<net id="208"><net_src comp="171" pin="3"/><net_sink comp="199" pin=2"/></net>

<net id="218"><net_src comp="164" pin="3"/><net_sink comp="209" pin=2"/></net>

<net id="228"><net_src comp="157" pin="3"/><net_sink comp="219" pin=2"/></net>

<net id="238"><net_src comp="150" pin="3"/><net_sink comp="229" pin=2"/></net>

<net id="248"><net_src comp="192" pin="3"/><net_sink comp="239" pin=2"/></net>

<net id="258"><net_src comp="185" pin="3"/><net_sink comp="249" pin=2"/></net>

<net id="268"><net_src comp="143" pin="3"/><net_sink comp="259" pin=2"/></net>

<net id="278"><net_src comp="178" pin="3"/><net_sink comp="269" pin=2"/></net>

<net id="282"><net_src comp="132" pin="2"/><net_sink comp="279" pin=0"/></net>

<net id="287"><net_src comp="50" pin="0"/><net_sink comp="283" pin=0"/></net>

<net id="292"><net_src comp="52" pin="0"/><net_sink comp="288" pin=0"/></net>

<net id="297"><net_src comp="52" pin="0"/><net_sink comp="293" pin=0"/></net>

<net id="302"><net_src comp="54" pin="0"/><net_sink comp="298" pin=0"/></net>

<net id="307"><net_src comp="54" pin="0"/><net_sink comp="303" pin=0"/></net>

<net id="315"><net_src comp="308" pin="1"/><net_sink comp="311" pin=0"/></net>

<net id="316"><net_src comp="56" pin="0"/><net_sink comp="311" pin=1"/></net>

<net id="321"><net_src comp="308" pin="1"/><net_sink comp="317" pin=0"/></net>

<net id="322"><net_src comp="58" pin="0"/><net_sink comp="317" pin=1"/></net>

<net id="327"><net_src comp="317" pin="2"/><net_sink comp="323" pin=0"/></net>

<net id="335"><net_src comp="0" pin="0"/><net_sink comp="331" pin=0"/></net>

<net id="336"><net_src comp="331" pin="2"/><net_sink comp="138" pin=1"/></net>

<net id="341"><net_src comp="328" pin="1"/><net_sink comp="337" pin=0"/></net>

<net id="342"><net_src comp="66" pin="0"/><net_sink comp="337" pin=1"/></net>

<net id="347"><net_src comp="328" pin="1"/><net_sink comp="343" pin=0"/></net>

<net id="348"><net_src comp="70" pin="0"/><net_sink comp="343" pin=1"/></net>

<net id="354"><net_src comp="337" pin="2"/><net_sink comp="349" pin=0"/></net>

<net id="355"><net_src comp="70" pin="0"/><net_sink comp="349" pin=1"/></net>

<net id="356"><net_src comp="343" pin="2"/><net_sink comp="349" pin=2"/></net>

<net id="361"><net_src comp="349" pin="3"/><net_sink comp="357" pin=0"/></net>

<net id="375"><net_src comp="368" pin="1"/><net_sink comp="371" pin=0"/></net>

<net id="376"><net_src comp="70" pin="0"/><net_sink comp="371" pin=1"/></net>

<net id="382"><net_src comp="54" pin="0"/><net_sink comp="377" pin=1"/></net>

<net id="383"><net_src comp="365" pin="1"/><net_sink comp="377" pin=2"/></net>

<net id="389"><net_src comp="371" pin="2"/><net_sink comp="384" pin=1"/></net>

<net id="390"><net_src comp="368" pin="1"/><net_sink comp="384" pin=2"/></net>

<net id="394"><net_src comp="384" pin="3"/><net_sink comp="391" pin=0"/></net>

<net id="401"><net_src comp="80" pin="0"/><net_sink comp="395" pin=0"/></net>

<net id="402"><net_src comp="384" pin="3"/><net_sink comp="395" pin=1"/></net>

<net id="403"><net_src comp="82" pin="0"/><net_sink comp="395" pin=2"/></net>

<net id="404"><net_src comp="84" pin="0"/><net_sink comp="395" pin=3"/></net>

<net id="410"><net_src comp="86" pin="0"/><net_sink comp="405" pin=0"/></net>

<net id="411"><net_src comp="395" pin="4"/><net_sink comp="405" pin=1"/></net>

<net id="412"><net_src comp="395" pin="4"/><net_sink comp="405" pin=2"/></net>

<net id="416"><net_src comp="405" pin="3"/><net_sink comp="413" pin=0"/></net>

<net id="421"><net_src comp="88" pin="0"/><net_sink comp="417" pin=1"/></net>

<net id="426"><net_src comp="362" pin="1"/><net_sink comp="422" pin=0"/></net>

<net id="427"><net_src comp="90" pin="0"/><net_sink comp="422" pin=1"/></net>

<net id="432"><net_src comp="422" pin="2"/><net_sink comp="428" pin=0"/></net>

<net id="433"><net_src comp="417" pin="2"/><net_sink comp="428" pin=1"/></net>

<net id="438"><net_src comp="377" pin="3"/><net_sink comp="434" pin=0"/></net>

<net id="439"><net_src comp="92" pin="0"/><net_sink comp="434" pin=1"/></net>

<net id="444"><net_src comp="428" pin="2"/><net_sink comp="440" pin=0"/></net>

<net id="450"><net_src comp="440" pin="2"/><net_sink comp="445" pin=0"/></net>

<net id="451"><net_src comp="54" pin="0"/><net_sink comp="445" pin=1"/></net>

<net id="452"><net_src comp="362" pin="1"/><net_sink comp="445" pin=2"/></net>

<net id="458"><net_src comp="428" pin="2"/><net_sink comp="453" pin=0"/></net>

<net id="459"><net_src comp="434" pin="2"/><net_sink comp="453" pin=1"/></net>

<net id="460"><net_src comp="377" pin="3"/><net_sink comp="453" pin=2"/></net>

<net id="464"><net_src comp="453" pin="3"/><net_sink comp="461" pin=0"/></net>

<net id="469"><net_src comp="413" pin="1"/><net_sink comp="465" pin=0"/></net>

<net id="470"><net_src comp="461" pin="1"/><net_sink comp="465" pin=1"/></net>

<net id="474"><net_src comp="465" pin="2"/><net_sink comp="471" pin=0"/></net>

<net id="480"><net_src comp="96" pin="0"/><net_sink comp="475" pin=0"/></net>

<net id="481"><net_src comp="465" pin="2"/><net_sink comp="475" pin=1"/></net>

<net id="482"><net_src comp="98" pin="0"/><net_sink comp="475" pin=2"/></net>

<net id="487"><net_src comp="475" pin="3"/><net_sink comp="483" pin=0"/></net>

<net id="488"><net_src comp="471" pin="1"/><net_sink comp="483" pin=1"/></net>

<net id="492"><net_src comp="445" pin="3"/><net_sink comp="489" pin=0"/></net>

<net id="497"><net_src comp="483" pin="2"/><net_sink comp="493" pin=0"/></net>

<net id="498"><net_src comp="489" pin="1"/><net_sink comp="493" pin=1"/></net>

<net id="502"><net_src comp="493" pin="2"/><net_sink comp="499" pin=0"/></net>

<net id="503"><net_src comp="499" pin="1"/><net_sink comp="143" pin=2"/></net>

<net id="504"><net_src comp="499" pin="1"/><net_sink comp="150" pin=2"/></net>

<net id="505"><net_src comp="499" pin="1"/><net_sink comp="157" pin=2"/></net>

<net id="506"><net_src comp="499" pin="1"/><net_sink comp="164" pin=2"/></net>

<net id="507"><net_src comp="499" pin="1"/><net_sink comp="171" pin=2"/></net>

<net id="508"><net_src comp="499" pin="1"/><net_sink comp="178" pin=2"/></net>

<net id="509"><net_src comp="499" pin="1"/><net_sink comp="185" pin=2"/></net>

<net id="510"><net_src comp="499" pin="1"/><net_sink comp="192" pin=2"/></net>

<net id="514"><net_src comp="511" pin="1"/><net_sink comp="199" pin=4"/></net>

<net id="515"><net_src comp="511" pin="1"/><net_sink comp="209" pin=4"/></net>

<net id="516"><net_src comp="511" pin="1"/><net_sink comp="219" pin=4"/></net>

<net id="517"><net_src comp="511" pin="1"/><net_sink comp="229" pin=4"/></net>

<net id="518"><net_src comp="511" pin="1"/><net_sink comp="239" pin=4"/></net>

<net id="519"><net_src comp="511" pin="1"/><net_sink comp="249" pin=4"/></net>

<net id="520"><net_src comp="511" pin="1"/><net_sink comp="259" pin=4"/></net>

<net id="521"><net_src comp="511" pin="1"/><net_sink comp="269" pin=4"/></net>

<net id="526"><net_src comp="445" pin="3"/><net_sink comp="522" pin=0"/></net>

<net id="527"><net_src comp="92" pin="0"/><net_sink comp="522" pin=1"/></net>

<net id="532"><net_src comp="384" pin="3"/><net_sink comp="528" pin=0"/></net>

<net id="537"><net_src comp="453" pin="3"/><net_sink comp="533" pin=0"/></net>

<net id="542"><net_src comp="522" pin="2"/><net_sink comp="538" pin=0"/></net>

<net id="546"><net_src comp="112" pin="1"/><net_sink comp="543" pin=0"/></net>

<net id="547"><net_src comp="543" pin="1"/><net_sink comp="303" pin=1"/></net>

<net id="548"><net_src comp="543" pin="1"/><net_sink comp="362" pin=0"/></net>

<net id="549"><net_src comp="543" pin="1"/><net_sink comp="538" pin=1"/></net>

<net id="553"><net_src comp="116" pin="1"/><net_sink comp="550" pin=0"/></net>

<net id="554"><net_src comp="550" pin="1"/><net_sink comp="298" pin=1"/></net>

<net id="555"><net_src comp="550" pin="1"/><net_sink comp="365" pin=0"/></net>

<net id="556"><net_src comp="550" pin="1"/><net_sink comp="533" pin=1"/></net>

<net id="560"><net_src comp="120" pin="1"/><net_sink comp="557" pin=0"/></net>

<net id="561"><net_src comp="557" pin="1"/><net_sink comp="293" pin=1"/></net>

<net id="562"><net_src comp="557" pin="1"/><net_sink comp="328" pin=0"/></net>

<net id="563"><net_src comp="557" pin="1"/><net_sink comp="357" pin=1"/></net>

<net id="567"><net_src comp="124" pin="1"/><net_sink comp="564" pin=0"/></net>

<net id="568"><net_src comp="564" pin="1"/><net_sink comp="288" pin=1"/></net>

<net id="569"><net_src comp="564" pin="1"/><net_sink comp="368" pin=0"/></net>

<net id="570"><net_src comp="564" pin="1"/><net_sink comp="528" pin=1"/></net>

<net id="574"><net_src comp="128" pin="1"/><net_sink comp="571" pin=0"/></net>

<net id="575"><net_src comp="571" pin="1"/><net_sink comp="283" pin=1"/></net>

<net id="576"><net_src comp="571" pin="1"/><net_sink comp="308" pin=0"/></net>

<net id="577"><net_src comp="571" pin="1"/><net_sink comp="323" pin=1"/></net>

<net id="581"><net_src comp="279" pin="1"/><net_sink comp="578" pin=0"/></net>

<net id="582"><net_src comp="578" pin="1"/><net_sink comp="331" pin=1"/></net>

<net id="586"><net_src comp="311" pin="2"/><net_sink comp="583" pin=0"/></net>

<net id="590"><net_src comp="337" pin="2"/><net_sink comp="587" pin=0"/></net>

<net id="591"><net_src comp="587" pin="1"/><net_sink comp="377" pin=0"/></net>

<net id="592"><net_src comp="587" pin="1"/><net_sink comp="384" pin=0"/></net>

<net id="593"><net_src comp="587" pin="1"/><net_sink comp="417" pin=0"/></net>

<net id="594"><net_src comp="587" pin="1"/><net_sink comp="440" pin=1"/></net>

<net id="598"><net_src comp="138" pin="2"/><net_sink comp="595" pin=0"/></net>

<net id="599"><net_src comp="595" pin="1"/><net_sink comp="511" pin=0"/></net>

</net_list>

</model> 
---------------- Datapath Model END ------------------

* FSMD analyzer results:
  - Output states:
	Port: srcnn_float_255_255_float_1_9_9_float_float_64_1_1_f_7 | {3 }
	Port: srcnn_float_255_255_float_1_9_9_float_float_64_1_1_f_1 | {3 }
	Port: srcnn_float_255_255_float_1_9_9_float_float_64_1_1_f | {3 }
	Port: srcnn_float_255_255_float_1_9_9_float_float_64_1_1_f_6 | {3 }
	Port: srcnn_float_255_255_float_1_9_9_float_float_64_1_1_f_5 | {3 }
	Port: srcnn_float_255_255_float_1_9_9_float_float_64_1_1_f_4 | {3 }
	Port: srcnn_float_255_255_float_1_9_9_float_float_64_1_1_f_3 | {3 }
	Port: srcnn_float_255_255_float_1_9_9_float_float_64_1_1_f_2 | {3 }
 - Input state : 
	Port: srcnn_Pipeline_CopyW3_inft_CopyW3_ky_CopyW3_kx : gmem_w3 | {2 }
	Port: srcnn_Pipeline_CopyW3_inft_CopyW3_ky_CopyW3_kx : sext_ln932 | {1 }
  - Chain level:
	State 1
		store_ln0 : 1
		store_ln0 : 1
		store_ln0 : 1
		store_ln0 : 1
		store_ln0 : 1
		indvar_flatten19_load : 1
		icmp_ln932 : 2
		add_ln932_1 : 2
		br_ln932 : 3
		store_ln938 : 3
	State 2
		icmp_ln935 : 1
		gmem_w3_addr_read : 1
		add_ln935_1 : 1
		select_ln935_2 : 2
		store_ln938 : 3
	State 3
		add_ln932 : 1
		select_ln932 : 1
		select_ln932_1 : 2
		trunc_ln932 : 3
		zext_ln932_mid2_v : 3
		or_ln : 4
		zext_ln935 : 5
		icmp_ln938 : 1
		and_ln932 : 2
		add_ln935 : 2
		or_ln935 : 2
		select_ln935 : 2
		select_ln935_1 : 3
		zext_ln940 : 4
		add_ln940 : 6
		zext_ln940_1 : 7
		p_shl : 7
		add_ln940_1 : 8
		zext_ln940_2 : 3
		add_ln940_2 : 9
		zext_ln940_3 : 10
		srcnn_float_255_255_float_1_9_9_float_float_64_1_1_f_37 : 11
		srcnn_float_255_255_float_1_9_9_float_float_64_1_1_f_38 : 11
		srcnn_float_255_255_float_1_9_9_float_float_64_1_1_f_39 : 11
		srcnn_float_255_255_float_1_9_9_float_float_64_1_1_f_40 : 11
		srcnn_float_255_255_float_1_9_9_float_float_64_1_1_f_41 : 11
		srcnn_float_255_255_float_1_9_9_float_float_64_1_1_f_42 : 11
		srcnn_float_255_255_float_1_9_9_float_float_64_1_1_f_43 : 11
		srcnn_float_255_255_float_1_9_9_float_float_64_1_1_f_44 : 11
		switch_ln940 : 4
		store_ln940 : 12
		store_ln940 : 12
		store_ln940 : 12
		store_ln940 : 12
		store_ln940 : 12
		store_ln940 : 12
		store_ln940 : 12
		store_ln940 : 12
		add_ln938 : 3
		store_ln938 : 3
		store_ln938 : 4
		store_ln938 : 4


============================================================
+ Verbose Summary: Datapath Resource usage 
============================================================

* Functional unit list:
|----------|-------------------------------|---------|---------|
| Operation|        Functional Unit        |    FF   |   LUT   |
|----------|-------------------------------|---------|---------|
|          |       add_ln932_1_fu_317      |    0    |    17   |
|          |       add_ln935_1_fu_343      |    0    |    13   |
|          |        add_ln932_fu_371       |    0    |    13   |
|    add   |        add_ln935_fu_434       |    0    |    10   |
|          |        add_ln940_fu_465       |    0    |    12   |
|          |       add_ln940_1_fu_483      |    0    |    16   |
|          |       add_ln940_2_fu_493      |    0    |    16   |
|          |        add_ln938_fu_522       |    0    |    10   |
|----------|-------------------------------|---------|---------|
|          |       icmp_ln932_fu_311       |    0    |    17   |
|   icmp   |       icmp_ln935_fu_337       |    0    |    13   |
|          |       icmp_ln938_fu_422       |    0    |    10   |
|----------|-------------------------------|---------|---------|
|          |     select_ln935_2_fu_349     |    0    |    6    |
|          |      select_ln932_fu_377      |    0    |    3    |
|  select  |     select_ln932_1_fu_384     |    0    |    6    |
|          |      select_ln935_fu_445      |    0    |    3    |
|          |     select_ln935_1_fu_453     |    0    |    3    |
|----------|-------------------------------|---------|---------|
|    xor   |        xor_ln932_fu_417       |    0    |    2    |
|----------|-------------------------------|---------|---------|
|    and   |        and_ln932_fu_428       |    0    |    2    |
|----------|-------------------------------|---------|---------|
|    or    |        or_ln935_fu_440        |    0    |    2    |
|----------|-------------------------------|---------|---------|
|   read   |  sext_ln932_read_read_fu_132  |    0    |    0    |
|          | gmem_w3_addr_read_read_fu_138 |    0    |    0    |
|----------|-------------------------------|---------|---------|
|   sext   |     sext_ln932_cast_fu_279    |    0    |    0    |
|----------|-------------------------------|---------|---------|
|   trunc  |       trunc_ln932_fu_391      |    0    |    0    |
|----------|-------------------------------|---------|---------|
|partselect|    zext_ln932_mid2_v_fu_395   |    0    |    0    |
|----------|-------------------------------|---------|---------|
|bitconcatenate|          or_ln_fu_405         |    0    |    0    |
|          |          p_shl_fu_475         |    0    |    0    |
|----------|-------------------------------|---------|---------|
|          |       zext_ln935_fu_413       |    0    |    0    |
|          |       zext_ln940_fu_461       |    0    |    0    |
|   zext   |      zext_ln940_1_fu_471      |    0    |    0    |
|          |      zext_ln940_2_fu_489      |    0    |    0    |
|          |      zext_ln940_3_fu_499      |    0    |    0    |
|----------|-------------------------------|---------|---------|
|   Total  |                               |    0    |   174   |
|----------|-------------------------------|---------|---------|

Memories:
N/A

* Register list:
+-------------------------+--------+
|                         |   FF   |
+-------------------------+--------+
|gmem_w3_addr_read_reg_595|   32   |
|        i3_reg_564       |    6   |
|    icmp_ln932_reg_583   |    1   |
|    icmp_ln935_reg_587   |    1   |
| indvar_flatten19_reg_571|   10   |
| indvar_flatten6_reg_557 |    6   |
|        kx_reg_543       |    3   |
|        ky_reg_550       |    3   |
| sext_ln932_cast_reg_578 |   64   |
+-------------------------+--------+
|          Total          |   126  |
+-------------------------+--------+

* Multiplexer (MUX) list: 
|--------|------|------|------|--------|
|  Comp  |  Pin | Size |  BW  | S x BW |
|--------|------|------|------|--------|
|  Total |      |      |      |    0   |
|--------|------|------|------|--------|



* Summary:
+-----------+--------+--------+
|           |   FF   |   LUT  |
+-----------+--------+--------+
|  Function |    0   |   174  |
|   Memory  |    -   |    -   |
|Multiplexer|    -   |    -   |
|  Register |   126  |    -   |
+-----------+--------+--------+
|   Total   |   126  |   174  |
+-----------+--------+--------+
