

================================================================
== Vitis HLS Report for 'store_tile_mm_Loop_Out_writey_proc'
================================================================
* Date:           Tue Oct 21 03:22:06 2025

* Version:        2023.1 (Build 3854077 on May  4 2023)
* Project:        srcnn_hls
* Solution:       solution1 (Vivado IP Flow Target)
* Product family: zynquplus
* Target device:  xck26-sfvc784-2LV-c


================================================================
== Performance Estimates
================================================================
+ Timing: 
    * Summary: 
    +--------+----------+----------+------------+
    |  Clock |  Target  | Estimated| Uncertainty|
    +--------+----------+----------+------------+
    |ap_clk  |  10.00 ns|  7.300 ns|     2.70 ns|
    +--------+----------+----------+------------+

+ Latency: 
    * Summary: 
    +---------+---------+----------+----------+-----+-----+---------+
    |  Latency (cycles) |  Latency (absolute) |  Interval | Pipeline|
    |   min   |   max   |    min   |    max   | min | max |   Type  |
    +---------+---------+----------+----------+-----+-----+---------+
    |        ?|        ?|         ?|         ?|    ?|    ?|       no|
    +---------+---------+----------+----------+-----+-----+---------+

    + Detail: 
        * Instance: 
        N/A

        * Loop: 
        N/A

============================================================
+ Verbose Summary: Synthesis Manager
============================================================
InlineROM: 1
ExposeGlobal: 0
============================================================
+ Verbose Summary: CDFG Model
============================================================
IsTopModel: 0
ResetActiveHigh: 1
IsCombinational: 2
IsDatapathOnly: 0
HasWiredReturn: 1
HasMFsm: 0
HasVarLatency: 1
IsPipeline: 0
IsRtlPipelined: 0
IsInstanceOverlapped: 0
IsDontTouch: 0
HasImplIP: 0
IsGatedGlobalClock: 0


============================================================
+ Verbose Summary: Schedule
============================================================
* Number of FSM states : 3
* Pipeline : 0
* Dataflow Pipeline: 0

* FSM state transitions: 
1 --> 2 
2 --> 3 
3 --> 

* FSM state operations: 

State 1 <SV = 0> <Delay = 3.00>
ST_1 : Operation 4 [1/1] (1.83ns)   --->   "%w0_read = read i9 @_ssdm_op_Read.ap_auto.i9, i9 %w0"   --->   Operation 4 'read' 'w0_read' <Predicate = true> <Delay = 1.83> <CoreInst = "FIFO_SRL">   --->   Core 81 'FIFO_SRL' <Latency = 0> <II = 1> <Delay = 1.83> <Storage> <Opcode : 'read' 'write' 'nbread' 'nbwrite'> <Ports = 0> <Width = -1> <Depth = -1> <FIFO>
ST_1 : Operation 5 [1/1] (1.83ns)   --->   "%h0_read = read i9 @_ssdm_op_Read.ap_auto.i9, i9 %h0"   --->   Operation 5 'read' 'h0_read' <Predicate = true> <Delay = 1.83> <CoreInst = "FIFO_SRL">   --->   Core 81 'FIFO_SRL' <Latency = 0> <II = 1> <Delay = 1.83> <Storage> <Opcode : 'read' 'write' 'nbread' 'nbwrite'> <Ports = 0> <Width = -1> <Depth = -1> <FIFO>
ST_1 : Operation 6 [1/1] (0.77ns)   --->   "%add_ln529 = add i9 %h0_read, i9 16" [src/srcnn.cpp:529]   --->   Operation 6 'add' 'add_ln529' <Predicate = true> <Delay = 0.77> <CoreInst = "Adder">   --->   Core 1 'Adder' <Latency = 0> <II = 1> <Delay = 0.77> <FuncUnit> <Opcode : 'add' 'sub'> <InPorts = 2> <OutPorts = 1>
ST_1 : Operation 7 [1/1] (0.00ns) (grouped into LUT with out node select_ln529)   --->   "%tmp = bitselect i1 @_ssdm_op_BitSelect.i1.i9.i32, i9 %add_ln529, i32 8" [src/srcnn.cpp:529]   --->   Operation 7 'bitselect' 'tmp' <Predicate = true> <Delay = 0.00>
ST_1 : Operation 8 [1/1] (0.00ns) (grouped into LUT with out node select_ln529)   --->   "%trunc_ln528 = trunc i9 %h0_read" [src/srcnn.cpp:528]   --->   Operation 8 'trunc' 'trunc_ln528' <Predicate = true> <Delay = 0.00>
ST_1 : Operation 9 [1/1] (0.00ns) (grouped into LUT with out node select_ln529)   --->   "%xor_ln529 = xor i8 %trunc_ln528, i8 255" [src/srcnn.cpp:529]   --->   Operation 9 'xor' 'xor_ln529' <Predicate = true> <Delay = 0.00> <CoreInst = "LogicGate">   --->   Core 74 'LogicGate' <Latency = 0> <II = 1> <Delay = 0.33> <FuncUnit> <Opcode : 'and' 'or' 'xor'> <InPorts = 2> <OutPorts = 1>
ST_1 : Operation 10 [1/1] (0.39ns) (out node of the LUT)   --->   "%select_ln529 = select i1 %tmp, i8 %xor_ln529, i8 16" [src/srcnn.cpp:529]   --->   Operation 10 'select' 'select_ln529' <Predicate = true> <Delay = 0.39> <CoreInst = "Sel">   --->   Core 73 'Sel' <Latency = 0> <II = 1> <Delay = 0.39> <FuncUnit> <Opcode : 'select'> <InPorts = 3> <OutPorts = 1>
ST_1 : Operation 11 [1/1] (0.77ns)   --->   "%add_ln532 = add i9 %w0_read, i9 16" [src/srcnn.cpp:532]   --->   Operation 11 'add' 'add_ln532' <Predicate = true> <Delay = 0.77> <CoreInst = "Adder">   --->   Core 1 'Adder' <Latency = 0> <II = 1> <Delay = 0.77> <FuncUnit> <Opcode : 'add' 'sub'> <InPorts = 2> <OutPorts = 1>
ST_1 : Operation 12 [1/1] (0.00ns) (grouped into LUT with out node select_ln532)   --->   "%tmp_1 = bitselect i1 @_ssdm_op_BitSelect.i1.i9.i32, i9 %add_ln532, i32 8" [src/srcnn.cpp:532]   --->   Operation 12 'bitselect' 'tmp_1' <Predicate = true> <Delay = 0.00>
ST_1 : Operation 13 [1/1] (0.00ns) (grouped into LUT with out node select_ln532)   --->   "%trunc_ln531 = trunc i9 %w0_read" [src/srcnn.cpp:531]   --->   Operation 13 'trunc' 'trunc_ln531' <Predicate = true> <Delay = 0.00>
ST_1 : Operation 14 [1/1] (0.00ns) (grouped into LUT with out node select_ln532)   --->   "%xor_ln532 = xor i8 %trunc_ln531, i8 255" [src/srcnn.cpp:532]   --->   Operation 14 'xor' 'xor_ln532' <Predicate = true> <Delay = 0.00> <CoreInst = "LogicGate">   --->   Core 74 'LogicGate' <Latency = 0> <II = 1> <Delay = 0.33> <FuncUnit> <Opcode : 'and' 'or' 'xor'> <InPorts = 2> <OutPorts = 1>
ST_1 : Operation 15 [1/1] (0.39ns) (out node of the LUT)   --->   "%select_ln532 = select i1 %tmp_1, i8 %xor_ln532, i8 16" [src/srcnn.cpp:532]   --->   Operation 15 'select' 'select_ln532' <Predicate = true> <Delay = 0.39> <CoreInst = "Sel">   --->   Core 73 'Sel' <Latency = 0> <II = 1> <Delay = 0.39> <FuncUnit> <Opcode : 'select'> <InPorts = 3> <OutPorts = 1>

State 2 <SV = 1> <Delay = 5.79>
ST_2 : Operation 16 [1/1] (1.83ns)   --->   "%p_read_5 = read i64 @_ssdm_op_Read.ap_auto.i64, i64 %p_read3"   --->   Operation 16 'read' 'p_read_5' <Predicate = true> <Delay = 1.83> <CoreInst = "FIFO_SRL">   --->   Core 81 'FIFO_SRL' <Latency = 0> <II = 1> <Delay = 1.83> <Storage> <Opcode : 'read' 'write' 'nbread' 'nbwrite'> <Ports = 0> <Width = -1> <Depth = -1> <FIFO>
ST_2 : Operation 17 [1/1] (1.83ns)   --->   "%p_read_6 = read i32 @_ssdm_op_Read.ap_auto.i32, i32 %p_read2"   --->   Operation 17 'read' 'p_read_6' <Predicate = true> <Delay = 1.83> <CoreInst = "FIFO_SRL">   --->   Core 81 'FIFO_SRL' <Latency = 0> <II = 1> <Delay = 1.83> <Storage> <Opcode : 'read' 'write' 'nbread' 'nbwrite'> <Ports = 0> <Width = -1> <Depth = -1> <FIFO>
ST_2 : Operation 18 [1/1] (1.83ns)   --->   "%p_read_7 = read i64 @_ssdm_op_Read.ap_auto.i64, i64 %p_read1"   --->   Operation 18 'read' 'p_read_7' <Predicate = true> <Delay = 1.83> <CoreInst = "FIFO_SRL">   --->   Core 81 'FIFO_SRL' <Latency = 0> <II = 1> <Delay = 1.83> <Storage> <Opcode : 'read' 'write' 'nbread' 'nbwrite'> <Ports = 0> <Width = -1> <Depth = -1> <FIFO>
ST_2 : Operation 19 [1/1] (1.83ns)   --->   "%p_read_8 = read i10 @_ssdm_op_Read.ap_auto.i10, i10 %p_read"   --->   Operation 19 'read' 'p_read_8' <Predicate = true> <Delay = 1.83> <CoreInst = "FIFO_SRL">   --->   Core 81 'FIFO_SRL' <Latency = 0> <II = 1> <Delay = 1.83> <Storage> <Opcode : 'read' 'write' 'nbread' 'nbwrite'> <Ports = 0> <Width = -1> <Depth = -1> <FIFO>
ST_2 : Operation 20 [1/1] (0.00ns)   --->   "%empty = trunc i64 %p_read_5"   --->   Operation 20 'trunc' 'empty' <Predicate = true> <Delay = 0.00>
ST_2 : Operation 21 [1/1] (1.83ns)   --->   "%output_ftmap_read = read i64 @_ssdm_op_Read.ap_fifo.i64P0A, i64 %output_ftmap" [src/srcnn.cpp:529]   --->   Operation 21 'read' 'output_ftmap_read' <Predicate = true> <Delay = 1.83> <CoreInst = "FIFO_SRL">   --->   Core 81 'FIFO_SRL' <Latency = 0> <II = 1> <Delay = 1.83> <Storage> <Opcode : 'read' 'write' 'nbread' 'nbwrite'> <Ports = 0> <Width = 64> <Depth = 4> <FIFO>
ST_2 : Operation 22 [1/1] (0.00ns)   --->   "%cast = zext i8 %select_ln529" [src/srcnn.cpp:529]   --->   Operation 22 'zext' 'cast' <Predicate = true> <Delay = 0.00>
ST_2 : Operation 23 [1/1] (0.00ns)   --->   "%cast4 = zext i8 %select_ln532" [src/srcnn.cpp:532]   --->   Operation 23 'zext' 'cast4' <Predicate = true> <Delay = 0.00>
ST_2 : Operation 24 [1/1] (1.65ns)   --->   "%bound = mul i16 %cast, i16 %cast4" [src/srcnn.cpp:529]   --->   Operation 24 'mul' 'bound' <Predicate = true> <Delay = 1.65> <CoreInst = "Multiplier">   --->   Core 3 'Multiplier' <Latency = 0> <II = 1> <Delay = 1.65> <FuncUnit> <Opcode : 'mul'> <InPorts = 2> <OutPorts = 1>
ST_2 : Operation 25 [2/2] (3.96ns)   --->   "%call_ln529 = call void @store_tile_mm_Loop_Out_writey_proc_Pipeline_Out_writex, i10 %p_read_8, i16 %bound, i60 %empty, i32 %gmem_out, i8 %select_ln532, i32 %p_read_6, i64 %p_read_7, i64 %output_ftmap_read, i32 %outbuf" [src/srcnn.cpp:529]   --->   Operation 25 'call' 'call_ln529' <Predicate = true> <Delay = 3.96> <CoreType = "Generic">   --->   Core 0 '' <Latency = 0> <II = 1> <Delay = 1.00> <Generic> <Opcode : >

State 3 <SV = 2> <Delay = 0.00>
ST_3 : Operation 26 [1/1] (0.00ns)   --->   "%specinterface_ln0 = specinterface void @_ssdm_op_SpecInterface, i64 %output_ftmap, void @ap_fifo_str, i32 0, i32 0, void @p_str, i32 0, i32 0, void @p_str, void @p_str, void @p_str, i32 2, i32 2, i32 16, i32 16, void @p_str, void @ScalarProp_str, i32 4294967295, i32 0"   --->   Operation 26 'specinterface' 'specinterface_ln0' <Predicate = true> <Delay = 0.00>
ST_3 : Operation 27 [1/1] (0.00ns)   --->   "%specmemcore_ln0 = specmemcore void @_ssdm_op_SpecMemCore, i32 %outbuf, i64 666, i64 18, i64 18446744073709551615"   --->   Operation 27 'specmemcore' 'specmemcore_ln0' <Predicate = true> <Delay = 0.00>
ST_3 : Operation 28 [1/1] (0.00ns)   --->   "%specinterface_ln0 = specinterface void @_ssdm_op_SpecInterface, i32 %gmem_out, void @empty_12, i32 0, i32 0, void @empty_13, i32 0, i32 65025, void @empty_26, void @empty_10, void @empty_13, i32 16, i32 16, i32 16, i32 16, void @empty_13, void @empty_13, i32 4294967295, i32 0"   --->   Operation 28 'specinterface' 'specinterface_ln0' <Predicate = true> <Delay = 0.00>
ST_3 : Operation 29 [1/2] (0.00ns)   --->   "%call_ln529 = call void @store_tile_mm_Loop_Out_writey_proc_Pipeline_Out_writex, i10 %p_read_8, i16 %bound, i60 %empty, i32 %gmem_out, i8 %select_ln532, i32 %p_read_6, i64 %p_read_7, i64 %output_ftmap_read, i32 %outbuf" [src/srcnn.cpp:529]   --->   Operation 29 'call' 'call_ln529' <Predicate = true> <Delay = 0.00> <CoreType = "Generic">   --->   Core 0 '' <Latency = 0> <II = 1> <Delay = 1.00> <Generic> <Opcode : >
ST_3 : Operation 30 [1/1] (0.00ns)   --->   "%ret_ln0 = ret"   --->   Operation 30 'ret' 'ret_ln0' <Predicate = true> <Delay = 0.00>


============================================================
+ Verbose Summary: Timing violations
============================================================
Target clock period: 10.000ns, clock uncertainty: 2.700ns.

 <State 1>: 3.007ns
The critical path consists of the following:
	wire read operation ('h0_read') on port 'h0' [13]  (1.838 ns)
	'add' operation ('add_ln529', src/srcnn.cpp:529) [19]  (0.776 ns)
	'select' operation ('select_ln529', src/srcnn.cpp:529) [23]  (0.393 ns)

 <State 2>: 5.798ns
The critical path consists of the following:
	wire read operation ('p_read_5') on port 'p_read3' [10]  (1.838 ns)
	'call' operation ('call_ln529', src/srcnn.cpp:529) to 'store_tile_mm_Loop_Out_writey_proc_Pipeline_Out_writex' [34]  (3.960 ns)

 <State 3>: 0.000ns
The critical path consists of the following:


============================================================
+ Verbose Summary: Binding
============================================================
N/A
* FSMD analyzer results:
  - Output states:
 - Input state : 
  - Chain level:
	State 1
	State 2
	State 3


============================================================
+ Verbose Summary: Datapath Resource usage 
============================================================
N/A
