INFO: [SIM 2] *************** CSIM start ***************
INFO: [SIM 4] CSIM will launch GCC as the compiler.
   Compiling ../../../../src/srcnn.cpp in debug mode
   Generating csim.exe
***** CONV1 Golden Reference *****
  - Butterfly MSE: 3.46254e-015

***** SRCNN Golden Reference *****
  - Butterfly MSE: 8.56578e-014
  - PSNR GT vs HR (dB): 27.4622

***** SRCNN - Set14 Test *****
Image Name     PSNR GT vs HR (dB)  PSNR GT vs HR MATLAB (dB)  PSNR GT vs LR (dB)  MSE GT vs HR   MSE GT vs HR MATLAB        
baboon         27.9103             27.9157                    27.3618             0.00161402     0.00161402                 
barbara        24.9867             24.9898                    24.8997             0.00316839     0.00316839                 
bridge         24.0522             26.2451                    25.2317             0.00237435     0.00237435                 
coastguard     26.8309             26.8397                    26.3                0.00206895     0.00206895                 
face           33.3716             33.4187                    32.6794             0.000454178    0.000454177                
flowers        27.322              27.3319                    25.6995             0.00184747     0.00184746                 
foreman        35.7022             35.727                     33.2014             0.000266235    0.000266235                
lenna          30.8276             30.8413                    29.1689             0.000822305    0.000822304                
man            27.1089             27.1209                    26.0613             0.00193997     0.00193996                 
monarch        27.9674             27.9822                    24.5799             0.00159024     0.00159023                 
pepper         33.4585             33.4745                    32.0454             0.00044792     0.000447919                
ppt3           29.3387             29.4367                    26.6842             0.0011378      0.0011378                  
zebra          27.4291             27.6649                    24.7423             0.00171135     0.00171134                 
INFO [HLS SIM]: The maximum depth reached by any hls::stream() instance in the design is 784
INFO: [SIM 1] CSim done with 0 errors.
INFO: [SIM 3] *************** CSIM finish ***************
