#-----------------------------------------------------------
# Vivado v2023.1 (64-bit)
# SW Build 3865809 on Sun May  7 15:05:29 MDT 2023
# IP Build 3864474 on Sun May  7 20:36:21 MDT 2023
# SharedData Build 3865790 on Sun May 07 13:33:03 MDT 2023
# Start of session at: Tue Oct 28 19:43:21 2025
# Process ID: 32992
# Current directory: C:/Users/redre/Desktop/HAC/FinalProject/golden/srcnn_hls/solution1/.autopilot/db/ip_tmp
# Command line: vivado.exe -notrace -log vivado.log -mode batch -source run_vivado_gen_ip.tcl
# Log file: C:/Users/redre/Desktop/HAC/FinalProject/golden/srcnn_hls/solution1/.autopilot/db/ip_tmp/vivado.log
# Journal file: C:/Users/redre/Desktop/HAC/FinalProject/golden/srcnn_hls/solution1/.autopilot/db/ip_tmp\vivado.jou
# Running On: Lenovo-BIHO1121, OS: Windows, CPU Frequency: 2688 MHz, CPU Physical cores: 8, Host memory: 25463 MB
#-----------------------------------------------------------
source run_vivado_gen_ip.tcl -notrace
INFO: [ProjectBase 1-489] The host OS only allows 260 characters in a normal path. The project is stored in a path with more than 80 characters. If you experience issues with IP, Block Designs, or files not being found, please consider moving the project to a location with a shorter path. Alternately consider using the OS subst command to map part of the path to a drive letter.
Current project path is 'C:/Users/redre/Desktop/HAC/FinalProject/golden/srcnn_hls/solution1/.autopilot/db/ip_tmp'
create_project: Time (s): cpu = 00:00:07 ; elapsed = 00:00:13 . Memory (MB): peak = 1461.996 ; gain = 162.105
INFO: [IP_Flow 19-234] Refreshing IP repositories
INFO: [IP_Flow 19-1704] No user IP repositories specified
INFO: [IP_Flow 19-2313] Loaded Vivado IP repository 'C:/Xilinx/Vivado/2023.1/data/ip'.
WARNING: [IP_Flow 19-4832] The IP name 'srcnn_fpext_32ns_64_2_no_dsp_1_ip' you have specified is long. The Windows operating system has path length limitations. It is recommended you use shorter names to reduce the likelihood of issues.
INFO: [IP_Flow 19-1686] Generating 'Synthesis' target for IP 'srcnn_fpext_32ns_64_2_no_dsp_1_ip'...
INFO: [IP_Flow 19-1686] Generating 'Simulation' target for IP 'srcnn_fpext_32ns_64_2_no_dsp_1_ip'...
INFO: [Common 17-206] Exiting Vivado at Tue Oct 28 19:43:51 2025...
