

================================================================
== Vitis HLS Report for 'compute_tile_Loop_ITRowcomp_proc_Pipeline_Conv1_ky'
================================================================
* Date:           Tue Oct 21 03:22:15 2025

* Version:        2023.1 (Build 3854077 on May  4 2023)
* Project:        srcnn_hls
* Solution:       solution1 (Vivado IP Flow Target)
* Product family: zynquplus
* Target device:  xck26-sfvc784-2LV-c


================================================================
== Performance Estimates
================================================================
+ Timing: 
    * Summary: 
    +--------+----------+----------+------------+
    |  Clock |  Target  | Estimated| Uncertainty|
    +--------+----------+----------+------------+
    |ap_clk  |  10.00 ns|  7.016 ns|     2.70 ns|
    +--------+----------+----------+------------+

+ Latency: 
    * Summary: 
    +---------+---------+----------+----------+-----+-----+---------+
    |  Latency (cycles) |  Latency (absolute) |  Interval | Pipeline|
    |   min   |   max   |    min   |    max   | min | max |   Type  |
    +---------+---------+----------+----------+-----+-----+---------+
    |       37|       37|  0.370 us|  0.370 us|   37|   37|       no|
    +---------+---------+----------+----------+-----+-----+---------+

    + Detail: 
        * Instance: 
        N/A

        * Loop: 
        +------------+---------+---------+----------+-----------+-----------+------+----------+
        |            |  Latency (cycles) | Iteration|  Initiation Interval  | Trip |          |
        |  Loop Name |   min   |   max   |  Latency |  achieved |   target  | Count| Pipelined|
        +------------+---------+---------+----------+-----------+-----------+------+----------+
        |- Conv1_ky  |       35|       35|        12|          3|          3|     9|       yes|
        +------------+---------+---------+----------+-----------+-----------+------+----------+



================================================================
== Utilization Estimates
================================================================
* Summary: 
+-----------------+---------+------+--------+--------+-----+
|       Name      | BRAM_18K|  DSP |   FF   |   LUT  | URAM|
+-----------------+---------+------+--------+--------+-----+
|DSP              |        -|     -|       -|       -|    -|
|Expression       |        -|     -|       0|     419|    -|
|FIFO             |        -|     -|       -|       -|    -|
|Instance         |        -|     -|       0|      42|    -|
|Memory           |        -|     -|       -|       -|    -|
|Multiplexer      |        -|     -|       -|     689|    -|
|Register         |        -|     -|    1323|      32|    -|
+-----------------+---------+------+--------+--------+-----+
|Total            |        0|     0|    1323|    1182|    0|
+-----------------+---------+------+--------+--------+-----+
|Available        |      288|  1248|  234240|  117120|   64|
+-----------------+---------+------+--------+--------+-----+
|Utilization (%)  |        0|     0|      ~0|       1|    0|
+-----------------+---------+------+--------+--------+-----+

+ Detail: 
    * Instance: 
    +---------------------+----------------+---------+----+---+----+-----+
    |       Instance      |     Module     | BRAM_18K| DSP| FF| LUT| URAM|
    +---------------------+----------------+---------+----+---+----+-----+
    |mux_3_2_32_1_1_U343  |mux_3_2_32_1_1  |        0|   0|  0|  14|    0|
    |mux_3_2_32_1_1_U344  |mux_3_2_32_1_1  |        0|   0|  0|  14|    0|
    |mux_3_2_32_1_1_U345  |mux_3_2_32_1_1  |        0|   0|  0|  14|    0|
    +---------------------+----------------+---------+----+---+----+-----+
    |Total                |                |        0|   0|  0|  42|    0|
    +---------------------+----------------+---------+----+---+----+-----+

    * DSP: 
    N/A

    * Memory: 
    N/A

    * FIFO: 
    N/A

    * Expression: 
    +-------------------------+----------+----+---+----+------------+------------+
    |      Variable Name      | Operation| DSP| FF| LUT| Bitwidth P0| Bitwidth P1|
    +-------------------------+----------+----+---+----+------------+------------+
    |add_ln161_fu_781_p2      |         +|   0|  0|  12|           4|           1|
    |add_ln168_10_fu_975_p2   |         +|   0|  0|  17|          10|          10|
    |add_ln168_11_fu_986_p2   |         +|   0|  0|  17|          10|          10|
    |add_ln168_12_fu_997_p2   |         +|   0|  0|  17|          10|          10|
    |add_ln168_13_fu_1008_p2  |         +|   0|  0|  17|          10|          10|
    |add_ln168_14_fu_1019_p2  |         +|   0|  0|  17|          10|          10|
    |add_ln168_1_fu_791_p2    |         +|   0|  0|  18|          11|          11|
    |add_ln168_2_fu_907_p2    |         +|   0|  0|  18|          11|           1|
    |add_ln168_3_fu_952_p2    |         +|   0|  0|  18|          11|           2|
    |add_ln168_4_fu_866_p2    |         +|   0|  0|  63|          63|          63|
    |add_ln168_5_fu_896_p2    |         +|   0|  0|  17|          10|          10|
    |add_ln168_6_fu_919_p2    |         +|   0|  0|  17|          10|          10|
    |add_ln168_7_fu_930_p2    |         +|   0|  0|  17|          10|          10|
    |add_ln168_8_fu_941_p2    |         +|   0|  0|  17|          10|          10|
    |add_ln168_9_fu_964_p2    |         +|   0|  0|  17|          10|          10|
    |empty_fu_826_p2          |         +|   0|  0|  13|           6|           6|
    |tmp_fu_816_p2            |         +|   0|  0|  12|           4|           2|
    |sub_ln168_1_fu_860_p2    |         -|   0|  0|  63|          63|          63|
    |sub_ln168_fu_803_p2      |         -|   0|  0|  18|          11|          11|
    |icmp_ln161_fu_775_p2     |      icmp|   0|  0|  12|           4|           4|
    |ap_enable_pp0            |       xor|   0|  0|   2|           1|           2|
    +-------------------------+----------+----+---+----+------------+------------+
    |Total                    |          |   0|  0| 419|         289|         266|
    +-------------------------+----------+----+---+----+------------+------------+

    * Multiplexer: 
    +----------------------------------------------------------------------------------------------------------------+----+-----------+-----+-----------+
    |                                                      Name                                                      | LUT| Input Size| Bits| Total Bits|
    +----------------------------------------------------------------------------------------------------------------+----+-----------+-----+-----------+
    |add51241_i_i_fu_130                                                                                             |   9|          2|   32|         64|
    |add51_1242_i_i_fu_134                                                                                           |   9|          2|   32|         64|
    |add51_2243_i_i_fu_138                                                                                           |   9|          2|   32|         64|
    |add51_3244_i_i_fu_142                                                                                           |   9|          2|   32|         64|
    |add51_4245_i_i_fu_146                                                                                           |   9|          2|   32|         64|
    |add51_5246_i_i_fu_150                                                                                           |   9|          2|   32|         64|
    |add51_6247_i_i_fu_154                                                                                           |   9|          2|   32|         64|
    |add51_7248_i_i_fu_158                                                                                           |   9|          2|   32|         64|
    |add51_8249_i_i_fu_162                                                                                           |   9|          2|   32|         64|
    |ap_NS_fsm                                                                                                       |  20|          4|    1|          4|
    |ap_done_int                                                                                                     |   9|          2|    1|          2|
    |ap_enable_reg_pp0_iter0                                                                                         |   9|          2|    1|          2|
    |ap_enable_reg_pp0_iter1                                                                                         |   9|          2|    1|          2|
    |ap_sig_allocacmp_add51241_i_i_load                                                                              |   9|          2|   32|         64|
    |ap_sig_allocacmp_add51_1242_i_i_load                                                                            |   9|          2|   32|         64|
    |ap_sig_allocacmp_add51_2243_i_i_load                                                                            |   9|          2|   32|         64|
    |ap_sig_allocacmp_add51_3244_i_i_load                                                                            |   9|          2|   32|         64|
    |ap_sig_allocacmp_add51_4245_i_i_load                                                                            |   9|          2|   32|         64|
    |ap_sig_allocacmp_add51_5246_i_i_load                                                                            |   9|          2|   32|         64|
    |ap_sig_allocacmp_add51_6247_i_i_load                                                                            |   9|          2|   32|         64|
    |ap_sig_allocacmp_add51_7248_i_i_load                                                                            |   9|          2|   32|         64|
    |ap_sig_allocacmp_add51_8249_i_i_load                                                                            |   9|          2|   32|         64|
    |ap_sig_allocacmp_ky_2                                                                                           |   9|          2|    4|          8|
    |grp_fu_629_p0                                                                                                   |  20|          4|   32|        128|
    |grp_fu_629_p1                                                                                                   |  20|          4|   32|        128|
    |grp_fu_633_p0                                                                                                   |  20|          4|   32|        128|
    |grp_fu_633_p1                                                                                                   |  20|          4|   32|        128|
    |grp_fu_637_p0                                                                                                   |  20|          4|   32|        128|
    |grp_fu_637_p1                                                                                                   |  20|          4|   32|        128|
    |grp_fu_641_p0                                                                                                   |  20|          4|   32|        128|
    |grp_fu_641_p1                                                                                                   |  20|          4|   32|        128|
    |grp_fu_645_p0                                                                                                   |  20|          4|   32|        128|
    |grp_fu_645_p1                                                                                                   |  20|          4|   32|        128|
    |grp_fu_649_p0                                                                                                   |  20|          4|   32|        128|
    |grp_fu_649_p1                                                                                                   |  20|          4|   32|        128|
    |ky_fu_166                                                                                                       |   9|          2|    4|          8|
    |srcnn_float_255_255_float_1_9_9_float_float_64_1_1_f_10_address0                                                |  20|          4|   11|         44|
    |srcnn_float_255_255_float_1_9_9_float_float_64_1_1_f_8_address0                                                 |  20|          4|   11|         44|
    |srcnn_float_255_255_float_1_9_9_float_float_64_1_1_f_9_address0                                                 |  20|          4|   11|         44|
    |srcnn_float_255_255_float_1_9_9_float_float_64_1_1_float_float_32_5_5_float_float_255_255_int_inbuf_1_address0  |  54|         10|   10|        100|
    |srcnn_float_255_255_float_1_9_9_float_float_64_1_1_float_float_32_5_5_float_float_255_255_int_inbuf_2_address0  |  54|         10|   10|        100|
    |srcnn_float_255_255_float_1_9_9_float_float_64_1_1_float_float_32_5_5_float_float_255_255_int_inbuf_address0    |  54|         10|   10|        100|
    +----------------------------------------------------------------------------------------------------------------+----+-----------+-----+-----------+
    |Total                                                                                                           | 689|        140| 1035|       3146|
    +----------------------------------------------------------------------------------------------------------------+----+-----------+-----+-----------+

    * Register: 
    +-------------------------------------------------------------------+----+----+-----+-----------+
    |                                Name                               | FF | LUT| Bits| Const Bits|
    +-------------------------------------------------------------------+----+----+-----+-----------+
    |add51241_i_i_fu_130                                                |  32|   0|   32|          0|
    |add51_1242_i_i_fu_134                                              |  32|   0|   32|          0|
    |add51_2243_i_i_fu_138                                              |  32|   0|   32|          0|
    |add51_3244_i_i_fu_142                                              |  32|   0|   32|          0|
    |add51_4245_i_i_fu_146                                              |  32|   0|   32|          0|
    |add51_5246_i_i_fu_150                                              |  32|   0|   32|          0|
    |add51_6247_i_i_fu_154                                              |  32|   0|   32|          0|
    |add51_7248_i_i_fu_158                                              |  32|   0|   32|          0|
    |add51_8249_i_i_fu_162                                              |  32|   0|   32|          0|
    |add_ln168_5_reg_1303                                               |   9|   0|   10|          1|
    |ap_CS_fsm                                                          |   3|   0|    3|          0|
    |ap_done_reg                                                        |   1|   0|    1|          0|
    |ap_enable_reg_pp0_iter0_reg                                        |   1|   0|    1|          0|
    |ap_enable_reg_pp0_iter1                                            |   1|   0|    1|          0|
    |ap_enable_reg_pp0_iter2                                            |   1|   0|    1|          0|
    |ap_enable_reg_pp0_iter3                                            |   1|   0|    1|          0|
    |ap_loop_exit_ready_pp0_iter1_reg                                   |   1|   0|    1|          0|
    |ap_loop_exit_ready_pp0_iter2_reg                                   |   1|   0|    1|          0|
    |icmp_ln161_reg_1278                                                |   1|   0|    1|          0|
    |ky_fu_166                                                          |   4|   0|    4|          0|
    |mul_1_i_i_reg_1576                                                 |  32|   0|   32|          0|
    |mul_2_i_i_reg_1581                                                 |  32|   0|   32|          0|
    |mul_3_i_i_reg_1601                                                 |  32|   0|   32|          0|
    |mul_4_i_i_reg_1606                                                 |  32|   0|   32|          0|
    |mul_5_i_i_reg_1611                                                 |  32|   0|   32|          0|
    |mul_6_i_i_reg_1631                                                 |  32|   0|   32|          0|
    |mul_7_i_i_reg_1636                                                 |  32|   0|   32|          0|
    |mul_8_i_i_reg_1641                                                 |  32|   0|   32|          0|
    |mul_i_i_reg_1571                                                   |  32|   0|   32|          0|
    |p_cast18_i_i_cast_reg_1273                                         |   8|   0|   10|          2|
    |p_cast19_i_i_cast_reg_1268                                         |   8|   0|   10|          2|
    |p_cast20_i_i_cast_reg_1263                                         |   8|   0|   10|          2|
    |p_cast21_i_i_cast_reg_1258                                         |   8|   0|   10|          2|
    |p_cast22_i_i_cast_reg_1253                                         |   8|   0|   10|          2|
    |p_cast23_i_i_cast_reg_1248                                         |   8|   0|   10|          2|
    |p_cast24_i_i_cast_reg_1243                                         |   8|   0|   10|          2|
    |p_cast25_i_i_cast_reg_1238                                         |   8|   0|   10|          2|
    |p_cast26_i_i_cast_reg_1233                                         |   8|   0|   10|          2|
    |srcnn_float_255_255_float_1_9_9_float_float_64_1_1_f_105_reg_1421  |  32|   0|   32|          0|
    |srcnn_float_255_255_float_1_9_9_float_float_64_1_1_f_112_reg_1441  |  32|   0|   32|          0|
    |srcnn_float_255_255_float_1_9_9_float_float_64_1_1_f_119_reg_1461  |  32|   0|   32|          0|
    |srcnn_float_255_255_float_1_9_9_float_float_64_1_1_f_126_reg_1496  |  32|   0|   32|          0|
    |srcnn_float_255_255_float_1_9_9_float_float_64_1_1_f_133_reg_1516  |  32|   0|   32|          0|
    |srcnn_float_255_255_float_1_9_9_float_float_64_1_1_f_140_reg_1536  |  32|   0|   32|          0|
    |srcnn_float_255_255_float_1_9_9_float_float_64_1_1_f_84_reg_1331   |  32|   0|   32|          0|
    |srcnn_float_255_255_float_1_9_9_float_float_64_1_1_f_91_reg_1351   |  32|   0|   32|          0|
    |srcnn_float_255_255_float_1_9_9_float_float_64_1_1_f_98_reg_1371   |  32|   0|   32|          0|
    |sub_ln168_reg_1282                                                 |  11|   0|   11|          0|
    |tmp_10_i_i_reg_1481                                                |  32|   0|   32|          0|
    |tmp_11_i_i_reg_1486                                                |  32|   0|   32|          0|
    |tmp_12_i_i_reg_1491                                                |  32|   0|   32|          0|
    |tmp_13_i_i_reg_1556                                                |  32|   0|   32|          0|
    |tmp_14_i_i_reg_1561                                                |  32|   0|   32|          0|
    |tmp_15_i_i_reg_1566                                                |  32|   0|   32|          0|
    |tmp_8_i_i_reg_1416                                                 |  32|   0|   32|          0|
    |tmp_9_i_i_reg_1406                                                 |  32|   0|   32|          0|
    |tmp_i_i_reg_1411                                                   |  32|   0|   32|          0|
    |icmp_ln161_reg_1278                                                |  64|  32|    1|          0|
    +-------------------------------------------------------------------+----+----+-----+-----------+
    |Total                                                              |1323|  32| 1279|         19|
    +-------------------------------------------------------------------+----+----+-----+-----------+



================================================================
== Interface
================================================================
* Summary: 
+----------------------------------------------------------------------------------------------------------------+-----+-----+------------+-------------------------------------------------------------------------------------------------------+--------------+
|                                                    RTL Ports                                                   | Dir | Bits|  Protocol  |                                             Source Object                                             |    C Type    |
+----------------------------------------------------------------------------------------------------------------+-----+-----+------------+-------------------------------------------------------------------------------------------------------+--------------+
|ap_clk                                                                                                          |   in|    1|  ap_ctrl_hs|                                                     compute_tile_Loop_ITRowcomp_proc_Pipeline_Conv1_ky|  return value|
|ap_rst                                                                                                          |   in|    1|  ap_ctrl_hs|                                                     compute_tile_Loop_ITRowcomp_proc_Pipeline_Conv1_ky|  return value|
|ap_start                                                                                                        |   in|    1|  ap_ctrl_hs|                                                     compute_tile_Loop_ITRowcomp_proc_Pipeline_Conv1_ky|  return value|
|ap_done                                                                                                         |  out|    1|  ap_ctrl_hs|                                                     compute_tile_Loop_ITRowcomp_proc_Pipeline_Conv1_ky|  return value|
|ap_idle                                                                                                         |  out|    1|  ap_ctrl_hs|                                                     compute_tile_Loop_ITRowcomp_proc_Pipeline_Conv1_ky|  return value|
|ap_ready                                                                                                        |  out|    1|  ap_ctrl_hs|                                                     compute_tile_Loop_ITRowcomp_proc_Pipeline_Conv1_ky|  return value|
|grp_fu_3180_p_din0                                                                                              |  out|   32|  ap_ctrl_hs|                                                     compute_tile_Loop_ITRowcomp_proc_Pipeline_Conv1_ky|  return value|
|grp_fu_3180_p_din1                                                                                              |  out|   32|  ap_ctrl_hs|                                                     compute_tile_Loop_ITRowcomp_proc_Pipeline_Conv1_ky|  return value|
|grp_fu_3180_p_opcode                                                                                            |  out|    2|  ap_ctrl_hs|                                                     compute_tile_Loop_ITRowcomp_proc_Pipeline_Conv1_ky|  return value|
|grp_fu_3180_p_dout0                                                                                             |   in|   32|  ap_ctrl_hs|                                                     compute_tile_Loop_ITRowcomp_proc_Pipeline_Conv1_ky|  return value|
|grp_fu_3180_p_ce                                                                                                |  out|    1|  ap_ctrl_hs|                                                     compute_tile_Loop_ITRowcomp_proc_Pipeline_Conv1_ky|  return value|
|grp_fu_5700_p_din0                                                                                              |  out|   32|  ap_ctrl_hs|                                                     compute_tile_Loop_ITRowcomp_proc_Pipeline_Conv1_ky|  return value|
|grp_fu_5700_p_din1                                                                                              |  out|   32|  ap_ctrl_hs|                                                     compute_tile_Loop_ITRowcomp_proc_Pipeline_Conv1_ky|  return value|
|grp_fu_5700_p_opcode                                                                                            |  out|    2|  ap_ctrl_hs|                                                     compute_tile_Loop_ITRowcomp_proc_Pipeline_Conv1_ky|  return value|
|grp_fu_5700_p_dout0                                                                                             |   in|   32|  ap_ctrl_hs|                                                     compute_tile_Loop_ITRowcomp_proc_Pipeline_Conv1_ky|  return value|
|grp_fu_5700_p_ce                                                                                                |  out|    1|  ap_ctrl_hs|                                                     compute_tile_Loop_ITRowcomp_proc_Pipeline_Conv1_ky|  return value|
|grp_fu_5704_p_din0                                                                                              |  out|   32|  ap_ctrl_hs|                                                     compute_tile_Loop_ITRowcomp_proc_Pipeline_Conv1_ky|  return value|
|grp_fu_5704_p_din1                                                                                              |  out|   32|  ap_ctrl_hs|                                                     compute_tile_Loop_ITRowcomp_proc_Pipeline_Conv1_ky|  return value|
|grp_fu_5704_p_opcode                                                                                            |  out|    2|  ap_ctrl_hs|                                                     compute_tile_Loop_ITRowcomp_proc_Pipeline_Conv1_ky|  return value|
|grp_fu_5704_p_dout0                                                                                             |   in|   32|  ap_ctrl_hs|                                                     compute_tile_Loop_ITRowcomp_proc_Pipeline_Conv1_ky|  return value|
|grp_fu_5704_p_ce                                                                                                |  out|    1|  ap_ctrl_hs|                                                     compute_tile_Loop_ITRowcomp_proc_Pipeline_Conv1_ky|  return value|
|grp_fu_5708_p_din0                                                                                              |  out|   32|  ap_ctrl_hs|                                                     compute_tile_Loop_ITRowcomp_proc_Pipeline_Conv1_ky|  return value|
|grp_fu_5708_p_din1                                                                                              |  out|   32|  ap_ctrl_hs|                                                     compute_tile_Loop_ITRowcomp_proc_Pipeline_Conv1_ky|  return value|
|grp_fu_5708_p_dout0                                                                                             |   in|   32|  ap_ctrl_hs|                                                     compute_tile_Loop_ITRowcomp_proc_Pipeline_Conv1_ky|  return value|
|grp_fu_5708_p_ce                                                                                                |  out|    1|  ap_ctrl_hs|                                                     compute_tile_Loop_ITRowcomp_proc_Pipeline_Conv1_ky|  return value|
|grp_fu_5712_p_din0                                                                                              |  out|   32|  ap_ctrl_hs|                                                     compute_tile_Loop_ITRowcomp_proc_Pipeline_Conv1_ky|  return value|
|grp_fu_5712_p_din1                                                                                              |  out|   32|  ap_ctrl_hs|                                                     compute_tile_Loop_ITRowcomp_proc_Pipeline_Conv1_ky|  return value|
|grp_fu_5712_p_dout0                                                                                             |   in|   32|  ap_ctrl_hs|                                                     compute_tile_Loop_ITRowcomp_proc_Pipeline_Conv1_ky|  return value|
|grp_fu_5712_p_ce                                                                                                |  out|    1|  ap_ctrl_hs|                                                     compute_tile_Loop_ITRowcomp_proc_Pipeline_Conv1_ky|  return value|
|grp_fu_5716_p_din0                                                                                              |  out|   32|  ap_ctrl_hs|                                                     compute_tile_Loop_ITRowcomp_proc_Pipeline_Conv1_ky|  return value|
|grp_fu_5716_p_din1                                                                                              |  out|   32|  ap_ctrl_hs|                                                     compute_tile_Loop_ITRowcomp_proc_Pipeline_Conv1_ky|  return value|
|grp_fu_5716_p_dout0                                                                                             |   in|   32|  ap_ctrl_hs|                                                     compute_tile_Loop_ITRowcomp_proc_Pipeline_Conv1_ky|  return value|
|grp_fu_5716_p_ce                                                                                                |  out|    1|  ap_ctrl_hs|                                                     compute_tile_Loop_ITRowcomp_proc_Pipeline_Conv1_ky|  return value|
|add_ln168                                                                                                       |   in|   11|     ap_none|                                                                                              add_ln168|        scalar|
|y0                                                                                                              |   in|    6|     ap_none|                                                                                                     y0|        scalar|
|p_read4                                                                                                         |   in|   62|     ap_none|                                                                                                p_read4|        scalar|
|p_cast18_i_i                                                                                                    |   in|    8|     ap_none|                                                                                           p_cast18_i_i|        scalar|
|srcnn_float_255_255_float_1_9_9_float_float_64_1_1_float_float_32_5_5_float_float_255_255_int_inbuf_address0    |  out|   10|   ap_memory|    srcnn_float_255_255_float_1_9_9_float_float_64_1_1_float_float_32_5_5_float_float_255_255_int_inbuf|         array|
|srcnn_float_255_255_float_1_9_9_float_float_64_1_1_float_float_32_5_5_float_float_255_255_int_inbuf_ce0         |  out|    1|   ap_memory|    srcnn_float_255_255_float_1_9_9_float_float_64_1_1_float_float_32_5_5_float_float_255_255_int_inbuf|         array|
|srcnn_float_255_255_float_1_9_9_float_float_64_1_1_float_float_32_5_5_float_float_255_255_int_inbuf_q0          |   in|   32|   ap_memory|    srcnn_float_255_255_float_1_9_9_float_float_64_1_1_float_float_32_5_5_float_float_255_255_int_inbuf|         array|
|srcnn_float_255_255_float_1_9_9_float_float_64_1_1_float_float_32_5_5_float_float_255_255_int_inbuf_1_address0  |  out|   10|   ap_memory|  srcnn_float_255_255_float_1_9_9_float_float_64_1_1_float_float_32_5_5_float_float_255_255_int_inbuf_1|         array|
|srcnn_float_255_255_float_1_9_9_float_float_64_1_1_float_float_32_5_5_float_float_255_255_int_inbuf_1_ce0       |  out|    1|   ap_memory|  srcnn_float_255_255_float_1_9_9_float_float_64_1_1_float_float_32_5_5_float_float_255_255_int_inbuf_1|         array|
|srcnn_float_255_255_float_1_9_9_float_float_64_1_1_float_float_32_5_5_float_float_255_255_int_inbuf_1_q0        |   in|   32|   ap_memory|  srcnn_float_255_255_float_1_9_9_float_float_64_1_1_float_float_32_5_5_float_float_255_255_int_inbuf_1|         array|
|srcnn_float_255_255_float_1_9_9_float_float_64_1_1_float_float_32_5_5_float_float_255_255_int_inbuf_2_address0  |  out|   10|   ap_memory|  srcnn_float_255_255_float_1_9_9_float_float_64_1_1_float_float_32_5_5_float_float_255_255_int_inbuf_2|         array|
|srcnn_float_255_255_float_1_9_9_float_float_64_1_1_float_float_32_5_5_float_float_255_255_int_inbuf_2_ce0       |  out|    1|   ap_memory|  srcnn_float_255_255_float_1_9_9_float_float_64_1_1_float_float_32_5_5_float_float_255_255_int_inbuf_2|         array|
|srcnn_float_255_255_float_1_9_9_float_float_64_1_1_float_float_32_5_5_float_float_255_255_int_inbuf_2_q0        |   in|   32|   ap_memory|  srcnn_float_255_255_float_1_9_9_float_float_64_1_1_float_float_32_5_5_float_float_255_255_int_inbuf_2|         array|
|p_smodpost_i_i                                                                                                  |   in|    2|     ap_none|                                                                                         p_smodpost_i_i|        scalar|
|p_cast19_i_i                                                                                                    |   in|    8|     ap_none|                                                                                           p_cast19_i_i|        scalar|
|p_cast20_i_i                                                                                                    |   in|    8|     ap_none|                                                                                           p_cast20_i_i|        scalar|
|p_cast21_i_i                                                                                                    |   in|    8|     ap_none|                                                                                           p_cast21_i_i|        scalar|
|p_cast22_i_i                                                                                                    |   in|    8|     ap_none|                                                                                           p_cast22_i_i|        scalar|
|p_cast23_i_i                                                                                                    |   in|    8|     ap_none|                                                                                           p_cast23_i_i|        scalar|
|p_cast24_i_i                                                                                                    |   in|    8|     ap_none|                                                                                           p_cast24_i_i|        scalar|
|p_cast25_i_i                                                                                                    |   in|    8|     ap_none|                                                                                           p_cast25_i_i|        scalar|
|p_cast26_i_i                                                                                                    |   in|    8|     ap_none|                                                                                           p_cast26_i_i|        scalar|
|add51_8249_i_i_out                                                                                              |  out|   32|      ap_vld|                                                                                     add51_8249_i_i_out|       pointer|
|add51_8249_i_i_out_ap_vld                                                                                       |  out|    1|      ap_vld|                                                                                     add51_8249_i_i_out|       pointer|
|add51_7248_i_i_out                                                                                              |  out|   32|      ap_vld|                                                                                     add51_7248_i_i_out|       pointer|
|add51_7248_i_i_out_ap_vld                                                                                       |  out|    1|      ap_vld|                                                                                     add51_7248_i_i_out|       pointer|
|add51_6247_i_i_out                                                                                              |  out|   32|      ap_vld|                                                                                     add51_6247_i_i_out|       pointer|
|add51_6247_i_i_out_ap_vld                                                                                       |  out|    1|      ap_vld|                                                                                     add51_6247_i_i_out|       pointer|
|add51_5246_i_i_out                                                                                              |  out|   32|      ap_vld|                                                                                     add51_5246_i_i_out|       pointer|
|add51_5246_i_i_out_ap_vld                                                                                       |  out|    1|      ap_vld|                                                                                     add51_5246_i_i_out|       pointer|
|add51_4245_i_i_out                                                                                              |  out|   32|      ap_vld|                                                                                     add51_4245_i_i_out|       pointer|
|add51_4245_i_i_out_ap_vld                                                                                       |  out|    1|      ap_vld|                                                                                     add51_4245_i_i_out|       pointer|
|add51_3244_i_i_out                                                                                              |  out|   32|      ap_vld|                                                                                     add51_3244_i_i_out|       pointer|
|add51_3244_i_i_out_ap_vld                                                                                       |  out|    1|      ap_vld|                                                                                     add51_3244_i_i_out|       pointer|
|add51_2243_i_i_out                                                                                              |  out|   32|      ap_vld|                                                                                     add51_2243_i_i_out|       pointer|
|add51_2243_i_i_out_ap_vld                                                                                       |  out|    1|      ap_vld|                                                                                     add51_2243_i_i_out|       pointer|
|add51_1242_i_i_out                                                                                              |  out|   32|      ap_vld|                                                                                     add51_1242_i_i_out|       pointer|
|add51_1242_i_i_out_ap_vld                                                                                       |  out|    1|      ap_vld|                                                                                     add51_1242_i_i_out|       pointer|
|add51241_i_i_out                                                                                                |  out|   32|      ap_vld|                                                                                       add51241_i_i_out|       pointer|
|add51241_i_i_out_ap_vld                                                                                         |  out|    1|      ap_vld|                                                                                       add51241_i_i_out|       pointer|
|srcnn_float_255_255_float_1_9_9_float_float_64_1_1_f_10_address0                                                |  out|   11|   ap_stable|                                                srcnn_float_255_255_float_1_9_9_float_float_64_1_1_f_10|         array|
|srcnn_float_255_255_float_1_9_9_float_float_64_1_1_f_10_ce0                                                     |  out|    1|   ap_stable|                                                srcnn_float_255_255_float_1_9_9_float_float_64_1_1_f_10|         array|
|srcnn_float_255_255_float_1_9_9_float_float_64_1_1_f_10_q0                                                      |   in|   32|   ap_stable|                                                srcnn_float_255_255_float_1_9_9_float_float_64_1_1_f_10|         array|
|srcnn_float_255_255_float_1_9_9_float_float_64_1_1_f_9_address0                                                 |  out|   11|   ap_stable|                                                 srcnn_float_255_255_float_1_9_9_float_float_64_1_1_f_9|         array|
|srcnn_float_255_255_float_1_9_9_float_float_64_1_1_f_9_ce0                                                      |  out|    1|   ap_stable|                                                 srcnn_float_255_255_float_1_9_9_float_float_64_1_1_f_9|         array|
|srcnn_float_255_255_float_1_9_9_float_float_64_1_1_f_9_q0                                                       |   in|   32|   ap_stable|                                                 srcnn_float_255_255_float_1_9_9_float_float_64_1_1_f_9|         array|
|srcnn_float_255_255_float_1_9_9_float_float_64_1_1_f_8_address0                                                 |  out|   11|   ap_stable|                                                 srcnn_float_255_255_float_1_9_9_float_float_64_1_1_f_8|         array|
|srcnn_float_255_255_float_1_9_9_float_float_64_1_1_f_8_ce0                                                      |  out|    1|   ap_stable|                                                 srcnn_float_255_255_float_1_9_9_float_float_64_1_1_f_8|         array|
|srcnn_float_255_255_float_1_9_9_float_float_64_1_1_f_8_q0                                                       |   in|   32|   ap_stable|                                                 srcnn_float_255_255_float_1_9_9_float_float_64_1_1_f_8|         array|
+----------------------------------------------------------------------------------------------------------------+-----+-----+------------+-------------------------------------------------------------------------------------------------------+--------------+

