

================================================================
== Vitis HLS Report for 'compute_tile_Pipeline_Update_linebuf32'
================================================================
* Date:           Tue Oct 21 15:32:26 2025

* Version:        2023.1 (Build 3854077 on May  4 2023)
* Project:        srcnn_hls
* Solution:       solution1 (Vivado IP Flow Target)
* Product family: zynquplus
* Target device:  xck26-sfvc784-2LV-c


================================================================
== Performance Estimates
================================================================
+ Timing: 
    * Summary: 
    +--------+----------+----------+------------+
    |  Clock |  Target  | Estimated| Uncertainty|
    +--------+----------+----------+------------+
    |ap_clk  |  10.00 ns|  2.474 ns|     2.70 ns|
    +--------+----------+----------+------------+

+ Latency: 
    * Summary: 
    +---------+---------+-----------+-----------+-----+-----+---------+
    |  Latency (cycles) |   Latency (absolute)  |  Interval | Pipeline|
    |   min   |   max   |    min    |    max    | min | max |   Type  |
    +---------+---------+-----------+-----------+-----+-----+---------+
    |        4|        4|  40.000 ns|  40.000 ns|    4|    4|       no|
    +---------+---------+-----------+-----------+-----+-----+---------+

    + Detail: 
        * Instance: 
        N/A

        * Loop: 
        +--------------------+---------+---------+----------+-----------+-----------+------+----------+
        |                    |  Latency (cycles) | Iteration|  Initiation Interval  | Trip |          |
        |      Loop Name     |   min   |   max   |  Latency |  achieved |   target  | Count| Pipelined|
        +--------------------+---------+---------+----------+-----------+-----------+------+----------+
        |- Update_linebuf32  |        2|        2|         2|          1|          1|     2|       yes|
        +--------------------+---------+---------+----------+-----------+-----------+------+----------+



================================================================
== Utilization Estimates
================================================================
* Summary: 
+-----------------+---------+------+--------+--------+-----+
|       Name      | BRAM_18K|  DSP |   FF   |   LUT  | URAM|
+-----------------+---------+------+--------+--------+-----+
|DSP              |        -|     -|       -|       -|    -|
|Expression       |        -|     -|       0|      38|    -|
|FIFO             |        -|     -|       -|       -|    -|
|Instance         |        -|     -|       -|       -|    -|
|Memory           |        -|     -|       -|       -|    -|
|Multiplexer      |        -|     -|       -|      36|    -|
|Register         |        -|     -|     401|       -|    -|
+-----------------+---------+------+--------+--------+-----+
|Total            |        0|     0|     401|      74|    0|
+-----------------+---------+------+--------+--------+-----+
|Available        |      288|  1248|  234240|  117120|   64|
+-----------------+---------+------+--------+--------+-----+
|Utilization (%)  |        0|     0|      ~0|      ~0|    0|
+-----------------+---------+------+--------+--------+-----+

+ Detail: 
    * Instance: 
    N/A

    * DSP: 
    N/A

    * Memory: 
    N/A

    * FIFO: 
    N/A

    * Expression: 
    +-----------------------------------+----------+----+---+----+------------+------------+
    |           Variable Name           | Operation| DSP| FF| LUT| Bitwidth P0| Bitwidth P1|
    +-----------------------------------+----------+----+---+----+------------+------------+
    |add_ln238_fu_1704_p2               |         +|   0|  0|  13|           6|           5|
    |add_ln244_fu_1646_p2               |         +|   0|  0|  15|           8|           8|
    |ap_block_pp0                       |       and|   0|  0|   2|           1|           1|
    |ap_enable_state1_pp0_iter0_stage0  |       and|   0|  0|   2|           1|           1|
    |ap_enable_state2_pp0_iter1_stage0  |       and|   0|  0|   2|           1|           1|
    |select_ln244_fu_1624_p3            |    select|   0|  0|   2|           1|           2|
    |ap_enable_pp0                      |       xor|   0|  0|   2|           1|           2|
    +-----------------------------------+----------+----+---+----+------------+------------+
    |Total                              |          |   0|  0|  38|          19|          20|
    +-----------------------------------+----------+----+---+----+------------+------------+

    * Multiplexer: 
    +-------------------------+----+-----------+-----+-----------+
    |           Name          | LUT| Input Size| Bits| Total Bits|
    +-------------------------+----+-----------+-----+-----------+
    |ap_done_int              |   9|          2|    1|          2|
    |ap_enable_reg_pp0_iter1  |   9|          2|    1|          2|
    |ap_sig_allocacmp_n2_1    |   9|          2|    6|         12|
    |n2_fu_210                |   9|          2|    6|         12|
    +-------------------------+----+-----------+-----+-----------+
    |Total                    |  36|          8|   14|         28|
    +-------------------------+----+-----------+-----+-----------+

    * Register: 
    +--------------------------+---+----+-----+-----------+
    |           Name           | FF| LUT| Bits| Const Bits|
    +--------------------------+---+----+-----+-----------+
    |ap_CS_fsm                 |  1|   0|    1|          0|
    |ap_done_reg               |  1|   0|    1|          0|
    |ap_enable_reg_pp0_iter1   |  1|   0|    1|          0|
    |linebuf_10_addr_reg_1793  |  8|   0|    8|          0|
    |linebuf_12_addr_reg_1799  |  8|   0|    8|          0|
    |linebuf_13_addr_reg_1805  |  8|   0|    8|          0|
    |linebuf_14_addr_reg_1811  |  8|   0|    8|          0|
    |linebuf_16_addr_reg_1817  |  8|   0|    8|          0|
    |linebuf_17_addr_reg_1823  |  8|   0|    8|          0|
    |linebuf_18_addr_reg_1829  |  8|   0|    8|          0|
    |linebuf_1_addr_reg_1751   |  8|   0|    8|          0|
    |linebuf_20_addr_reg_1835  |  8|   0|    8|          0|
    |linebuf_21_addr_reg_1841  |  8|   0|    8|          0|
    |linebuf_22_addr_reg_1847  |  8|   0|    8|          0|
    |linebuf_24_addr_reg_1853  |  8|   0|    8|          0|
    |linebuf_25_addr_reg_1859  |  8|   0|    8|          0|
    |linebuf_26_addr_reg_1865  |  8|   0|    8|          0|
    |linebuf_28_addr_reg_1871  |  8|   0|    8|          0|
    |linebuf_29_addr_reg_1877  |  8|   0|    8|          0|
    |linebuf_2_addr_reg_1757   |  8|   0|    8|          0|
    |linebuf_30_addr_reg_1883  |  8|   0|    8|          0|
    |linebuf_32_addr_reg_1889  |  8|   0|    8|          0|
    |linebuf_33_addr_reg_1895  |  8|   0|    8|          0|
    |linebuf_34_addr_reg_1901  |  8|   0|    8|          0|
    |linebuf_36_addr_reg_1907  |  8|   0|    8|          0|
    |linebuf_37_addr_reg_1913  |  8|   0|    8|          0|
    |linebuf_38_addr_reg_1919  |  8|   0|    8|          0|
    |linebuf_40_addr_reg_1925  |  8|   0|    8|          0|
    |linebuf_41_addr_reg_1931  |  8|   0|    8|          0|
    |linebuf_42_addr_reg_1937  |  8|   0|    8|          0|
    |linebuf_44_addr_reg_1943  |  8|   0|    8|          0|
    |linebuf_45_addr_reg_1949  |  8|   0|    8|          0|
    |linebuf_46_addr_reg_1955  |  8|   0|    8|          0|
    |linebuf_48_addr_reg_1961  |  8|   0|    8|          0|
    |linebuf_49_addr_reg_1967  |  8|   0|    8|          0|
    |linebuf_4_addr_reg_1763   |  8|   0|    8|          0|
    |linebuf_50_addr_reg_1973  |  8|   0|    8|          0|
    |linebuf_52_addr_reg_1979  |  8|   0|    8|          0|
    |linebuf_53_addr_reg_1985  |  8|   0|    8|          0|
    |linebuf_54_addr_reg_1991  |  8|   0|    8|          0|
    |linebuf_56_addr_reg_1997  |  8|   0|    8|          0|
    |linebuf_57_addr_reg_2003  |  8|   0|    8|          0|
    |linebuf_58_addr_reg_2009  |  8|   0|    8|          0|
    |linebuf_5_addr_reg_1769   |  8|   0|    8|          0|
    |linebuf_60_addr_reg_2015  |  8|   0|    8|          0|
    |linebuf_61_addr_reg_2021  |  8|   0|    8|          0|
    |linebuf_62_addr_reg_2027  |  8|   0|    8|          0|
    |linebuf_6_addr_reg_1775   |  8|   0|    8|          0|
    |linebuf_8_addr_reg_1781   |  8|   0|    8|          0|
    |linebuf_9_addr_reg_1787   |  8|   0|    8|          0|
    |linebuf_addr_reg_1745     |  8|   0|    8|          0|
    |n2_fu_210                 |  6|   0|    6|          0|
    |zext_ln244_reg_1725       |  8|   0|   64|         56|
    +--------------------------+---+----+-----+-----------+
    |Total                     |401|   0|  457|         56|
    +--------------------------+---+----+-----+-----------+



================================================================
== Interface
================================================================
* Summary: 
+---------------------+-----+-----+------------+----------------------------------------+--------------+
|      RTL Ports      | Dir | Bits|  Protocol  |              Source Object             |    C Type    |
+---------------------+-----+-----+------------+----------------------------------------+--------------+
|ap_clk               |   in|    1|  ap_ctrl_hs|  compute_tile_Pipeline_Update_linebuf32|  return value|
|ap_rst               |   in|    1|  ap_ctrl_hs|  compute_tile_Pipeline_Update_linebuf32|  return value|
|ap_start             |   in|    1|  ap_ctrl_hs|  compute_tile_Pipeline_Update_linebuf32|  return value|
|ap_done              |  out|    1|  ap_ctrl_hs|  compute_tile_Pipeline_Update_linebuf32|  return value|
|ap_idle              |  out|    1|  ap_ctrl_hs|  compute_tile_Pipeline_Update_linebuf32|  return value|
|ap_ready             |  out|    1|  ap_ctrl_hs|  compute_tile_Pipeline_Update_linebuf32|  return value|
|p_cast17_i_i         |   in|    8|     ap_none|                            p_cast17_i_i|        scalar|
|linebuf_address0     |  out|    8|   ap_memory|                                 linebuf|         array|
|linebuf_ce0          |  out|    1|   ap_memory|                                 linebuf|         array|
|linebuf_q0           |   in|   32|   ap_memory|                                 linebuf|         array|
|linebuf_address1     |  out|    8|   ap_memory|                                 linebuf|         array|
|linebuf_ce1          |  out|    1|   ap_memory|                                 linebuf|         array|
|linebuf_we1          |  out|    1|   ap_memory|                                 linebuf|         array|
|linebuf_d1           |  out|   32|   ap_memory|                                 linebuf|         array|
|linebuf_1_address0   |  out|    8|   ap_memory|                               linebuf_1|         array|
|linebuf_1_ce0        |  out|    1|   ap_memory|                               linebuf_1|         array|
|linebuf_1_q0         |   in|   32|   ap_memory|                               linebuf_1|         array|
|linebuf_1_address1   |  out|    8|   ap_memory|                               linebuf_1|         array|
|linebuf_1_ce1        |  out|    1|   ap_memory|                               linebuf_1|         array|
|linebuf_1_we1        |  out|    1|   ap_memory|                               linebuf_1|         array|
|linebuf_1_d1         |  out|   32|   ap_memory|                               linebuf_1|         array|
|linebuf_2_address0   |  out|    8|   ap_memory|                               linebuf_2|         array|
|linebuf_2_ce0        |  out|    1|   ap_memory|                               linebuf_2|         array|
|linebuf_2_q0         |   in|   32|   ap_memory|                               linebuf_2|         array|
|linebuf_2_address1   |  out|    8|   ap_memory|                               linebuf_2|         array|
|linebuf_2_ce1        |  out|    1|   ap_memory|                               linebuf_2|         array|
|linebuf_2_we1        |  out|    1|   ap_memory|                               linebuf_2|         array|
|linebuf_2_d1         |  out|   32|   ap_memory|                               linebuf_2|         array|
|linebuf_3_address1   |  out|    8|   ap_memory|                               linebuf_3|         array|
|linebuf_3_ce1        |  out|    1|   ap_memory|                               linebuf_3|         array|
|linebuf_3_we1        |  out|    1|   ap_memory|                               linebuf_3|         array|
|linebuf_3_d1         |  out|   32|   ap_memory|                               linebuf_3|         array|
|linebuf_4_address0   |  out|    8|   ap_memory|                               linebuf_4|         array|
|linebuf_4_ce0        |  out|    1|   ap_memory|                               linebuf_4|         array|
|linebuf_4_q0         |   in|   32|   ap_memory|                               linebuf_4|         array|
|linebuf_4_address1   |  out|    8|   ap_memory|                               linebuf_4|         array|
|linebuf_4_ce1        |  out|    1|   ap_memory|                               linebuf_4|         array|
|linebuf_4_we1        |  out|    1|   ap_memory|                               linebuf_4|         array|
|linebuf_4_d1         |  out|   32|   ap_memory|                               linebuf_4|         array|
|linebuf_5_address0   |  out|    8|   ap_memory|                               linebuf_5|         array|
|linebuf_5_ce0        |  out|    1|   ap_memory|                               linebuf_5|         array|
|linebuf_5_q0         |   in|   32|   ap_memory|                               linebuf_5|         array|
|linebuf_5_address1   |  out|    8|   ap_memory|                               linebuf_5|         array|
|linebuf_5_ce1        |  out|    1|   ap_memory|                               linebuf_5|         array|
|linebuf_5_we1        |  out|    1|   ap_memory|                               linebuf_5|         array|
|linebuf_5_d1         |  out|   32|   ap_memory|                               linebuf_5|         array|
|linebuf_6_address0   |  out|    8|   ap_memory|                               linebuf_6|         array|
|linebuf_6_ce0        |  out|    1|   ap_memory|                               linebuf_6|         array|
|linebuf_6_q0         |   in|   32|   ap_memory|                               linebuf_6|         array|
|linebuf_6_address1   |  out|    8|   ap_memory|                               linebuf_6|         array|
|linebuf_6_ce1        |  out|    1|   ap_memory|                               linebuf_6|         array|
|linebuf_6_we1        |  out|    1|   ap_memory|                               linebuf_6|         array|
|linebuf_6_d1         |  out|   32|   ap_memory|                               linebuf_6|         array|
|linebuf_7_address1   |  out|    8|   ap_memory|                               linebuf_7|         array|
|linebuf_7_ce1        |  out|    1|   ap_memory|                               linebuf_7|         array|
|linebuf_7_we1        |  out|    1|   ap_memory|                               linebuf_7|         array|
|linebuf_7_d1         |  out|   32|   ap_memory|                               linebuf_7|         array|
|linebuf_8_address0   |  out|    8|   ap_memory|                               linebuf_8|         array|
|linebuf_8_ce0        |  out|    1|   ap_memory|                               linebuf_8|         array|
|linebuf_8_q0         |   in|   32|   ap_memory|                               linebuf_8|         array|
|linebuf_8_address1   |  out|    8|   ap_memory|                               linebuf_8|         array|
|linebuf_8_ce1        |  out|    1|   ap_memory|                               linebuf_8|         array|
|linebuf_8_we1        |  out|    1|   ap_memory|                               linebuf_8|         array|
|linebuf_8_d1         |  out|   32|   ap_memory|                               linebuf_8|         array|
|linebuf_9_address0   |  out|    8|   ap_memory|                               linebuf_9|         array|
|linebuf_9_ce0        |  out|    1|   ap_memory|                               linebuf_9|         array|
|linebuf_9_q0         |   in|   32|   ap_memory|                               linebuf_9|         array|
|linebuf_9_address1   |  out|    8|   ap_memory|                               linebuf_9|         array|
|linebuf_9_ce1        |  out|    1|   ap_memory|                               linebuf_9|         array|
|linebuf_9_we1        |  out|    1|   ap_memory|                               linebuf_9|         array|
|linebuf_9_d1         |  out|   32|   ap_memory|                               linebuf_9|         array|
|linebuf_10_address0  |  out|    8|   ap_memory|                              linebuf_10|         array|
|linebuf_10_ce0       |  out|    1|   ap_memory|                              linebuf_10|         array|
|linebuf_10_q0        |   in|   32|   ap_memory|                              linebuf_10|         array|
|linebuf_10_address1  |  out|    8|   ap_memory|                              linebuf_10|         array|
|linebuf_10_ce1       |  out|    1|   ap_memory|                              linebuf_10|         array|
|linebuf_10_we1       |  out|    1|   ap_memory|                              linebuf_10|         array|
|linebuf_10_d1        |  out|   32|   ap_memory|                              linebuf_10|         array|
|linebuf_11_address1  |  out|    8|   ap_memory|                              linebuf_11|         array|
|linebuf_11_ce1       |  out|    1|   ap_memory|                              linebuf_11|         array|
|linebuf_11_we1       |  out|    1|   ap_memory|                              linebuf_11|         array|
|linebuf_11_d1        |  out|   32|   ap_memory|                              linebuf_11|         array|
|linebuf_12_address0  |  out|    8|   ap_memory|                              linebuf_12|         array|
|linebuf_12_ce0       |  out|    1|   ap_memory|                              linebuf_12|         array|
|linebuf_12_q0        |   in|   32|   ap_memory|                              linebuf_12|         array|
|linebuf_12_address1  |  out|    8|   ap_memory|                              linebuf_12|         array|
|linebuf_12_ce1       |  out|    1|   ap_memory|                              linebuf_12|         array|
|linebuf_12_we1       |  out|    1|   ap_memory|                              linebuf_12|         array|
|linebuf_12_d1        |  out|   32|   ap_memory|                              linebuf_12|         array|
|linebuf_13_address0  |  out|    8|   ap_memory|                              linebuf_13|         array|
|linebuf_13_ce0       |  out|    1|   ap_memory|                              linebuf_13|         array|
|linebuf_13_q0        |   in|   32|   ap_memory|                              linebuf_13|         array|
|linebuf_13_address1  |  out|    8|   ap_memory|                              linebuf_13|         array|
|linebuf_13_ce1       |  out|    1|   ap_memory|                              linebuf_13|         array|
|linebuf_13_we1       |  out|    1|   ap_memory|                              linebuf_13|         array|
|linebuf_13_d1        |  out|   32|   ap_memory|                              linebuf_13|         array|
|linebuf_14_address0  |  out|    8|   ap_memory|                              linebuf_14|         array|
|linebuf_14_ce0       |  out|    1|   ap_memory|                              linebuf_14|         array|
|linebuf_14_q0        |   in|   32|   ap_memory|                              linebuf_14|         array|
|linebuf_14_address1  |  out|    8|   ap_memory|                              linebuf_14|         array|
|linebuf_14_ce1       |  out|    1|   ap_memory|                              linebuf_14|         array|
|linebuf_14_we1       |  out|    1|   ap_memory|                              linebuf_14|         array|
|linebuf_14_d1        |  out|   32|   ap_memory|                              linebuf_14|         array|
|linebuf_15_address1  |  out|    8|   ap_memory|                              linebuf_15|         array|
|linebuf_15_ce1       |  out|    1|   ap_memory|                              linebuf_15|         array|
|linebuf_15_we1       |  out|    1|   ap_memory|                              linebuf_15|         array|
|linebuf_15_d1        |  out|   32|   ap_memory|                              linebuf_15|         array|
|linebuf_16_address0  |  out|    8|   ap_memory|                              linebuf_16|         array|
|linebuf_16_ce0       |  out|    1|   ap_memory|                              linebuf_16|         array|
|linebuf_16_q0        |   in|   32|   ap_memory|                              linebuf_16|         array|
|linebuf_16_address1  |  out|    8|   ap_memory|                              linebuf_16|         array|
|linebuf_16_ce1       |  out|    1|   ap_memory|                              linebuf_16|         array|
|linebuf_16_we1       |  out|    1|   ap_memory|                              linebuf_16|         array|
|linebuf_16_d1        |  out|   32|   ap_memory|                              linebuf_16|         array|
|linebuf_17_address0  |  out|    8|   ap_memory|                              linebuf_17|         array|
|linebuf_17_ce0       |  out|    1|   ap_memory|                              linebuf_17|         array|
|linebuf_17_q0        |   in|   32|   ap_memory|                              linebuf_17|         array|
|linebuf_17_address1  |  out|    8|   ap_memory|                              linebuf_17|         array|
|linebuf_17_ce1       |  out|    1|   ap_memory|                              linebuf_17|         array|
|linebuf_17_we1       |  out|    1|   ap_memory|                              linebuf_17|         array|
|linebuf_17_d1        |  out|   32|   ap_memory|                              linebuf_17|         array|
|linebuf_18_address0  |  out|    8|   ap_memory|                              linebuf_18|         array|
|linebuf_18_ce0       |  out|    1|   ap_memory|                              linebuf_18|         array|
|linebuf_18_q0        |   in|   32|   ap_memory|                              linebuf_18|         array|
|linebuf_18_address1  |  out|    8|   ap_memory|                              linebuf_18|         array|
|linebuf_18_ce1       |  out|    1|   ap_memory|                              linebuf_18|         array|
|linebuf_18_we1       |  out|    1|   ap_memory|                              linebuf_18|         array|
|linebuf_18_d1        |  out|   32|   ap_memory|                              linebuf_18|         array|
|linebuf_19_address1  |  out|    8|   ap_memory|                              linebuf_19|         array|
|linebuf_19_ce1       |  out|    1|   ap_memory|                              linebuf_19|         array|
|linebuf_19_we1       |  out|    1|   ap_memory|                              linebuf_19|         array|
|linebuf_19_d1        |  out|   32|   ap_memory|                              linebuf_19|         array|
|linebuf_20_address0  |  out|    8|   ap_memory|                              linebuf_20|         array|
|linebuf_20_ce0       |  out|    1|   ap_memory|                              linebuf_20|         array|
|linebuf_20_q0        |   in|   32|   ap_memory|                              linebuf_20|         array|
|linebuf_20_address1  |  out|    8|   ap_memory|                              linebuf_20|         array|
|linebuf_20_ce1       |  out|    1|   ap_memory|                              linebuf_20|         array|
|linebuf_20_we1       |  out|    1|   ap_memory|                              linebuf_20|         array|
|linebuf_20_d1        |  out|   32|   ap_memory|                              linebuf_20|         array|
|linebuf_21_address0  |  out|    8|   ap_memory|                              linebuf_21|         array|
|linebuf_21_ce0       |  out|    1|   ap_memory|                              linebuf_21|         array|
|linebuf_21_q0        |   in|   32|   ap_memory|                              linebuf_21|         array|
|linebuf_21_address1  |  out|    8|   ap_memory|                              linebuf_21|         array|
|linebuf_21_ce1       |  out|    1|   ap_memory|                              linebuf_21|         array|
|linebuf_21_we1       |  out|    1|   ap_memory|                              linebuf_21|         array|
|linebuf_21_d1        |  out|   32|   ap_memory|                              linebuf_21|         array|
|linebuf_22_address0  |  out|    8|   ap_memory|                              linebuf_22|         array|
|linebuf_22_ce0       |  out|    1|   ap_memory|                              linebuf_22|         array|
|linebuf_22_q0        |   in|   32|   ap_memory|                              linebuf_22|         array|
|linebuf_22_address1  |  out|    8|   ap_memory|                              linebuf_22|         array|
|linebuf_22_ce1       |  out|    1|   ap_memory|                              linebuf_22|         array|
|linebuf_22_we1       |  out|    1|   ap_memory|                              linebuf_22|         array|
|linebuf_22_d1        |  out|   32|   ap_memory|                              linebuf_22|         array|
|linebuf_23_address1  |  out|    8|   ap_memory|                              linebuf_23|         array|
|linebuf_23_ce1       |  out|    1|   ap_memory|                              linebuf_23|         array|
|linebuf_23_we1       |  out|    1|   ap_memory|                              linebuf_23|         array|
|linebuf_23_d1        |  out|   32|   ap_memory|                              linebuf_23|         array|
|linebuf_24_address0  |  out|    8|   ap_memory|                              linebuf_24|         array|
|linebuf_24_ce0       |  out|    1|   ap_memory|                              linebuf_24|         array|
|linebuf_24_q0        |   in|   32|   ap_memory|                              linebuf_24|         array|
|linebuf_24_address1  |  out|    8|   ap_memory|                              linebuf_24|         array|
|linebuf_24_ce1       |  out|    1|   ap_memory|                              linebuf_24|         array|
|linebuf_24_we1       |  out|    1|   ap_memory|                              linebuf_24|         array|
|linebuf_24_d1        |  out|   32|   ap_memory|                              linebuf_24|         array|
|linebuf_25_address0  |  out|    8|   ap_memory|                              linebuf_25|         array|
|linebuf_25_ce0       |  out|    1|   ap_memory|                              linebuf_25|         array|
|linebuf_25_q0        |   in|   32|   ap_memory|                              linebuf_25|         array|
|linebuf_25_address1  |  out|    8|   ap_memory|                              linebuf_25|         array|
|linebuf_25_ce1       |  out|    1|   ap_memory|                              linebuf_25|         array|
|linebuf_25_we1       |  out|    1|   ap_memory|                              linebuf_25|         array|
|linebuf_25_d1        |  out|   32|   ap_memory|                              linebuf_25|         array|
|linebuf_26_address0  |  out|    8|   ap_memory|                              linebuf_26|         array|
|linebuf_26_ce0       |  out|    1|   ap_memory|                              linebuf_26|         array|
|linebuf_26_q0        |   in|   32|   ap_memory|                              linebuf_26|         array|
|linebuf_26_address1  |  out|    8|   ap_memory|                              linebuf_26|         array|
|linebuf_26_ce1       |  out|    1|   ap_memory|                              linebuf_26|         array|
|linebuf_26_we1       |  out|    1|   ap_memory|                              linebuf_26|         array|
|linebuf_26_d1        |  out|   32|   ap_memory|                              linebuf_26|         array|
|linebuf_27_address1  |  out|    8|   ap_memory|                              linebuf_27|         array|
|linebuf_27_ce1       |  out|    1|   ap_memory|                              linebuf_27|         array|
|linebuf_27_we1       |  out|    1|   ap_memory|                              linebuf_27|         array|
|linebuf_27_d1        |  out|   32|   ap_memory|                              linebuf_27|         array|
|linebuf_28_address0  |  out|    8|   ap_memory|                              linebuf_28|         array|
|linebuf_28_ce0       |  out|    1|   ap_memory|                              linebuf_28|         array|
|linebuf_28_q0        |   in|   32|   ap_memory|                              linebuf_28|         array|
|linebuf_28_address1  |  out|    8|   ap_memory|                              linebuf_28|         array|
|linebuf_28_ce1       |  out|    1|   ap_memory|                              linebuf_28|         array|
|linebuf_28_we1       |  out|    1|   ap_memory|                              linebuf_28|         array|
|linebuf_28_d1        |  out|   32|   ap_memory|                              linebuf_28|         array|
|linebuf_29_address0  |  out|    8|   ap_memory|                              linebuf_29|         array|
|linebuf_29_ce0       |  out|    1|   ap_memory|                              linebuf_29|         array|
|linebuf_29_q0        |   in|   32|   ap_memory|                              linebuf_29|         array|
|linebuf_29_address1  |  out|    8|   ap_memory|                              linebuf_29|         array|
|linebuf_29_ce1       |  out|    1|   ap_memory|                              linebuf_29|         array|
|linebuf_29_we1       |  out|    1|   ap_memory|                              linebuf_29|         array|
|linebuf_29_d1        |  out|   32|   ap_memory|                              linebuf_29|         array|
|linebuf_30_address0  |  out|    8|   ap_memory|                              linebuf_30|         array|
|linebuf_30_ce0       |  out|    1|   ap_memory|                              linebuf_30|         array|
|linebuf_30_q0        |   in|   32|   ap_memory|                              linebuf_30|         array|
|linebuf_30_address1  |  out|    8|   ap_memory|                              linebuf_30|         array|
|linebuf_30_ce1       |  out|    1|   ap_memory|                              linebuf_30|         array|
|linebuf_30_we1       |  out|    1|   ap_memory|                              linebuf_30|         array|
|linebuf_30_d1        |  out|   32|   ap_memory|                              linebuf_30|         array|
|linebuf_31_address1  |  out|    8|   ap_memory|                              linebuf_31|         array|
|linebuf_31_ce1       |  out|    1|   ap_memory|                              linebuf_31|         array|
|linebuf_31_we1       |  out|    1|   ap_memory|                              linebuf_31|         array|
|linebuf_31_d1        |  out|   32|   ap_memory|                              linebuf_31|         array|
|linebuf_32_address0  |  out|    8|   ap_memory|                              linebuf_32|         array|
|linebuf_32_ce0       |  out|    1|   ap_memory|                              linebuf_32|         array|
|linebuf_32_q0        |   in|   32|   ap_memory|                              linebuf_32|         array|
|linebuf_32_address1  |  out|    8|   ap_memory|                              linebuf_32|         array|
|linebuf_32_ce1       |  out|    1|   ap_memory|                              linebuf_32|         array|
|linebuf_32_we1       |  out|    1|   ap_memory|                              linebuf_32|         array|
|linebuf_32_d1        |  out|   32|   ap_memory|                              linebuf_32|         array|
|linebuf_33_address0  |  out|    8|   ap_memory|                              linebuf_33|         array|
|linebuf_33_ce0       |  out|    1|   ap_memory|                              linebuf_33|         array|
|linebuf_33_q0        |   in|   32|   ap_memory|                              linebuf_33|         array|
|linebuf_33_address1  |  out|    8|   ap_memory|                              linebuf_33|         array|
|linebuf_33_ce1       |  out|    1|   ap_memory|                              linebuf_33|         array|
|linebuf_33_we1       |  out|    1|   ap_memory|                              linebuf_33|         array|
|linebuf_33_d1        |  out|   32|   ap_memory|                              linebuf_33|         array|
|linebuf_34_address0  |  out|    8|   ap_memory|                              linebuf_34|         array|
|linebuf_34_ce0       |  out|    1|   ap_memory|                              linebuf_34|         array|
|linebuf_34_q0        |   in|   32|   ap_memory|                              linebuf_34|         array|
|linebuf_34_address1  |  out|    8|   ap_memory|                              linebuf_34|         array|
|linebuf_34_ce1       |  out|    1|   ap_memory|                              linebuf_34|         array|
|linebuf_34_we1       |  out|    1|   ap_memory|                              linebuf_34|         array|
|linebuf_34_d1        |  out|   32|   ap_memory|                              linebuf_34|         array|
|linebuf_35_address1  |  out|    8|   ap_memory|                              linebuf_35|         array|
|linebuf_35_ce1       |  out|    1|   ap_memory|                              linebuf_35|         array|
|linebuf_35_we1       |  out|    1|   ap_memory|                              linebuf_35|         array|
|linebuf_35_d1        |  out|   32|   ap_memory|                              linebuf_35|         array|
|linebuf_36_address0  |  out|    8|   ap_memory|                              linebuf_36|         array|
|linebuf_36_ce0       |  out|    1|   ap_memory|                              linebuf_36|         array|
|linebuf_36_q0        |   in|   32|   ap_memory|                              linebuf_36|         array|
|linebuf_36_address1  |  out|    8|   ap_memory|                              linebuf_36|         array|
|linebuf_36_ce1       |  out|    1|   ap_memory|                              linebuf_36|         array|
|linebuf_36_we1       |  out|    1|   ap_memory|                              linebuf_36|         array|
|linebuf_36_d1        |  out|   32|   ap_memory|                              linebuf_36|         array|
|linebuf_37_address0  |  out|    8|   ap_memory|                              linebuf_37|         array|
|linebuf_37_ce0       |  out|    1|   ap_memory|                              linebuf_37|         array|
|linebuf_37_q0        |   in|   32|   ap_memory|                              linebuf_37|         array|
|linebuf_37_address1  |  out|    8|   ap_memory|                              linebuf_37|         array|
|linebuf_37_ce1       |  out|    1|   ap_memory|                              linebuf_37|         array|
|linebuf_37_we1       |  out|    1|   ap_memory|                              linebuf_37|         array|
|linebuf_37_d1        |  out|   32|   ap_memory|                              linebuf_37|         array|
|linebuf_38_address0  |  out|    8|   ap_memory|                              linebuf_38|         array|
|linebuf_38_ce0       |  out|    1|   ap_memory|                              linebuf_38|         array|
|linebuf_38_q0        |   in|   32|   ap_memory|                              linebuf_38|         array|
|linebuf_38_address1  |  out|    8|   ap_memory|                              linebuf_38|         array|
|linebuf_38_ce1       |  out|    1|   ap_memory|                              linebuf_38|         array|
|linebuf_38_we1       |  out|    1|   ap_memory|                              linebuf_38|         array|
|linebuf_38_d1        |  out|   32|   ap_memory|                              linebuf_38|         array|
|linebuf_39_address1  |  out|    8|   ap_memory|                              linebuf_39|         array|
|linebuf_39_ce1       |  out|    1|   ap_memory|                              linebuf_39|         array|
|linebuf_39_we1       |  out|    1|   ap_memory|                              linebuf_39|         array|
|linebuf_39_d1        |  out|   32|   ap_memory|                              linebuf_39|         array|
|linebuf_40_address0  |  out|    8|   ap_memory|                              linebuf_40|         array|
|linebuf_40_ce0       |  out|    1|   ap_memory|                              linebuf_40|         array|
|linebuf_40_q0        |   in|   32|   ap_memory|                              linebuf_40|         array|
|linebuf_40_address1  |  out|    8|   ap_memory|                              linebuf_40|         array|
|linebuf_40_ce1       |  out|    1|   ap_memory|                              linebuf_40|         array|
|linebuf_40_we1       |  out|    1|   ap_memory|                              linebuf_40|         array|
|linebuf_40_d1        |  out|   32|   ap_memory|                              linebuf_40|         array|
|linebuf_41_address0  |  out|    8|   ap_memory|                              linebuf_41|         array|
|linebuf_41_ce0       |  out|    1|   ap_memory|                              linebuf_41|         array|
|linebuf_41_q0        |   in|   32|   ap_memory|                              linebuf_41|         array|
|linebuf_41_address1  |  out|    8|   ap_memory|                              linebuf_41|         array|
|linebuf_41_ce1       |  out|    1|   ap_memory|                              linebuf_41|         array|
|linebuf_41_we1       |  out|    1|   ap_memory|                              linebuf_41|         array|
|linebuf_41_d1        |  out|   32|   ap_memory|                              linebuf_41|         array|
|linebuf_42_address0  |  out|    8|   ap_memory|                              linebuf_42|         array|
|linebuf_42_ce0       |  out|    1|   ap_memory|                              linebuf_42|         array|
|linebuf_42_q0        |   in|   32|   ap_memory|                              linebuf_42|         array|
|linebuf_42_address1  |  out|    8|   ap_memory|                              linebuf_42|         array|
|linebuf_42_ce1       |  out|    1|   ap_memory|                              linebuf_42|         array|
|linebuf_42_we1       |  out|    1|   ap_memory|                              linebuf_42|         array|
|linebuf_42_d1        |  out|   32|   ap_memory|                              linebuf_42|         array|
|linebuf_43_address1  |  out|    8|   ap_memory|                              linebuf_43|         array|
|linebuf_43_ce1       |  out|    1|   ap_memory|                              linebuf_43|         array|
|linebuf_43_we1       |  out|    1|   ap_memory|                              linebuf_43|         array|
|linebuf_43_d1        |  out|   32|   ap_memory|                              linebuf_43|         array|
|linebuf_44_address0  |  out|    8|   ap_memory|                              linebuf_44|         array|
|linebuf_44_ce0       |  out|    1|   ap_memory|                              linebuf_44|         array|
|linebuf_44_q0        |   in|   32|   ap_memory|                              linebuf_44|         array|
|linebuf_44_address1  |  out|    8|   ap_memory|                              linebuf_44|         array|
|linebuf_44_ce1       |  out|    1|   ap_memory|                              linebuf_44|         array|
|linebuf_44_we1       |  out|    1|   ap_memory|                              linebuf_44|         array|
|linebuf_44_d1        |  out|   32|   ap_memory|                              linebuf_44|         array|
|linebuf_45_address0  |  out|    8|   ap_memory|                              linebuf_45|         array|
|linebuf_45_ce0       |  out|    1|   ap_memory|                              linebuf_45|         array|
|linebuf_45_q0        |   in|   32|   ap_memory|                              linebuf_45|         array|
|linebuf_45_address1  |  out|    8|   ap_memory|                              linebuf_45|         array|
|linebuf_45_ce1       |  out|    1|   ap_memory|                              linebuf_45|         array|
|linebuf_45_we1       |  out|    1|   ap_memory|                              linebuf_45|         array|
|linebuf_45_d1        |  out|   32|   ap_memory|                              linebuf_45|         array|
|linebuf_46_address0  |  out|    8|   ap_memory|                              linebuf_46|         array|
|linebuf_46_ce0       |  out|    1|   ap_memory|                              linebuf_46|         array|
|linebuf_46_q0        |   in|   32|   ap_memory|                              linebuf_46|         array|
|linebuf_46_address1  |  out|    8|   ap_memory|                              linebuf_46|         array|
|linebuf_46_ce1       |  out|    1|   ap_memory|                              linebuf_46|         array|
|linebuf_46_we1       |  out|    1|   ap_memory|                              linebuf_46|         array|
|linebuf_46_d1        |  out|   32|   ap_memory|                              linebuf_46|         array|
|linebuf_47_address1  |  out|    8|   ap_memory|                              linebuf_47|         array|
|linebuf_47_ce1       |  out|    1|   ap_memory|                              linebuf_47|         array|
|linebuf_47_we1       |  out|    1|   ap_memory|                              linebuf_47|         array|
|linebuf_47_d1        |  out|   32|   ap_memory|                              linebuf_47|         array|
|linebuf_48_address0  |  out|    8|   ap_memory|                              linebuf_48|         array|
|linebuf_48_ce0       |  out|    1|   ap_memory|                              linebuf_48|         array|
|linebuf_48_q0        |   in|   32|   ap_memory|                              linebuf_48|         array|
|linebuf_48_address1  |  out|    8|   ap_memory|                              linebuf_48|         array|
|linebuf_48_ce1       |  out|    1|   ap_memory|                              linebuf_48|         array|
|linebuf_48_we1       |  out|    1|   ap_memory|                              linebuf_48|         array|
|linebuf_48_d1        |  out|   32|   ap_memory|                              linebuf_48|         array|
|linebuf_49_address0  |  out|    8|   ap_memory|                              linebuf_49|         array|
|linebuf_49_ce0       |  out|    1|   ap_memory|                              linebuf_49|         array|
|linebuf_49_q0        |   in|   32|   ap_memory|                              linebuf_49|         array|
|linebuf_49_address1  |  out|    8|   ap_memory|                              linebuf_49|         array|
|linebuf_49_ce1       |  out|    1|   ap_memory|                              linebuf_49|         array|
|linebuf_49_we1       |  out|    1|   ap_memory|                              linebuf_49|         array|
|linebuf_49_d1        |  out|   32|   ap_memory|                              linebuf_49|         array|
|linebuf_50_address0  |  out|    8|   ap_memory|                              linebuf_50|         array|
|linebuf_50_ce0       |  out|    1|   ap_memory|                              linebuf_50|         array|
|linebuf_50_q0        |   in|   32|   ap_memory|                              linebuf_50|         array|
|linebuf_50_address1  |  out|    8|   ap_memory|                              linebuf_50|         array|
|linebuf_50_ce1       |  out|    1|   ap_memory|                              linebuf_50|         array|
|linebuf_50_we1       |  out|    1|   ap_memory|                              linebuf_50|         array|
|linebuf_50_d1        |  out|   32|   ap_memory|                              linebuf_50|         array|
|linebuf_51_address1  |  out|    8|   ap_memory|                              linebuf_51|         array|
|linebuf_51_ce1       |  out|    1|   ap_memory|                              linebuf_51|         array|
|linebuf_51_we1       |  out|    1|   ap_memory|                              linebuf_51|         array|
|linebuf_51_d1        |  out|   32|   ap_memory|                              linebuf_51|         array|
|linebuf_52_address0  |  out|    8|   ap_memory|                              linebuf_52|         array|
|linebuf_52_ce0       |  out|    1|   ap_memory|                              linebuf_52|         array|
|linebuf_52_q0        |   in|   32|   ap_memory|                              linebuf_52|         array|
|linebuf_52_address1  |  out|    8|   ap_memory|                              linebuf_52|         array|
|linebuf_52_ce1       |  out|    1|   ap_memory|                              linebuf_52|         array|
|linebuf_52_we1       |  out|    1|   ap_memory|                              linebuf_52|         array|
|linebuf_52_d1        |  out|   32|   ap_memory|                              linebuf_52|         array|
|linebuf_53_address0  |  out|    8|   ap_memory|                              linebuf_53|         array|
|linebuf_53_ce0       |  out|    1|   ap_memory|                              linebuf_53|         array|
|linebuf_53_q0        |   in|   32|   ap_memory|                              linebuf_53|         array|
|linebuf_53_address1  |  out|    8|   ap_memory|                              linebuf_53|         array|
|linebuf_53_ce1       |  out|    1|   ap_memory|                              linebuf_53|         array|
|linebuf_53_we1       |  out|    1|   ap_memory|                              linebuf_53|         array|
|linebuf_53_d1        |  out|   32|   ap_memory|                              linebuf_53|         array|
|linebuf_54_address0  |  out|    8|   ap_memory|                              linebuf_54|         array|
|linebuf_54_ce0       |  out|    1|   ap_memory|                              linebuf_54|         array|
|linebuf_54_q0        |   in|   32|   ap_memory|                              linebuf_54|         array|
|linebuf_54_address1  |  out|    8|   ap_memory|                              linebuf_54|         array|
|linebuf_54_ce1       |  out|    1|   ap_memory|                              linebuf_54|         array|
|linebuf_54_we1       |  out|    1|   ap_memory|                              linebuf_54|         array|
|linebuf_54_d1        |  out|   32|   ap_memory|                              linebuf_54|         array|
|linebuf_55_address1  |  out|    8|   ap_memory|                              linebuf_55|         array|
|linebuf_55_ce1       |  out|    1|   ap_memory|                              linebuf_55|         array|
|linebuf_55_we1       |  out|    1|   ap_memory|                              linebuf_55|         array|
|linebuf_55_d1        |  out|   32|   ap_memory|                              linebuf_55|         array|
|linebuf_56_address0  |  out|    8|   ap_memory|                              linebuf_56|         array|
|linebuf_56_ce0       |  out|    1|   ap_memory|                              linebuf_56|         array|
|linebuf_56_q0        |   in|   32|   ap_memory|                              linebuf_56|         array|
|linebuf_56_address1  |  out|    8|   ap_memory|                              linebuf_56|         array|
|linebuf_56_ce1       |  out|    1|   ap_memory|                              linebuf_56|         array|
|linebuf_56_we1       |  out|    1|   ap_memory|                              linebuf_56|         array|
|linebuf_56_d1        |  out|   32|   ap_memory|                              linebuf_56|         array|
|linebuf_57_address0  |  out|    8|   ap_memory|                              linebuf_57|         array|
|linebuf_57_ce0       |  out|    1|   ap_memory|                              linebuf_57|         array|
|linebuf_57_q0        |   in|   32|   ap_memory|                              linebuf_57|         array|
|linebuf_57_address1  |  out|    8|   ap_memory|                              linebuf_57|         array|
|linebuf_57_ce1       |  out|    1|   ap_memory|                              linebuf_57|         array|
|linebuf_57_we1       |  out|    1|   ap_memory|                              linebuf_57|         array|
|linebuf_57_d1        |  out|   32|   ap_memory|                              linebuf_57|         array|
|linebuf_58_address0  |  out|    8|   ap_memory|                              linebuf_58|         array|
|linebuf_58_ce0       |  out|    1|   ap_memory|                              linebuf_58|         array|
|linebuf_58_q0        |   in|   32|   ap_memory|                              linebuf_58|         array|
|linebuf_58_address1  |  out|    8|   ap_memory|                              linebuf_58|         array|
|linebuf_58_ce1       |  out|    1|   ap_memory|                              linebuf_58|         array|
|linebuf_58_we1       |  out|    1|   ap_memory|                              linebuf_58|         array|
|linebuf_58_d1        |  out|   32|   ap_memory|                              linebuf_58|         array|
|linebuf_59_address1  |  out|    8|   ap_memory|                              linebuf_59|         array|
|linebuf_59_ce1       |  out|    1|   ap_memory|                              linebuf_59|         array|
|linebuf_59_we1       |  out|    1|   ap_memory|                              linebuf_59|         array|
|linebuf_59_d1        |  out|   32|   ap_memory|                              linebuf_59|         array|
|linebuf_60_address0  |  out|    8|   ap_memory|                              linebuf_60|         array|
|linebuf_60_ce0       |  out|    1|   ap_memory|                              linebuf_60|         array|
|linebuf_60_q0        |   in|   32|   ap_memory|                              linebuf_60|         array|
|linebuf_60_address1  |  out|    8|   ap_memory|                              linebuf_60|         array|
|linebuf_60_ce1       |  out|    1|   ap_memory|                              linebuf_60|         array|
|linebuf_60_we1       |  out|    1|   ap_memory|                              linebuf_60|         array|
|linebuf_60_d1        |  out|   32|   ap_memory|                              linebuf_60|         array|
|linebuf_61_address0  |  out|    8|   ap_memory|                              linebuf_61|         array|
|linebuf_61_ce0       |  out|    1|   ap_memory|                              linebuf_61|         array|
|linebuf_61_q0        |   in|   32|   ap_memory|                              linebuf_61|         array|
|linebuf_61_address1  |  out|    8|   ap_memory|                              linebuf_61|         array|
|linebuf_61_ce1       |  out|    1|   ap_memory|                              linebuf_61|         array|
|linebuf_61_we1       |  out|    1|   ap_memory|                              linebuf_61|         array|
|linebuf_61_d1        |  out|   32|   ap_memory|                              linebuf_61|         array|
|linebuf_62_address0  |  out|    8|   ap_memory|                              linebuf_62|         array|
|linebuf_62_ce0       |  out|    1|   ap_memory|                              linebuf_62|         array|
|linebuf_62_q0        |   in|   32|   ap_memory|                              linebuf_62|         array|
|linebuf_62_address1  |  out|    8|   ap_memory|                              linebuf_62|         array|
|linebuf_62_ce1       |  out|    1|   ap_memory|                              linebuf_62|         array|
|linebuf_62_we1       |  out|    1|   ap_memory|                              linebuf_62|         array|
|linebuf_62_d1        |  out|   32|   ap_memory|                              linebuf_62|         array|
|linebuf_63_address1  |  out|    8|   ap_memory|                              linebuf_63|         array|
|linebuf_63_ce1       |  out|    1|   ap_memory|                              linebuf_63|         array|
|linebuf_63_we1       |  out|    1|   ap_memory|                              linebuf_63|         array|
|linebuf_63_d1        |  out|   32|   ap_memory|                              linebuf_63|         array|
|f2_address0          |  out|    1|   ap_memory|                                      f2|         array|
|f2_ce0               |  out|    1|   ap_memory|                                      f2|         array|
|f2_q0                |   in|   32|   ap_memory|                                      f2|         array|
|f2_1_address0        |  out|    1|   ap_memory|                                    f2_1|         array|
|f2_1_ce0             |  out|    1|   ap_memory|                                    f2_1|         array|
|f2_1_q0              |   in|   32|   ap_memory|                                    f2_1|         array|
|f2_2_address0        |  out|    1|   ap_memory|                                    f2_2|         array|
|f2_2_ce0             |  out|    1|   ap_memory|                                    f2_2|         array|
|f2_2_q0              |   in|   32|   ap_memory|                                    f2_2|         array|
|f2_3_address0        |  out|    1|   ap_memory|                                    f2_3|         array|
|f2_3_ce0             |  out|    1|   ap_memory|                                    f2_3|         array|
|f2_3_q0              |   in|   32|   ap_memory|                                    f2_3|         array|
|f2_4_address0        |  out|    1|   ap_memory|                                    f2_4|         array|
|f2_4_ce0             |  out|    1|   ap_memory|                                    f2_4|         array|
|f2_4_q0              |   in|   32|   ap_memory|                                    f2_4|         array|
|f2_5_address0        |  out|    1|   ap_memory|                                    f2_5|         array|
|f2_5_ce0             |  out|    1|   ap_memory|                                    f2_5|         array|
|f2_5_q0              |   in|   32|   ap_memory|                                    f2_5|         array|
|f2_6_address0        |  out|    1|   ap_memory|                                    f2_6|         array|
|f2_6_ce0             |  out|    1|   ap_memory|                                    f2_6|         array|
|f2_6_q0              |   in|   32|   ap_memory|                                    f2_6|         array|
|f2_7_address0        |  out|    1|   ap_memory|                                    f2_7|         array|
|f2_7_ce0             |  out|    1|   ap_memory|                                    f2_7|         array|
|f2_7_q0              |   in|   32|   ap_memory|                                    f2_7|         array|
|f2_8_address0        |  out|    1|   ap_memory|                                    f2_8|         array|
|f2_8_ce0             |  out|    1|   ap_memory|                                    f2_8|         array|
|f2_8_q0              |   in|   32|   ap_memory|                                    f2_8|         array|
|f2_9_address0        |  out|    1|   ap_memory|                                    f2_9|         array|
|f2_9_ce0             |  out|    1|   ap_memory|                                    f2_9|         array|
|f2_9_q0              |   in|   32|   ap_memory|                                    f2_9|         array|
|f2_10_address0       |  out|    1|   ap_memory|                                   f2_10|         array|
|f2_10_ce0            |  out|    1|   ap_memory|                                   f2_10|         array|
|f2_10_q0             |   in|   32|   ap_memory|                                   f2_10|         array|
|f2_11_address0       |  out|    1|   ap_memory|                                   f2_11|         array|
|f2_11_ce0            |  out|    1|   ap_memory|                                   f2_11|         array|
|f2_11_q0             |   in|   32|   ap_memory|                                   f2_11|         array|
|f2_12_address0       |  out|    1|   ap_memory|                                   f2_12|         array|
|f2_12_ce0            |  out|    1|   ap_memory|                                   f2_12|         array|
|f2_12_q0             |   in|   32|   ap_memory|                                   f2_12|         array|
|f2_13_address0       |  out|    1|   ap_memory|                                   f2_13|         array|
|f2_13_ce0            |  out|    1|   ap_memory|                                   f2_13|         array|
|f2_13_q0             |   in|   32|   ap_memory|                                   f2_13|         array|
|f2_14_address0       |  out|    1|   ap_memory|                                   f2_14|         array|
|f2_14_ce0            |  out|    1|   ap_memory|                                   f2_14|         array|
|f2_14_q0             |   in|   32|   ap_memory|                                   f2_14|         array|
|f2_15_address0       |  out|    1|   ap_memory|                                   f2_15|         array|
|f2_15_ce0            |  out|    1|   ap_memory|                                   f2_15|         array|
|f2_15_q0             |   in|   32|   ap_memory|                                   f2_15|         array|
+---------------------+-----+-----+------------+----------------------------------------+--------------+

