

================================================================
== Vitis HLS Report for 'conv1conv2_from_windows8_Pipeline_Push_conv2pix_out'
================================================================
* Date:           Tue Oct 28 00:04:36 2025

* Version:        2023.1 (Build 3854077 on May  4 2023)
* Project:        srcnn_hls
* Solution:       solution1 (Vivado IP Flow Target)
* Product family: zynquplus
* Target device:  xck26-sfvc784-2LV-c


================================================================
== Performance Estimates
================================================================
+ Timing: 
    * Summary: 
    +--------+----------+----------+------------+
    |  Clock |  Target  | Estimated| Uncertainty|
    +--------+----------+----------+------------+
    |ap_clk  |  10.00 ns|  4.468 ns|     2.70 ns|
    +--------+----------+----------+------------+

+ Latency: 
    * Summary: 
    +---------+---------+----------+----------+-----+-----+---------+
    |  Latency (cycles) |  Latency (absolute) |  Interval | Pipeline|
    |   min   |   max   |    min   |    max   | min | max |   Type  |
    +---------+---------+----------+----------+-----+-----+---------+
    |       35|       35|  0.350 us|  0.350 us|   35|   35|       no|
    +---------+---------+----------+----------+-----+-----+---------+

    + Detail: 
        * Instance: 
        N/A

        * Loop: 
        +---------------------+---------+---------+----------+-----------+-----------+------+----------+
        |                     |  Latency (cycles) | Iteration|  Initiation Interval  | Trip |          |
        |      Loop Name      |   min   |   max   |  Latency |  achieved |   target  | Count| Pipelined|
        +---------------------+---------+---------+----------+-----------+-----------+------+----------+
        |- Push_conv2pix_out  |       33|       33|         6|          4|          4|     8|       yes|
        +---------------------+---------+---------+----------+-----------+-----------+------+----------+



================================================================
== Utilization Estimates
================================================================
* Summary: 
+-----------------+---------+------+--------+--------+-----+
|       Name      | BRAM_18K|  DSP |   FF   |   LUT  | URAM|
+-----------------+---------+------+--------+--------+-----+
|DSP              |        -|     -|       -|       -|    -|
|Expression       |        -|     -|       0|     354|    -|
|FIFO             |        -|     -|       -|       -|    -|
|Instance         |        -|     -|       -|       -|    -|
|Memory           |        -|     -|       -|       -|    -|
|Multiplexer      |        -|     -|       -|     158|    -|
|Register         |        -|     -|     153|       -|    -|
+-----------------+---------+------+--------+--------+-----+
|Total            |        0|     0|     153|     512|    0|
+-----------------+---------+------+--------+--------+-----+
|Available        |      288|  1248|  234240|  117120|   64|
+-----------------+---------+------+--------+--------+-----+
|Utilization (%)  |        0|     0|      ~0|      ~0|    0|
+-----------------+---------+------+--------+--------+-----+

+ Detail: 
    * Instance: 
    N/A

    * DSP: 
    N/A

    * Memory: 
    N/A

    * FIFO: 
    N/A

    * Expression: 
    +--------------------------+----------+----+---+----+------------+------------+
    |       Variable Name      | Operation| DSP| FF| LUT| Bitwidth P0| Bitwidth P1|
    +--------------------------+----------+----+---+----+------------+------------+
    |add_ln285_fu_193_p2       |         +|   0|  0|  13|           6|           3|
    |and_ln289_1_fu_305_p2     |       and|   0|  0|   2|           1|           1|
    |and_ln289_2_fu_364_p2     |       and|   0|  0|   2|           1|           1|
    |and_ln289_3_fu_423_p2     |       and|   0|  0|   2|           1|           1|
    |and_ln289_fu_246_p2       |       and|   0|  0|   2|           1|           1|
    |icmp_ln289_1_fu_234_p2    |      icmp|   0|  0|  30|          23|           1|
    |icmp_ln289_2_fu_287_p2    |      icmp|   0|  0|  15|           8|           2|
    |icmp_ln289_3_fu_293_p2    |      icmp|   0|  0|  30|          23|           1|
    |icmp_ln289_4_fu_346_p2    |      icmp|   0|  0|  15|           8|           2|
    |icmp_ln289_5_fu_352_p2    |      icmp|   0|  0|  30|          23|           1|
    |icmp_ln289_6_fu_405_p2    |      icmp|   0|  0|  15|           8|           2|
    |icmp_ln289_7_fu_411_p2    |      icmp|   0|  0|  30|          23|           1|
    |icmp_ln289_fu_228_p2      |      icmp|   0|  0|  15|           8|           2|
    |or_ln285_1_fu_319_p2      |        or|   0|  0|   5|           5|           2|
    |or_ln285_2_fu_378_p2      |        or|   0|  0|   5|           5|           2|
    |or_ln285_fu_260_p2        |        or|   0|  0|   5|           5|           1|
    |or_ln289_1_fu_299_p2      |        or|   0|  0|   2|           1|           1|
    |or_ln289_2_fu_358_p2      |        or|   0|  0|   2|           1|           1|
    |or_ln289_3_fu_417_p2      |        or|   0|  0|   2|           1|           1|
    |or_ln289_fu_240_p2        |        or|   0|  0|   2|           1|           1|
    |select_ln289_1_fu_311_p3  |    select|   0|  0|  32|           1|          32|
    |select_ln289_2_fu_370_p3  |    select|   0|  0|  32|           1|          32|
    |select_ln289_3_fu_429_p3  |    select|   0|  0|  32|           1|          32|
    |select_ln289_fu_252_p3    |    select|   0|  0|  32|           1|          32|
    |ap_enable_pp0             |       xor|   0|  0|   2|           1|           2|
    +--------------------------+----------+----+---+----+------------+------------+
    |Total                     |          |   0|  0| 354|         158|         158|
    +--------------------------+----------+----+---+----+------------+------------+

    * Multiplexer: 
    +-----------------------------+----+-----------+-----+-----------+
    |             Name            | LUT| Input Size| Bits| Total Bits|
    +-----------------------------+----+-----------+-----+-----------+
    |ap_NS_fsm                    |  26|          5|    1|          5|
    |ap_done_int                  |   9|          2|    1|          2|
    |ap_enable_reg_pp0_iter0      |   9|          2|    1|          2|
    |ap_enable_reg_pp0_iter0_reg  |   9|          2|    1|          2|
    |ap_enable_reg_pp0_iter1      |   9|          2|    1|          2|
    |ap_sig_allocacmp_n2_1        |   9|          2|    6|         12|
    |grp_fu_153_p0                |  26|          5|   32|        160|
    |n2_fu_60                     |   9|          2|    6|         12|
    |outpix_address0              |  26|          5|    5|         25|
    |outpix_d0                    |  26|          5|   32|        160|
    +-----------------------------+----+-----------+-----+-----------+
    |Total                        | 158|         32|   86|        382|
    +-----------------------------+----+-----------+-----+-----------+

    * Register: 
    +-----------------------------+----+----+-----+-----------+
    |             Name            | FF | LUT| Bits| Const Bits|
    +-----------------------------+----+----+-----+-----------+
    |ap_CS_fsm                    |   4|   0|    4|          0|
    |ap_done_reg                  |   1|   0|    1|          0|
    |ap_enable_reg_pp0_iter0_reg  |   1|   0|    1|          0|
    |ap_enable_reg_pp0_iter1      |   1|   0|    1|          0|
    |n2_1_reg_444                 |   6|   0|    6|          0|
    |n2_fu_60                     |   6|   0|    6|          0|
    |t2_1_reg_481                 |  32|   0|   32|          0|
    |t2_2_reg_488                 |  32|   0|   32|          0|
    |t2_3_reg_495                 |  32|   0|   32|          0|
    |t2_reg_474                   |  32|   0|   32|          0|
    |tmp_reg_450                  |   1|   0|    1|          0|
    |trunc_ln285_reg_502          |   5|   0|    5|          0|
    +-----------------------------+----+----+-----+-----------+
    |Total                        | 153|   0|  153|          0|
    +-----------------------------+----+----+-----+-----------+



================================================================
== Interface
================================================================
* Summary: 
+----------------------+-----+-----+------------+-----------------------------------------------------+--------------+
|       RTL Ports      | Dir | Bits|  Protocol  |                    Source Object                    |    C Type    |
+----------------------+-----+-----+------------+-----------------------------------------------------+--------------+
|ap_clk                |   in|    1|  ap_ctrl_hs|  conv1conv2_from_windows8_Pipeline_Push_conv2pix_out|  return value|
|ap_rst                |   in|    1|  ap_ctrl_hs|  conv1conv2_from_windows8_Pipeline_Push_conv2pix_out|  return value|
|ap_start              |   in|    1|  ap_ctrl_hs|  conv1conv2_from_windows8_Pipeline_Push_conv2pix_out|  return value|
|ap_done               |  out|    1|  ap_ctrl_hs|  conv1conv2_from_windows8_Pipeline_Push_conv2pix_out|  return value|
|ap_idle               |  out|    1|  ap_ctrl_hs|  conv1conv2_from_windows8_Pipeline_Push_conv2pix_out|  return value|
|ap_ready              |  out|    1|  ap_ctrl_hs|  conv1conv2_from_windows8_Pipeline_Push_conv2pix_out|  return value|
|grp_fu_5445_p_din0    |  out|   32|  ap_ctrl_hs|  conv1conv2_from_windows8_Pipeline_Push_conv2pix_out|  return value|
|grp_fu_5445_p_din1    |  out|   32|  ap_ctrl_hs|  conv1conv2_from_windows8_Pipeline_Push_conv2pix_out|  return value|
|grp_fu_5445_p_opcode  |  out|    5|  ap_ctrl_hs|  conv1conv2_from_windows8_Pipeline_Push_conv2pix_out|  return value|
|grp_fu_5445_p_dout0   |   in|    1|  ap_ctrl_hs|  conv1conv2_from_windows8_Pipeline_Push_conv2pix_out|  return value|
|grp_fu_5445_p_ce      |  out|    1|  ap_ctrl_hs|  conv1conv2_from_windows8_Pipeline_Push_conv2pix_out|  return value|
|acc2_address0         |  out|    3|   ap_memory|                                                 acc2|         array|
|acc2_ce0              |  out|    1|   ap_memory|                                                 acc2|         array|
|acc2_q0               |   in|   32|   ap_memory|                                                 acc2|         array|
|outpix_address0       |  out|    5|   ap_memory|                                               outpix|         array|
|outpix_ce0            |  out|    1|   ap_memory|                                               outpix|         array|
|outpix_we0            |  out|    1|   ap_memory|                                               outpix|         array|
|outpix_d0             |  out|   32|   ap_memory|                                               outpix|         array|
|acc2_1_address0       |  out|    3|   ap_memory|                                               acc2_1|         array|
|acc2_1_ce0            |  out|    1|   ap_memory|                                               acc2_1|         array|
|acc2_1_q0             |   in|   32|   ap_memory|                                               acc2_1|         array|
|acc2_2_address0       |  out|    3|   ap_memory|                                               acc2_2|         array|
|acc2_2_ce0            |  out|    1|   ap_memory|                                               acc2_2|         array|
|acc2_2_q0             |   in|   32|   ap_memory|                                               acc2_2|         array|
|acc2_3_address0       |  out|    3|   ap_memory|                                               acc2_3|         array|
|acc2_3_ce0            |  out|    1|   ap_memory|                                               acc2_3|         array|
|acc2_3_q0             |   in|   32|   ap_memory|                                               acc2_3|         array|
+----------------------+-----+-----+------------+-----------------------------------------------------+--------------+

