

================================================================
== Vitis HLS Report for 'load_tile_mm_Loop_InputTileHread_proc_Pipeline_InputTileHread_InputTileWread'
================================================================
* Date:           Tue Oct 21 03:22:13 2025

* Version:        2023.1 (Build 3854077 on May  4 2023)
* Project:        srcnn_hls
* Solution:       solution1 (Vivado IP Flow Target)
* Product family: zynquplus
* Target device:  xck26-sfvc784-2LV-c


================================================================
== Performance Estimates
================================================================
+ Timing: 
    * Summary: 
    +--------+----------+----------+------------+
    |  Clock |  Target  | Estimated| Uncertainty|
    +--------+----------+----------+------------+
    |ap_clk  |  10.00 ns|  7.300 ns|     2.70 ns|
    +--------+----------+----------+------------+

+ Latency: 
    * Summary: 
    +---------+---------+----------+----------+-----+-----+---------+
    |  Latency (cycles) |  Latency (absolute) |  Interval | Pipeline|
    |   min   |   max   |    min   |    max   | min | max |   Type  |
    +---------+---------+----------+----------+-----+-----+---------+
    |        ?|        ?|         ?|         ?|    ?|    ?|       no|
    +---------+---------+----------+----------+-----+-----+---------+

    + Detail: 
        * Instance: 
        N/A

        * Loop: 
        +---------------------------------+---------+---------+----------+-----------+-----------+------+----------+
        |                                 |  Latency (cycles) | Iteration|  Initiation Interval  | Trip |          |
        |            Loop Name            |   min   |   max   |  Latency |  achieved |   target  | Count| Pipelined|
        +---------------------------------+---------+---------+----------+-----------+-----------+------+----------+
        |- InputTileHread_InputTileWread  |        ?|        ?|        13|          1|          1|     ?|       yes|
        +---------------------------------+---------+---------+----------+-----------+-----------+------+----------+



================================================================
== Utilization Estimates
================================================================
* Summary: 
+-----------------+---------+------+--------+--------+-----+
|       Name      | BRAM_18K|  DSP |   FF   |   LUT  | URAM|
+-----------------+---------+------+--------+--------+-----+
|DSP              |        -|     -|       -|       -|    -|
|Expression       |        -|     -|       0|     570|    -|
|FIFO             |        -|     -|       -|       -|    -|
|Instance         |        -|     1|     235|     155|    -|
|Memory           |        -|     -|       -|       -|    -|
|Multiplexer      |        -|     -|       -|      72|    -|
|Register         |        -|     -|     307|      64|    -|
+-----------------+---------+------+--------+--------+-----+
|Total            |        0|     1|     542|     861|    0|
+-----------------+---------+------+--------+--------+-----+
|Available        |      288|  1248|  234240|  117120|   64|
+-----------------+---------+------+--------+--------+-----+
|Utilization (%)  |        0|    ~0|      ~0|      ~0|    0|
+-----------------+---------+------+--------+--------+-----+

+ Detail: 
    * Instance: 
    +--------------------------+---------------------+---------+----+-----+-----+-----+
    |         Instance         |        Module       | BRAM_18K| DSP|  FF | LUT | URAM|
    +--------------------------+---------------------+---------+----+-----+-----+-----+
    |mul_9ns_11ns_19_1_1_U235  |mul_9ns_11ns_19_1_1  |        0|   1|    0|    5|    0|
    |urem_9ns_3ns_2_13_1_U236  |urem_9ns_3ns_2_13_1  |        0|   0|  235|  150|    0|
    +--------------------------+---------------------+---------+----+-----+-----+-----+
    |Total                     |                     |        0|   1|  235|  155|    0|
    +--------------------------+---------------------+---------+----+-----+-----+-----+

    * DSP: 
    N/A

    * Memory: 
    N/A

    * FIFO: 
    N/A

    * Expression: 
    +---------------------------+----------+----+---+----+------------+------------+
    |       Variable Name       | Operation| DSP| FF| LUT| Bitwidth P0| Bitwidth P1|
    +---------------------------+----------+----+---+----+------------+------------+
    |add_ln43_1_fu_321_p2       |         +|   0|  0|  25|          18|           1|
    |add_ln43_fu_330_p2         |         +|   0|  0|  16|           9|           1|
    |add_ln47_1_fu_272_p2       |         +|   0|  0|  18|          11|          11|
    |add_ln47_2_fu_369_p2       |         +|   0|  0|  18|          11|          11|
    |add_ln48_1_fu_374_p2       |         +|   0|  0|  17|          10|          10|
    |add_ln48_fu_277_p2         |         +|   0|  0|  17|          10|          10|
    |add_ln52_fu_632_p2         |         +|   0|  0|  16|           9|           1|
    |add_ln56_1_fu_468_p2       |         +|   0|  0|  18|          11|          11|
    |add_ln56_fu_455_p2         |         +|   0|  0|  17|          10|           4|
    |add_ln57_fu_474_p2         |         +|   0|  0|  17|          10|          10|
    |add_ln59_1_fu_566_p2       |         +|   0|  0|  71|          64|          64|
    |add_ln59_2_fu_591_p2       |         +|   0|  0|  70|          63|          63|
    |add_ln59_3_fu_620_p2       |         +|   0|  0|  18|          10|          10|
    |add_ln59_4_fu_626_p2       |         +|   0|  0|  18|          10|          10|
    |add_ln59_fu_556_p2         |         +|   0|  0|  19|          19|          19|
    |sub_ln59_fu_526_p2         |         -|   0|  0|  19|          19|          19|
    |icmp_ln43_fu_316_p2        |      icmp|   0|  0|  25|          18|          18|
    |icmp_ln49_1_fu_399_p2      |      icmp|   0|  0|  17|          10|           8|
    |icmp_ln49_fu_302_p2        |      icmp|   0|  0|  17|          10|           8|
    |icmp_ln52_fu_336_p2        |      icmp|   0|  0|  16|           9|           9|
    |icmp_ln58_fu_496_p2        |      icmp|   0|  0|  17|          10|           8|
    |ap_block_pp0_stage0_11001  |        or|   0|  0|   2|           1|           1|
    |ix_fu_488_p3               |    select|   0|  0|  10|           1|           1|
    |iy_1_fu_308_p3             |    select|   0|  0|   8|           1|           3|
    |iy_fu_290_p3               |    select|   0|  0|  10|           1|           1|
    |select_ln43_1_fu_353_p3    |    select|   0|  0|   9|           1|           9|
    |select_ln43_2_fu_413_p3    |    select|   0|  0|   8|           1|           8|
    |select_ln43_fu_341_p3      |    select|   0|  0|   9|           1|           1|
    |select_ln48_fu_387_p3      |    select|   0|  0|  10|           1|           1|
    |select_ln49_fu_405_p3      |    select|   0|  0|   8|           1|           3|
    |select_ln58_fu_536_p3      |    select|   0|  0|   8|           1|           3|
    |ap_enable_pp0              |       xor|   0|  0|   2|           1|           2|
    +---------------------------+----------+----+---+----+------------+------------+
    |Total                      |          |   0|  0| 570|         362|         339|
    +---------------------------+----------+----+---+----+------------+------------+

    * Multiplexer: 
    +-------------------------+----+-----------+-----+-----------+
    |           Name          | LUT| Input Size| Bits| Total Bits|
    +-------------------------+----+-----------+-----+-----------+
    |ap_done_int              |   9|          2|    1|          2|
    |ap_enable_reg_pp0_iter1  |   9|          2|    1|          2|
    |ap_enable_reg_pp0_iter2  |   9|          2|    1|          2|
    |gmem_in_blk_n_AR         |   9|          2|    1|          2|
    |gmem_in_blk_n_R          |   9|          2|    1|          2|
    |indvar_flatten_fu_136    |   9|          2|   18|         36|
    |px_fu_128                |   9|          2|    9|         18|
    |py_fu_132                |   9|          2|    9|         18|
    +-------------------------+----+-----------+-----+-----------+
    |Total                    |  72|         16|   41|         82|
    +-------------------------+----+-----------+-----+-----------+

    * Register: 
    +-----------------------------------+----+----+-----+-----------+
    |                Name               | FF | LUT| Bits| Const Bits|
    +-----------------------------------+----+----+-----+-----------+
    |add_ln59_4_reg_742                 |  10|   0|   10|          0|
    |ap_CS_fsm                          |   1|   0|    1|          0|
    |ap_done_reg                        |   1|   0|    1|          0|
    |ap_enable_reg_pp0_iter1            |   1|   0|    1|          0|
    |ap_enable_reg_pp0_iter10           |   1|   0|    1|          0|
    |ap_enable_reg_pp0_iter11           |   1|   0|    1|          0|
    |ap_enable_reg_pp0_iter12           |   1|   0|    1|          0|
    |ap_enable_reg_pp0_iter13           |   1|   0|    1|          0|
    |ap_enable_reg_pp0_iter2            |   1|   0|    1|          0|
    |ap_enable_reg_pp0_iter3            |   1|   0|    1|          0|
    |ap_enable_reg_pp0_iter4            |   1|   0|    1|          0|
    |ap_enable_reg_pp0_iter5            |   1|   0|    1|          0|
    |ap_enable_reg_pp0_iter6            |   1|   0|    1|          0|
    |ap_enable_reg_pp0_iter7            |   1|   0|    1|          0|
    |ap_enable_reg_pp0_iter8            |   1|   0|    1|          0|
    |ap_enable_reg_pp0_iter9            |   1|   0|    1|          0|
    |ap_loop_exit_ready_pp0_iter10_reg  |   1|   0|    1|          0|
    |ap_loop_exit_ready_pp0_iter11_reg  |   1|   0|    1|          0|
    |ap_loop_exit_ready_pp0_iter12_reg  |   1|   0|    1|          0|
    |ap_loop_exit_ready_pp0_iter2_reg   |   1|   0|    1|          0|
    |ap_loop_exit_ready_pp0_iter3_reg   |   1|   0|    1|          0|
    |ap_loop_exit_ready_pp0_iter4_reg   |   1|   0|    1|          0|
    |ap_loop_exit_ready_pp0_iter5_reg   |   1|   0|    1|          0|
    |ap_loop_exit_ready_pp0_iter6_reg   |   1|   0|    1|          0|
    |ap_loop_exit_ready_pp0_iter7_reg   |   1|   0|    1|          0|
    |ap_loop_exit_ready_pp0_iter8_reg   |   1|   0|    1|          0|
    |ap_loop_exit_ready_pp0_iter9_reg   |   1|   0|    1|          0|
    |gmem_in_addr_read_reg_747          |  32|   0|   32|          0|
    |gmem_in_addr_reg_736               |  64|   0|   64|          0|
    |indvar_flatten_fu_136              |  18|   0|   18|          0|
    |px_fu_128                          |   9|   0|    9|          0|
    |py_fu_132                          |   9|   0|    9|          0|
    |sext_ln47_cast_reg_721             |  11|   0|   11|          0|
    |add_ln59_4_reg_742                 |  64|  32|   10|          0|
    |gmem_in_addr_read_reg_747          |  64|  32|   32|          0|
    +-----------------------------------+----+----+-----+-----------+
    |Total                              | 307|  64|  221|          0|
    +-----------------------------------+----+----+-----+-----------+



================================================================
== Interface
================================================================
* Summary: 
+------------------------------------------------------------------+-----+-----+------------+------------------------------------------------------------------------------+--------------+
|                             RTL Ports                            | Dir | Bits|  Protocol  |                                 Source Object                                |    C Type    |
+------------------------------------------------------------------+-----+-----+------------+------------------------------------------------------------------------------+--------------+
|ap_clk                                                            |   in|    1|  ap_ctrl_hs|  load_tile_mm_Loop_InputTileHread_proc_Pipeline_InputTileHread_InputTileWread|  return value|
|ap_rst                                                            |   in|    1|  ap_ctrl_hs|  load_tile_mm_Loop_InputTileHread_proc_Pipeline_InputTileHread_InputTileWread|  return value|
|ap_start                                                          |   in|    1|  ap_ctrl_hs|  load_tile_mm_Loop_InputTileHread_proc_Pipeline_InputTileHread_InputTileWread|  return value|
|ap_done                                                           |  out|    1|  ap_ctrl_hs|  load_tile_mm_Loop_InputTileHread_proc_Pipeline_InputTileHread_InputTileWread|  return value|
|ap_idle                                                           |  out|    1|  ap_ctrl_hs|  load_tile_mm_Loop_InputTileHread_proc_Pipeline_InputTileHread_InputTileWread|  return value|
|ap_ready                                                          |  out|    1|  ap_ctrl_hs|  load_tile_mm_Loop_InputTileHread_proc_Pipeline_InputTileHread_InputTileWread|  return value|
|m_axi_gmem_in_AWVALID                                             |  out|    1|       m_axi|                                                                       gmem_in|       pointer|
|m_axi_gmem_in_AWREADY                                             |   in|    1|       m_axi|                                                                       gmem_in|       pointer|
|m_axi_gmem_in_AWADDR                                              |  out|   64|       m_axi|                                                                       gmem_in|       pointer|
|m_axi_gmem_in_AWID                                                |  out|    1|       m_axi|                                                                       gmem_in|       pointer|
|m_axi_gmem_in_AWLEN                                               |  out|   32|       m_axi|                                                                       gmem_in|       pointer|
|m_axi_gmem_in_AWSIZE                                              |  out|    3|       m_axi|                                                                       gmem_in|       pointer|
|m_axi_gmem_in_AWBURST                                             |  out|    2|       m_axi|                                                                       gmem_in|       pointer|
|m_axi_gmem_in_AWLOCK                                              |  out|    2|       m_axi|                                                                       gmem_in|       pointer|
|m_axi_gmem_in_AWCACHE                                             |  out|    4|       m_axi|                                                                       gmem_in|       pointer|
|m_axi_gmem_in_AWPROT                                              |  out|    3|       m_axi|                                                                       gmem_in|       pointer|
|m_axi_gmem_in_AWQOS                                               |  out|    4|       m_axi|                                                                       gmem_in|       pointer|
|m_axi_gmem_in_AWREGION                                            |  out|    4|       m_axi|                                                                       gmem_in|       pointer|
|m_axi_gmem_in_AWUSER                                              |  out|    1|       m_axi|                                                                       gmem_in|       pointer|
|m_axi_gmem_in_WVALID                                              |  out|    1|       m_axi|                                                                       gmem_in|       pointer|
|m_axi_gmem_in_WREADY                                              |   in|    1|       m_axi|                                                                       gmem_in|       pointer|
|m_axi_gmem_in_WDATA                                               |  out|   32|       m_axi|                                                                       gmem_in|       pointer|
|m_axi_gmem_in_WSTRB                                               |  out|    4|       m_axi|                                                                       gmem_in|       pointer|
|m_axi_gmem_in_WLAST                                               |  out|    1|       m_axi|                                                                       gmem_in|       pointer|
|m_axi_gmem_in_WID                                                 |  out|    1|       m_axi|                                                                       gmem_in|       pointer|
|m_axi_gmem_in_WUSER                                               |  out|    1|       m_axi|                                                                       gmem_in|       pointer|
|m_axi_gmem_in_ARVALID                                             |  out|    1|       m_axi|                                                                       gmem_in|       pointer|
|m_axi_gmem_in_ARREADY                                             |   in|    1|       m_axi|                                                                       gmem_in|       pointer|
|m_axi_gmem_in_ARADDR                                              |  out|   64|       m_axi|                                                                       gmem_in|       pointer|
|m_axi_gmem_in_ARID                                                |  out|    1|       m_axi|                                                                       gmem_in|       pointer|
|m_axi_gmem_in_ARLEN                                               |  out|   32|       m_axi|                                                                       gmem_in|       pointer|
|m_axi_gmem_in_ARSIZE                                              |  out|    3|       m_axi|                                                                       gmem_in|       pointer|
|m_axi_gmem_in_ARBURST                                             |  out|    2|       m_axi|                                                                       gmem_in|       pointer|
|m_axi_gmem_in_ARLOCK                                              |  out|    2|       m_axi|                                                                       gmem_in|       pointer|
|m_axi_gmem_in_ARCACHE                                             |  out|    4|       m_axi|                                                                       gmem_in|       pointer|
|m_axi_gmem_in_ARPROT                                              |  out|    3|       m_axi|                                                                       gmem_in|       pointer|
|m_axi_gmem_in_ARQOS                                               |  out|    4|       m_axi|                                                                       gmem_in|       pointer|
|m_axi_gmem_in_ARREGION                                            |  out|    4|       m_axi|                                                                       gmem_in|       pointer|
|m_axi_gmem_in_ARUSER                                              |  out|    1|       m_axi|                                                                       gmem_in|       pointer|
|m_axi_gmem_in_RVALID                                              |   in|    1|       m_axi|                                                                       gmem_in|       pointer|
|m_axi_gmem_in_RREADY                                              |  out|    1|       m_axi|                                                                       gmem_in|       pointer|
|m_axi_gmem_in_RDATA                                               |   in|   32|       m_axi|                                                                       gmem_in|       pointer|
|m_axi_gmem_in_RLAST                                               |   in|    1|       m_axi|                                                                       gmem_in|       pointer|
|m_axi_gmem_in_RID                                                 |   in|    1|       m_axi|                                                                       gmem_in|       pointer|
|m_axi_gmem_in_RFIFONUM                                            |   in|    9|       m_axi|                                                                       gmem_in|       pointer|
|m_axi_gmem_in_RUSER                                               |   in|    1|       m_axi|                                                                       gmem_in|       pointer|
|m_axi_gmem_in_RRESP                                               |   in|    2|       m_axi|                                                                       gmem_in|       pointer|
|m_axi_gmem_in_BVALID                                              |   in|    1|       m_axi|                                                                       gmem_in|       pointer|
|m_axi_gmem_in_BREADY                                              |  out|    1|       m_axi|                                                                       gmem_in|       pointer|
|m_axi_gmem_in_BRESP                                               |   in|    2|       m_axi|                                                                       gmem_in|       pointer|
|m_axi_gmem_in_BID                                                 |   in|    1|       m_axi|                                                                       gmem_in|       pointer|
|m_axi_gmem_in_BUSER                                               |   in|    1|       m_axi|                                                                       gmem_in|       pointer|
|mul_ln32                                                          |   in|   10|     ap_none|                                                                      mul_ln32|        scalar|
|sext_ln47                                                         |   in|   10|     ap_none|                                                                     sext_ln47|        scalar|
|add_ln47                                                          |   in|   10|     ap_none|                                                                      add_ln47|        scalar|
|bound                                                             |   in|   18|     ap_none|                                                                         bound|        scalar|
|p_read2                                                           |   in|    9|     ap_none|                                                                       p_read2|        scalar|
|p_read4                                                           |   in|   10|     ap_none|                                                                       p_read4|        scalar|
|in_r                                                              |   in|   64|     ap_none|                                                                          in_r|        scalar|
|sub_ln32                                                          |   in|   63|     ap_none|                                                                      sub_ln32|        scalar|
|srcnn_float_255_255_float_1_9_9_float_float_64_1_1_f_13_address0  |  out|   10|   ap_memory|                       srcnn_float_255_255_float_1_9_9_float_float_64_1_1_f_13|         array|
|srcnn_float_255_255_float_1_9_9_float_float_64_1_1_f_13_ce0       |  out|    1|   ap_memory|                       srcnn_float_255_255_float_1_9_9_float_float_64_1_1_f_13|         array|
|srcnn_float_255_255_float_1_9_9_float_float_64_1_1_f_13_we0       |  out|    1|   ap_memory|                       srcnn_float_255_255_float_1_9_9_float_float_64_1_1_f_13|         array|
|srcnn_float_255_255_float_1_9_9_float_float_64_1_1_f_13_d0        |  out|   32|   ap_memory|                       srcnn_float_255_255_float_1_9_9_float_float_64_1_1_f_13|         array|
|srcnn_float_255_255_float_1_9_9_float_float_64_1_1_f_12_address0  |  out|   10|   ap_memory|                       srcnn_float_255_255_float_1_9_9_float_float_64_1_1_f_12|         array|
|srcnn_float_255_255_float_1_9_9_float_float_64_1_1_f_12_ce0       |  out|    1|   ap_memory|                       srcnn_float_255_255_float_1_9_9_float_float_64_1_1_f_12|         array|
|srcnn_float_255_255_float_1_9_9_float_float_64_1_1_f_12_we0       |  out|    1|   ap_memory|                       srcnn_float_255_255_float_1_9_9_float_float_64_1_1_f_12|         array|
|srcnn_float_255_255_float_1_9_9_float_float_64_1_1_f_12_d0        |  out|   32|   ap_memory|                       srcnn_float_255_255_float_1_9_9_float_float_64_1_1_f_12|         array|
|srcnn_float_255_255_float_1_9_9_float_float_64_1_1_f_11_address0  |  out|   10|   ap_memory|                       srcnn_float_255_255_float_1_9_9_float_float_64_1_1_f_11|         array|
|srcnn_float_255_255_float_1_9_9_float_float_64_1_1_f_11_ce0       |  out|    1|   ap_memory|                       srcnn_float_255_255_float_1_9_9_float_float_64_1_1_f_11|         array|
|srcnn_float_255_255_float_1_9_9_float_float_64_1_1_f_11_we0       |  out|    1|   ap_memory|                       srcnn_float_255_255_float_1_9_9_float_float_64_1_1_f_11|         array|
|srcnn_float_255_255_float_1_9_9_float_float_64_1_1_f_11_d0        |  out|   32|   ap_memory|                       srcnn_float_255_255_float_1_9_9_float_float_64_1_1_f_11|         array|
+------------------------------------------------------------------+-----+-----+------------+------------------------------------------------------------------------------+--------------+

