

================================================================
== Vitis HLS Report for 'load_tile_mm_Pipeline_VITIS_LOOP_40_1_VITIS_LOOP_48_2'
================================================================
* Date:           Mon Oct 20 14:44:34 2025

* Version:        2023.1 (Build 3854077 on May  4 2023)
* Project:        srcnn_hls
* Solution:       solution1 (Vivado IP Flow Target)
* Product family: zynquplus
* Target device:  xck26-sfvc784-2LV-c


================================================================
== Performance Estimates
================================================================
+ Timing: 
    * Summary: 
    +--------+----------+----------+------------+
    |  Clock |  Target  | Estimated| Uncertainty|
    +--------+----------+----------+------------+
    |ap_clk  |  10.00 ns|  7.300 ns|     2.70 ns|
    +--------+----------+----------+------------+

+ Latency: 
    * Summary: 
    +---------+---------+----------+----------+-----+-------+---------+
    |  Latency (cycles) |  Latency (absolute) |   Interval  | Pipeline|
    |   min   |   max   |    min   |    max   | min |  max  |   Type  |
    +---------+---------+----------+----------+-----+-------+---------+
    |      155|    71300|  1.550 us|  0.713 ms|  155|  71300|       no|
    +---------+---------+----------+----------+-----+-------+---------+

    + Detail: 
        * Instance: 
        N/A

        * Loop: 
        +-----------------------------------+---------+---------+----------+-----------+-----------+-------------+----------+
        |                                   |  Latency (cycles) | Iteration|  Initiation Interval  |     Trip    |          |
        |             Loop Name             |   min   |   max   |  Latency |  achieved |   target  |    Count    | Pipelined|
        +-----------------------------------+---------+---------+----------+-----------+-----------+-------------+----------+
        |- VITIS_LOOP_40_1_VITIS_LOOP_48_2  |      153|    71298|        11|          1|          1|  144 ~ 71289|       yes|
        +-----------------------------------+---------+---------+----------+-----------+-----------+-------------+----------+



================================================================
== Utilization Estimates
================================================================
* Summary: 
+-----------------+---------+------+--------+--------+-----+
|       Name      | BRAM_18K|  DSP |   FF   |   LUT  | URAM|
+-----------------+---------+------+--------+--------+-----+
|DSP              |        -|     -|       -|       -|    -|
|Expression       |        -|     -|       0|     546|    -|
|FIFO             |        -|     -|       -|       -|    -|
|Instance         |        -|     -|       -|       -|    -|
|Memory           |        -|     -|       -|       -|    -|
|Multiplexer      |        -|     -|       -|      72|    -|
|Register         |        -|     -|     265|      32|    -|
+-----------------+---------+------+--------+--------+-----+
|Total            |        0|     0|     265|     650|    0|
+-----------------+---------+------+--------+--------+-----+
|Available        |      288|  1248|  234240|  117120|   64|
+-----------------+---------+------+--------+--------+-----+
|Utilization (%)  |        0|     0|      ~0|      ~0|    0|
+-----------------+---------+------+--------+--------+-----+

+ Detail: 
    * Instance: 
    N/A

    * DSP: 
    N/A

    * Memory: 
    N/A

    * FIFO: 
    N/A

    * Expression: 
    +---------------------------+----------+----+---+----+------------+------------+
    |       Variable Name       | Operation| DSP| FF| LUT| Bitwidth P0| Bitwidth P1|
    +---------------------------+----------+----+---+----+------------+------------+
    |add_ln40_1_fu_327_p2       |         +|   0|  0|  24|          17|           1|
    |add_ln40_2_fu_336_p2       |         +|   0|  0|  16|           9|           1|
    |add_ln44_1_fu_248_p2       |         +|   0|  0|  18|          11|          11|
    |add_ln44_2_fu_410_p2       |         +|   0|  0|  18|          11|          11|
    |add_ln45_1_fu_415_p2       |         +|   0|  0|  17|          10|          10|
    |add_ln45_fu_253_p2         |         +|   0|  0|  17|          10|          10|
    |add_ln48_fu_597_p2         |         +|   0|  0|  16|           9|           1|
    |add_ln50_fu_506_p2         |         +|   0|  0|  18|          11|          11|
    |add_ln51_fu_511_p2         |         +|   0|  0|  17|          10|          10|
    |add_ln53_1_fu_572_p2       |         +|   0|  0|  71|          64|          64|
    |add_ln53_2_fu_367_p2       |         +|   0|  0|  17|          10|          10|
    |add_ln53_3_fu_496_p2       |         +|   0|  0|  17|          11|          11|
    |add_ln53_fu_562_p2         |         +|   0|  0|  26|          19|          19|
    |sub_ln53_1_fu_396_p2       |         -|   0|  0|  17|          11|          11|
    |sub_ln53_2_fu_478_p2       |         -|   0|  0|  26|          19|          19|
    |sub_ln53_fu_316_p2         |         -|   0|  0|  26|          19|          19|
    |icmp_ln40_fu_322_p2        |      icmp|   0|  0|  24|          17|          17|
    |icmp_ln46_1_fu_440_p2      |      icmp|   0|  0|  17|          10|           8|
    |icmp_ln46_fu_278_p2        |      icmp|   0|  0|  17|          10|           8|
    |icmp_ln48_fu_342_p2        |      icmp|   0|  0|  16|           9|           9|
    |icmp_ln52_fu_532_p2        |      icmp|   0|  0|  17|          10|           8|
    |ap_block_pp0_stage0_11001  |        or|   0|  0|   2|           1|           1|
    |ix_fu_524_p3               |    select|   0|  0|  10|           1|           1|
    |iy_1_fu_284_p3             |    select|   0|  0|   8|           1|           3|
    |iy_fu_266_p3               |    select|   0|  0|  10|           1|           1|
    |select_ln40_1_fu_355_p3    |    select|   0|  0|   9|           1|           9|
    |select_ln40_2_fu_484_p3    |    select|   0|  0|  18|           1|          19|
    |select_ln40_fu_347_p3      |    select|   0|  0|   9|           1|           1|
    |select_ln45_fu_428_p3      |    select|   0|  0|  10|           1|           1|
    |select_ln46_fu_446_p3      |    select|   0|  0|   8|           1|           3|
    |select_ln52_fu_542_p3      |    select|   0|  0|   8|           1|           3|
    |ap_enable_pp0              |       xor|   0|  0|   2|           1|           2|
    +---------------------------+----------+----+---+----+------------+------------+
    |Total                      |          |   0|  0| 546|         318|         313|
    +---------------------------+----------+----+---+----+------------+------------+

    * Multiplexer: 
    +-------------------------+----+-----------+-----+-----------+
    |           Name          | LUT| Input Size| Bits| Total Bits|
    +-------------------------+----+-----------+-----+-----------+
    |ap_done_int              |   9|          2|    1|          2|
    |ap_enable_reg_pp0_iter1  |   9|          2|    1|          2|
    |ap_enable_reg_pp0_iter2  |   9|          2|    1|          2|
    |gmem_in_blk_n_AR         |   9|          2|    1|          2|
    |gmem_in_blk_n_R          |   9|          2|    1|          2|
    |indvar_flatten_fu_122    |   9|          2|   17|         34|
    |px_fu_114                |   9|          2|    9|         18|
    |py_fu_118                |   9|          2|    9|         18|
    +-------------------------+----+-----------+-----+-----------+
    |Total                    |  72|         16|   40|         80|
    +-------------------------+----+-----------+-----+-----------+

    * Register: 
    +-----------------------------------+----+----+-----+-----------+
    |                Name               | FF | LUT| Bits| Const Bits|
    +-----------------------------------+----+----+-----+-----------+
    |add_ln53_3_reg_693                 |  11|   0|   11|          0|
    |ap_CS_fsm                          |   1|   0|    1|          0|
    |ap_done_reg                        |   1|   0|    1|          0|
    |ap_enable_reg_pp0_iter1            |   1|   0|    1|          0|
    |ap_enable_reg_pp0_iter10           |   1|   0|    1|          0|
    |ap_enable_reg_pp0_iter11           |   1|   0|    1|          0|
    |ap_enable_reg_pp0_iter2            |   1|   0|    1|          0|
    |ap_enable_reg_pp0_iter3            |   1|   0|    1|          0|
    |ap_enable_reg_pp0_iter4            |   1|   0|    1|          0|
    |ap_enable_reg_pp0_iter5            |   1|   0|    1|          0|
    |ap_enable_reg_pp0_iter6            |   1|   0|    1|          0|
    |ap_enable_reg_pp0_iter7            |   1|   0|    1|          0|
    |ap_enable_reg_pp0_iter8            |   1|   0|    1|          0|
    |ap_enable_reg_pp0_iter9            |   1|   0|    1|          0|
    |ap_loop_exit_ready_pp0_iter10_reg  |   1|   0|    1|          0|
    |ap_loop_exit_ready_pp0_iter2_reg   |   1|   0|    1|          0|
    |ap_loop_exit_ready_pp0_iter3_reg   |   1|   0|    1|          0|
    |ap_loop_exit_ready_pp0_iter4_reg   |   1|   0|    1|          0|
    |ap_loop_exit_ready_pp0_iter5_reg   |   1|   0|    1|          0|
    |ap_loop_exit_ready_pp0_iter6_reg   |   1|   0|    1|          0|
    |ap_loop_exit_ready_pp0_iter7_reg   |   1|   0|    1|          0|
    |ap_loop_exit_ready_pp0_iter8_reg   |   1|   0|    1|          0|
    |ap_loop_exit_ready_pp0_iter9_reg   |   1|   0|    1|          0|
    |gmem_in_addr_read_reg_704          |  32|   0|   32|          0|
    |gmem_in_addr_reg_698               |  64|   0|   64|          0|
    |indvar_flatten_fu_122              |  17|   0|   17|          0|
    |px_fu_114                          |   9|   0|    9|          0|
    |py_fu_118                          |   9|   0|    9|          0|
    |select_ln53_cast_cast_reg_684      |   5|   0|   10|          5|
    |sext_ln44_cast_reg_678             |  11|   0|   11|          0|
    |sext_ln50_1_cast_reg_668           |  10|   0|   10|          0|
    |sext_ln50_cast_reg_673             |  11|   0|   11|          0|
    |add_ln53_3_reg_693                 |  64|  32|   11|          0|
    +-----------------------------------+----+----+-----+-----------+
    |Total                              | 265|  32|  217|          5|
    +-----------------------------------+----+----+-----+-----------+



================================================================
== Interface
================================================================
* Summary: 
+------------------------+-----+-----+------------+-------------------------------------------------------+--------------+
|        RTL Ports       | Dir | Bits|  Protocol  |                     Source Object                     |    C Type    |
+------------------------+-----+-----+------------+-------------------------------------------------------+--------------+
|ap_clk                  |   in|    1|  ap_ctrl_hs|  load_tile_mm_Pipeline_VITIS_LOOP_40_1_VITIS_LOOP_48_2|  return value|
|ap_rst                  |   in|    1|  ap_ctrl_hs|  load_tile_mm_Pipeline_VITIS_LOOP_40_1_VITIS_LOOP_48_2|  return value|
|ap_start                |   in|    1|  ap_ctrl_hs|  load_tile_mm_Pipeline_VITIS_LOOP_40_1_VITIS_LOOP_48_2|  return value|
|ap_done                 |  out|    1|  ap_ctrl_hs|  load_tile_mm_Pipeline_VITIS_LOOP_40_1_VITIS_LOOP_48_2|  return value|
|ap_idle                 |  out|    1|  ap_ctrl_hs|  load_tile_mm_Pipeline_VITIS_LOOP_40_1_VITIS_LOOP_48_2|  return value|
|ap_ready                |  out|    1|  ap_ctrl_hs|  load_tile_mm_Pipeline_VITIS_LOOP_40_1_VITIS_LOOP_48_2|  return value|
|m_axi_gmem_in_AWVALID   |  out|    1|       m_axi|                                                gmem_in|       pointer|
|m_axi_gmem_in_AWREADY   |   in|    1|       m_axi|                                                gmem_in|       pointer|
|m_axi_gmem_in_AWADDR    |  out|   64|       m_axi|                                                gmem_in|       pointer|
|m_axi_gmem_in_AWID      |  out|    1|       m_axi|                                                gmem_in|       pointer|
|m_axi_gmem_in_AWLEN     |  out|   32|       m_axi|                                                gmem_in|       pointer|
|m_axi_gmem_in_AWSIZE    |  out|    3|       m_axi|                                                gmem_in|       pointer|
|m_axi_gmem_in_AWBURST   |  out|    2|       m_axi|                                                gmem_in|       pointer|
|m_axi_gmem_in_AWLOCK    |  out|    2|       m_axi|                                                gmem_in|       pointer|
|m_axi_gmem_in_AWCACHE   |  out|    4|       m_axi|                                                gmem_in|       pointer|
|m_axi_gmem_in_AWPROT    |  out|    3|       m_axi|                                                gmem_in|       pointer|
|m_axi_gmem_in_AWQOS     |  out|    4|       m_axi|                                                gmem_in|       pointer|
|m_axi_gmem_in_AWREGION  |  out|    4|       m_axi|                                                gmem_in|       pointer|
|m_axi_gmem_in_AWUSER    |  out|    1|       m_axi|                                                gmem_in|       pointer|
|m_axi_gmem_in_WVALID    |  out|    1|       m_axi|                                                gmem_in|       pointer|
|m_axi_gmem_in_WREADY    |   in|    1|       m_axi|                                                gmem_in|       pointer|
|m_axi_gmem_in_WDATA     |  out|   32|       m_axi|                                                gmem_in|       pointer|
|m_axi_gmem_in_WSTRB     |  out|    4|       m_axi|                                                gmem_in|       pointer|
|m_axi_gmem_in_WLAST     |  out|    1|       m_axi|                                                gmem_in|       pointer|
|m_axi_gmem_in_WID       |  out|    1|       m_axi|                                                gmem_in|       pointer|
|m_axi_gmem_in_WUSER     |  out|    1|       m_axi|                                                gmem_in|       pointer|
|m_axi_gmem_in_ARVALID   |  out|    1|       m_axi|                                                gmem_in|       pointer|
|m_axi_gmem_in_ARREADY   |   in|    1|       m_axi|                                                gmem_in|       pointer|
|m_axi_gmem_in_ARADDR    |  out|   64|       m_axi|                                                gmem_in|       pointer|
|m_axi_gmem_in_ARID      |  out|    1|       m_axi|                                                gmem_in|       pointer|
|m_axi_gmem_in_ARLEN     |  out|   32|       m_axi|                                                gmem_in|       pointer|
|m_axi_gmem_in_ARSIZE    |  out|    3|       m_axi|                                                gmem_in|       pointer|
|m_axi_gmem_in_ARBURST   |  out|    2|       m_axi|                                                gmem_in|       pointer|
|m_axi_gmem_in_ARLOCK    |  out|    2|       m_axi|                                                gmem_in|       pointer|
|m_axi_gmem_in_ARCACHE   |  out|    4|       m_axi|                                                gmem_in|       pointer|
|m_axi_gmem_in_ARPROT    |  out|    3|       m_axi|                                                gmem_in|       pointer|
|m_axi_gmem_in_ARQOS     |  out|    4|       m_axi|                                                gmem_in|       pointer|
|m_axi_gmem_in_ARREGION  |  out|    4|       m_axi|                                                gmem_in|       pointer|
|m_axi_gmem_in_ARUSER    |  out|    1|       m_axi|                                                gmem_in|       pointer|
|m_axi_gmem_in_RVALID    |   in|    1|       m_axi|                                                gmem_in|       pointer|
|m_axi_gmem_in_RREADY    |  out|    1|       m_axi|                                                gmem_in|       pointer|
|m_axi_gmem_in_RDATA     |   in|   32|       m_axi|                                                gmem_in|       pointer|
|m_axi_gmem_in_RLAST     |   in|    1|       m_axi|                                                gmem_in|       pointer|
|m_axi_gmem_in_RID       |   in|    1|       m_axi|                                                gmem_in|       pointer|
|m_axi_gmem_in_RFIFONUM  |   in|    9|       m_axi|                                                gmem_in|       pointer|
|m_axi_gmem_in_RUSER     |   in|    1|       m_axi|                                                gmem_in|       pointer|
|m_axi_gmem_in_RRESP     |   in|    2|       m_axi|                                                gmem_in|       pointer|
|m_axi_gmem_in_BVALID    |   in|    1|       m_axi|                                                gmem_in|       pointer|
|m_axi_gmem_in_BREADY    |  out|    1|       m_axi|                                                gmem_in|       pointer|
|m_axi_gmem_in_BRESP     |   in|    2|       m_axi|                                                gmem_in|       pointer|
|m_axi_gmem_in_BID       |   in|    1|       m_axi|                                                gmem_in|       pointer|
|m_axi_gmem_in_BUSER     |   in|    1|       m_axi|                                                gmem_in|       pointer|
|sext_ln44               |   in|   10|     ap_none|                                              sext_ln44|        scalar|
|add_ln44                |   in|   10|     ap_none|                                               add_ln44|        scalar|
|bound                   |   in|   17|     ap_none|                                                  bound|        scalar|
|add_ln40                |   in|    9|     ap_none|                                               add_ln40|        scalar|
|select_ln53             |   in|    3|     ap_none|                                            select_ln53|        scalar|
|sext_ln50               |   in|    9|     ap_none|                                              sext_ln50|        scalar|
|sext_ln50_1             |   in|    9|     ap_none|                                            sext_ln50_1|        scalar|
|input_ftmap             |   in|   64|     ap_none|                                            input_ftmap|        scalar|
|inbuf_address0          |  out|   11|   ap_memory|                                                  inbuf|         array|
|inbuf_ce0               |  out|    1|   ap_memory|                                                  inbuf|         array|
|inbuf_we0               |  out|    1|   ap_memory|                                                  inbuf|         array|
|inbuf_d0                |  out|   32|   ap_memory|                                                  inbuf|         array|
+------------------------+-----+-----+------------+-------------------------------------------------------+--------------+

