

================================================================
== Vitis HLS Report for 'load_tile_mm_Pipeline_InputTileHread_InputTileWread'
================================================================
* Date:           Tue Oct 21 15:32:14 2025

* Version:        2023.1 (Build 3854077 on May  4 2023)
* Project:        srcnn_hls
* Solution:       solution1 (Vivado IP Flow Target)
* Product family: zynquplus
* Target device:  xck26-sfvc784-2LV-c


================================================================
== Performance Estimates
================================================================
+ Timing: 
    * Summary: 
    +--------+----------+----------+------------+
    |  Clock |  Target  | Estimated| Uncertainty|
    +--------+----------+----------+------------+
    |ap_clk  |  10.00 ns|  7.300 ns|     2.70 ns|
    +--------+----------+----------+------------+

+ Latency: 
    * Summary: 
    +---------+---------+----------+----------+-----+-------+---------+
    |  Latency (cycles) |  Latency (absolute) |   Interval  | Pipeline|
    |   min   |   max   |    min   |    max   | min |  max  |   Type  |
    +---------+---------+----------+----------+-----+-------+---------+
    |      157|    71302|  1.570 us|  0.713 ms|  157|  71302|       no|
    +---------+---------+----------+----------+-----+-------+---------+

    + Detail: 
        * Instance: 
        N/A

        * Loop: 
        +---------------------------------+---------+---------+----------+-----------+-----------+-------------+----------+
        |                                 |  Latency (cycles) | Iteration|  Initiation Interval  |     Trip    |          |
        |            Loop Name            |   min   |   max   |  Latency |  achieved |   target  |    Count    | Pipelined|
        +---------------------------------+---------+---------+----------+-----------+-----------+-------------+----------+
        |- InputTileHread_InputTileWread  |      155|    71300|        13|          1|          1|  144 ~ 71289|       yes|
        +---------------------------------+---------+---------+----------+-----------+-----------+-------------+----------+



================================================================
== Utilization Estimates
================================================================
* Summary: 
+-----------------+---------+------+--------+--------+-----+
|       Name      | BRAM_18K|  DSP |   FF   |   LUT  | URAM|
+-----------------+---------+------+--------+--------+-----+
|DSP              |        -|     -|       -|       -|    -|
|Expression       |        -|     -|       0|     512|    -|
|FIFO             |        -|     -|       -|       -|    -|
|Instance         |        -|     1|     235|     155|    -|
|Memory           |        -|     -|       -|       -|    -|
|Multiplexer      |        -|     -|       -|      72|    -|
|Register         |        -|     -|     324|      64|    -|
+-----------------+---------+------+--------+--------+-----+
|Total            |        0|     1|     559|     803|    0|
+-----------------+---------+------+--------+--------+-----+
|Available        |      288|  1248|  234240|  117120|   64|
+-----------------+---------+------+--------+--------+-----+
|Utilization (%)  |        0|    ~0|      ~0|      ~0|    0|
+-----------------+---------+------+--------+--------+-----+

+ Detail: 
    * Instance: 
    +--------------------------+---------------------+---------+----+-----+-----+-----+
    |         Instance         |        Module       | BRAM_18K| DSP|  FF | LUT | URAM|
    +--------------------------+---------------------+---------+----+-----+-----+-----+
    |mul_9ns_11ns_19_1_1_U437  |mul_9ns_11ns_19_1_1  |        0|   1|    0|    5|    0|
    |urem_9ns_3ns_2_13_1_U438  |urem_9ns_3ns_2_13_1  |        0|   0|  235|  150|    0|
    +--------------------------+---------------------+---------+----+-----+-----+-----+
    |Total                     |                     |        0|   1|  235|  155|    0|
    +--------------------------+---------------------+---------+----+-----+-----+-----+

    * DSP: 
    N/A

    * Memory: 
    N/A

    * FIFO: 
    N/A

    * Expression: 
    +---------------------------+----------+----+---+----+------------+------------+
    |       Variable Name       | Operation| DSP| FF| LUT| Bitwidth P0| Bitwidth P1|
    +---------------------------+----------+----+---+----+------------+------------+
    |add_ln43_1_fu_341_p2       |         +|   0|  0|  24|          17|           1|
    |add_ln43_2_fu_350_p2       |         +|   0|  0|  16|           9|           1|
    |add_ln48_1_fu_292_p2       |         +|   0|  0|  18|          11|          11|
    |add_ln48_2_fu_424_p2       |         +|   0|  0|  18|          11|          11|
    |add_ln49_1_fu_429_p2       |         +|   0|  0|  17|          10|          10|
    |add_ln49_fu_297_p2         |         +|   0|  0|  17|          10|          10|
    |add_ln53_fu_656_p2         |         +|   0|  0|  16|           9|           1|
    |add_ln57_1_fu_533_p2       |         +|   0|  0|  18|          11|          11|
    |add_ln57_fu_516_p2         |         +|   0|  0|  16|           9|           4|
    |add_ln58_fu_539_p2         |         +|   0|  0|  17|          10|          10|
    |add_ln60_1_fu_631_p2       |         +|   0|  0|  71|          64|          64|
    |add_ln60_3_fu_381_p2       |         +|   0|  0|  17|          10|          10|
    |add_ln60_4_fu_410_p2       |         +|   0|  0|  17|          13|          13|
    |add_ln60_5_fu_504_p2       |         +|   0|  0|  17|          13|          13|
    |add_ln60_fu_621_p2         |         +|   0|  0|  19|          19|          19|
    |sub_ln60_fu_591_p2         |         -|   0|  0|  19|          19|          19|
    |icmp_ln43_fu_336_p2        |      icmp|   0|  0|  24|          17|          17|
    |icmp_ln50_1_fu_454_p2      |      icmp|   0|  0|  17|          10|           8|
    |icmp_ln50_fu_322_p2        |      icmp|   0|  0|  17|          10|           8|
    |icmp_ln53_fu_356_p2        |      icmp|   0|  0|  16|           9|           9|
    |icmp_ln59_fu_561_p2        |      icmp|   0|  0|  17|          10|           8|
    |ap_block_pp0_stage0_11001  |        or|   0|  0|   2|           1|           1|
    |ix_fu_553_p3               |    select|   0|  0|  10|           1|           1|
    |iy_1_fu_328_p3             |    select|   0|  0|   8|           1|           3|
    |iy_fu_310_p3               |    select|   0|  0|  10|           1|           1|
    |select_ln43_1_fu_369_p3    |    select|   0|  0|   9|           1|           9|
    |select_ln43_2_fu_468_p3    |    select|   0|  0|   8|           1|           8|
    |select_ln43_fu_361_p3      |    select|   0|  0|   9|           1|           1|
    |select_ln49_fu_442_p3      |    select|   0|  0|  10|           1|           1|
    |select_ln50_fu_460_p3      |    select|   0|  0|   8|           1|           3|
    |select_ln59_fu_601_p3      |    select|   0|  0|   8|           1|           3|
    |ap_enable_pp0              |       xor|   0|  0|   2|           1|           2|
    +---------------------------+----------+----+---+----+------------+------------+
    |Total                      |          |   0|  0| 512|         312|         291|
    +---------------------------+----------+----+---+----+------------+------------+

    * Multiplexer: 
    +-------------------------+----+-----------+-----+-----------+
    |           Name          | LUT| Input Size| Bits| Total Bits|
    +-------------------------+----+-----------+-----+-----------+
    |ap_done_int              |   9|          2|    1|          2|
    |ap_enable_reg_pp0_iter1  |   9|          2|    1|          2|
    |ap_enable_reg_pp0_iter2  |   9|          2|    1|          2|
    |gmem_in_blk_n_AR         |   9|          2|    1|          2|
    |gmem_in_blk_n_R          |   9|          2|    1|          2|
    |indvar_flatten_fu_144    |   9|          2|   17|         34|
    |px_fu_136                |   9|          2|    9|         18|
    |py_fu_140                |   9|          2|    9|         18|
    +-------------------------+----+-----------+-----+-----------+
    |Total                    |  72|         16|   40|         80|
    +-------------------------+----+-----------+-----+-----------+

    * Register: 
    +-----------------------------------+----+----+-----+-----------+
    |                Name               | FF | LUT| Bits| Const Bits|
    +-----------------------------------+----+----+-----+-----------+
    |add_ln60_5_reg_760                 |  13|   0|   13|          0|
    |ap_CS_fsm                          |   1|   0|    1|          0|
    |ap_done_reg                        |   1|   0|    1|          0|
    |ap_enable_reg_pp0_iter1            |   1|   0|    1|          0|
    |ap_enable_reg_pp0_iter10           |   1|   0|    1|          0|
    |ap_enable_reg_pp0_iter11           |   1|   0|    1|          0|
    |ap_enable_reg_pp0_iter12           |   1|   0|    1|          0|
    |ap_enable_reg_pp0_iter13           |   1|   0|    1|          0|
    |ap_enable_reg_pp0_iter2            |   1|   0|    1|          0|
    |ap_enable_reg_pp0_iter3            |   1|   0|    1|          0|
    |ap_enable_reg_pp0_iter4            |   1|   0|    1|          0|
    |ap_enable_reg_pp0_iter5            |   1|   0|    1|          0|
    |ap_enable_reg_pp0_iter6            |   1|   0|    1|          0|
    |ap_enable_reg_pp0_iter7            |   1|   0|    1|          0|
    |ap_enable_reg_pp0_iter8            |   1|   0|    1|          0|
    |ap_enable_reg_pp0_iter9            |   1|   0|    1|          0|
    |ap_loop_exit_ready_pp0_iter10_reg  |   1|   0|    1|          0|
    |ap_loop_exit_ready_pp0_iter11_reg  |   1|   0|    1|          0|
    |ap_loop_exit_ready_pp0_iter12_reg  |   1|   0|    1|          0|
    |ap_loop_exit_ready_pp0_iter2_reg   |   1|   0|    1|          0|
    |ap_loop_exit_ready_pp0_iter3_reg   |   1|   0|    1|          0|
    |ap_loop_exit_ready_pp0_iter4_reg   |   1|   0|    1|          0|
    |ap_loop_exit_ready_pp0_iter5_reg   |   1|   0|    1|          0|
    |ap_loop_exit_ready_pp0_iter6_reg   |   1|   0|    1|          0|
    |ap_loop_exit_ready_pp0_iter7_reg   |   1|   0|    1|          0|
    |ap_loop_exit_ready_pp0_iter8_reg   |   1|   0|    1|          0|
    |ap_loop_exit_ready_pp0_iter9_reg   |   1|   0|    1|          0|
    |gmem_in_addr_read_reg_771          |  32|   0|   32|          0|
    |gmem_in_addr_reg_765               |  64|   0|   64|          0|
    |indvar_flatten_fu_144              |  17|   0|   17|          0|
    |px_fu_136                          |   9|   0|    9|          0|
    |py_fu_140                          |   9|   0|    9|          0|
    |select_ln60_cast_cast_reg_746      |   7|   0|   10|          3|
    |sext_ln48_cast_reg_740             |  11|   0|   11|          0|
    |w0_cast2_cast_reg_735              |   8|   0|    9|          1|
    |add_ln60_5_reg_760                 |  64|  32|   13|          0|
    |gmem_in_addr_read_reg_771          |  64|  32|   32|          0|
    +-----------------------------------+----+----+-----+-----------+
    |Total                              | 324|  64|  245|          4|
    +-----------------------------------+----+----+-----+-----------+



================================================================
== Interface
================================================================
* Summary: 
+------------------------------------------------------------------+-----+-----+------------+---------------------------------------------------------+--------------+
|                             RTL Ports                            | Dir | Bits|  Protocol  |                      Source Object                      |    C Type    |
+------------------------------------------------------------------+-----+-----+------------+---------------------------------------------------------+--------------+
|ap_clk                                                            |   in|    1|  ap_ctrl_hs|      load_tile_mm_Pipeline_InputTileHread_InputTileWread|  return value|
|ap_rst                                                            |   in|    1|  ap_ctrl_hs|      load_tile_mm_Pipeline_InputTileHread_InputTileWread|  return value|
|ap_start                                                          |   in|    1|  ap_ctrl_hs|      load_tile_mm_Pipeline_InputTileHread_InputTileWread|  return value|
|ap_done                                                           |  out|    1|  ap_ctrl_hs|      load_tile_mm_Pipeline_InputTileHread_InputTileWread|  return value|
|ap_idle                                                           |  out|    1|  ap_ctrl_hs|      load_tile_mm_Pipeline_InputTileHread_InputTileWread|  return value|
|ap_ready                                                          |  out|    1|  ap_ctrl_hs|      load_tile_mm_Pipeline_InputTileHread_InputTileWread|  return value|
|m_axi_gmem_in_AWVALID                                             |  out|    1|       m_axi|                                                  gmem_in|       pointer|
|m_axi_gmem_in_AWREADY                                             |   in|    1|       m_axi|                                                  gmem_in|       pointer|
|m_axi_gmem_in_AWADDR                                              |  out|   64|       m_axi|                                                  gmem_in|       pointer|
|m_axi_gmem_in_AWID                                                |  out|    1|       m_axi|                                                  gmem_in|       pointer|
|m_axi_gmem_in_AWLEN                                               |  out|   32|       m_axi|                                                  gmem_in|       pointer|
|m_axi_gmem_in_AWSIZE                                              |  out|    3|       m_axi|                                                  gmem_in|       pointer|
|m_axi_gmem_in_AWBURST                                             |  out|    2|       m_axi|                                                  gmem_in|       pointer|
|m_axi_gmem_in_AWLOCK                                              |  out|    2|       m_axi|                                                  gmem_in|       pointer|
|m_axi_gmem_in_AWCACHE                                             |  out|    4|       m_axi|                                                  gmem_in|       pointer|
|m_axi_gmem_in_AWPROT                                              |  out|    3|       m_axi|                                                  gmem_in|       pointer|
|m_axi_gmem_in_AWQOS                                               |  out|    4|       m_axi|                                                  gmem_in|       pointer|
|m_axi_gmem_in_AWREGION                                            |  out|    4|       m_axi|                                                  gmem_in|       pointer|
|m_axi_gmem_in_AWUSER                                              |  out|    1|       m_axi|                                                  gmem_in|       pointer|
|m_axi_gmem_in_WVALID                                              |  out|    1|       m_axi|                                                  gmem_in|       pointer|
|m_axi_gmem_in_WREADY                                              |   in|    1|       m_axi|                                                  gmem_in|       pointer|
|m_axi_gmem_in_WDATA                                               |  out|   32|       m_axi|                                                  gmem_in|       pointer|
|m_axi_gmem_in_WSTRB                                               |  out|    4|       m_axi|                                                  gmem_in|       pointer|
|m_axi_gmem_in_WLAST                                               |  out|    1|       m_axi|                                                  gmem_in|       pointer|
|m_axi_gmem_in_WID                                                 |  out|    1|       m_axi|                                                  gmem_in|       pointer|
|m_axi_gmem_in_WUSER                                               |  out|    1|       m_axi|                                                  gmem_in|       pointer|
|m_axi_gmem_in_ARVALID                                             |  out|    1|       m_axi|                                                  gmem_in|       pointer|
|m_axi_gmem_in_ARREADY                                             |   in|    1|       m_axi|                                                  gmem_in|       pointer|
|m_axi_gmem_in_ARADDR                                              |  out|   64|       m_axi|                                                  gmem_in|       pointer|
|m_axi_gmem_in_ARID                                                |  out|    1|       m_axi|                                                  gmem_in|       pointer|
|m_axi_gmem_in_ARLEN                                               |  out|   32|       m_axi|                                                  gmem_in|       pointer|
|m_axi_gmem_in_ARSIZE                                              |  out|    3|       m_axi|                                                  gmem_in|       pointer|
|m_axi_gmem_in_ARBURST                                             |  out|    2|       m_axi|                                                  gmem_in|       pointer|
|m_axi_gmem_in_ARLOCK                                              |  out|    2|       m_axi|                                                  gmem_in|       pointer|
|m_axi_gmem_in_ARCACHE                                             |  out|    4|       m_axi|                                                  gmem_in|       pointer|
|m_axi_gmem_in_ARPROT                                              |  out|    3|       m_axi|                                                  gmem_in|       pointer|
|m_axi_gmem_in_ARQOS                                               |  out|    4|       m_axi|                                                  gmem_in|       pointer|
|m_axi_gmem_in_ARREGION                                            |  out|    4|       m_axi|                                                  gmem_in|       pointer|
|m_axi_gmem_in_ARUSER                                              |  out|    1|       m_axi|                                                  gmem_in|       pointer|
|m_axi_gmem_in_RVALID                                              |   in|    1|       m_axi|                                                  gmem_in|       pointer|
|m_axi_gmem_in_RREADY                                              |  out|    1|       m_axi|                                                  gmem_in|       pointer|
|m_axi_gmem_in_RDATA                                               |   in|   32|       m_axi|                                                  gmem_in|       pointer|
|m_axi_gmem_in_RLAST                                               |   in|    1|       m_axi|                                                  gmem_in|       pointer|
|m_axi_gmem_in_RID                                                 |   in|    1|       m_axi|                                                  gmem_in|       pointer|
|m_axi_gmem_in_RFIFONUM                                            |   in|    9|       m_axi|                                                  gmem_in|       pointer|
|m_axi_gmem_in_RUSER                                               |   in|    1|       m_axi|                                                  gmem_in|       pointer|
|m_axi_gmem_in_RRESP                                               |   in|    2|       m_axi|                                                  gmem_in|       pointer|
|m_axi_gmem_in_BVALID                                              |   in|    1|       m_axi|                                                  gmem_in|       pointer|
|m_axi_gmem_in_BREADY                                              |  out|    1|       m_axi|                                                  gmem_in|       pointer|
|m_axi_gmem_in_BRESP                                               |   in|    2|       m_axi|                                                  gmem_in|       pointer|
|m_axi_gmem_in_BID                                                 |   in|    1|       m_axi|                                                  gmem_in|       pointer|
|m_axi_gmem_in_BUSER                                               |   in|    1|       m_axi|                                                  gmem_in|       pointer|
|add_ln60_2                                                        |   in|   11|     ap_none|                                               add_ln60_2|        scalar|
|sext_ln48                                                         |   in|   10|     ap_none|                                                sext_ln48|        scalar|
|add_ln48                                                          |   in|   10|     ap_none|                                                 add_ln48|        scalar|
|bound                                                             |   in|   17|     ap_none|                                                    bound|        scalar|
|add_ln43                                                          |   in|    9|     ap_none|                                                 add_ln43|        scalar|
|select_ln60                                                       |   in|    6|     ap_none|                                              select_ln60|        scalar|
|w0_cast2                                                          |   in|    8|     ap_none|                                                 w0_cast2|        scalar|
|input_ftmap                                                       |   in|   64|     ap_none|                                              input_ftmap|        scalar|
|srcnn_float_255_255_float_1_9_9_float_float_64_1_1_f_45_address0  |  out|   13|   ap_memory|  srcnn_float_255_255_float_1_9_9_float_float_64_1_1_f_45|         array|
|srcnn_float_255_255_float_1_9_9_float_float_64_1_1_f_45_ce0       |  out|    1|   ap_memory|  srcnn_float_255_255_float_1_9_9_float_float_64_1_1_f_45|         array|
|srcnn_float_255_255_float_1_9_9_float_float_64_1_1_f_45_we0       |  out|    1|   ap_memory|  srcnn_float_255_255_float_1_9_9_float_float_64_1_1_f_45|         array|
|srcnn_float_255_255_float_1_9_9_float_float_64_1_1_f_45_d0        |  out|   32|   ap_memory|  srcnn_float_255_255_float_1_9_9_float_float_64_1_1_f_45|         array|
|srcnn_float_255_255_float_1_9_9_float_float_64_1_1_f_44_address0  |  out|   13|   ap_memory|  srcnn_float_255_255_float_1_9_9_float_float_64_1_1_f_44|         array|
|srcnn_float_255_255_float_1_9_9_float_float_64_1_1_f_44_ce0       |  out|    1|   ap_memory|  srcnn_float_255_255_float_1_9_9_float_float_64_1_1_f_44|         array|
|srcnn_float_255_255_float_1_9_9_float_float_64_1_1_f_44_we0       |  out|    1|   ap_memory|  srcnn_float_255_255_float_1_9_9_float_float_64_1_1_f_44|         array|
|srcnn_float_255_255_float_1_9_9_float_float_64_1_1_f_44_d0        |  out|   32|   ap_memory|  srcnn_float_255_255_float_1_9_9_float_float_64_1_1_f_44|         array|
|srcnn_float_255_255_float_1_9_9_float_float_64_1_1_f_43_address0  |  out|   13|   ap_memory|  srcnn_float_255_255_float_1_9_9_float_float_64_1_1_f_43|         array|
|srcnn_float_255_255_float_1_9_9_float_float_64_1_1_f_43_ce0       |  out|    1|   ap_memory|  srcnn_float_255_255_float_1_9_9_float_float_64_1_1_f_43|         array|
|srcnn_float_255_255_float_1_9_9_float_float_64_1_1_f_43_we0       |  out|    1|   ap_memory|  srcnn_float_255_255_float_1_9_9_float_float_64_1_1_f_43|         array|
|srcnn_float_255_255_float_1_9_9_float_float_64_1_1_f_43_d0        |  out|   32|   ap_memory|  srcnn_float_255_255_float_1_9_9_float_float_64_1_1_f_43|         array|
+------------------------------------------------------------------+-----+-----+------------+---------------------------------------------------------+--------------+

