

================================================================
== Vitis HLS Report for 'srcnn_Pipeline_CopyW1_ky_CopyW1_kx'
================================================================
* Date:           Tue Oct 21 03:22:09 2025

* Version:        2023.1 (Build 3854077 on May  4 2023)
* Project:        srcnn_hls
* Solution:       solution1 (Vivado IP Flow Target)
* Product family: zynquplus
* Target device:  xck26-sfvc784-2LV-c


================================================================
== Performance Estimates
================================================================
+ Timing: 
    * Summary: 
    +--------+----------+----------+------------+
    |  Clock |  Target  | Estimated| Uncertainty|
    +--------+----------+----------+------------+
    |ap_clk  |  10.00 ns|  7.300 ns|     2.70 ns|
    +--------+----------+----------+------------+

+ Latency: 
    * Summary: 
    +---------+---------+----------+----------+-----+-----+---------+
    |  Latency (cycles) |  Latency (absolute) |  Interval | Pipeline|
    |   min   |   max   |    min   |    max   | min | max |   Type  |
    +---------+---------+----------+----------+-----+-----+---------+
    |       92|       92|  0.920 us|  0.920 us|   92|   92|       no|
    +---------+---------+----------+----------+-----+-----+---------+

    + Detail: 
        * Instance: 
        N/A

        * Loop: 
        +-----------------------+---------+---------+----------+-----------+-----------+------+----------+
        |                       |  Latency (cycles) | Iteration|  Initiation Interval  | Trip |          |
        |       Loop Name       |   min   |   max   |  Latency |  achieved |   target  | Count| Pipelined|
        +-----------------------+---------+---------+----------+-----------+-----------+------+----------+
        |- CopyW1_ky_CopyW1_kx  |       90|       90|        11|          1|          1|    81|       yes|
        +-----------------------+---------+---------+----------+-----------+-----------+------+----------+



================================================================
== Utilization Estimates
================================================================
* Summary: 
+-----------------+---------+------+--------+--------+-----+
|       Name      | BRAM_18K|  DSP |   FF   |   LUT  | URAM|
+-----------------+---------+------+--------+--------+-----+
|DSP              |        -|     -|       -|       -|    -|
|Expression       |        -|     -|       0|     304|    -|
|FIFO             |        -|     -|       -|       -|    -|
|Instance         |        -|     0|      68|      54|    -|
|Memory           |        -|     -|       -|       -|    -|
|Multiplexer      |        -|     -|       -|      90|    -|
|Register         |        -|     -|     333|      96|    -|
+-----------------+---------+------+--------+--------+-----+
|Total            |        0|     0|     401|     544|    0|
+-----------------+---------+------+--------+--------+-----+
|Available        |      288|  1248|  234240|  117120|   64|
+-----------------+---------+------+--------+--------+-----+
|Utilization (%)  |        0|     0|      ~0|      ~0|    0|
+-----------------+---------+------+--------+--------+-----+

+ Detail: 
    * Instance: 
    +-----------------------+--------------------+---------+----+----+----+-----+
    |        Instance       |       Module       | BRAM_18K| DSP| FF | LUT| URAM|
    +-----------------------+--------------------+---------+----+----+----+-----+
    |mul_4ns_6ns_9_1_1_U1   |mul_4ns_6ns_9_1_1   |        0|   0|   0|  23|    0|
    |urem_4ns_3ns_2_8_1_U2  |urem_4ns_3ns_2_8_1  |        0|   0|  68|  31|    0|
    +-----------------------+--------------------+---------+----+----+----+-----+
    |Total                  |                    |        0|   0|  68|  54|    0|
    +-----------------------+--------------------+---------+----+----+----+-----+

    * DSP: 
    N/A

    * Memory: 
    N/A

    * FIFO: 
    N/A

    * Expression: 
    +---------------------------+----------+----+---+----+------------+------------+
    |       Variable Name       | Operation| DSP| FF| LUT| Bitwidth P0| Bitwidth P1|
    +---------------------------+----------+----+---+----+------------+------------+
    |add_ln467_1_fu_236_p2      |         +|   0|  0|  14|           7|           1|
    |add_ln467_fu_245_p2        |         +|   0|  0|  12|           4|           1|
    |add_ln470_1_fu_365_p2      |         +|   0|  0|  12|           4|           1|
    |add_ln470_2_fu_285_p2      |         +|   0|  0|  14|           7|           7|
    |add_ln470_fu_224_p2        |         +|   0|  0|  14|           7|           7|
    |add_ln472_1_fu_349_p2      |         +|   0|  0|  63|          63|          63|
    |add_ln472_2_fu_339_p2      |         +|   0|  0|  15|           8|           8|
    |add_ln472_4_fu_397_p2      |         +|   0|  0|  18|          11|          11|
    |add_ln472_5_fu_417_p2      |         +|   0|  0|  17|          11|          11|
    |add_ln472_fu_333_p2        |         +|   0|  0|  63|          63|          63|
    |sub_ln472_fu_408_p2        |         -|   0|  0|  17|          11|          11|
    |icmp_ln467_fu_230_p2       |      icmp|   0|  0|  14|           7|           7|
    |icmp_ln470_fu_251_p2       |      icmp|   0|  0|  12|           4|           4|
    |ap_block_pp0_stage0_11001  |        or|   0|  0|   2|           1|           1|
    |select_ln467_1_fu_269_p3   |    select|   0|  0|   4|           1|           4|
    |select_ln467_2_fu_291_p3   |    select|   0|  0|   7|           1|           7|
    |select_ln467_fu_257_p3     |    select|   0|  0|   4|           1|           1|
    |ap_enable_pp0              |       xor|   0|  0|   2|           1|           2|
    +---------------------------+----------+----+---+----+------------+------------+
    |Total                      |          |   0|  0| 304|         212|         210|
    +---------------------------+----------+----+---+----+------------+------------+

    * Multiplexer: 
    +--------------------------------------+----+-----------+-----+-----------+
    |                 Name                 | LUT| Input Size| Bits| Total Bits|
    +--------------------------------------+----+-----------+-----+-----------+
    |ap_done_int                           |   9|          2|    1|          2|
    |ap_enable_reg_pp0_iter1               |   9|          2|    1|          2|
    |ap_sig_allocacmp_indvar_flatten_load  |   9|          2|    7|         14|
    |ap_sig_allocacmp_kx_load              |   9|          2|    4|          8|
    |ap_sig_allocacmp_ky_1                 |   9|          2|    4|          8|
    |gmem_w1_blk_n_AR                      |   9|          2|    1|          2|
    |gmem_w1_blk_n_R                       |   9|          2|    1|          2|
    |indvar_flatten_fu_110                 |   9|          2|    7|         14|
    |kx_fu_102                             |   9|          2|    4|          8|
    |ky_fu_106                             |   9|          2|    4|          8|
    +--------------------------------------+----+-----------+-----+-----------+
    |Total                                 |  90|         20|   34|         68|
    +--------------------------------------+----+-----------+-----+-----------+

    * Register: 
    +----------------------------------+----+----+-----+-----------+
    |               Name               | FF | LUT| Bits| Const Bits|
    +----------------------------------+----+----+-----+-----------+
    |ap_CS_fsm                         |   1|   0|    1|          0|
    |ap_done_reg                       |   1|   0|    1|          0|
    |ap_enable_reg_pp0_iter1           |   1|   0|    1|          0|
    |ap_enable_reg_pp0_iter10          |   1|   0|    1|          0|
    |ap_enable_reg_pp0_iter2           |   1|   0|    1|          0|
    |ap_enable_reg_pp0_iter3           |   1|   0|    1|          0|
    |ap_enable_reg_pp0_iter4           |   1|   0|    1|          0|
    |ap_enable_reg_pp0_iter5           |   1|   0|    1|          0|
    |ap_enable_reg_pp0_iter6           |   1|   0|    1|          0|
    |ap_enable_reg_pp0_iter7           |   1|   0|    1|          0|
    |ap_enable_reg_pp0_iter8           |   1|   0|    1|          0|
    |ap_enable_reg_pp0_iter9           |   1|   0|    1|          0|
    |ap_loop_exit_ready_pp0_iter1_reg  |   1|   0|    1|          0|
    |ap_loop_exit_ready_pp0_iter2_reg  |   1|   0|    1|          0|
    |ap_loop_exit_ready_pp0_iter3_reg  |   1|   0|    1|          0|
    |ap_loop_exit_ready_pp0_iter4_reg  |   1|   0|    1|          0|
    |ap_loop_exit_ready_pp0_iter5_reg  |   1|   0|    1|          0|
    |ap_loop_exit_ready_pp0_iter6_reg  |   1|   0|    1|          0|
    |ap_loop_exit_ready_pp0_iter7_reg  |   1|   0|    1|          0|
    |ap_loop_exit_ready_pp0_iter8_reg  |   1|   0|    1|          0|
    |ap_loop_exit_ready_pp0_iter9_reg  |   1|   0|    1|          0|
    |bitcast_ln472_reg_485             |  32|   0|   32|          0|
    |gmem_w1_addr_reg_475              |  64|   0|   64|          0|
    |indvar_flatten_fu_110             |   7|   0|    7|          0|
    |kx_fu_102                         |   4|   0|    4|          0|
    |ky_fu_106                         |   4|   0|    4|          0|
    |select_ln467_1_reg_465            |   4|   0|    4|          0|
    |tmp_reg_470                       |   3|   0|    3|          0|
    |trunc_ln470_reg_481               |   2|   0|    2|          0|
    |select_ln467_1_reg_465            |  64|  32|    4|          0|
    |tmp_reg_470                       |  64|  32|    3|          0|
    |trunc_ln470_reg_481               |  64|  32|    2|          0|
    +----------------------------------+----+----+-----+-----------+
    |Total                             | 333|  96|  150|          0|
    +----------------------------------+----+----+-----+-----------+



================================================================
== Interface
================================================================
* Summary: 
+------------------------------------------------------------------+-----+-----+------------+---------------------------------------------------------+--------------+
|                             RTL Ports                            | Dir | Bits|  Protocol  |                      Source Object                      |    C Type    |
+------------------------------------------------------------------+-----+-----+------------+---------------------------------------------------------+--------------+
|ap_clk                                                            |   in|    1|  ap_ctrl_hs|                       srcnn_Pipeline_CopyW1_ky_CopyW1_kx|  return value|
|ap_rst                                                            |   in|    1|  ap_ctrl_hs|                       srcnn_Pipeline_CopyW1_ky_CopyW1_kx|  return value|
|ap_start                                                          |   in|    1|  ap_ctrl_hs|                       srcnn_Pipeline_CopyW1_ky_CopyW1_kx|  return value|
|ap_done                                                           |  out|    1|  ap_ctrl_hs|                       srcnn_Pipeline_CopyW1_ky_CopyW1_kx|  return value|
|ap_idle                                                           |  out|    1|  ap_ctrl_hs|                       srcnn_Pipeline_CopyW1_ky_CopyW1_kx|  return value|
|ap_ready                                                          |  out|    1|  ap_ctrl_hs|                       srcnn_Pipeline_CopyW1_ky_CopyW1_kx|  return value|
|m_axi_gmem_w1_AWVALID                                             |  out|    1|       m_axi|                                                  gmem_w1|       pointer|
|m_axi_gmem_w1_AWREADY                                             |   in|    1|       m_axi|                                                  gmem_w1|       pointer|
|m_axi_gmem_w1_AWADDR                                              |  out|   64|       m_axi|                                                  gmem_w1|       pointer|
|m_axi_gmem_w1_AWID                                                |  out|    1|       m_axi|                                                  gmem_w1|       pointer|
|m_axi_gmem_w1_AWLEN                                               |  out|   32|       m_axi|                                                  gmem_w1|       pointer|
|m_axi_gmem_w1_AWSIZE                                              |  out|    3|       m_axi|                                                  gmem_w1|       pointer|
|m_axi_gmem_w1_AWBURST                                             |  out|    2|       m_axi|                                                  gmem_w1|       pointer|
|m_axi_gmem_w1_AWLOCK                                              |  out|    2|       m_axi|                                                  gmem_w1|       pointer|
|m_axi_gmem_w1_AWCACHE                                             |  out|    4|       m_axi|                                                  gmem_w1|       pointer|
|m_axi_gmem_w1_AWPROT                                              |  out|    3|       m_axi|                                                  gmem_w1|       pointer|
|m_axi_gmem_w1_AWQOS                                               |  out|    4|       m_axi|                                                  gmem_w1|       pointer|
|m_axi_gmem_w1_AWREGION                                            |  out|    4|       m_axi|                                                  gmem_w1|       pointer|
|m_axi_gmem_w1_AWUSER                                              |  out|    1|       m_axi|                                                  gmem_w1|       pointer|
|m_axi_gmem_w1_WVALID                                              |  out|    1|       m_axi|                                                  gmem_w1|       pointer|
|m_axi_gmem_w1_WREADY                                              |   in|    1|       m_axi|                                                  gmem_w1|       pointer|
|m_axi_gmem_w1_WDATA                                               |  out|   32|       m_axi|                                                  gmem_w1|       pointer|
|m_axi_gmem_w1_WSTRB                                               |  out|    4|       m_axi|                                                  gmem_w1|       pointer|
|m_axi_gmem_w1_WLAST                                               |  out|    1|       m_axi|                                                  gmem_w1|       pointer|
|m_axi_gmem_w1_WID                                                 |  out|    1|       m_axi|                                                  gmem_w1|       pointer|
|m_axi_gmem_w1_WUSER                                               |  out|    1|       m_axi|                                                  gmem_w1|       pointer|
|m_axi_gmem_w1_ARVALID                                             |  out|    1|       m_axi|                                                  gmem_w1|       pointer|
|m_axi_gmem_w1_ARREADY                                             |   in|    1|       m_axi|                                                  gmem_w1|       pointer|
|m_axi_gmem_w1_ARADDR                                              |  out|   64|       m_axi|                                                  gmem_w1|       pointer|
|m_axi_gmem_w1_ARID                                                |  out|    1|       m_axi|                                                  gmem_w1|       pointer|
|m_axi_gmem_w1_ARLEN                                               |  out|   32|       m_axi|                                                  gmem_w1|       pointer|
|m_axi_gmem_w1_ARSIZE                                              |  out|    3|       m_axi|                                                  gmem_w1|       pointer|
|m_axi_gmem_w1_ARBURST                                             |  out|    2|       m_axi|                                                  gmem_w1|       pointer|
|m_axi_gmem_w1_ARLOCK                                              |  out|    2|       m_axi|                                                  gmem_w1|       pointer|
|m_axi_gmem_w1_ARCACHE                                             |  out|    4|       m_axi|                                                  gmem_w1|       pointer|
|m_axi_gmem_w1_ARPROT                                              |  out|    3|       m_axi|                                                  gmem_w1|       pointer|
|m_axi_gmem_w1_ARQOS                                               |  out|    4|       m_axi|                                                  gmem_w1|       pointer|
|m_axi_gmem_w1_ARREGION                                            |  out|    4|       m_axi|                                                  gmem_w1|       pointer|
|m_axi_gmem_w1_ARUSER                                              |  out|    1|       m_axi|                                                  gmem_w1|       pointer|
|m_axi_gmem_w1_RVALID                                              |   in|    1|       m_axi|                                                  gmem_w1|       pointer|
|m_axi_gmem_w1_RREADY                                              |  out|    1|       m_axi|                                                  gmem_w1|       pointer|
|m_axi_gmem_w1_RDATA                                               |   in|   32|       m_axi|                                                  gmem_w1|       pointer|
|m_axi_gmem_w1_RLAST                                               |   in|    1|       m_axi|                                                  gmem_w1|       pointer|
|m_axi_gmem_w1_RID                                                 |   in|    1|       m_axi|                                                  gmem_w1|       pointer|
|m_axi_gmem_w1_RFIFONUM                                            |   in|    9|       m_axi|                                                  gmem_w1|       pointer|
|m_axi_gmem_w1_RUSER                                               |   in|    1|       m_axi|                                                  gmem_w1|       pointer|
|m_axi_gmem_w1_RRESP                                               |   in|    2|       m_axi|                                                  gmem_w1|       pointer|
|m_axi_gmem_w1_BVALID                                              |   in|    1|       m_axi|                                                  gmem_w1|       pointer|
|m_axi_gmem_w1_BREADY                                              |  out|    1|       m_axi|                                                  gmem_w1|       pointer|
|m_axi_gmem_w1_BRESP                                               |   in|    2|       m_axi|                                                  gmem_w1|       pointer|
|m_axi_gmem_w1_BID                                                 |   in|    1|       m_axi|                                                  gmem_w1|       pointer|
|m_axi_gmem_w1_BUSER                                               |   in|    1|       m_axi|                                                  gmem_w1|       pointer|
|add_ln472_3                                                       |   in|   11|     ap_none|                                              add_ln472_3|        scalar|
|sext_ln463                                                        |   in|   62|     ap_none|                                               sext_ln463|        scalar|
|zext_ln463_3                                                      |   in|   13|     ap_none|                                             zext_ln463_3|        scalar|
|srcnn_float_255_255_float_1_9_9_float_float_64_1_1_f_10_address0  |  out|   11|   ap_memory|  srcnn_float_255_255_float_1_9_9_float_float_64_1_1_f_10|         array|
|srcnn_float_255_255_float_1_9_9_float_float_64_1_1_f_10_ce0       |  out|    1|   ap_memory|  srcnn_float_255_255_float_1_9_9_float_float_64_1_1_f_10|         array|
|srcnn_float_255_255_float_1_9_9_float_float_64_1_1_f_10_we0       |  out|    1|   ap_memory|  srcnn_float_255_255_float_1_9_9_float_float_64_1_1_f_10|         array|
|srcnn_float_255_255_float_1_9_9_float_float_64_1_1_f_10_d0        |  out|   32|   ap_memory|  srcnn_float_255_255_float_1_9_9_float_float_64_1_1_f_10|         array|
|srcnn_float_255_255_float_1_9_9_float_float_64_1_1_f_9_address0   |  out|   11|   ap_memory|   srcnn_float_255_255_float_1_9_9_float_float_64_1_1_f_9|         array|
|srcnn_float_255_255_float_1_9_9_float_float_64_1_1_f_9_ce0        |  out|    1|   ap_memory|   srcnn_float_255_255_float_1_9_9_float_float_64_1_1_f_9|         array|
|srcnn_float_255_255_float_1_9_9_float_float_64_1_1_f_9_we0        |  out|    1|   ap_memory|   srcnn_float_255_255_float_1_9_9_float_float_64_1_1_f_9|         array|
|srcnn_float_255_255_float_1_9_9_float_float_64_1_1_f_9_d0         |  out|   32|   ap_memory|   srcnn_float_255_255_float_1_9_9_float_float_64_1_1_f_9|         array|
|srcnn_float_255_255_float_1_9_9_float_float_64_1_1_f_8_address0   |  out|   11|   ap_memory|   srcnn_float_255_255_float_1_9_9_float_float_64_1_1_f_8|         array|
|srcnn_float_255_255_float_1_9_9_float_float_64_1_1_f_8_ce0        |  out|    1|   ap_memory|   srcnn_float_255_255_float_1_9_9_float_float_64_1_1_f_8|         array|
|srcnn_float_255_255_float_1_9_9_float_float_64_1_1_f_8_we0        |  out|    1|   ap_memory|   srcnn_float_255_255_float_1_9_9_float_float_64_1_1_f_8|         array|
|srcnn_float_255_255_float_1_9_9_float_float_64_1_1_f_8_d0         |  out|   32|   ap_memory|   srcnn_float_255_255_float_1_9_9_float_float_64_1_1_f_8|         array|
+------------------------------------------------------------------+-----+-----+------------+---------------------------------------------------------+--------------+

