

================================================================
== Vitis HLS Report for 'store_tile_mm_Block_entry23_proc'
================================================================
* Date:           Tue Oct 21 03:22:26 2025

* Version:        2023.1 (Build 3854077 on May  4 2023)
* Project:        srcnn_hls
* Solution:       solution1 (Vivado IP Flow Target)
* Product family: zynquplus
* Target device:  xck26-sfvc784-2LV-c


================================================================
== Performance Estimates
================================================================
+ Timing: 
    * Summary: 
    +--------+----------+----------+------------+
    |  Clock |  Target  | Estimated| Uncertainty|
    +--------+----------+----------+------------+
    |ap_clk  |  10.00 ns|  3.007 ns|     2.70 ns|
    +--------+----------+----------+------------+

+ Latency: 
    * Summary: 
    +---------+---------+----------+----------+-----+-----+---------+
    |  Latency (cycles) |  Latency (absolute) |  Interval | Pipeline|
    |   min   |   max   |    min   |    max   | min | max |   Type  |
    +---------+---------+----------+----------+-----+-----+---------+
    |        0|        0|      0 ns|      0 ns|    0|    0|       no|
    +---------+---------+----------+----------+-----+-----+---------+

    + Detail: 
        * Instance: 
        N/A

        * Loop: 
        N/A



================================================================
== Utilization Estimates
================================================================
* Summary: 
+-----------------+---------+------+--------+--------+-----+
|       Name      | BRAM_18K|  DSP |   FF   |   LUT  | URAM|
+-----------------+---------+------+--------+--------+-----+
|DSP              |        -|     -|       -|       -|    -|
|Expression       |        -|     -|       0|      36|    -|
|FIFO             |        -|     -|       -|       -|    -|
|Instance         |        -|     -|       -|       -|    -|
|Memory           |        -|     -|       -|       -|    -|
|Multiplexer      |        -|     -|       -|      54|    -|
|Register         |        -|     -|      29|       -|    -|
+-----------------+---------+------+--------+--------+-----+
|Total            |        0|     0|      29|      90|    0|
+-----------------+---------+------+--------+--------+-----+
|Available        |      288|  1248|  234240|  117120|   64|
+-----------------+---------+------+--------+--------+-----+
|Utilization (%)  |        0|     0|      ~0|      ~0|    0|
+-----------------+---------+------+--------+--------+-----+

+ Detail: 
    * Instance: 
    N/A

    * DSP: 
    N/A

    * Memory: 
    N/A

    * FIFO: 
    N/A

    * Expression: 
    +-----------------------+----------+----+---+----+------------+------------+
    |     Variable Name     | Operation| DSP| FF| LUT| Bitwidth P0| Bitwidth P1|
    +-----------------------+----------+----+---+----+------------+------------+
    |add_ln532_fu_68_p2     |         +|   0|  0|  16|           9|           5|
    |ap_block_state1        |        or|   0|  0|   2|           1|           1|
    |select_ln532_fu_92_p3  |    select|   0|  0|   8|           1|           8|
    |xor_ln532_fu_86_p2     |       xor|   0|  0|   8|           8|           2|
    |xor_ln538_fu_62_p2     |       xor|   0|  0|   2|           1|           2|
    +-----------------------+----------+----+---+----+------------+------------+
    |Total                  |          |   0|  0|  36|          20|          18|
    +-----------------------+----------+----+---+----+------------+------------+

    * Multiplexer: 
    +-------------+----+-----------+-----+-----------+
    |     Name    | LUT| Input Size| Bits| Total Bits|
    +-------------+----+-----------+-----+-----------+
    |ap_done      |   9|          2|    1|          2|
    |ap_return_0  |   9|          2|    1|          2|
    |ap_return_1  |   9|          2|    9|         18|
    |ap_return_2  |   9|          2|    9|         18|
    |ap_return_3  |   9|          2|    8|         16|
    |phase_blk_n  |   9|          2|    1|          2|
    +-------------+----+-----------+-----+-----------+
    |Total        |  54|         12|   29|         58|
    +-------------+----+-----------+-----+-----------+

    * Register: 
    +------------------+---+----+-----+-----------+
    |       Name       | FF| LUT| Bits| Const Bits|
    +------------------+---+----+-----+-----------+
    |ap_CS_fsm         |  1|   0|    1|          0|
    |ap_done_reg       |  1|   0|    1|          0|
    |ap_return_0_preg  |  1|   0|   64|         63|
    |ap_return_1_preg  |  9|   0|   10|          1|
    |ap_return_2_preg  |  9|   0|   64|         55|
    |ap_return_3_preg  |  8|   0|   32|         24|
    +------------------+---+----+-----+-----------+
    |Total             | 29|   0|  172|        143|
    +------------------+---+----+-----+-----------+



================================================================
== Interface
================================================================
* Summary: 
+----------------------+-----+-----+------------+----------------------------------+--------------+
|       RTL Ports      | Dir | Bits|  Protocol  |           Source Object          |    C Type    |
+----------------------+-----+-----+------------+----------------------------------+--------------+
|ap_clk                |   in|    1|  ap_ctrl_hs|  store_tile_mm_Block_entry23_proc|  return value|
|ap_rst                |   in|    1|  ap_ctrl_hs|  store_tile_mm_Block_entry23_proc|  return value|
|ap_start              |   in|    1|  ap_ctrl_hs|  store_tile_mm_Block_entry23_proc|  return value|
|ap_done               |  out|    1|  ap_ctrl_hs|  store_tile_mm_Block_entry23_proc|  return value|
|ap_continue           |   in|    1|  ap_ctrl_hs|  store_tile_mm_Block_entry23_proc|  return value|
|ap_idle               |  out|    1|  ap_ctrl_hs|  store_tile_mm_Block_entry23_proc|  return value|
|ap_ready              |  out|    1|  ap_ctrl_hs|  store_tile_mm_Block_entry23_proc|  return value|
|ap_return_0           |  out|   64|  ap_ctrl_hs|  store_tile_mm_Block_entry23_proc|  return value|
|ap_return_1           |  out|   10|  ap_ctrl_hs|  store_tile_mm_Block_entry23_proc|  return value|
|ap_return_2           |  out|   64|  ap_ctrl_hs|  store_tile_mm_Block_entry23_proc|  return value|
|ap_return_3           |  out|   32|  ap_ctrl_hs|  store_tile_mm_Block_entry23_proc|  return value|
|phase_dout            |   in|    1|     ap_fifo|                             phase|       pointer|
|phase_num_data_valid  |   in|    2|     ap_fifo|                             phase|       pointer|
|phase_fifo_cap        |   in|    2|     ap_fifo|                             phase|       pointer|
|phase_empty_n         |   in|    1|     ap_fifo|                             phase|       pointer|
|phase_read            |  out|    1|     ap_fifo|                             phase|       pointer|
|h0                    |   in|    9|     ap_none|                                h0|        scalar|
|w0                    |   in|    9|     ap_none|                                w0|        scalar|
+----------------------+-----+-----+------------+----------------------------------+--------------+

