

================================================================
== Vitis HLS Report for 'store_tile_mm'
================================================================
* Date:           Tue Oct 21 00:22:28 2025

* Version:        2023.1 (Build 3854077 on May  4 2023)
* Project:        srcnn_hls
* Solution:       solution1 (Vivado IP Flow Target)
* Product family: zynquplus
* Target device:  xck26-sfvc784-2LV-c


================================================================
== Performance Estimates
================================================================
+ Timing: 
    * Summary: 
    +--------+----------+----------+------------+
    |  Clock |  Target  | Estimated| Uncertainty|
    +--------+----------+----------+------------+
    |ap_clk  |  10.00 ns|  7.300 ns|     2.70 ns|
    +--------+----------+----------+------------+

+ Latency: 
    * Summary: 
    +---------+---------+----------+----------+-----+-----+---------+
    |  Latency (cycles) |  Latency (absolute) |  Interval | Pipeline|
    |   min   |   max   |    min   |    max   | min | max |   Type  |
    +---------+---------+----------+----------+-----+-----+---------+
    |        ?|        ?|         ?|         ?|    ?|    ?|       no|
    +---------+---------+----------+----------+-----+-----+---------+

    + Detail: 
        * Instance: 
        N/A

        * Loop: 
        +---------------+---------+---------+----------+-----------+-----------+------+----------+
        |               |  Latency (cycles) | Iteration|  Initiation Interval  | Trip |          |
        |   Loop Name   |   min   |   max   |  Latency |  achieved |   target  | Count| Pipelined|
        +---------------+---------+---------+----------+-----------+-----------+------+----------+
        |- Out_writey   |        ?|        ?|         ?|          -|          -|     ?|        no|
        | + Out_writex  |        ?|        ?|         3|          -|          -|     ?|        no|
        +---------------+---------+---------+----------+-----------+-----------+------+----------+



================================================================
== Utilization Estimates
================================================================
* Summary: 
+-----------------+---------+------+--------+--------+-----+
|       Name      | BRAM_18K|  DSP |   FF   |   LUT  | URAM|
+-----------------+---------+------+--------+--------+-----+
|DSP              |        -|     -|       -|       -|    -|
|Expression       |        -|     -|       0|     305|    -|
|FIFO             |        -|     -|       -|       -|    -|
|Instance         |        -|     -|       -|       -|    -|
|Memory           |        -|     -|       -|       -|    -|
|Multiplexer      |        -|     -|       -|     128|    -|
|Register         |        -|     -|     252|       -|    -|
+-----------------+---------+------+--------+--------+-----+
|Total            |        0|     0|     252|     433|    0|
+-----------------+---------+------+--------+--------+-----+
|Available        |      288|  1248|  234240|  117120|   64|
+-----------------+---------+------+--------+--------+-----+
|Utilization (%)  |        0|     0|      ~0|      ~0|    0|
+-----------------+---------+------+--------+--------+-----+

+ Detail: 
    * Instance: 
    N/A

    * DSP: 
    N/A

    * Memory: 
    N/A

    * FIFO: 
    N/A

    * Expression: 
    +-----------------------+----------+----+---+----+------------+------------+
    |     Variable Name     | Operation| DSP| FF| LUT| Bitwidth P0| Bitwidth P1|
    +-----------------------+----------+----+---+----+------------+------------+
    |add_ln242_fu_309_p2    |         +|   0|  0|  15|           8|           1|
    |add_ln245_fu_407_p2    |         +|   0|  0|  15|           8|           1|
    |add_ln246_1_fu_392_p2  |         +|   0|  0|  16|           9|           9|
    |add_ln246_fu_289_p2    |         +|   0|  0|  16|           9|           9|
    |add_ln428_fu_181_p2    |         +|   0|  0|  16|           9|           5|
    |add_ln431_fu_213_p2    |         +|   0|  0|  16|           9|           5|
    |empty_63_fu_363_p2     |         +|   0|  0|  71|          64|          64|
    |empty_fu_315_p2        |         +|   0|  0|  17|          10|          10|
    |tmp_fu_354_p2          |         +|   0|  0|  29|          22|          22|
    |empty_62_fu_344_p2     |         -|   0|  0|  28|          21|          21|
    |icmp_ln242_fu_304_p2   |      icmp|   0|  0|  15|           8|           8|
    |icmp_ln245_fu_402_p2   |      icmp|   0|  0|  15|           8|           8|
    |ap_block_state1        |        or|   0|  0|   2|           1|           1|
    |th_eff_fu_205_p3       |    select|   0|  0|   8|           1|           8|
    |tw_eff_fu_237_p3       |    select|   0|  0|   8|           1|           8|
    |xor_ln428_fu_199_p2    |       xor|   0|  0|   8|           8|           2|
    |xor_ln431_fu_231_p2    |       xor|   0|  0|   8|           8|           2|
    |xor_ln437_fu_175_p2    |       xor|   0|  0|   2|           1|           2|
    +-----------------------+----------+----+---+----+------------+------------+
    |Total                  |          |   0|  0| 305|         205|         186|
    +-----------------------+----------+----+---+----+------------+------------+

    * Multiplexer: 
    +--------------------+----+-----------+-----+-----------+
    |        Name        | LUT| Input Size| Bits| Total Bits|
    +--------------------+----+-----------+-----+-----------+
    |ap_NS_fsm           |  65|         12|    1|         12|
    |ap_done             |   9|          2|    1|          2|
    |gmem_out_blk_n_AW   |   9|          2|    1|          2|
    |gmem_out_blk_n_B    |   9|          2|    1|          2|
    |gmem_out_blk_n_W    |   9|          2|    1|          2|
    |output_ftmap_blk_n  |   9|          2|    1|          2|
    |x_reg_164           |   9|          2|    8|         16|
    |y_fu_108            |   9|          2|    8|         16|
    +--------------------+----+-----------+-----+-----------+
    |Total               | 128|         26|   22|         54|
    +--------------------+----+-----------+-----+-----------+

    * Register: 
    +-----------------------+----+----+-----+-----------+
    |          Name         | FF | LUT| Bits| Const Bits|
    +-----------------------+----+----+-----+-----------+
    |add_ln242_reg_471      |   8|   0|    8|          0|
    |add_ln245_reg_490      |   8|   0|    8|          0|
    |ap_CS_fsm              |  11|   0|   11|          0|
    |ap_done_reg            |   1|   0|    1|          0|
    |gmem_out_addr_reg_476  |  64|   0|   64|          0|
    |out_reg_428            |  64|   0|   64|          0|
    |outbuf_load_reg_495    |  32|   0|   32|          0|
    |shl_ln246_reg_463      |   5|   0|    9|          4|
    |th_eff_reg_433         |   8|   0|    8|          0|
    |tmp_1_cast_reg_443     |   1|   0|    9|          8|
    |tw_eff_reg_438         |   8|   0|    8|          0|
    |x_reg_164              |   8|   0|    8|          0|
    |y_fu_108               |   8|   0|    8|          0|
    |zext_ln242_1_reg_453   |   9|   0|   22|         13|
    |zext_ln242_2_reg_458   |   8|   0|   32|         24|
    |zext_ln242_reg_448     |   9|   0|   10|          1|
    +-----------------------+----+----+-----+-----------+
    |Total                  | 252|   0|  302|         50|
    +-----------------------+----+----+-----+-----------+



================================================================
== Interface
================================================================
* Summary: 
+-----------------------------+-----+-----+------------+---------------+--------------+
|          RTL Ports          | Dir | Bits|  Protocol  | Source Object |    C Type    |
+-----------------------------+-----+-----+------------+---------------+--------------+
|ap_clk                       |   in|    1|  ap_ctrl_hs|  store_tile_mm|  return value|
|ap_rst                       |   in|    1|  ap_ctrl_hs|  store_tile_mm|  return value|
|ap_start                     |   in|    1|  ap_ctrl_hs|  store_tile_mm|  return value|
|ap_done                      |  out|    1|  ap_ctrl_hs|  store_tile_mm|  return value|
|ap_continue                  |   in|    1|  ap_ctrl_hs|  store_tile_mm|  return value|
|ap_idle                      |  out|    1|  ap_ctrl_hs|  store_tile_mm|  return value|
|ap_ready                     |  out|    1|  ap_ctrl_hs|  store_tile_mm|  return value|
|p_read                       |   in|    1|     ap_none|         p_read|        scalar|
|m_axi_gmem_out_AWVALID       |  out|    1|       m_axi|       gmem_out|       pointer|
|m_axi_gmem_out_AWREADY       |   in|    1|       m_axi|       gmem_out|       pointer|
|m_axi_gmem_out_AWADDR        |  out|   64|       m_axi|       gmem_out|       pointer|
|m_axi_gmem_out_AWID          |  out|    1|       m_axi|       gmem_out|       pointer|
|m_axi_gmem_out_AWLEN         |  out|   32|       m_axi|       gmem_out|       pointer|
|m_axi_gmem_out_AWSIZE        |  out|    3|       m_axi|       gmem_out|       pointer|
|m_axi_gmem_out_AWBURST       |  out|    2|       m_axi|       gmem_out|       pointer|
|m_axi_gmem_out_AWLOCK        |  out|    2|       m_axi|       gmem_out|       pointer|
|m_axi_gmem_out_AWCACHE       |  out|    4|       m_axi|       gmem_out|       pointer|
|m_axi_gmem_out_AWPROT        |  out|    3|       m_axi|       gmem_out|       pointer|
|m_axi_gmem_out_AWQOS         |  out|    4|       m_axi|       gmem_out|       pointer|
|m_axi_gmem_out_AWREGION      |  out|    4|       m_axi|       gmem_out|       pointer|
|m_axi_gmem_out_AWUSER        |  out|    1|       m_axi|       gmem_out|       pointer|
|m_axi_gmem_out_WVALID        |  out|    1|       m_axi|       gmem_out|       pointer|
|m_axi_gmem_out_WREADY        |   in|    1|       m_axi|       gmem_out|       pointer|
|m_axi_gmem_out_WDATA         |  out|   32|       m_axi|       gmem_out|       pointer|
|m_axi_gmem_out_WSTRB         |  out|    4|       m_axi|       gmem_out|       pointer|
|m_axi_gmem_out_WLAST         |  out|    1|       m_axi|       gmem_out|       pointer|
|m_axi_gmem_out_WID           |  out|    1|       m_axi|       gmem_out|       pointer|
|m_axi_gmem_out_WUSER         |  out|    1|       m_axi|       gmem_out|       pointer|
|m_axi_gmem_out_ARVALID       |  out|    1|       m_axi|       gmem_out|       pointer|
|m_axi_gmem_out_ARREADY       |   in|    1|       m_axi|       gmem_out|       pointer|
|m_axi_gmem_out_ARADDR        |  out|   64|       m_axi|       gmem_out|       pointer|
|m_axi_gmem_out_ARID          |  out|    1|       m_axi|       gmem_out|       pointer|
|m_axi_gmem_out_ARLEN         |  out|   32|       m_axi|       gmem_out|       pointer|
|m_axi_gmem_out_ARSIZE        |  out|    3|       m_axi|       gmem_out|       pointer|
|m_axi_gmem_out_ARBURST       |  out|    2|       m_axi|       gmem_out|       pointer|
|m_axi_gmem_out_ARLOCK        |  out|    2|       m_axi|       gmem_out|       pointer|
|m_axi_gmem_out_ARCACHE       |  out|    4|       m_axi|       gmem_out|       pointer|
|m_axi_gmem_out_ARPROT        |  out|    3|       m_axi|       gmem_out|       pointer|
|m_axi_gmem_out_ARQOS         |  out|    4|       m_axi|       gmem_out|       pointer|
|m_axi_gmem_out_ARREGION      |  out|    4|       m_axi|       gmem_out|       pointer|
|m_axi_gmem_out_ARUSER        |  out|    1|       m_axi|       gmem_out|       pointer|
|m_axi_gmem_out_RVALID        |   in|    1|       m_axi|       gmem_out|       pointer|
|m_axi_gmem_out_RREADY        |  out|    1|       m_axi|       gmem_out|       pointer|
|m_axi_gmem_out_RDATA         |   in|   32|       m_axi|       gmem_out|       pointer|
|m_axi_gmem_out_RLAST         |   in|    1|       m_axi|       gmem_out|       pointer|
|m_axi_gmem_out_RID           |   in|    1|       m_axi|       gmem_out|       pointer|
|m_axi_gmem_out_RFIFONUM      |   in|    9|       m_axi|       gmem_out|       pointer|
|m_axi_gmem_out_RUSER         |   in|    1|       m_axi|       gmem_out|       pointer|
|m_axi_gmem_out_RRESP         |   in|    2|       m_axi|       gmem_out|       pointer|
|m_axi_gmem_out_BVALID        |   in|    1|       m_axi|       gmem_out|       pointer|
|m_axi_gmem_out_BREADY        |  out|    1|       m_axi|       gmem_out|       pointer|
|m_axi_gmem_out_BRESP         |   in|    2|       m_axi|       gmem_out|       pointer|
|m_axi_gmem_out_BID           |   in|    1|       m_axi|       gmem_out|       pointer|
|m_axi_gmem_out_BUSER         |   in|    1|       m_axi|       gmem_out|       pointer|
|output_ftmap_dout            |   in|   64|     ap_fifo|   output_ftmap|       pointer|
|output_ftmap_num_data_valid  |   in|    3|     ap_fifo|   output_ftmap|       pointer|
|output_ftmap_fifo_cap        |   in|    3|     ap_fifo|   output_ftmap|       pointer|
|output_ftmap_empty_n         |   in|    1|     ap_fifo|   output_ftmap|       pointer|
|output_ftmap_read            |  out|    1|     ap_fifo|   output_ftmap|       pointer|
|p_read1                      |   in|    9|     ap_none|        p_read1|        scalar|
|p_read2                      |   in|    9|     ap_none|        p_read2|        scalar|
|outbuf_address0              |  out|    9|   ap_memory|         outbuf|         array|
|outbuf_ce0                   |  out|    1|   ap_memory|         outbuf|         array|
|outbuf_q0                    |   in|   32|   ap_memory|         outbuf|         array|
+-----------------------------+-----+-----+------------+---------------+--------------+

