

================================================================
== Vitis HLS Report for 'store_stream6'
================================================================
* Date:           Tue Oct 28 17:31:02 2025

* Version:        2023.1 (Build 3854077 on May  4 2023)
* Project:        srcnn_hls
* Solution:       solution1 (Vivado IP Flow Target)
* Product family: zynquplus
* Target device:  xck26-sfvc784-2LV-c


================================================================
== Performance Estimates
================================================================
+ Timing: 
    * Summary: 
    +--------+----------+----------+------------+
    |  Clock |  Target  | Estimated| Uncertainty|
    +--------+----------+----------+------------+
    |ap_clk  |  10.00 ns|  7.300 ns|     2.70 ns|
    +--------+----------+----------+------------+

+ Latency: 
    * Summary: 
    +---------+---------+----------+----------+-----+-----+---------+
    |  Latency (cycles) |  Latency (absolute) |  Interval | Pipeline|
    |   min   |   max   |    min   |    max   | min | max |   Type  |
    +---------+---------+----------+----------+-----+-----+---------+
    |        ?|        ?|         ?|         ?|    ?|    ?|       no|
    +---------+---------+----------+----------+-----+-----+---------+

    + Detail: 
        * Instance: 
        N/A

        * Loop: 
        +---------------+---------+---------+----------+-----------+-----------+---------+----------+
        |               |  Latency (cycles) | Iteration|  Initiation Interval  |   Trip  |          |
        |   Loop Name   |   min   |   max   |  Latency |  achieved |   target  |  Count  | Pipelined|
        +---------------+---------+---------+----------+-----------+-----------+---------+----------+
        |- Out_writey   |        ?|        ?|   8 ~ 773|          -|          -|        ?|        no|
        | + Out_writex  |        0|      765|         3|          -|          -|  0 ~ 255|        no|
        +---------------+---------+---------+----------+-----------+-----------+---------+----------+



================================================================
== Utilization Estimates
================================================================
* Summary: 
+-----------------+---------+------+--------+--------+-----+
|       Name      | BRAM_18K|  DSP |   FF   |   LUT  | URAM|
+-----------------+---------+------+--------+--------+-----+
|DSP              |        -|     -|       -|       -|    -|
|Expression       |        -|     -|       0|    1299|    -|
|FIFO             |        -|     -|       -|       -|    -|
|Instance         |        -|     -|       -|       -|    -|
|Memory           |        -|     -|       -|       -|    -|
|Multiplexer      |        -|     -|       -|     164|    -|
|Register         |        -|     -|     294|       -|    -|
+-----------------+---------+------+--------+--------+-----+
|Total            |        0|     0|     294|    1463|    0|
+-----------------+---------+------+--------+--------+-----+
|Available        |      288|  1248|  234240|  117120|   64|
+-----------------+---------+------+--------+--------+-----+
|Utilization (%)  |        0|     0|      ~0|       1|    0|
+-----------------+---------+------+--------+--------+-----+

+ Detail: 
    * Instance: 
    N/A

    * DSP: 
    N/A

    * Memory: 
    N/A

    * FIFO: 
    N/A

    * Expression: 
    +--------------------------+----------+----+---+-----+------------+------------+
    |       Variable Name      | Operation| DSP| FF| LUT | Bitwidth P0| Bitwidth P1|
    +--------------------------+----------+----+---+-----+------------+------------+
    |add_ln414_fu_285_p2       |         +|   0|  0|   15|           8|           1|
    |add_ln416_fu_369_p2       |         +|   0|  0|   15|           8|           1|
    |add_ln417_1_fu_517_p2     |         +|   0|  0|   31|          24|           6|
    |add_ln417_2_fu_561_p2     |         +|   0|  0|   39|          32|           6|
    |add_ln417_3_fu_605_p2     |         +|   0|  0|   71|          64|          64|
    |add_ln417_4_fu_651_p2     |         +|   0|  0|   19|           8|           8|
    |add_ln417_fu_443_p2       |         +|   0|  0|   39|          32|           6|
    |add_ln609_fu_216_p2       |         +|   0|  0|   16|           9|           5|
    |empty_84_fu_339_p2        |         +|   0|  0|   71|          64|          64|
    |empty_fu_291_p2           |         +|   0|  0|   17|          10|          10|
    |tmp_fu_330_p2             |         +|   0|  0|   29|          22|          22|
    |empty_83_fu_320_p2        |         -|   0|  0|   28|          21|          21|
    |sub_ln417_1_fu_433_p2     |         -|   0|  0|   39|           5|          32|
    |sub_ln417_2_fu_577_p2     |         -|   0|  0|   39|           5|          32|
    |sub_ln417_3_fu_645_p2     |         -|   0|  0|   19|           4|           8|
    |sub_ln417_4_fu_469_p2     |         -|   0|  0|   12|           5|           5|
    |sub_ln417_fu_383_p2       |         -|   0|  0|   31|           1|          24|
    |and_ln417_1_fu_531_p2     |       and|   0|  0|    2|           1|           1|
    |and_ln417_2_fu_485_p2     |       and|   0|  0|   24|          24|          24|
    |and_ln417_fu_497_p2       |       and|   0|  0|    2|           1|           1|
    |ap_block_state4           |       and|   0|  0|    2|           1|           1|
    |icmp_ln414_fu_280_p2      |      icmp|   0|  0|   15|           8|           8|
    |icmp_ln416_fu_364_p2      |      icmp|   0|  0|   15|           8|           8|
    |icmp_ln417_1_fu_459_p2    |      icmp|   0|  0|   38|          31|           1|
    |icmp_ln417_2_fu_491_p2    |      icmp|   0|  0|   31|          24|           1|
    |icmp_ln417_3_fu_555_p2    |      icmp|   0|  0|   39|          32|           1|
    |icmp_ln417_fu_393_p2      |      icmp|   0|  0|   31|          24|           1|
    |lshr_ln417_2_fu_479_p2    |      lshr|   0|  0|   63|           2|          24|
    |lshr_ln417_fu_571_p2      |      lshr|   0|  0|  179|          64|          64|
    |ap_block_state1           |        or|   0|  0|    2|           1|           1|
    |or_ln417_fu_537_p2        |        or|   0|  0|    2|           1|           1|
    |select_ln417_1_fu_593_p3  |    select|   0|  0|   64|           1|          64|
    |select_ln417_2_fu_633_p3  |    select|   0|  0|    7|           1|           7|
    |select_ln417_3_fu_680_p3  |    select|   0|  0|   32|           1|           1|
    |select_ln417_fu_398_p3    |    select|   0|  0|   24|           1|          24|
    |th_eff_fu_240_p3          |    select|   0|  0|    8|           1|           8|
    |shl_ln417_fu_587_p2       |       shl|   0|  0|  179|          64|          64|
    |xor_ln417_fu_511_p2       |       xor|   0|  0|    2|           1|           2|
    |xor_ln609_fu_234_p2       |       xor|   0|  0|    8|           8|           2|
    +--------------------------+----------+----+---+-----+------------+------------+
    |Total                     |          |   0|  0| 1299|         622|         624|
    +--------------------------+----------+----+---+-----+------------+------------+

    * Multiplexer: 
    +--------------------+----+-----------+-----+-----------+
    |        Name        | LUT| Input Size| Bits| Total Bits|
    +--------------------+----+-----------+-----+-----------+
    |ap_NS_fsm           |  65|         12|    1|         12|
    |ap_done             |   9|          2|    1|          2|
    |gmem_out_blk_n_AW   |   9|          2|    1|          2|
    |gmem_out_blk_n_B    |   9|          2|    1|          2|
    |gmem_out_blk_n_W    |   9|          2|    1|          2|
    |h0_blk_n            |   9|          2|    1|          2|
    |output_ftmap_blk_n  |   9|          2|    1|          2|
    |s_out_i_blk_n       |   9|          2|    1|          2|
    |tw_eff_loc_i_blk_n  |   9|          2|    1|          2|
    |w0_blk_n            |   9|          2|    1|          2|
    |x_reg_205           |   9|          2|    8|         16|
    |y_fu_156            |   9|          2|    8|         16|
    +--------------------+----+-----------+-----+-----------+
    |Total               | 164|         34|   26|         62|
    +--------------------+----+-----------+-----+-----------+

    * Register: 
    +------------------------+----+----+-----+-----------+
    |          Name          | FF | LUT| Bits| Const Bits|
    +------------------------+----+----+-----+-----------+
    |add_ln414_reg_728       |   8|   0|    8|          0|
    |add_ln416_reg_742       |   8|   0|    8|          0|
    |ap_CS_fsm               |  11|   0|   11|          0|
    |ap_done_reg             |   1|   0|    1|          0|
    |gmem_out_addr_reg_733   |  64|   0|   64|          0|
    |out_reg_695             |  64|   0|   64|          0|
    |s_out_i_read_reg_747    |  24|   0|   24|          0|
    |select_ln417_3_reg_764  |  32|   0|   32|          0|
    |sub_ln417_reg_759       |  24|   0|   24|          0|
    |th_eff_reg_705          |   8|   0|    8|          0|
    |tmp_3_reg_753           |   1|   0|    1|          0|
    |tw_eff_reg_700          |   8|   0|    8|          0|
    |x_reg_205               |   8|   0|    8|          0|
    |y_fu_156                |   8|   0|    8|          0|
    |zext_ln414_1_reg_715    |   8|   0|   22|         14|
    |zext_ln414_2_reg_720    |   8|   0|   32|         24|
    |zext_ln414_reg_710      |   9|   0|   10|          1|
    +------------------------+----+----+-----+-----------+
    |Total                   | 294|   0|  333|         39|
    +------------------------+----+----+-----+-----------+



================================================================
== Interface
================================================================
* Summary: 
+-----------------------------+-----+-----+------------+---------------+--------------+
|          RTL Ports          | Dir | Bits|  Protocol  | Source Object |    C Type    |
+-----------------------------+-----+-----+------------+---------------+--------------+
|ap_clk                       |   in|    1|  ap_ctrl_hs|  store_stream6|  return value|
|ap_rst                       |   in|    1|  ap_ctrl_hs|  store_stream6|  return value|
|ap_start                     |   in|    1|  ap_ctrl_hs|  store_stream6|  return value|
|ap_done                      |  out|    1|  ap_ctrl_hs|  store_stream6|  return value|
|ap_continue                  |   in|    1|  ap_ctrl_hs|  store_stream6|  return value|
|ap_idle                      |  out|    1|  ap_ctrl_hs|  store_stream6|  return value|
|ap_ready                     |  out|    1|  ap_ctrl_hs|  store_stream6|  return value|
|s_out_i_dout                 |   in|   24|     ap_fifo|        s_out_i|       pointer|
|s_out_i_num_data_valid       |   in|   11|     ap_fifo|        s_out_i|       pointer|
|s_out_i_fifo_cap             |   in|   11|     ap_fifo|        s_out_i|       pointer|
|s_out_i_empty_n              |   in|    1|     ap_fifo|        s_out_i|       pointer|
|s_out_i_read                 |  out|    1|     ap_fifo|        s_out_i|       pointer|
|m_axi_gmem_out_AWVALID       |  out|    1|       m_axi|       gmem_out|       pointer|
|m_axi_gmem_out_AWREADY       |   in|    1|       m_axi|       gmem_out|       pointer|
|m_axi_gmem_out_AWADDR        |  out|   64|       m_axi|       gmem_out|       pointer|
|m_axi_gmem_out_AWID          |  out|    1|       m_axi|       gmem_out|       pointer|
|m_axi_gmem_out_AWLEN         |  out|   32|       m_axi|       gmem_out|       pointer|
|m_axi_gmem_out_AWSIZE        |  out|    3|       m_axi|       gmem_out|       pointer|
|m_axi_gmem_out_AWBURST       |  out|    2|       m_axi|       gmem_out|       pointer|
|m_axi_gmem_out_AWLOCK        |  out|    2|       m_axi|       gmem_out|       pointer|
|m_axi_gmem_out_AWCACHE       |  out|    4|       m_axi|       gmem_out|       pointer|
|m_axi_gmem_out_AWPROT        |  out|    3|       m_axi|       gmem_out|       pointer|
|m_axi_gmem_out_AWQOS         |  out|    4|       m_axi|       gmem_out|       pointer|
|m_axi_gmem_out_AWREGION      |  out|    4|       m_axi|       gmem_out|       pointer|
|m_axi_gmem_out_AWUSER        |  out|    1|       m_axi|       gmem_out|       pointer|
|m_axi_gmem_out_WVALID        |  out|    1|       m_axi|       gmem_out|       pointer|
|m_axi_gmem_out_WREADY        |   in|    1|       m_axi|       gmem_out|       pointer|
|m_axi_gmem_out_WDATA         |  out|   32|       m_axi|       gmem_out|       pointer|
|m_axi_gmem_out_WSTRB         |  out|    4|       m_axi|       gmem_out|       pointer|
|m_axi_gmem_out_WLAST         |  out|    1|       m_axi|       gmem_out|       pointer|
|m_axi_gmem_out_WID           |  out|    1|       m_axi|       gmem_out|       pointer|
|m_axi_gmem_out_WUSER         |  out|    1|       m_axi|       gmem_out|       pointer|
|m_axi_gmem_out_ARVALID       |  out|    1|       m_axi|       gmem_out|       pointer|
|m_axi_gmem_out_ARREADY       |   in|    1|       m_axi|       gmem_out|       pointer|
|m_axi_gmem_out_ARADDR        |  out|   64|       m_axi|       gmem_out|       pointer|
|m_axi_gmem_out_ARID          |  out|    1|       m_axi|       gmem_out|       pointer|
|m_axi_gmem_out_ARLEN         |  out|   32|       m_axi|       gmem_out|       pointer|
|m_axi_gmem_out_ARSIZE        |  out|    3|       m_axi|       gmem_out|       pointer|
|m_axi_gmem_out_ARBURST       |  out|    2|       m_axi|       gmem_out|       pointer|
|m_axi_gmem_out_ARLOCK        |  out|    2|       m_axi|       gmem_out|       pointer|
|m_axi_gmem_out_ARCACHE       |  out|    4|       m_axi|       gmem_out|       pointer|
|m_axi_gmem_out_ARPROT        |  out|    3|       m_axi|       gmem_out|       pointer|
|m_axi_gmem_out_ARQOS         |  out|    4|       m_axi|       gmem_out|       pointer|
|m_axi_gmem_out_ARREGION      |  out|    4|       m_axi|       gmem_out|       pointer|
|m_axi_gmem_out_ARUSER        |  out|    1|       m_axi|       gmem_out|       pointer|
|m_axi_gmem_out_RVALID        |   in|    1|       m_axi|       gmem_out|       pointer|
|m_axi_gmem_out_RREADY        |  out|    1|       m_axi|       gmem_out|       pointer|
|m_axi_gmem_out_RDATA         |   in|   32|       m_axi|       gmem_out|       pointer|
|m_axi_gmem_out_RLAST         |   in|    1|       m_axi|       gmem_out|       pointer|
|m_axi_gmem_out_RID           |   in|    1|       m_axi|       gmem_out|       pointer|
|m_axi_gmem_out_RFIFONUM      |   in|    9|       m_axi|       gmem_out|       pointer|
|m_axi_gmem_out_RUSER         |   in|    1|       m_axi|       gmem_out|       pointer|
|m_axi_gmem_out_RRESP         |   in|    2|       m_axi|       gmem_out|       pointer|
|m_axi_gmem_out_BVALID        |   in|    1|       m_axi|       gmem_out|       pointer|
|m_axi_gmem_out_BREADY        |  out|    1|       m_axi|       gmem_out|       pointer|
|m_axi_gmem_out_BRESP         |   in|    2|       m_axi|       gmem_out|       pointer|
|m_axi_gmem_out_BID           |   in|    1|       m_axi|       gmem_out|       pointer|
|m_axi_gmem_out_BUSER         |   in|    1|       m_axi|       gmem_out|       pointer|
|output_ftmap_dout            |   in|   64|     ap_fifo|   output_ftmap|       pointer|
|output_ftmap_num_data_valid  |   in|    4|     ap_fifo|   output_ftmap|       pointer|
|output_ftmap_fifo_cap        |   in|    4|     ap_fifo|   output_ftmap|       pointer|
|output_ftmap_empty_n         |   in|    1|     ap_fifo|   output_ftmap|       pointer|
|output_ftmap_read            |  out|    1|     ap_fifo|   output_ftmap|       pointer|
|h0_dout                      |   in|    9|     ap_fifo|             h0|       pointer|
|h0_num_data_valid            |   in|    2|     ap_fifo|             h0|       pointer|
|h0_fifo_cap                  |   in|    2|     ap_fifo|             h0|       pointer|
|h0_empty_n                   |   in|    1|     ap_fifo|             h0|       pointer|
|h0_read                      |  out|    1|     ap_fifo|             h0|       pointer|
|w0_dout                      |   in|    8|     ap_fifo|             w0|       pointer|
|w0_num_data_valid            |   in|    3|     ap_fifo|             w0|       pointer|
|w0_fifo_cap                  |   in|    3|     ap_fifo|             w0|       pointer|
|w0_empty_n                   |   in|    1|     ap_fifo|             w0|       pointer|
|w0_read                      |  out|    1|     ap_fifo|             w0|       pointer|
|tw_eff_loc_i_dout            |   in|    8|     ap_fifo|   tw_eff_loc_i|       pointer|
|tw_eff_loc_i_num_data_valid  |   in|    2|     ap_fifo|   tw_eff_loc_i|       pointer|
|tw_eff_loc_i_fifo_cap        |   in|    2|     ap_fifo|   tw_eff_loc_i|       pointer|
|tw_eff_loc_i_empty_n         |   in|    1|     ap_fifo|   tw_eff_loc_i|       pointer|
|tw_eff_loc_i_read            |  out|    1|     ap_fifo|   tw_eff_loc_i|       pointer|
+-----------------------------+-----+-----+------------+---------------+--------------+

